Performing C SOURCE FILE Test CMAKE_HAVE_LIBC_PTHREAD failed with the following output:
Change Dir: /home/joungwook/pid_comm_tutorial_yonsei/upmem-2021.3.0/src/backends/build/CMakeFiles/CMakeTmp

Run Build Command(s):/usr/bin/make cmTC_8940d/fast && /usr/bin/make -f CMakeFiles/cmTC_8940d.dir/build.make CMakeFiles/cmTC_8940d.dir/build
make[1]: Entering directory '/home/joungwook/pid_comm_tutorial_yonsei/upmem-2021.3.0/src/backends/build/CMakeFiles/CMakeTmp'
Building C object CMakeFiles/cmTC_8940d.dir/src.c.o
/usr/bin/cc   -Wall -Werror -Wextra -std=gnu11  -O3  -g -DCMAKE_HAVE_LIBC_PTHREAD   -o CMakeFiles/cmTC_8940d.dir/src.c.o   -c /home/joungwook/pid_comm_tutorial_yonsei/upmem-2021.3.0/src/backends/build/CMakeFiles/CMakeTmp/src.c
Linking C executable cmTC_8940d
/usr/local/bin/cmake -E cmake_link_script CMakeFiles/cmTC_8940d.dir/link.txt --verbose=1
/usr/bin/cc  -Wall -Werror -Wextra -std=gnu11  -O3  -g -DCMAKE_HAVE_LIBC_PTHREAD  -Wl,--enable-new-dtags  CMakeFiles/cmTC_8940d.dir/src.c.o  -o cmTC_8940d 
CMakeFiles/cmTC_8940d.dir/src.c.o: In function `main':
/home/joungwook/pid_comm_tutorial_yonsei/upmem-2021.3.0/src/backends/build/CMakeFiles/CMakeTmp/src.c:11: undefined reference to `pthread_create'
/home/joungwook/pid_comm_tutorial_yonsei/upmem-2021.3.0/src/backends/build/CMakeFiles/CMakeTmp/src.c:12: undefined reference to `pthread_detach'
/home/joungwook/pid_comm_tutorial_yonsei/upmem-2021.3.0/src/backends/build/CMakeFiles/CMakeTmp/src.c:13: undefined reference to `pthread_cancel'
/home/joungwook/pid_comm_tutorial_yonsei/upmem-2021.3.0/src/backends/build/CMakeFiles/CMakeTmp/src.c:14: undefined reference to `pthread_join'
/home/joungwook/pid_comm_tutorial_yonsei/upmem-2021.3.0/src/backends/build/CMakeFiles/CMakeTmp/src.c:15: undefined reference to `pthread_atfork'
collect2: error: ld returned 1 exit status
CMakeFiles/cmTC_8940d.dir/build.make:103: recipe for target 'cmTC_8940d' failed
make[1]: *** [cmTC_8940d] Error 1
make[1]: Leaving directory '/home/joungwook/pid_comm_tutorial_yonsei/upmem-2021.3.0/src/backends/build/CMakeFiles/CMakeTmp'
Makefile:138: recipe for target 'cmTC_8940d/fast' failed
make: *** [cmTC_8940d/fast] Error 2


Source file was:
#include <pthread.h>

void* test_func(void* data)
{
  return data;
}

int main(void)
{
  pthread_t thread;
  pthread_create(&thread, NULL, test_func, NULL);
  pthread_detach(thread);
  pthread_cancel(thread);
  pthread_join(thread, NULL);
  pthread_atfork(NULL, NULL, NULL);
  pthread_exit(NULL);

  return 0;
}

Determining if the function pthread_create exists in the pthreads failed with the following output:
Change Dir: /home/joungwook/pid_comm_tutorial_yonsei/upmem-2021.3.0/src/backends/build/CMakeFiles/CMakeTmp

Run Build Command(s):/usr/bin/make cmTC_6714a/fast && /usr/bin/make -f CMakeFiles/cmTC_6714a.dir/build.make CMakeFiles/cmTC_6714a.dir/build
make[1]: Entering directory '/home/joungwook/pid_comm_tutorial_yonsei/upmem-2021.3.0/src/backends/build/CMakeFiles/CMakeTmp'
Building C object CMakeFiles/cmTC_6714a.dir/CheckFunctionExists.c.o
/usr/bin/cc   -Wall -Werror -Wextra -std=gnu11  -O3  -g -DCHECK_FUNCTION_EXISTS=pthread_create   -o CMakeFiles/cmTC_6714a.dir/CheckFunctionExists.c.o   -c /usr/local/share/cmake-3.17/Modules/CheckFunctionExists.c
Linking C executable cmTC_6714a
/usr/local/bin/cmake -E cmake_link_script CMakeFiles/cmTC_6714a.dir/link.txt --verbose=1
/usr/bin/cc  -Wall -Werror -Wextra -std=gnu11  -O3  -g -DCHECK_FUNCTION_EXISTS=pthread_create  -Wl,--enable-new-dtags  CMakeFiles/cmTC_6714a.dir/CheckFunctionExists.c.o  -o cmTC_6714a  -lpthreads 
/usr/bin/ld: cannot find -lpthreads
collect2: error: ld returned 1 exit status
CMakeFiles/cmTC_6714a.dir/build.make:103: recipe for target 'cmTC_6714a' failed
make[1]: *** [cmTC_6714a] Error 1
make[1]: Leaving directory '/home/joungwook/pid_comm_tutorial_yonsei/upmem-2021.3.0/src/backends/build/CMakeFiles/CMakeTmp'
Makefile:138: recipe for target 'cmTC_6714a/fast' failed
make: *** [cmTC_6714a/fast] Error 2



Performing C SOURCE FILE Test C_HAS_SSE1_1 failed with the following compile output:
Change Dir: /home/joungwook/pid_comm_tutorial_yonsei/upmem-2021.3.0/src/backends/build/CMakeFiles/CMakeTmp

Run Build Command(s):/usr/bin/make cmTC_34a26/fast && /usr/bin/make -f CMakeFiles/cmTC_34a26.dir/build.make CMakeFiles/cmTC_34a26.dir/build
make[1]: Entering directory '/home/joungwook/pid_comm_tutorial_yonsei/upmem-2021.3.0/src/backends/build/CMakeFiles/CMakeTmp'
Building C object CMakeFiles/cmTC_34a26.dir/src.c.o
/usr/bin/cc   -Wall -Werror -Wextra -std=gnu11  -O3  -g -DC_HAS_SSE1_1   -o CMakeFiles/cmTC_34a26.dir/src.c.o   -c /home/joungwook/pid_comm_tutorial_yonsei/upmem-2021.3.0/src/backends/build/CMakeFiles/CMakeTmp/src.c
/home/joungwook/pid_comm_tutorial_yonsei/upmem-2021.3.0/src/backends/build/CMakeFiles/CMakeTmp/src.c: In function ‘main’:
/home/joungwook/pid_comm_tutorial_yonsei/upmem-2021.3.0/src/backends/build/CMakeFiles/CMakeTmp/src.c:5:12: error: variable ‘a’ set but not used [-Werror=unused-but-set-variable]
    5 |     __m128 a;
      |            ^
cc1: all warnings being treated as errors
CMakeFiles/cmTC_34a26.dir/build.make:82: recipe for target 'CMakeFiles/cmTC_34a26.dir/src.c.o' failed
make[1]: *** [CMakeFiles/cmTC_34a26.dir/src.c.o] Error 1
make[1]: Leaving directory '/home/joungwook/pid_comm_tutorial_yonsei/upmem-2021.3.0/src/backends/build/CMakeFiles/CMakeTmp'
Makefile:138: recipe for target 'cmTC_34a26/fast' failed
make: *** [cmTC_34a26/fast] Error 2


...and run output:

Return value: 1
Source file was:

  #include <xmmintrin.h>
  int main()
  {
    __m128 a;
    float vals[4] = {0,0,0,0};
    a = _mm_loadu_ps(vals);
    return 0;
  }
Performing C SOURCE FILE Test C_COMPILES_SSE1_1 failed with the following output:
Change Dir: /home/joungwook/pid_comm_tutorial_yonsei/upmem-2021.3.0/src/backends/build/CMakeFiles/CMakeTmp

Run Build Command(s):/usr/bin/make cmTC_7458e/fast && /usr/bin/make -f CMakeFiles/cmTC_7458e.dir/build.make CMakeFiles/cmTC_7458e.dir/build
make[1]: Entering directory '/home/joungwook/pid_comm_tutorial_yonsei/upmem-2021.3.0/src/backends/build/CMakeFiles/CMakeTmp'
Building C object CMakeFiles/cmTC_7458e.dir/src.c.o
/usr/bin/cc   -Wall -Werror -Wextra -std=gnu11  -O3  -g -DC_COMPILES_SSE1_1   -o CMakeFiles/cmTC_7458e.dir/src.c.o   -c /home/joungwook/pid_comm_tutorial_yonsei/upmem-2021.3.0/src/backends/build/CMakeFiles/CMakeTmp/src.c
/home/joungwook/pid_comm_tutorial_yonsei/upmem-2021.3.0/src/backends/build/CMakeFiles/CMakeTmp/src.c: In function ‘main’:
/home/joungwook/pid_comm_tutorial_yonsei/upmem-2021.3.0/src/backends/build/CMakeFiles/CMakeTmp/src.c:5:12: error: variable ‘a’ set but not used [-Werror=unused-but-set-variable]
    5 |     __m128 a;
      |            ^
cc1: all warnings being treated as errors
CMakeFiles/cmTC_7458e.dir/build.make:82: recipe for target 'CMakeFiles/cmTC_7458e.dir/src.c.o' failed
make[1]: *** [CMakeFiles/cmTC_7458e.dir/src.c.o] Error 1
make[1]: Leaving directory '/home/joungwook/pid_comm_tutorial_yonsei/upmem-2021.3.0/src/backends/build/CMakeFiles/CMakeTmp'
Makefile:138: recipe for target 'cmTC_7458e/fast' failed
make: *** [cmTC_7458e/fast] Error 2


Source file was:

  #include <xmmintrin.h>
  int main()
  {
    __m128 a;
    float vals[4] = {0,0,0,0};
    a = _mm_loadu_ps(vals);
    return 0;
  }
Performing C SOURCE FILE Test C_HAS_SSE1_2 failed with the following compile output:
Change Dir: /home/joungwook/pid_comm_tutorial_yonsei/upmem-2021.3.0/src/backends/build/CMakeFiles/CMakeTmp

Run Build Command(s):/usr/bin/make cmTC_d4941/fast && /usr/bin/make -f CMakeFiles/cmTC_d4941.dir/build.make CMakeFiles/cmTC_d4941.dir/build
make[1]: Entering directory '/home/joungwook/pid_comm_tutorial_yonsei/upmem-2021.3.0/src/backends/build/CMakeFiles/CMakeTmp'
Building C object CMakeFiles/cmTC_d4941.dir/src.c.o
/usr/bin/cc   -Wall -Werror -Wextra -std=gnu11  -O3  -g -DC_HAS_SSE1_2 -msse   -o CMakeFiles/cmTC_d4941.dir/src.c.o   -c /home/joungwook/pid_comm_tutorial_yonsei/upmem-2021.3.0/src/backends/build/CMakeFiles/CMakeTmp/src.c
/home/joungwook/pid_comm_tutorial_yonsei/upmem-2021.3.0/src/backends/build/CMakeFiles/CMakeTmp/src.c: In function ‘main’:
/home/joungwook/pid_comm_tutorial_yonsei/upmem-2021.3.0/src/backends/build/CMakeFiles/CMakeTmp/src.c:5:12: error: variable ‘a’ set but not used [-Werror=unused-but-set-variable]
    5 |     __m128 a;
      |            ^
cc1: all warnings being treated as errors
CMakeFiles/cmTC_d4941.dir/build.make:82: recipe for target 'CMakeFiles/cmTC_d4941.dir/src.c.o' failed
make[1]: *** [CMakeFiles/cmTC_d4941.dir/src.c.o] Error 1
make[1]: Leaving directory '/home/joungwook/pid_comm_tutorial_yonsei/upmem-2021.3.0/src/backends/build/CMakeFiles/CMakeTmp'
Makefile:138: recipe for target 'cmTC_d4941/fast' failed
make: *** [cmTC_d4941/fast] Error 2


...and run output:

Return value: 1
Source file was:

  #include <xmmintrin.h>
  int main()
  {
    __m128 a;
    float vals[4] = {0,0,0,0};
    a = _mm_loadu_ps(vals);
    return 0;
  }
Performing C SOURCE FILE Test C_COMPILES_SSE1_2 failed with the following output:
Change Dir: /home/joungwook/pid_comm_tutorial_yonsei/upmem-2021.3.0/src/backends/build/CMakeFiles/CMakeTmp

Run Build Command(s):/usr/bin/make cmTC_3355f/fast && /usr/bin/make -f CMakeFiles/cmTC_3355f.dir/build.make CMakeFiles/cmTC_3355f.dir/build
make[1]: Entering directory '/home/joungwook/pid_comm_tutorial_yonsei/upmem-2021.3.0/src/backends/build/CMakeFiles/CMakeTmp'
Building C object CMakeFiles/cmTC_3355f.dir/src.c.o
/usr/bin/cc   -Wall -Werror -Wextra -std=gnu11  -O3  -g -DC_COMPILES_SSE1_2 -msse   -o CMakeFiles/cmTC_3355f.dir/src.c.o   -c /home/joungwook/pid_comm_tutorial_yonsei/upmem-2021.3.0/src/backends/build/CMakeFiles/CMakeTmp/src.c
/home/joungwook/pid_comm_tutorial_yonsei/upmem-2021.3.0/src/backends/build/CMakeFiles/CMakeTmp/src.c: In function ‘main’:
/home/joungwook/pid_comm_tutorial_yonsei/upmem-2021.3.0/src/backends/build/CMakeFiles/CMakeTmp/src.c:5:12: error: variable ‘a’ set but not used [-Werror=unused-but-set-variable]
    5 |     __m128 a;
      |            ^
cc1: all warnings being treated as errors
CMakeFiles/cmTC_3355f.dir/build.make:82: recipe for target 'CMakeFiles/cmTC_3355f.dir/src.c.o' failed
make[1]: *** [CMakeFiles/cmTC_3355f.dir/src.c.o] Error 1
make[1]: Leaving directory '/home/joungwook/pid_comm_tutorial_yonsei/upmem-2021.3.0/src/backends/build/CMakeFiles/CMakeTmp'
Makefile:138: recipe for target 'cmTC_3355f/fast' failed
make: *** [cmTC_3355f/fast] Error 2


Source file was:

  #include <xmmintrin.h>
  int main()
  {
    __m128 a;
    float vals[4] = {0,0,0,0};
    a = _mm_loadu_ps(vals);
    return 0;
  }
Performing C SOURCE FILE Test C_HAS_SSE1_3 failed with the following compile output:
Change Dir: /home/joungwook/pid_comm_tutorial_yonsei/upmem-2021.3.0/src/backends/build/CMakeFiles/CMakeTmp

Run Build Command(s):/usr/bin/make cmTC_5e7ba/fast && /usr/bin/make -f CMakeFiles/cmTC_5e7ba.dir/build.make CMakeFiles/cmTC_5e7ba.dir/build
make[1]: Entering directory '/home/joungwook/pid_comm_tutorial_yonsei/upmem-2021.3.0/src/backends/build/CMakeFiles/CMakeTmp'
Building C object CMakeFiles/cmTC_5e7ba.dir/src.c.o
/usr/bin/cc   -Wall -Werror -Wextra -std=gnu11  -O3  -g -DC_HAS_SSE1_3 /arch:SSE   -o CMakeFiles/cmTC_5e7ba.dir/src.c.o   -c /home/joungwook/pid_comm_tutorial_yonsei/upmem-2021.3.0/src/backends/build/CMakeFiles/CMakeTmp/src.c
cc: error: /arch:SSE: No such file or directory
CMakeFiles/cmTC_5e7ba.dir/build.make:82: recipe for target 'CMakeFiles/cmTC_5e7ba.dir/src.c.o' failed
make[1]: *** [CMakeFiles/cmTC_5e7ba.dir/src.c.o] Error 1
make[1]: Leaving directory '/home/joungwook/pid_comm_tutorial_yonsei/upmem-2021.3.0/src/backends/build/CMakeFiles/CMakeTmp'
Makefile:138: recipe for target 'cmTC_5e7ba/fast' failed
make: *** [cmTC_5e7ba/fast] Error 2


...and run output:

Return value: 1
Source file was:

  #include <xmmintrin.h>
  int main()
  {
    __m128 a;
    float vals[4] = {0,0,0,0};
    a = _mm_loadu_ps(vals);
    return 0;
  }
Performing C SOURCE FILE Test C_COMPILES_SSE1_3 failed with the following output:
Change Dir: /home/joungwook/pid_comm_tutorial_yonsei/upmem-2021.3.0/src/backends/build/CMakeFiles/CMakeTmp

Run Build Command(s):/usr/bin/make cmTC_59a31/fast && /usr/bin/make -f CMakeFiles/cmTC_59a31.dir/build.make CMakeFiles/cmTC_59a31.dir/build
make[1]: Entering directory '/home/joungwook/pid_comm_tutorial_yonsei/upmem-2021.3.0/src/backends/build/CMakeFiles/CMakeTmp'
Building C object CMakeFiles/cmTC_59a31.dir/src.c.o
/usr/bin/cc   -Wall -Werror -Wextra -std=gnu11  -O3  -g -DC_COMPILES_SSE1_3 /arch:SSE   -o CMakeFiles/cmTC_59a31.dir/src.c.o   -c /home/joungwook/pid_comm_tutorial_yonsei/upmem-2021.3.0/src/backends/build/CMakeFiles/CMakeTmp/src.c
cc: error: /arch:SSE: No such file or directory
CMakeFiles/cmTC_59a31.dir/build.make:82: recipe for target 'CMakeFiles/cmTC_59a31.dir/src.c.o' failed
make[1]: *** [CMakeFiles/cmTC_59a31.dir/src.c.o] Error 1
make[1]: Leaving directory '/home/joungwook/pid_comm_tutorial_yonsei/upmem-2021.3.0/src/backends/build/CMakeFiles/CMakeTmp'
Makefile:138: recipe for target 'cmTC_59a31/fast' failed
make: *** [cmTC_59a31/fast] Error 2


Source file was:

  #include <xmmintrin.h>
  int main()
  {
    __m128 a;
    float vals[4] = {0,0,0,0};
    a = _mm_loadu_ps(vals);
    return 0;
  }
Performing C SOURCE FILE Test C_HAS_SSE2_1 failed with the following compile output:
Change Dir: /home/joungwook/pid_comm_tutorial_yonsei/upmem-2021.3.0/src/backends/build/CMakeFiles/CMakeTmp

Run Build Command(s):/usr/bin/make cmTC_36203/fast && /usr/bin/make -f CMakeFiles/cmTC_36203.dir/build.make CMakeFiles/cmTC_36203.dir/build
make[1]: Entering directory '/home/joungwook/pid_comm_tutorial_yonsei/upmem-2021.3.0/src/backends/build/CMakeFiles/CMakeTmp'
Building C object CMakeFiles/cmTC_36203.dir/src.c.o
/usr/bin/cc   -Wall -Werror -Wextra -std=gnu11  -O3  -g -DC_HAS_SSE2_1   -o CMakeFiles/cmTC_36203.dir/src.c.o   -c /home/joungwook/pid_comm_tutorial_yonsei/upmem-2021.3.0/src/backends/build/CMakeFiles/CMakeTmp/src.c
/home/joungwook/pid_comm_tutorial_yonsei/upmem-2021.3.0/src/backends/build/CMakeFiles/CMakeTmp/src.c: In function ‘main’:
/home/joungwook/pid_comm_tutorial_yonsei/upmem-2021.3.0/src/backends/build/CMakeFiles/CMakeTmp/src.c:5:13: error: variable ‘a’ set but not used [-Werror=unused-but-set-variable]
    5 |     __m128d a;
      |             ^
cc1: all warnings being treated as errors
CMakeFiles/cmTC_36203.dir/build.make:82: recipe for target 'CMakeFiles/cmTC_36203.dir/src.c.o' failed
make[1]: *** [CMakeFiles/cmTC_36203.dir/src.c.o] Error 1
make[1]: Leaving directory '/home/joungwook/pid_comm_tutorial_yonsei/upmem-2021.3.0/src/backends/build/CMakeFiles/CMakeTmp'
Makefile:138: recipe for target 'cmTC_36203/fast' failed
make: *** [cmTC_36203/fast] Error 2


...and run output:

Return value: 1
Source file was:

  #include <emmintrin.h>
  int main()
  {
    __m128d a;
    double vals[2] = {0,0};
    a = _mm_loadu_pd(vals);
    return 0;
  }
Performing C SOURCE FILE Test C_COMPILES_SSE2_1 failed with the following output:
Change Dir: /home/joungwook/pid_comm_tutorial_yonsei/upmem-2021.3.0/src/backends/build/CMakeFiles/CMakeTmp

Run Build Command(s):/usr/bin/make cmTC_48553/fast && /usr/bin/make -f CMakeFiles/cmTC_48553.dir/build.make CMakeFiles/cmTC_48553.dir/build
make[1]: Entering directory '/home/joungwook/pid_comm_tutorial_yonsei/upmem-2021.3.0/src/backends/build/CMakeFiles/CMakeTmp'
Building C object CMakeFiles/cmTC_48553.dir/src.c.o
/usr/bin/cc   -Wall -Werror -Wextra -std=gnu11  -O3  -g -DC_COMPILES_SSE2_1   -o CMakeFiles/cmTC_48553.dir/src.c.o   -c /home/joungwook/pid_comm_tutorial_yonsei/upmem-2021.3.0/src/backends/build/CMakeFiles/CMakeTmp/src.c
/home/joungwook/pid_comm_tutorial_yonsei/upmem-2021.3.0/src/backends/build/CMakeFiles/CMakeTmp/src.c: In function ‘main’:
/home/joungwook/pid_comm_tutorial_yonsei/upmem-2021.3.0/src/backends/build/CMakeFiles/CMakeTmp/src.c:5:13: error: variable ‘a’ set but not used [-Werror=unused-but-set-variable]
    5 |     __m128d a;
      |             ^
cc1: all warnings being treated as errors
CMakeFiles/cmTC_48553.dir/build.make:82: recipe for target 'CMakeFiles/cmTC_48553.dir/src.c.o' failed
make[1]: *** [CMakeFiles/cmTC_48553.dir/src.c.o] Error 1
make[1]: Leaving directory '/home/joungwook/pid_comm_tutorial_yonsei/upmem-2021.3.0/src/backends/build/CMakeFiles/CMakeTmp'
Makefile:138: recipe for target 'cmTC_48553/fast' failed
make: *** [cmTC_48553/fast] Error 2


Source file was:

  #include <emmintrin.h>
  int main()
  {
    __m128d a;
    double vals[2] = {0,0};
    a = _mm_loadu_pd(vals);
    return 0;
  }
Performing C SOURCE FILE Test C_HAS_SSE2_2 failed with the following compile output:
Change Dir: /home/joungwook/pid_comm_tutorial_yonsei/upmem-2021.3.0/src/backends/build/CMakeFiles/CMakeTmp

Run Build Command(s):/usr/bin/make cmTC_70f1b/fast && /usr/bin/make -f CMakeFiles/cmTC_70f1b.dir/build.make CMakeFiles/cmTC_70f1b.dir/build
make[1]: Entering directory '/home/joungwook/pid_comm_tutorial_yonsei/upmem-2021.3.0/src/backends/build/CMakeFiles/CMakeTmp'
Building C object CMakeFiles/cmTC_70f1b.dir/src.c.o
/usr/bin/cc   -Wall -Werror -Wextra -std=gnu11  -O3  -g -DC_HAS_SSE2_2 -msse2   -o CMakeFiles/cmTC_70f1b.dir/src.c.o   -c /home/joungwook/pid_comm_tutorial_yonsei/upmem-2021.3.0/src/backends/build/CMakeFiles/CMakeTmp/src.c
/home/joungwook/pid_comm_tutorial_yonsei/upmem-2021.3.0/src/backends/build/CMakeFiles/CMakeTmp/src.c: In function ‘main’:
/home/joungwook/pid_comm_tutorial_yonsei/upmem-2021.3.0/src/backends/build/CMakeFiles/CMakeTmp/src.c:5:13: error: variable ‘a’ set but not used [-Werror=unused-but-set-variable]
    5 |     __m128d a;
      |             ^
cc1: all warnings being treated as errors
CMakeFiles/cmTC_70f1b.dir/build.make:82: recipe for target 'CMakeFiles/cmTC_70f1b.dir/src.c.o' failed
make[1]: *** [CMakeFiles/cmTC_70f1b.dir/src.c.o] Error 1
make[1]: Leaving directory '/home/joungwook/pid_comm_tutorial_yonsei/upmem-2021.3.0/src/backends/build/CMakeFiles/CMakeTmp'
Makefile:138: recipe for target 'cmTC_70f1b/fast' failed
make: *** [cmTC_70f1b/fast] Error 2


...and run output:

Return value: 1
Source file was:

  #include <emmintrin.h>
  int main()
  {
    __m128d a;
    double vals[2] = {0,0};
    a = _mm_loadu_pd(vals);
    return 0;
  }
Performing C SOURCE FILE Test C_COMPILES_SSE2_2 failed with the following output:
Change Dir: /home/joungwook/pid_comm_tutorial_yonsei/upmem-2021.3.0/src/backends/build/CMakeFiles/CMakeTmp

Run Build Command(s):/usr/bin/make cmTC_aef87/fast && /usr/bin/make -f CMakeFiles/cmTC_aef87.dir/build.make CMakeFiles/cmTC_aef87.dir/build
make[1]: Entering directory '/home/joungwook/pid_comm_tutorial_yonsei/upmem-2021.3.0/src/backends/build/CMakeFiles/CMakeTmp'
Building C object CMakeFiles/cmTC_aef87.dir/src.c.o
/usr/bin/cc   -Wall -Werror -Wextra -std=gnu11  -O3  -g -DC_COMPILES_SSE2_2 -msse2   -o CMakeFiles/cmTC_aef87.dir/src.c.o   -c /home/joungwook/pid_comm_tutorial_yonsei/upmem-2021.3.0/src/backends/build/CMakeFiles/CMakeTmp/src.c
/home/joungwook/pid_comm_tutorial_yonsei/upmem-2021.3.0/src/backends/build/CMakeFiles/CMakeTmp/src.c: In function ‘main’:
/home/joungwook/pid_comm_tutorial_yonsei/upmem-2021.3.0/src/backends/build/CMakeFiles/CMakeTmp/src.c:5:13: error: variable ‘a’ set but not used [-Werror=unused-but-set-variable]
    5 |     __m128d a;
      |             ^
cc1: all warnings being treated as errors
CMakeFiles/cmTC_aef87.dir/build.make:82: recipe for target 'CMakeFiles/cmTC_aef87.dir/src.c.o' failed
make[1]: *** [CMakeFiles/cmTC_aef87.dir/src.c.o] Error 1
make[1]: Leaving directory '/home/joungwook/pid_comm_tutorial_yonsei/upmem-2021.3.0/src/backends/build/CMakeFiles/CMakeTmp'
Makefile:138: recipe for target 'cmTC_aef87/fast' failed
make: *** [cmTC_aef87/fast] Error 2


Source file was:

  #include <emmintrin.h>
  int main()
  {
    __m128d a;
    double vals[2] = {0,0};
    a = _mm_loadu_pd(vals);
    return 0;
  }
Performing C SOURCE FILE Test C_HAS_SSE2_3 failed with the following compile output:
Change Dir: /home/joungwook/pid_comm_tutorial_yonsei/upmem-2021.3.0/src/backends/build/CMakeFiles/CMakeTmp

Run Build Command(s):/usr/bin/make cmTC_aba6d/fast && /usr/bin/make -f CMakeFiles/cmTC_aba6d.dir/build.make CMakeFiles/cmTC_aba6d.dir/build
make[1]: Entering directory '/home/joungwook/pid_comm_tutorial_yonsei/upmem-2021.3.0/src/backends/build/CMakeFiles/CMakeTmp'
Building C object CMakeFiles/cmTC_aba6d.dir/src.c.o
/usr/bin/cc   -Wall -Werror -Wextra -std=gnu11  -O3  -g -DC_HAS_SSE2_3 /arch:SSE2   -o CMakeFiles/cmTC_aba6d.dir/src.c.o   -c /home/joungwook/pid_comm_tutorial_yonsei/upmem-2021.3.0/src/backends/build/CMakeFiles/CMakeTmp/src.c
cc: error: /arch:SSE2: No such file or directory
CMakeFiles/cmTC_aba6d.dir/build.make:82: recipe for target 'CMakeFiles/cmTC_aba6d.dir/src.c.o' failed
make[1]: *** [CMakeFiles/cmTC_aba6d.dir/src.c.o] Error 1
make[1]: Leaving directory '/home/joungwook/pid_comm_tutorial_yonsei/upmem-2021.3.0/src/backends/build/CMakeFiles/CMakeTmp'
Makefile:138: recipe for target 'cmTC_aba6d/fast' failed
make: *** [cmTC_aba6d/fast] Error 2


...and run output:

Return value: 1
Source file was:

  #include <emmintrin.h>
  int main()
  {
    __m128d a;
    double vals[2] = {0,0};
    a = _mm_loadu_pd(vals);
    return 0;
  }
Performing C SOURCE FILE Test C_COMPILES_SSE2_3 failed with the following output:
Change Dir: /home/joungwook/pid_comm_tutorial_yonsei/upmem-2021.3.0/src/backends/build/CMakeFiles/CMakeTmp

Run Build Command(s):/usr/bin/make cmTC_1aeb1/fast && /usr/bin/make -f CMakeFiles/cmTC_1aeb1.dir/build.make CMakeFiles/cmTC_1aeb1.dir/build
make[1]: Entering directory '/home/joungwook/pid_comm_tutorial_yonsei/upmem-2021.3.0/src/backends/build/CMakeFiles/CMakeTmp'
Building C object CMakeFiles/cmTC_1aeb1.dir/src.c.o
/usr/bin/cc   -Wall -Werror -Wextra -std=gnu11  -O3  -g -DC_COMPILES_SSE2_3 /arch:SSE2   -o CMakeFiles/cmTC_1aeb1.dir/src.c.o   -c /home/joungwook/pid_comm_tutorial_yonsei/upmem-2021.3.0/src/backends/build/CMakeFiles/CMakeTmp/src.c
cc: error: /arch:SSE2: No such file or directory
CMakeFiles/cmTC_1aeb1.dir/build.make:82: recipe for target 'CMakeFiles/cmTC_1aeb1.dir/src.c.o' failed
make[1]: *** [CMakeFiles/cmTC_1aeb1.dir/src.c.o] Error 1
make[1]: Leaving directory '/home/joungwook/pid_comm_tutorial_yonsei/upmem-2021.3.0/src/backends/build/CMakeFiles/CMakeTmp'
Makefile:138: recipe for target 'cmTC_1aeb1/fast' failed
make: *** [cmTC_1aeb1/fast] Error 2


Source file was:

  #include <emmintrin.h>
  int main()
  {
    __m128d a;
    double vals[2] = {0,0};
    a = _mm_loadu_pd(vals);
    return 0;
  }
Performing C SOURCE FILE Test C_HAS_SSE3_1 failed with the following compile output:
Change Dir: /home/joungwook/pid_comm_tutorial_yonsei/upmem-2021.3.0/src/backends/build/CMakeFiles/CMakeTmp

Run Build Command(s):/usr/bin/make cmTC_c7973/fast && /usr/bin/make -f CMakeFiles/cmTC_c7973.dir/build.make CMakeFiles/cmTC_c7973.dir/build
make[1]: Entering directory '/home/joungwook/pid_comm_tutorial_yonsei/upmem-2021.3.0/src/backends/build/CMakeFiles/CMakeTmp'
Building C object CMakeFiles/cmTC_c7973.dir/src.c.o
/usr/bin/cc   -Wall -Werror -Wextra -std=gnu11  -O3  -g -DC_HAS_SSE3_1   -o CMakeFiles/cmTC_c7973.dir/src.c.o   -c /home/joungwook/pid_comm_tutorial_yonsei/upmem-2021.3.0/src/backends/build/CMakeFiles/CMakeTmp/src.c
/home/joungwook/pid_comm_tutorial_yonsei/upmem-2021.3.0/src/backends/build/CMakeFiles/CMakeTmp/src.c: In function ‘main’:
/home/joungwook/pid_comm_tutorial_yonsei/upmem-2021.3.0/src/backends/build/CMakeFiles/CMakeTmp/src.c:6:13: error: variable ‘a’ set but not used [-Werror=unused-but-set-variable]
    6 |     __m128i a;
      |             ^
In file included from /home/joungwook/pid_comm_tutorial_yonsei/upmem-2021.3.0/src/backends/build/CMakeFiles/CMakeTmp/src.c:2:
/usr/lib/gcc/x86_64-linux-gnu/9/include/pmmintrin.h:110:1: error: inlining failed in call to always_inline ‘_mm_lddqu_si128’: target specific option mismatch
  110 | _mm_lddqu_si128 (__m128i const *__P)
      | ^~~~~~~~~~~~~~~
/home/joungwook/pid_comm_tutorial_yonsei/upmem-2021.3.0/src/backends/build/CMakeFiles/CMakeTmp/src.c:7:9: note: called from here
    7 |     a = _mm_lddqu_si128( (const __m128i*)vals );
      |         ^~~~~~~~~~~~~~~~~~~~~~~~~~~~~~~~~~~~~~~
cc1: all warnings being treated as errors
CMakeFiles/cmTC_c7973.dir/build.make:82: recipe for target 'CMakeFiles/cmTC_c7973.dir/src.c.o' failed
make[1]: *** [CMakeFiles/cmTC_c7973.dir/src.c.o] Error 1
make[1]: Leaving directory '/home/joungwook/pid_comm_tutorial_yonsei/upmem-2021.3.0/src/backends/build/CMakeFiles/CMakeTmp'
Makefile:138: recipe for target 'cmTC_c7973/fast' failed
make: *** [cmTC_c7973/fast] Error 2


...and run output:

Return value: 1
Source file was:

  #include <pmmintrin.h>
  int main( )
  {
    const int vals[4] = {0,0,0,0};
    __m128i a;
    a = _mm_lddqu_si128( (const __m128i*)vals );
    return 0;
  }
Performing C SOURCE FILE Test C_COMPILES_SSE3_1 failed with the following output:
Change Dir: /home/joungwook/pid_comm_tutorial_yonsei/upmem-2021.3.0/src/backends/build/CMakeFiles/CMakeTmp

Run Build Command(s):/usr/bin/make cmTC_a2816/fast && /usr/bin/make -f CMakeFiles/cmTC_a2816.dir/build.make CMakeFiles/cmTC_a2816.dir/build
make[1]: Entering directory '/home/joungwook/pid_comm_tutorial_yonsei/upmem-2021.3.0/src/backends/build/CMakeFiles/CMakeTmp'
Building C object CMakeFiles/cmTC_a2816.dir/src.c.o
/usr/bin/cc   -Wall -Werror -Wextra -std=gnu11  -O3  -g -DC_COMPILES_SSE3_1   -o CMakeFiles/cmTC_a2816.dir/src.c.o   -c /home/joungwook/pid_comm_tutorial_yonsei/upmem-2021.3.0/src/backends/build/CMakeFiles/CMakeTmp/src.c
/home/joungwook/pid_comm_tutorial_yonsei/upmem-2021.3.0/src/backends/build/CMakeFiles/CMakeTmp/src.c: In function ‘main’:
/home/joungwook/pid_comm_tutorial_yonsei/upmem-2021.3.0/src/backends/build/CMakeFiles/CMakeTmp/src.c:6:13: error: variable ‘a’ set but not used [-Werror=unused-but-set-variable]
    6 |     __m128i a;
      |             ^
In file included from /home/joungwook/pid_comm_tutorial_yonsei/upmem-2021.3.0/src/backends/build/CMakeFiles/CMakeTmp/src.c:2:
/usr/lib/gcc/x86_64-linux-gnu/9/include/pmmintrin.h:110:1: error: inlining failed in call to always_inline ‘_mm_lddqu_si128’: target specific option mismatch
  110 | _mm_lddqu_si128 (__m128i const *__P)
      | ^~~~~~~~~~~~~~~
/home/joungwook/pid_comm_tutorial_yonsei/upmem-2021.3.0/src/backends/build/CMakeFiles/CMakeTmp/src.c:7:9: note: called from here
    7 |     a = _mm_lddqu_si128( (const __m128i*)vals );
      |         ^~~~~~~~~~~~~~~~~~~~~~~~~~~~~~~~~~~~~~~
cc1: all warnings being treated as errors
CMakeFiles/cmTC_a2816.dir/build.make:82: recipe for target 'CMakeFiles/cmTC_a2816.dir/src.c.o' failed
make[1]: *** [CMakeFiles/cmTC_a2816.dir/src.c.o] Error 1
make[1]: Leaving directory '/home/joungwook/pid_comm_tutorial_yonsei/upmem-2021.3.0/src/backends/build/CMakeFiles/CMakeTmp'
Makefile:138: recipe for target 'cmTC_a2816/fast' failed
make: *** [cmTC_a2816/fast] Error 2


Source file was:

  #include <pmmintrin.h>
  int main( )
  {
    const int vals[4] = {0,0,0,0};
    __m128i a;
    a = _mm_lddqu_si128( (const __m128i*)vals );
    return 0;
  }
Performing C SOURCE FILE Test C_HAS_SSE3_2 failed with the following compile output:
Change Dir: /home/joungwook/pid_comm_tutorial_yonsei/upmem-2021.3.0/src/backends/build/CMakeFiles/CMakeTmp

Run Build Command(s):/usr/bin/make cmTC_c7dd0/fast && /usr/bin/make -f CMakeFiles/cmTC_c7dd0.dir/build.make CMakeFiles/cmTC_c7dd0.dir/build
make[1]: Entering directory '/home/joungwook/pid_comm_tutorial_yonsei/upmem-2021.3.0/src/backends/build/CMakeFiles/CMakeTmp'
Building C object CMakeFiles/cmTC_c7dd0.dir/src.c.o
/usr/bin/cc   -Wall -Werror -Wextra -std=gnu11  -O3  -g -DC_HAS_SSE3_2 -msse3   -o CMakeFiles/cmTC_c7dd0.dir/src.c.o   -c /home/joungwook/pid_comm_tutorial_yonsei/upmem-2021.3.0/src/backends/build/CMakeFiles/CMakeTmp/src.c
/home/joungwook/pid_comm_tutorial_yonsei/upmem-2021.3.0/src/backends/build/CMakeFiles/CMakeTmp/src.c: In function ‘main’:
/home/joungwook/pid_comm_tutorial_yonsei/upmem-2021.3.0/src/backends/build/CMakeFiles/CMakeTmp/src.c:6:13: error: variable ‘a’ set but not used [-Werror=unused-but-set-variable]
    6 |     __m128i a;
      |             ^
cc1: all warnings being treated as errors
CMakeFiles/cmTC_c7dd0.dir/build.make:82: recipe for target 'CMakeFiles/cmTC_c7dd0.dir/src.c.o' failed
make[1]: *** [CMakeFiles/cmTC_c7dd0.dir/src.c.o] Error 1
make[1]: Leaving directory '/home/joungwook/pid_comm_tutorial_yonsei/upmem-2021.3.0/src/backends/build/CMakeFiles/CMakeTmp'
Makefile:138: recipe for target 'cmTC_c7dd0/fast' failed
make: *** [cmTC_c7dd0/fast] Error 2


...and run output:

Return value: 1
Source file was:

  #include <pmmintrin.h>
  int main( )
  {
    const int vals[4] = {0,0,0,0};
    __m128i a;
    a = _mm_lddqu_si128( (const __m128i*)vals );
    return 0;
  }
Performing C SOURCE FILE Test C_COMPILES_SSE3_2 failed with the following output:
Change Dir: /home/joungwook/pid_comm_tutorial_yonsei/upmem-2021.3.0/src/backends/build/CMakeFiles/CMakeTmp

Run Build Command(s):/usr/bin/make cmTC_d0c99/fast && /usr/bin/make -f CMakeFiles/cmTC_d0c99.dir/build.make CMakeFiles/cmTC_d0c99.dir/build
make[1]: Entering directory '/home/joungwook/pid_comm_tutorial_yonsei/upmem-2021.3.0/src/backends/build/CMakeFiles/CMakeTmp'
Building C object CMakeFiles/cmTC_d0c99.dir/src.c.o
/usr/bin/cc   -Wall -Werror -Wextra -std=gnu11  -O3  -g -DC_COMPILES_SSE3_2 -msse3   -o CMakeFiles/cmTC_d0c99.dir/src.c.o   -c /home/joungwook/pid_comm_tutorial_yonsei/upmem-2021.3.0/src/backends/build/CMakeFiles/CMakeTmp/src.c
/home/joungwook/pid_comm_tutorial_yonsei/upmem-2021.3.0/src/backends/build/CMakeFiles/CMakeTmp/src.c: In function ‘main’:
/home/joungwook/pid_comm_tutorial_yonsei/upmem-2021.3.0/src/backends/build/CMakeFiles/CMakeTmp/src.c:6:13: error: variable ‘a’ set but not used [-Werror=unused-but-set-variable]
    6 |     __m128i a;
      |             ^
cc1: all warnings being treated as errors
CMakeFiles/cmTC_d0c99.dir/build.make:82: recipe for target 'CMakeFiles/cmTC_d0c99.dir/src.c.o' failed
make[1]: *** [CMakeFiles/cmTC_d0c99.dir/src.c.o] Error 1
make[1]: Leaving directory '/home/joungwook/pid_comm_tutorial_yonsei/upmem-2021.3.0/src/backends/build/CMakeFiles/CMakeTmp'
Makefile:138: recipe for target 'cmTC_d0c99/fast' failed
make: *** [cmTC_d0c99/fast] Error 2


Source file was:

  #include <pmmintrin.h>
  int main( )
  {
    const int vals[4] = {0,0,0,0};
    __m128i a;
    a = _mm_lddqu_si128( (const __m128i*)vals );
    return 0;
  }
Performing C SOURCE FILE Test C_HAS_SSE3_3 failed with the following compile output:
Change Dir: /home/joungwook/pid_comm_tutorial_yonsei/upmem-2021.3.0/src/backends/build/CMakeFiles/CMakeTmp

Run Build Command(s):/usr/bin/make cmTC_23329/fast && /usr/bin/make -f CMakeFiles/cmTC_23329.dir/build.make CMakeFiles/cmTC_23329.dir/build
make[1]: Entering directory '/home/joungwook/pid_comm_tutorial_yonsei/upmem-2021.3.0/src/backends/build/CMakeFiles/CMakeTmp'
Building C object CMakeFiles/cmTC_23329.dir/src.c.o
/usr/bin/cc   -Wall -Werror -Wextra -std=gnu11  -O3  -g -DC_HAS_SSE3_3 /arch:SSE3   -o CMakeFiles/cmTC_23329.dir/src.c.o   -c /home/joungwook/pid_comm_tutorial_yonsei/upmem-2021.3.0/src/backends/build/CMakeFiles/CMakeTmp/src.c
cc: error: /arch:SSE3: No such file or directory
CMakeFiles/cmTC_23329.dir/build.make:82: recipe for target 'CMakeFiles/cmTC_23329.dir/src.c.o' failed
make[1]: *** [CMakeFiles/cmTC_23329.dir/src.c.o] Error 1
make[1]: Leaving directory '/home/joungwook/pid_comm_tutorial_yonsei/upmem-2021.3.0/src/backends/build/CMakeFiles/CMakeTmp'
Makefile:138: recipe for target 'cmTC_23329/fast' failed
make: *** [cmTC_23329/fast] Error 2


...and run output:

Return value: 1
Source file was:

  #include <pmmintrin.h>
  int main( )
  {
    const int vals[4] = {0,0,0,0};
    __m128i a;
    a = _mm_lddqu_si128( (const __m128i*)vals );
    return 0;
  }
Performing C SOURCE FILE Test C_COMPILES_SSE3_3 failed with the following output:
Change Dir: /home/joungwook/pid_comm_tutorial_yonsei/upmem-2021.3.0/src/backends/build/CMakeFiles/CMakeTmp

Run Build Command(s):/usr/bin/make cmTC_20a70/fast && /usr/bin/make -f CMakeFiles/cmTC_20a70.dir/build.make CMakeFiles/cmTC_20a70.dir/build
make[1]: Entering directory '/home/joungwook/pid_comm_tutorial_yonsei/upmem-2021.3.0/src/backends/build/CMakeFiles/CMakeTmp'
Building C object CMakeFiles/cmTC_20a70.dir/src.c.o
/usr/bin/cc   -Wall -Werror -Wextra -std=gnu11  -O3  -g -DC_COMPILES_SSE3_3 /arch:SSE3   -o CMakeFiles/cmTC_20a70.dir/src.c.o   -c /home/joungwook/pid_comm_tutorial_yonsei/upmem-2021.3.0/src/backends/build/CMakeFiles/CMakeTmp/src.c
cc: error: /arch:SSE3: No such file or directory
CMakeFiles/cmTC_20a70.dir/build.make:82: recipe for target 'CMakeFiles/cmTC_20a70.dir/src.c.o' failed
make[1]: *** [CMakeFiles/cmTC_20a70.dir/src.c.o] Error 1
make[1]: Leaving directory '/home/joungwook/pid_comm_tutorial_yonsei/upmem-2021.3.0/src/backends/build/CMakeFiles/CMakeTmp'
Makefile:138: recipe for target 'cmTC_20a70/fast' failed
make: *** [cmTC_20a70/fast] Error 2


Source file was:

  #include <pmmintrin.h>
  int main( )
  {
    const int vals[4] = {0,0,0,0};
    __m128i a;
    a = _mm_lddqu_si128( (const __m128i*)vals );
    return 0;
  }
Performing C SOURCE FILE Test C_HAS_SSE4_1_1 failed with the following compile output:
Change Dir: /home/joungwook/pid_comm_tutorial_yonsei/upmem-2021.3.0/src/backends/build/CMakeFiles/CMakeTmp

Run Build Command(s):/usr/bin/make cmTC_ce1ab/fast && /usr/bin/make -f CMakeFiles/cmTC_ce1ab.dir/build.make CMakeFiles/cmTC_ce1ab.dir/build
make[1]: Entering directory '/home/joungwook/pid_comm_tutorial_yonsei/upmem-2021.3.0/src/backends/build/CMakeFiles/CMakeTmp'
Building C object CMakeFiles/cmTC_ce1ab.dir/src.c.o
/usr/bin/cc   -Wall -Werror -Wextra -std=gnu11  -O3  -g -DC_HAS_SSE4_1_1   -o CMakeFiles/cmTC_ce1ab.dir/src.c.o   -c /home/joungwook/pid_comm_tutorial_yonsei/upmem-2021.3.0/src/backends/build/CMakeFiles/CMakeTmp/src.c
/home/joungwook/pid_comm_tutorial_yonsei/upmem-2021.3.0/src/backends/build/CMakeFiles/CMakeTmp/src.c: In function ‘main’:
/home/joungwook/pid_comm_tutorial_yonsei/upmem-2021.3.0/src/backends/build/CMakeFiles/CMakeTmp/src.c:5:22: error: excess elements in vector initializer [-Werror]
    5 |     __m128i a = {0,0,0,0}, b = {0,0,0,0};
      |                      ^
/home/joungwook/pid_comm_tutorial_yonsei/upmem-2021.3.0/src/backends/build/CMakeFiles/CMakeTmp/src.c:5:22: note: (near initialization for ‘a’)
/home/joungwook/pid_comm_tutorial_yonsei/upmem-2021.3.0/src/backends/build/CMakeFiles/CMakeTmp/src.c:5:24: error: excess elements in vector initializer [-Werror]
    5 |     __m128i a = {0,0,0,0}, b = {0,0,0,0};
      |                        ^
/home/joungwook/pid_comm_tutorial_yonsei/upmem-2021.3.0/src/backends/build/CMakeFiles/CMakeTmp/src.c:5:24: note: (near initialization for ‘a’)
/home/joungwook/pid_comm_tutorial_yonsei/upmem-2021.3.0/src/backends/build/CMakeFiles/CMakeTmp/src.c:5:37: error: excess elements in vector initializer [-Werror]
    5 |     __m128i a = {0,0,0,0}, b = {0,0,0,0};
      |                                     ^
/home/joungwook/pid_comm_tutorial_yonsei/upmem-2021.3.0/src/backends/build/CMakeFiles/CMakeTmp/src.c:5:37: note: (near initialization for ‘b’)
/home/joungwook/pid_comm_tutorial_yonsei/upmem-2021.3.0/src/backends/build/CMakeFiles/CMakeTmp/src.c:5:39: error: excess elements in vector initializer [-Werror]
    5 |     __m128i a = {0,0,0,0}, b = {0,0,0,0};
      |                                       ^
/home/joungwook/pid_comm_tutorial_yonsei/upmem-2021.3.0/src/backends/build/CMakeFiles/CMakeTmp/src.c:5:39: note: (near initialization for ‘b’)
/home/joungwook/pid_comm_tutorial_yonsei/upmem-2021.3.0/src/backends/build/CMakeFiles/CMakeTmp/src.c:6:13: error: unused variable ‘res’ [-Werror=unused-variable]
    6 |     __m128i res = _mm_max_epi8(a, b);
      |             ^~~
In file included from /home/joungwook/pid_comm_tutorial_yonsei/upmem-2021.3.0/src/backends/build/CMakeFiles/CMakeTmp/src.c:2:
/usr/lib/gcc/x86_64-linux-gnu/9/include/smmintrin.h:282:1: error: inlining failed in call to always_inline ‘_mm_max_epi8’: target specific option mismatch
  282 | _mm_max_epi8 (__m128i __X, __m128i __Y)
      | ^~~~~~~~~~~~
/home/joungwook/pid_comm_tutorial_yonsei/upmem-2021.3.0/src/backends/build/CMakeFiles/CMakeTmp/src.c:6:19: note: called from here
    6 |     __m128i res = _mm_max_epi8(a, b);
      |                   ^~~~~~~~~~~~~~~~~~
cc1: all warnings being treated as errors
CMakeFiles/cmTC_ce1ab.dir/build.make:82: recipe for target 'CMakeFiles/cmTC_ce1ab.dir/src.c.o' failed
make[1]: *** [CMakeFiles/cmTC_ce1ab.dir/src.c.o] Error 1
make[1]: Leaving directory '/home/joungwook/pid_comm_tutorial_yonsei/upmem-2021.3.0/src/backends/build/CMakeFiles/CMakeTmp'
Makefile:138: recipe for target 'cmTC_ce1ab/fast' failed
make: *** [cmTC_ce1ab/fast] Error 2


...and run output:

Return value: 1
Source file was:

  #include <smmintrin.h>
  int main ()
  {
    __m128i a = {0,0,0,0}, b = {0,0,0,0};
    __m128i res = _mm_max_epi8(a, b);
    return 0;
  }

Performing C SOURCE FILE Test C_COMPILES_SSE4_1_1 failed with the following output:
Change Dir: /home/joungwook/pid_comm_tutorial_yonsei/upmem-2021.3.0/src/backends/build/CMakeFiles/CMakeTmp

Run Build Command(s):/usr/bin/make cmTC_25398/fast && /usr/bin/make -f CMakeFiles/cmTC_25398.dir/build.make CMakeFiles/cmTC_25398.dir/build
make[1]: Entering directory '/home/joungwook/pid_comm_tutorial_yonsei/upmem-2021.3.0/src/backends/build/CMakeFiles/CMakeTmp'
Building C object CMakeFiles/cmTC_25398.dir/src.c.o
/usr/bin/cc   -Wall -Werror -Wextra -std=gnu11  -O3  -g -DC_COMPILES_SSE4_1_1   -o CMakeFiles/cmTC_25398.dir/src.c.o   -c /home/joungwook/pid_comm_tutorial_yonsei/upmem-2021.3.0/src/backends/build/CMakeFiles/CMakeTmp/src.c
/home/joungwook/pid_comm_tutorial_yonsei/upmem-2021.3.0/src/backends/build/CMakeFiles/CMakeTmp/src.c: In function ‘main’:
/home/joungwook/pid_comm_tutorial_yonsei/upmem-2021.3.0/src/backends/build/CMakeFiles/CMakeTmp/src.c:5:22: error: excess elements in vector initializer [-Werror]
    5 |     __m128i a = {0,0,0,0}, b = {0,0,0,0};
      |                      ^
/home/joungwook/pid_comm_tutorial_yonsei/upmem-2021.3.0/src/backends/build/CMakeFiles/CMakeTmp/src.c:5:22: note: (near initialization for ‘a’)
/home/joungwook/pid_comm_tutorial_yonsei/upmem-2021.3.0/src/backends/build/CMakeFiles/CMakeTmp/src.c:5:24: error: excess elements in vector initializer [-Werror]
    5 |     __m128i a = {0,0,0,0}, b = {0,0,0,0};
      |                        ^
/home/joungwook/pid_comm_tutorial_yonsei/upmem-2021.3.0/src/backends/build/CMakeFiles/CMakeTmp/src.c:5:24: note: (near initialization for ‘a’)
/home/joungwook/pid_comm_tutorial_yonsei/upmem-2021.3.0/src/backends/build/CMakeFiles/CMakeTmp/src.c:5:37: error: excess elements in vector initializer [-Werror]
    5 |     __m128i a = {0,0,0,0}, b = {0,0,0,0};
      |                                     ^
/home/joungwook/pid_comm_tutorial_yonsei/upmem-2021.3.0/src/backends/build/CMakeFiles/CMakeTmp/src.c:5:37: note: (near initialization for ‘b’)
/home/joungwook/pid_comm_tutorial_yonsei/upmem-2021.3.0/src/backends/build/CMakeFiles/CMakeTmp/src.c:5:39: error: excess elements in vector initializer [-Werror]
    5 |     __m128i a = {0,0,0,0}, b = {0,0,0,0};
      |                                       ^
/home/joungwook/pid_comm_tutorial_yonsei/upmem-2021.3.0/src/backends/build/CMakeFiles/CMakeTmp/src.c:5:39: note: (near initialization for ‘b’)
/home/joungwook/pid_comm_tutorial_yonsei/upmem-2021.3.0/src/backends/build/CMakeFiles/CMakeTmp/src.c:6:13: error: unused variable ‘res’ [-Werror=unused-variable]
    6 |     __m128i res = _mm_max_epi8(a, b);
      |             ^~~
In file included from /home/joungwook/pid_comm_tutorial_yonsei/upmem-2021.3.0/src/backends/build/CMakeFiles/CMakeTmp/src.c:2:
/usr/lib/gcc/x86_64-linux-gnu/9/include/smmintrin.h:282:1: error: inlining failed in call to always_inline ‘_mm_max_epi8’: target specific option mismatch
  282 | _mm_max_epi8 (__m128i __X, __m128i __Y)
      | ^~~~~~~~~~~~
/home/joungwook/pid_comm_tutorial_yonsei/upmem-2021.3.0/src/backends/build/CMakeFiles/CMakeTmp/src.c:6:19: note: called from here
    6 |     __m128i res = _mm_max_epi8(a, b);
      |                   ^~~~~~~~~~~~~~~~~~
cc1: all warnings being treated as errors
CMakeFiles/cmTC_25398.dir/build.make:82: recipe for target 'CMakeFiles/cmTC_25398.dir/src.c.o' failed
make[1]: *** [CMakeFiles/cmTC_25398.dir/src.c.o] Error 1
make[1]: Leaving directory '/home/joungwook/pid_comm_tutorial_yonsei/upmem-2021.3.0/src/backends/build/CMakeFiles/CMakeTmp'
Makefile:138: recipe for target 'cmTC_25398/fast' failed
make: *** [cmTC_25398/fast] Error 2


Source file was:

  #include <smmintrin.h>
  int main ()
  {
    __m128i a = {0,0,0,0}, b = {0,0,0,0};
    __m128i res = _mm_max_epi8(a, b);
    return 0;
  }

Performing C SOURCE FILE Test C_HAS_SSE4_1_2 failed with the following compile output:
Change Dir: /home/joungwook/pid_comm_tutorial_yonsei/upmem-2021.3.0/src/backends/build/CMakeFiles/CMakeTmp

Run Build Command(s):/usr/bin/make cmTC_b3ed6/fast && /usr/bin/make -f CMakeFiles/cmTC_b3ed6.dir/build.make CMakeFiles/cmTC_b3ed6.dir/build
make[1]: Entering directory '/home/joungwook/pid_comm_tutorial_yonsei/upmem-2021.3.0/src/backends/build/CMakeFiles/CMakeTmp'
Building C object CMakeFiles/cmTC_b3ed6.dir/src.c.o
/usr/bin/cc   -Wall -Werror -Wextra -std=gnu11  -O3  -g -DC_HAS_SSE4_1_2 -msse4.1   -o CMakeFiles/cmTC_b3ed6.dir/src.c.o   -c /home/joungwook/pid_comm_tutorial_yonsei/upmem-2021.3.0/src/backends/build/CMakeFiles/CMakeTmp/src.c
/home/joungwook/pid_comm_tutorial_yonsei/upmem-2021.3.0/src/backends/build/CMakeFiles/CMakeTmp/src.c: In function ‘main’:
/home/joungwook/pid_comm_tutorial_yonsei/upmem-2021.3.0/src/backends/build/CMakeFiles/CMakeTmp/src.c:5:22: error: excess elements in vector initializer [-Werror]
    5 |     __m128i a = {0,0,0,0}, b = {0,0,0,0};
      |                      ^
/home/joungwook/pid_comm_tutorial_yonsei/upmem-2021.3.0/src/backends/build/CMakeFiles/CMakeTmp/src.c:5:22: note: (near initialization for ‘a’)
/home/joungwook/pid_comm_tutorial_yonsei/upmem-2021.3.0/src/backends/build/CMakeFiles/CMakeTmp/src.c:5:24: error: excess elements in vector initializer [-Werror]
    5 |     __m128i a = {0,0,0,0}, b = {0,0,0,0};
      |                        ^
/home/joungwook/pid_comm_tutorial_yonsei/upmem-2021.3.0/src/backends/build/CMakeFiles/CMakeTmp/src.c:5:24: note: (near initialization for ‘a’)
/home/joungwook/pid_comm_tutorial_yonsei/upmem-2021.3.0/src/backends/build/CMakeFiles/CMakeTmp/src.c:5:37: error: excess elements in vector initializer [-Werror]
    5 |     __m128i a = {0,0,0,0}, b = {0,0,0,0};
      |                                     ^
/home/joungwook/pid_comm_tutorial_yonsei/upmem-2021.3.0/src/backends/build/CMakeFiles/CMakeTmp/src.c:5:37: note: (near initialization for ‘b’)
/home/joungwook/pid_comm_tutorial_yonsei/upmem-2021.3.0/src/backends/build/CMakeFiles/CMakeTmp/src.c:5:39: error: excess elements in vector initializer [-Werror]
    5 |     __m128i a = {0,0,0,0}, b = {0,0,0,0};
      |                                       ^
/home/joungwook/pid_comm_tutorial_yonsei/upmem-2021.3.0/src/backends/build/CMakeFiles/CMakeTmp/src.c:5:39: note: (near initialization for ‘b’)
/home/joungwook/pid_comm_tutorial_yonsei/upmem-2021.3.0/src/backends/build/CMakeFiles/CMakeTmp/src.c:6:13: error: unused variable ‘res’ [-Werror=unused-variable]
    6 |     __m128i res = _mm_max_epi8(a, b);
      |             ^~~
cc1: all warnings being treated as errors
CMakeFiles/cmTC_b3ed6.dir/build.make:82: recipe for target 'CMakeFiles/cmTC_b3ed6.dir/src.c.o' failed
make[1]: *** [CMakeFiles/cmTC_b3ed6.dir/src.c.o] Error 1
make[1]: Leaving directory '/home/joungwook/pid_comm_tutorial_yonsei/upmem-2021.3.0/src/backends/build/CMakeFiles/CMakeTmp'
Makefile:138: recipe for target 'cmTC_b3ed6/fast' failed
make: *** [cmTC_b3ed6/fast] Error 2


...and run output:

Return value: 1
Source file was:

  #include <smmintrin.h>
  int main ()
  {
    __m128i a = {0,0,0,0}, b = {0,0,0,0};
    __m128i res = _mm_max_epi8(a, b);
    return 0;
  }

Performing C SOURCE FILE Test C_COMPILES_SSE4_1_2 failed with the following output:
Change Dir: /home/joungwook/pid_comm_tutorial_yonsei/upmem-2021.3.0/src/backends/build/CMakeFiles/CMakeTmp

Run Build Command(s):/usr/bin/make cmTC_a3b47/fast && /usr/bin/make -f CMakeFiles/cmTC_a3b47.dir/build.make CMakeFiles/cmTC_a3b47.dir/build
make[1]: Entering directory '/home/joungwook/pid_comm_tutorial_yonsei/upmem-2021.3.0/src/backends/build/CMakeFiles/CMakeTmp'
Building C object CMakeFiles/cmTC_a3b47.dir/src.c.o
/usr/bin/cc   -Wall -Werror -Wextra -std=gnu11  -O3  -g -DC_COMPILES_SSE4_1_2 -msse4.1   -o CMakeFiles/cmTC_a3b47.dir/src.c.o   -c /home/joungwook/pid_comm_tutorial_yonsei/upmem-2021.3.0/src/backends/build/CMakeFiles/CMakeTmp/src.c
/home/joungwook/pid_comm_tutorial_yonsei/upmem-2021.3.0/src/backends/build/CMakeFiles/CMakeTmp/src.c: In function ‘main’:
/home/joungwook/pid_comm_tutorial_yonsei/upmem-2021.3.0/src/backends/build/CMakeFiles/CMakeTmp/src.c:5:22: error: excess elements in vector initializer [-Werror]
    5 |     __m128i a = {0,0,0,0}, b = {0,0,0,0};
      |                      ^
/home/joungwook/pid_comm_tutorial_yonsei/upmem-2021.3.0/src/backends/build/CMakeFiles/CMakeTmp/src.c:5:22: note: (near initialization for ‘a’)
/home/joungwook/pid_comm_tutorial_yonsei/upmem-2021.3.0/src/backends/build/CMakeFiles/CMakeTmp/src.c:5:24: error: excess elements in vector initializer [-Werror]
    5 |     __m128i a = {0,0,0,0}, b = {0,0,0,0};
      |                        ^
/home/joungwook/pid_comm_tutorial_yonsei/upmem-2021.3.0/src/backends/build/CMakeFiles/CMakeTmp/src.c:5:24: note: (near initialization for ‘a’)
/home/joungwook/pid_comm_tutorial_yonsei/upmem-2021.3.0/src/backends/build/CMakeFiles/CMakeTmp/src.c:5:37: error: excess elements in vector initializer [-Werror]
    5 |     __m128i a = {0,0,0,0}, b = {0,0,0,0};
      |                                     ^
/home/joungwook/pid_comm_tutorial_yonsei/upmem-2021.3.0/src/backends/build/CMakeFiles/CMakeTmp/src.c:5:37: note: (near initialization for ‘b’)
/home/joungwook/pid_comm_tutorial_yonsei/upmem-2021.3.0/src/backends/build/CMakeFiles/CMakeTmp/src.c:5:39: error: excess elements in vector initializer [-Werror]
    5 |     __m128i a = {0,0,0,0}, b = {0,0,0,0};
      |                                       ^
/home/joungwook/pid_comm_tutorial_yonsei/upmem-2021.3.0/src/backends/build/CMakeFiles/CMakeTmp/src.c:5:39: note: (near initialization for ‘b’)
/home/joungwook/pid_comm_tutorial_yonsei/upmem-2021.3.0/src/backends/build/CMakeFiles/CMakeTmp/src.c:6:13: error: unused variable ‘res’ [-Werror=unused-variable]
    6 |     __m128i res = _mm_max_epi8(a, b);
      |             ^~~
cc1: all warnings being treated as errors
CMakeFiles/cmTC_a3b47.dir/build.make:82: recipe for target 'CMakeFiles/cmTC_a3b47.dir/src.c.o' failed
make[1]: *** [CMakeFiles/cmTC_a3b47.dir/src.c.o] Error 1
make[1]: Leaving directory '/home/joungwook/pid_comm_tutorial_yonsei/upmem-2021.3.0/src/backends/build/CMakeFiles/CMakeTmp'
Makefile:138: recipe for target 'cmTC_a3b47/fast' failed
make: *** [cmTC_a3b47/fast] Error 2


Source file was:

  #include <smmintrin.h>
  int main ()
  {
    __m128i a = {0,0,0,0}, b = {0,0,0,0};
    __m128i res = _mm_max_epi8(a, b);
    return 0;
  }

Performing C SOURCE FILE Test C_HAS_SSE4_1_3 failed with the following compile output:
Change Dir: /home/joungwook/pid_comm_tutorial_yonsei/upmem-2021.3.0/src/backends/build/CMakeFiles/CMakeTmp

Run Build Command(s):/usr/bin/make cmTC_61414/fast && /usr/bin/make -f CMakeFiles/cmTC_61414.dir/build.make CMakeFiles/cmTC_61414.dir/build
make[1]: Entering directory '/home/joungwook/pid_comm_tutorial_yonsei/upmem-2021.3.0/src/backends/build/CMakeFiles/CMakeTmp'
Building C object CMakeFiles/cmTC_61414.dir/src.c.o
/usr/bin/cc   -Wall -Werror -Wextra -std=gnu11  -O3  -g -DC_HAS_SSE4_1_3 -msse4   -o CMakeFiles/cmTC_61414.dir/src.c.o   -c /home/joungwook/pid_comm_tutorial_yonsei/upmem-2021.3.0/src/backends/build/CMakeFiles/CMakeTmp/src.c
/home/joungwook/pid_comm_tutorial_yonsei/upmem-2021.3.0/src/backends/build/CMakeFiles/CMakeTmp/src.c: In function ‘main’:
/home/joungwook/pid_comm_tutorial_yonsei/upmem-2021.3.0/src/backends/build/CMakeFiles/CMakeTmp/src.c:5:22: error: excess elements in vector initializer [-Werror]
    5 |     __m128i a = {0,0,0,0}, b = {0,0,0,0};
      |                      ^
/home/joungwook/pid_comm_tutorial_yonsei/upmem-2021.3.0/src/backends/build/CMakeFiles/CMakeTmp/src.c:5:22: note: (near initialization for ‘a’)
/home/joungwook/pid_comm_tutorial_yonsei/upmem-2021.3.0/src/backends/build/CMakeFiles/CMakeTmp/src.c:5:24: error: excess elements in vector initializer [-Werror]
    5 |     __m128i a = {0,0,0,0}, b = {0,0,0,0};
      |                        ^
/home/joungwook/pid_comm_tutorial_yonsei/upmem-2021.3.0/src/backends/build/CMakeFiles/CMakeTmp/src.c:5:24: note: (near initialization for ‘a’)
/home/joungwook/pid_comm_tutorial_yonsei/upmem-2021.3.0/src/backends/build/CMakeFiles/CMakeTmp/src.c:5:37: error: excess elements in vector initializer [-Werror]
    5 |     __m128i a = {0,0,0,0}, b = {0,0,0,0};
      |                                     ^
/home/joungwook/pid_comm_tutorial_yonsei/upmem-2021.3.0/src/backends/build/CMakeFiles/CMakeTmp/src.c:5:37: note: (near initialization for ‘b’)
/home/joungwook/pid_comm_tutorial_yonsei/upmem-2021.3.0/src/backends/build/CMakeFiles/CMakeTmp/src.c:5:39: error: excess elements in vector initializer [-Werror]
    5 |     __m128i a = {0,0,0,0}, b = {0,0,0,0};
      |                                       ^
/home/joungwook/pid_comm_tutorial_yonsei/upmem-2021.3.0/src/backends/build/CMakeFiles/CMakeTmp/src.c:5:39: note: (near initialization for ‘b’)
/home/joungwook/pid_comm_tutorial_yonsei/upmem-2021.3.0/src/backends/build/CMakeFiles/CMakeTmp/src.c:6:13: error: unused variable ‘res’ [-Werror=unused-variable]
    6 |     __m128i res = _mm_max_epi8(a, b);
      |             ^~~
cc1: all warnings being treated as errors
CMakeFiles/cmTC_61414.dir/build.make:82: recipe for target 'CMakeFiles/cmTC_61414.dir/src.c.o' failed
make[1]: *** [CMakeFiles/cmTC_61414.dir/src.c.o] Error 1
make[1]: Leaving directory '/home/joungwook/pid_comm_tutorial_yonsei/upmem-2021.3.0/src/backends/build/CMakeFiles/CMakeTmp'
Makefile:138: recipe for target 'cmTC_61414/fast' failed
make: *** [cmTC_61414/fast] Error 2


...and run output:

Return value: 1
Source file was:

  #include <smmintrin.h>
  int main ()
  {
    __m128i a = {0,0,0,0}, b = {0,0,0,0};
    __m128i res = _mm_max_epi8(a, b);
    return 0;
  }

Performing C SOURCE FILE Test C_COMPILES_SSE4_1_3 failed with the following output:
Change Dir: /home/joungwook/pid_comm_tutorial_yonsei/upmem-2021.3.0/src/backends/build/CMakeFiles/CMakeTmp

Run Build Command(s):/usr/bin/make cmTC_f4705/fast && /usr/bin/make -f CMakeFiles/cmTC_f4705.dir/build.make CMakeFiles/cmTC_f4705.dir/build
make[1]: Entering directory '/home/joungwook/pid_comm_tutorial_yonsei/upmem-2021.3.0/src/backends/build/CMakeFiles/CMakeTmp'
Building C object CMakeFiles/cmTC_f4705.dir/src.c.o
/usr/bin/cc   -Wall -Werror -Wextra -std=gnu11  -O3  -g -DC_COMPILES_SSE4_1_3 -msse4   -o CMakeFiles/cmTC_f4705.dir/src.c.o   -c /home/joungwook/pid_comm_tutorial_yonsei/upmem-2021.3.0/src/backends/build/CMakeFiles/CMakeTmp/src.c
/home/joungwook/pid_comm_tutorial_yonsei/upmem-2021.3.0/src/backends/build/CMakeFiles/CMakeTmp/src.c: In function ‘main’:
/home/joungwook/pid_comm_tutorial_yonsei/upmem-2021.3.0/src/backends/build/CMakeFiles/CMakeTmp/src.c:5:22: error: excess elements in vector initializer [-Werror]
    5 |     __m128i a = {0,0,0,0}, b = {0,0,0,0};
      |                      ^
/home/joungwook/pid_comm_tutorial_yonsei/upmem-2021.3.0/src/backends/build/CMakeFiles/CMakeTmp/src.c:5:22: note: (near initialization for ‘a’)
/home/joungwook/pid_comm_tutorial_yonsei/upmem-2021.3.0/src/backends/build/CMakeFiles/CMakeTmp/src.c:5:24: error: excess elements in vector initializer [-Werror]
    5 |     __m128i a = {0,0,0,0}, b = {0,0,0,0};
      |                        ^
/home/joungwook/pid_comm_tutorial_yonsei/upmem-2021.3.0/src/backends/build/CMakeFiles/CMakeTmp/src.c:5:24: note: (near initialization for ‘a’)
/home/joungwook/pid_comm_tutorial_yonsei/upmem-2021.3.0/src/backends/build/CMakeFiles/CMakeTmp/src.c:5:37: error: excess elements in vector initializer [-Werror]
    5 |     __m128i a = {0,0,0,0}, b = {0,0,0,0};
      |                                     ^
/home/joungwook/pid_comm_tutorial_yonsei/upmem-2021.3.0/src/backends/build/CMakeFiles/CMakeTmp/src.c:5:37: note: (near initialization for ‘b’)
/home/joungwook/pid_comm_tutorial_yonsei/upmem-2021.3.0/src/backends/build/CMakeFiles/CMakeTmp/src.c:5:39: error: excess elements in vector initializer [-Werror]
    5 |     __m128i a = {0,0,0,0}, b = {0,0,0,0};
      |                                       ^
/home/joungwook/pid_comm_tutorial_yonsei/upmem-2021.3.0/src/backends/build/CMakeFiles/CMakeTmp/src.c:5:39: note: (near initialization for ‘b’)
/home/joungwook/pid_comm_tutorial_yonsei/upmem-2021.3.0/src/backends/build/CMakeFiles/CMakeTmp/src.c:6:13: error: unused variable ‘res’ [-Werror=unused-variable]
    6 |     __m128i res = _mm_max_epi8(a, b);
      |             ^~~
cc1: all warnings being treated as errors
CMakeFiles/cmTC_f4705.dir/build.make:82: recipe for target 'CMakeFiles/cmTC_f4705.dir/src.c.o' failed
make[1]: *** [CMakeFiles/cmTC_f4705.dir/src.c.o] Error 1
make[1]: Leaving directory '/home/joungwook/pid_comm_tutorial_yonsei/upmem-2021.3.0/src/backends/build/CMakeFiles/CMakeTmp'
Makefile:138: recipe for target 'cmTC_f4705/fast' failed
make: *** [cmTC_f4705/fast] Error 2


Source file was:

  #include <smmintrin.h>
  int main ()
  {
    __m128i a = {0,0,0,0}, b = {0,0,0,0};
    __m128i res = _mm_max_epi8(a, b);
    return 0;
  }

Performing C SOURCE FILE Test C_HAS_SSE4_1_4 failed with the following compile output:
Change Dir: /home/joungwook/pid_comm_tutorial_yonsei/upmem-2021.3.0/src/backends/build/CMakeFiles/CMakeTmp

Run Build Command(s):/usr/bin/make cmTC_ac108/fast && /usr/bin/make -f CMakeFiles/cmTC_ac108.dir/build.make CMakeFiles/cmTC_ac108.dir/build
make[1]: Entering directory '/home/joungwook/pid_comm_tutorial_yonsei/upmem-2021.3.0/src/backends/build/CMakeFiles/CMakeTmp'
Building C object CMakeFiles/cmTC_ac108.dir/src.c.o
/usr/bin/cc   -Wall -Werror -Wextra -std=gnu11  -O3  -g -DC_HAS_SSE4_1_4 /arch:SSE4   -o CMakeFiles/cmTC_ac108.dir/src.c.o   -c /home/joungwook/pid_comm_tutorial_yonsei/upmem-2021.3.0/src/backends/build/CMakeFiles/CMakeTmp/src.c
cc: error: /arch:SSE4: No such file or directory
CMakeFiles/cmTC_ac108.dir/build.make:82: recipe for target 'CMakeFiles/cmTC_ac108.dir/src.c.o' failed
make[1]: *** [CMakeFiles/cmTC_ac108.dir/src.c.o] Error 1
make[1]: Leaving directory '/home/joungwook/pid_comm_tutorial_yonsei/upmem-2021.3.0/src/backends/build/CMakeFiles/CMakeTmp'
Makefile:138: recipe for target 'cmTC_ac108/fast' failed
make: *** [cmTC_ac108/fast] Error 2


...and run output:

Return value: 1
Source file was:

  #include <smmintrin.h>
  int main ()
  {
    __m128i a = {0,0,0,0}, b = {0,0,0,0};
    __m128i res = _mm_max_epi8(a, b);
    return 0;
  }

Performing C SOURCE FILE Test C_COMPILES_SSE4_1_4 failed with the following output:
Change Dir: /home/joungwook/pid_comm_tutorial_yonsei/upmem-2021.3.0/src/backends/build/CMakeFiles/CMakeTmp

Run Build Command(s):/usr/bin/make cmTC_f50c2/fast && /usr/bin/make -f CMakeFiles/cmTC_f50c2.dir/build.make CMakeFiles/cmTC_f50c2.dir/build
make[1]: Entering directory '/home/joungwook/pid_comm_tutorial_yonsei/upmem-2021.3.0/src/backends/build/CMakeFiles/CMakeTmp'
Building C object CMakeFiles/cmTC_f50c2.dir/src.c.o
/usr/bin/cc   -Wall -Werror -Wextra -std=gnu11  -O3  -g -DC_COMPILES_SSE4_1_4 /arch:SSE4   -o CMakeFiles/cmTC_f50c2.dir/src.c.o   -c /home/joungwook/pid_comm_tutorial_yonsei/upmem-2021.3.0/src/backends/build/CMakeFiles/CMakeTmp/src.c
cc: error: /arch:SSE4: No such file or directory
CMakeFiles/cmTC_f50c2.dir/build.make:82: recipe for target 'CMakeFiles/cmTC_f50c2.dir/src.c.o' failed
make[1]: *** [CMakeFiles/cmTC_f50c2.dir/src.c.o] Error 1
make[1]: Leaving directory '/home/joungwook/pid_comm_tutorial_yonsei/upmem-2021.3.0/src/backends/build/CMakeFiles/CMakeTmp'
Makefile:138: recipe for target 'cmTC_f50c2/fast' failed
make: *** [cmTC_f50c2/fast] Error 2


Source file was:

  #include <smmintrin.h>
  int main ()
  {
    __m128i a = {0,0,0,0}, b = {0,0,0,0};
    __m128i res = _mm_max_epi8(a, b);
    return 0;
  }

Performing C SOURCE FILE Test C_HAS_SSE4_2_1 failed with the following compile output:
Change Dir: /home/joungwook/pid_comm_tutorial_yonsei/upmem-2021.3.0/src/backends/build/CMakeFiles/CMakeTmp

Run Build Command(s):/usr/bin/make cmTC_8d57b/fast && /usr/bin/make -f CMakeFiles/cmTC_8d57b.dir/build.make CMakeFiles/cmTC_8d57b.dir/build
make[1]: Entering directory '/home/joungwook/pid_comm_tutorial_yonsei/upmem-2021.3.0/src/backends/build/CMakeFiles/CMakeTmp'
Building C object CMakeFiles/cmTC_8d57b.dir/src.c.o
/usr/bin/cc   -Wall -Werror -Wextra -std=gnu11  -O3  -g -DC_HAS_SSE4_2_1   -o CMakeFiles/cmTC_8d57b.dir/src.c.o   -c /home/joungwook/pid_comm_tutorial_yonsei/upmem-2021.3.0/src/backends/build/CMakeFiles/CMakeTmp/src.c
/home/joungwook/pid_comm_tutorial_yonsei/upmem-2021.3.0/src/backends/build/CMakeFiles/CMakeTmp/src.c: In function ‘main’:
/home/joungwook/pid_comm_tutorial_yonsei/upmem-2021.3.0/src/backends/build/CMakeFiles/CMakeTmp/src.c:5:22: error: excess elements in vector initializer [-Werror]
    5 |     __m128i a = {0,0,0,0}, b = {0,0,0,0}, c = {0,0,0,0};
      |                      ^
/home/joungwook/pid_comm_tutorial_yonsei/upmem-2021.3.0/src/backends/build/CMakeFiles/CMakeTmp/src.c:5:22: note: (near initialization for ‘a’)
/home/joungwook/pid_comm_tutorial_yonsei/upmem-2021.3.0/src/backends/build/CMakeFiles/CMakeTmp/src.c:5:24: error: excess elements in vector initializer [-Werror]
    5 |     __m128i a = {0,0,0,0}, b = {0,0,0,0}, c = {0,0,0,0};
      |                        ^
/home/joungwook/pid_comm_tutorial_yonsei/upmem-2021.3.0/src/backends/build/CMakeFiles/CMakeTmp/src.c:5:24: note: (near initialization for ‘a’)
/home/joungwook/pid_comm_tutorial_yonsei/upmem-2021.3.0/src/backends/build/CMakeFiles/CMakeTmp/src.c:5:37: error: excess elements in vector initializer [-Werror]
    5 |     __m128i a = {0,0,0,0}, b = {0,0,0,0}, c = {0,0,0,0};
      |                                     ^
/home/joungwook/pid_comm_tutorial_yonsei/upmem-2021.3.0/src/backends/build/CMakeFiles/CMakeTmp/src.c:5:37: note: (near initialization for ‘b’)
/home/joungwook/pid_comm_tutorial_yonsei/upmem-2021.3.0/src/backends/build/CMakeFiles/CMakeTmp/src.c:5:39: error: excess elements in vector initializer [-Werror]
    5 |     __m128i a = {0,0,0,0}, b = {0,0,0,0}, c = {0,0,0,0};
      |                                       ^
/home/joungwook/pid_comm_tutorial_yonsei/upmem-2021.3.0/src/backends/build/CMakeFiles/CMakeTmp/src.c:5:39: note: (near initialization for ‘b’)
/home/joungwook/pid_comm_tutorial_yonsei/upmem-2021.3.0/src/backends/build/CMakeFiles/CMakeTmp/src.c:5:52: error: excess elements in vector initializer [-Werror]
    5 |     __m128i a = {0,0,0,0}, b = {0,0,0,0}, c = {0,0,0,0};
      |                                                    ^
/home/joungwook/pid_comm_tutorial_yonsei/upmem-2021.3.0/src/backends/build/CMakeFiles/CMakeTmp/src.c:5:52: note: (near initialization for ‘c’)
/home/joungwook/pid_comm_tutorial_yonsei/upmem-2021.3.0/src/backends/build/CMakeFiles/CMakeTmp/src.c:5:54: error: excess elements in vector initializer [-Werror]
    5 |     __m128i a = {0,0,0,0}, b = {0,0,0,0}, c = {0,0,0,0};
      |                                                      ^
/home/joungwook/pid_comm_tutorial_yonsei/upmem-2021.3.0/src/backends/build/CMakeFiles/CMakeTmp/src.c:5:54: note: (near initialization for ‘c’)
/home/joungwook/pid_comm_tutorial_yonsei/upmem-2021.3.0/src/backends/build/CMakeFiles/CMakeTmp/src.c:5:43: error: variable ‘c’ set but not used [-Werror=unused-but-set-variable]
    5 |     __m128i a = {0,0,0,0}, b = {0,0,0,0}, c = {0,0,0,0};
      |                                           ^
In file included from /usr/lib/gcc/x86_64-linux-gnu/9/include/nmmintrin.h:31,
                 from /home/joungwook/pid_comm_tutorial_yonsei/upmem-2021.3.0/src/backends/build/CMakeFiles/CMakeTmp/src.c:2:
/usr/lib/gcc/x86_64-linux-gnu/9/include/smmintrin.h:796:1: error: inlining failed in call to always_inline ‘_mm_cmpgt_epi64’: target specific option mismatch
  796 | _mm_cmpgt_epi64 (__m128i __X, __m128i __Y)
      | ^~~~~~~~~~~~~~~
/home/joungwook/pid_comm_tutorial_yonsei/upmem-2021.3.0/src/backends/build/CMakeFiles/CMakeTmp/src.c:6:9: note: called from here
    6 |     c = _mm_cmpgt_epi64(a, b);
      |         ^~~~~~~~~~~~~~~~~~~~~
cc1: all warnings being treated as errors
CMakeFiles/cmTC_8d57b.dir/build.make:82: recipe for target 'CMakeFiles/cmTC_8d57b.dir/src.c.o' failed
make[1]: *** [CMakeFiles/cmTC_8d57b.dir/src.c.o] Error 1
make[1]: Leaving directory '/home/joungwook/pid_comm_tutorial_yonsei/upmem-2021.3.0/src/backends/build/CMakeFiles/CMakeTmp'
Makefile:138: recipe for target 'cmTC_8d57b/fast' failed
make: *** [cmTC_8d57b/fast] Error 2


...and run output:

Return value: 1
Source file was:

  #include <nmmintrin.h>
  int main()
  {
    __m128i a = {0,0,0,0}, b = {0,0,0,0}, c = {0,0,0,0};
    c = _mm_cmpgt_epi64(a, b);
    return 0;
  }

Performing C SOURCE FILE Test C_COMPILES_SSE4_2_1 failed with the following output:
Change Dir: /home/joungwook/pid_comm_tutorial_yonsei/upmem-2021.3.0/src/backends/build/CMakeFiles/CMakeTmp

Run Build Command(s):/usr/bin/make cmTC_8769c/fast && /usr/bin/make -f CMakeFiles/cmTC_8769c.dir/build.make CMakeFiles/cmTC_8769c.dir/build
make[1]: Entering directory '/home/joungwook/pid_comm_tutorial_yonsei/upmem-2021.3.0/src/backends/build/CMakeFiles/CMakeTmp'
Building C object CMakeFiles/cmTC_8769c.dir/src.c.o
/usr/bin/cc   -Wall -Werror -Wextra -std=gnu11  -O3  -g -DC_COMPILES_SSE4_2_1   -o CMakeFiles/cmTC_8769c.dir/src.c.o   -c /home/joungwook/pid_comm_tutorial_yonsei/upmem-2021.3.0/src/backends/build/CMakeFiles/CMakeTmp/src.c
/home/joungwook/pid_comm_tutorial_yonsei/upmem-2021.3.0/src/backends/build/CMakeFiles/CMakeTmp/src.c: In function ‘main’:
/home/joungwook/pid_comm_tutorial_yonsei/upmem-2021.3.0/src/backends/build/CMakeFiles/CMakeTmp/src.c:5:22: error: excess elements in vector initializer [-Werror]
    5 |     __m128i a = {0,0,0,0}, b = {0,0,0,0}, c = {0,0,0,0};
      |                      ^
/home/joungwook/pid_comm_tutorial_yonsei/upmem-2021.3.0/src/backends/build/CMakeFiles/CMakeTmp/src.c:5:22: note: (near initialization for ‘a’)
/home/joungwook/pid_comm_tutorial_yonsei/upmem-2021.3.0/src/backends/build/CMakeFiles/CMakeTmp/src.c:5:24: error: excess elements in vector initializer [-Werror]
    5 |     __m128i a = {0,0,0,0}, b = {0,0,0,0}, c = {0,0,0,0};
      |                        ^
/home/joungwook/pid_comm_tutorial_yonsei/upmem-2021.3.0/src/backends/build/CMakeFiles/CMakeTmp/src.c:5:24: note: (near initialization for ‘a’)
/home/joungwook/pid_comm_tutorial_yonsei/upmem-2021.3.0/src/backends/build/CMakeFiles/CMakeTmp/src.c:5:37: error: excess elements in vector initializer [-Werror]
    5 |     __m128i a = {0,0,0,0}, b = {0,0,0,0}, c = {0,0,0,0};
      |                                     ^
/home/joungwook/pid_comm_tutorial_yonsei/upmem-2021.3.0/src/backends/build/CMakeFiles/CMakeTmp/src.c:5:37: note: (near initialization for ‘b’)
/home/joungwook/pid_comm_tutorial_yonsei/upmem-2021.3.0/src/backends/build/CMakeFiles/CMakeTmp/src.c:5:39: error: excess elements in vector initializer [-Werror]
    5 |     __m128i a = {0,0,0,0}, b = {0,0,0,0}, c = {0,0,0,0};
      |                                       ^
/home/joungwook/pid_comm_tutorial_yonsei/upmem-2021.3.0/src/backends/build/CMakeFiles/CMakeTmp/src.c:5:39: note: (near initialization for ‘b’)
/home/joungwook/pid_comm_tutorial_yonsei/upmem-2021.3.0/src/backends/build/CMakeFiles/CMakeTmp/src.c:5:52: error: excess elements in vector initializer [-Werror]
    5 |     __m128i a = {0,0,0,0}, b = {0,0,0,0}, c = {0,0,0,0};
      |                                                    ^
/home/joungwook/pid_comm_tutorial_yonsei/upmem-2021.3.0/src/backends/build/CMakeFiles/CMakeTmp/src.c:5:52: note: (near initialization for ‘c’)
/home/joungwook/pid_comm_tutorial_yonsei/upmem-2021.3.0/src/backends/build/CMakeFiles/CMakeTmp/src.c:5:54: error: excess elements in vector initializer [-Werror]
    5 |     __m128i a = {0,0,0,0}, b = {0,0,0,0}, c = {0,0,0,0};
      |                                                      ^
/home/joungwook/pid_comm_tutorial_yonsei/upmem-2021.3.0/src/backends/build/CMakeFiles/CMakeTmp/src.c:5:54: note: (near initialization for ‘c’)
/home/joungwook/pid_comm_tutorial_yonsei/upmem-2021.3.0/src/backends/build/CMakeFiles/CMakeTmp/src.c:5:43: error: variable ‘c’ set but not used [-Werror=unused-but-set-variable]
    5 |     __m128i a = {0,0,0,0}, b = {0,0,0,0}, c = {0,0,0,0};
      |                                           ^
In file included from /usr/lib/gcc/x86_64-linux-gnu/9/include/nmmintrin.h:31,
                 from /home/joungwook/pid_comm_tutorial_yonsei/upmem-2021.3.0/src/backends/build/CMakeFiles/CMakeTmp/src.c:2:
/usr/lib/gcc/x86_64-linux-gnu/9/include/smmintrin.h:796:1: error: inlining failed in call to always_inline ‘_mm_cmpgt_epi64’: target specific option mismatch
  796 | _mm_cmpgt_epi64 (__m128i __X, __m128i __Y)
      | ^~~~~~~~~~~~~~~
/home/joungwook/pid_comm_tutorial_yonsei/upmem-2021.3.0/src/backends/build/CMakeFiles/CMakeTmp/src.c:6:9: note: called from here
    6 |     c = _mm_cmpgt_epi64(a, b);
      |         ^~~~~~~~~~~~~~~~~~~~~
cc1: all warnings being treated as errors
CMakeFiles/cmTC_8769c.dir/build.make:82: recipe for target 'CMakeFiles/cmTC_8769c.dir/src.c.o' failed
make[1]: *** [CMakeFiles/cmTC_8769c.dir/src.c.o] Error 1
make[1]: Leaving directory '/home/joungwook/pid_comm_tutorial_yonsei/upmem-2021.3.0/src/backends/build/CMakeFiles/CMakeTmp'
Makefile:138: recipe for target 'cmTC_8769c/fast' failed
make: *** [cmTC_8769c/fast] Error 2


Source file was:

  #include <nmmintrin.h>
  int main()
  {
    __m128i a = {0,0,0,0}, b = {0,0,0,0}, c = {0,0,0,0};
    c = _mm_cmpgt_epi64(a, b);
    return 0;
  }

Performing C SOURCE FILE Test C_HAS_SSE4_2_2 failed with the following compile output:
Change Dir: /home/joungwook/pid_comm_tutorial_yonsei/upmem-2021.3.0/src/backends/build/CMakeFiles/CMakeTmp

Run Build Command(s):/usr/bin/make cmTC_d1c74/fast && /usr/bin/make -f CMakeFiles/cmTC_d1c74.dir/build.make CMakeFiles/cmTC_d1c74.dir/build
make[1]: Entering directory '/home/joungwook/pid_comm_tutorial_yonsei/upmem-2021.3.0/src/backends/build/CMakeFiles/CMakeTmp'
Building C object CMakeFiles/cmTC_d1c74.dir/src.c.o
/usr/bin/cc   -Wall -Werror -Wextra -std=gnu11  -O3  -g -DC_HAS_SSE4_2_2 -msse4.2   -o CMakeFiles/cmTC_d1c74.dir/src.c.o   -c /home/joungwook/pid_comm_tutorial_yonsei/upmem-2021.3.0/src/backends/build/CMakeFiles/CMakeTmp/src.c
/home/joungwook/pid_comm_tutorial_yonsei/upmem-2021.3.0/src/backends/build/CMakeFiles/CMakeTmp/src.c: In function ‘main’:
/home/joungwook/pid_comm_tutorial_yonsei/upmem-2021.3.0/src/backends/build/CMakeFiles/CMakeTmp/src.c:5:22: error: excess elements in vector initializer [-Werror]
    5 |     __m128i a = {0,0,0,0}, b = {0,0,0,0}, c = {0,0,0,0};
      |                      ^
/home/joungwook/pid_comm_tutorial_yonsei/upmem-2021.3.0/src/backends/build/CMakeFiles/CMakeTmp/src.c:5:22: note: (near initialization for ‘a’)
/home/joungwook/pid_comm_tutorial_yonsei/upmem-2021.3.0/src/backends/build/CMakeFiles/CMakeTmp/src.c:5:24: error: excess elements in vector initializer [-Werror]
    5 |     __m128i a = {0,0,0,0}, b = {0,0,0,0}, c = {0,0,0,0};
      |                        ^
/home/joungwook/pid_comm_tutorial_yonsei/upmem-2021.3.0/src/backends/build/CMakeFiles/CMakeTmp/src.c:5:24: note: (near initialization for ‘a’)
/home/joungwook/pid_comm_tutorial_yonsei/upmem-2021.3.0/src/backends/build/CMakeFiles/CMakeTmp/src.c:5:37: error: excess elements in vector initializer [-Werror]
    5 |     __m128i a = {0,0,0,0}, b = {0,0,0,0}, c = {0,0,0,0};
      |                                     ^
/home/joungwook/pid_comm_tutorial_yonsei/upmem-2021.3.0/src/backends/build/CMakeFiles/CMakeTmp/src.c:5:37: note: (near initialization for ‘b’)
/home/joungwook/pid_comm_tutorial_yonsei/upmem-2021.3.0/src/backends/build/CMakeFiles/CMakeTmp/src.c:5:39: error: excess elements in vector initializer [-Werror]
    5 |     __m128i a = {0,0,0,0}, b = {0,0,0,0}, c = {0,0,0,0};
      |                                       ^
/home/joungwook/pid_comm_tutorial_yonsei/upmem-2021.3.0/src/backends/build/CMakeFiles/CMakeTmp/src.c:5:39: note: (near initialization for ‘b’)
/home/joungwook/pid_comm_tutorial_yonsei/upmem-2021.3.0/src/backends/build/CMakeFiles/CMakeTmp/src.c:5:52: error: excess elements in vector initializer [-Werror]
    5 |     __m128i a = {0,0,0,0}, b = {0,0,0,0}, c = {0,0,0,0};
      |                                                    ^
/home/joungwook/pid_comm_tutorial_yonsei/upmem-2021.3.0/src/backends/build/CMakeFiles/CMakeTmp/src.c:5:52: note: (near initialization for ‘c’)
/home/joungwook/pid_comm_tutorial_yonsei/upmem-2021.3.0/src/backends/build/CMakeFiles/CMakeTmp/src.c:5:54: error: excess elements in vector initializer [-Werror]
    5 |     __m128i a = {0,0,0,0}, b = {0,0,0,0}, c = {0,0,0,0};
      |                                                      ^
/home/joungwook/pid_comm_tutorial_yonsei/upmem-2021.3.0/src/backends/build/CMakeFiles/CMakeTmp/src.c:5:54: note: (near initialization for ‘c’)
/home/joungwook/pid_comm_tutorial_yonsei/upmem-2021.3.0/src/backends/build/CMakeFiles/CMakeTmp/src.c:5:43: error: variable ‘c’ set but not used [-Werror=unused-but-set-variable]
    5 |     __m128i a = {0,0,0,0}, b = {0,0,0,0}, c = {0,0,0,0};
      |                                           ^
cc1: all warnings being treated as errors
CMakeFiles/cmTC_d1c74.dir/build.make:82: recipe for target 'CMakeFiles/cmTC_d1c74.dir/src.c.o' failed
make[1]: *** [CMakeFiles/cmTC_d1c74.dir/src.c.o] Error 1
make[1]: Leaving directory '/home/joungwook/pid_comm_tutorial_yonsei/upmem-2021.3.0/src/backends/build/CMakeFiles/CMakeTmp'
Makefile:138: recipe for target 'cmTC_d1c74/fast' failed
make: *** [cmTC_d1c74/fast] Error 2


...and run output:

Return value: 1
Source file was:

  #include <nmmintrin.h>
  int main()
  {
    __m128i a = {0,0,0,0}, b = {0,0,0,0}, c = {0,0,0,0};
    c = _mm_cmpgt_epi64(a, b);
    return 0;
  }

Performing C SOURCE FILE Test C_COMPILES_SSE4_2_2 failed with the following output:
Change Dir: /home/joungwook/pid_comm_tutorial_yonsei/upmem-2021.3.0/src/backends/build/CMakeFiles/CMakeTmp

Run Build Command(s):/usr/bin/make cmTC_2e7c7/fast && /usr/bin/make -f CMakeFiles/cmTC_2e7c7.dir/build.make CMakeFiles/cmTC_2e7c7.dir/build
make[1]: Entering directory '/home/joungwook/pid_comm_tutorial_yonsei/upmem-2021.3.0/src/backends/build/CMakeFiles/CMakeTmp'
Building C object CMakeFiles/cmTC_2e7c7.dir/src.c.o
/usr/bin/cc   -Wall -Werror -Wextra -std=gnu11  -O3  -g -DC_COMPILES_SSE4_2_2 -msse4.2   -o CMakeFiles/cmTC_2e7c7.dir/src.c.o   -c /home/joungwook/pid_comm_tutorial_yonsei/upmem-2021.3.0/src/backends/build/CMakeFiles/CMakeTmp/src.c
/home/joungwook/pid_comm_tutorial_yonsei/upmem-2021.3.0/src/backends/build/CMakeFiles/CMakeTmp/src.c: In function ‘main’:
/home/joungwook/pid_comm_tutorial_yonsei/upmem-2021.3.0/src/backends/build/CMakeFiles/CMakeTmp/src.c:5:22: error: excess elements in vector initializer [-Werror]
    5 |     __m128i a = {0,0,0,0}, b = {0,0,0,0}, c = {0,0,0,0};
      |                      ^
/home/joungwook/pid_comm_tutorial_yonsei/upmem-2021.3.0/src/backends/build/CMakeFiles/CMakeTmp/src.c:5:22: note: (near initialization for ‘a’)
/home/joungwook/pid_comm_tutorial_yonsei/upmem-2021.3.0/src/backends/build/CMakeFiles/CMakeTmp/src.c:5:24: error: excess elements in vector initializer [-Werror]
    5 |     __m128i a = {0,0,0,0}, b = {0,0,0,0}, c = {0,0,0,0};
      |                        ^
/home/joungwook/pid_comm_tutorial_yonsei/upmem-2021.3.0/src/backends/build/CMakeFiles/CMakeTmp/src.c:5:24: note: (near initialization for ‘a’)
/home/joungwook/pid_comm_tutorial_yonsei/upmem-2021.3.0/src/backends/build/CMakeFiles/CMakeTmp/src.c:5:37: error: excess elements in vector initializer [-Werror]
    5 |     __m128i a = {0,0,0,0}, b = {0,0,0,0}, c = {0,0,0,0};
      |                                     ^
/home/joungwook/pid_comm_tutorial_yonsei/upmem-2021.3.0/src/backends/build/CMakeFiles/CMakeTmp/src.c:5:37: note: (near initialization for ‘b’)
/home/joungwook/pid_comm_tutorial_yonsei/upmem-2021.3.0/src/backends/build/CMakeFiles/CMakeTmp/src.c:5:39: error: excess elements in vector initializer [-Werror]
    5 |     __m128i a = {0,0,0,0}, b = {0,0,0,0}, c = {0,0,0,0};
      |                                       ^
/home/joungwook/pid_comm_tutorial_yonsei/upmem-2021.3.0/src/backends/build/CMakeFiles/CMakeTmp/src.c:5:39: note: (near initialization for ‘b’)
/home/joungwook/pid_comm_tutorial_yonsei/upmem-2021.3.0/src/backends/build/CMakeFiles/CMakeTmp/src.c:5:52: error: excess elements in vector initializer [-Werror]
    5 |     __m128i a = {0,0,0,0}, b = {0,0,0,0}, c = {0,0,0,0};
      |                                                    ^
/home/joungwook/pid_comm_tutorial_yonsei/upmem-2021.3.0/src/backends/build/CMakeFiles/CMakeTmp/src.c:5:52: note: (near initialization for ‘c’)
/home/joungwook/pid_comm_tutorial_yonsei/upmem-2021.3.0/src/backends/build/CMakeFiles/CMakeTmp/src.c:5:54: error: excess elements in vector initializer [-Werror]
    5 |     __m128i a = {0,0,0,0}, b = {0,0,0,0}, c = {0,0,0,0};
      |                                                      ^
/home/joungwook/pid_comm_tutorial_yonsei/upmem-2021.3.0/src/backends/build/CMakeFiles/CMakeTmp/src.c:5:54: note: (near initialization for ‘c’)
/home/joungwook/pid_comm_tutorial_yonsei/upmem-2021.3.0/src/backends/build/CMakeFiles/CMakeTmp/src.c:5:43: error: variable ‘c’ set but not used [-Werror=unused-but-set-variable]
    5 |     __m128i a = {0,0,0,0}, b = {0,0,0,0}, c = {0,0,0,0};
      |                                           ^
cc1: all warnings being treated as errors
CMakeFiles/cmTC_2e7c7.dir/build.make:82: recipe for target 'CMakeFiles/cmTC_2e7c7.dir/src.c.o' failed
make[1]: *** [CMakeFiles/cmTC_2e7c7.dir/src.c.o] Error 1
make[1]: Leaving directory '/home/joungwook/pid_comm_tutorial_yonsei/upmem-2021.3.0/src/backends/build/CMakeFiles/CMakeTmp'
Makefile:138: recipe for target 'cmTC_2e7c7/fast' failed
make: *** [cmTC_2e7c7/fast] Error 2


Source file was:

  #include <nmmintrin.h>
  int main()
  {
    __m128i a = {0,0,0,0}, b = {0,0,0,0}, c = {0,0,0,0};
    c = _mm_cmpgt_epi64(a, b);
    return 0;
  }

Performing C SOURCE FILE Test C_HAS_SSE4_2_3 failed with the following compile output:
Change Dir: /home/joungwook/pid_comm_tutorial_yonsei/upmem-2021.3.0/src/backends/build/CMakeFiles/CMakeTmp

Run Build Command(s):/usr/bin/make cmTC_4f322/fast && /usr/bin/make -f CMakeFiles/cmTC_4f322.dir/build.make CMakeFiles/cmTC_4f322.dir/build
make[1]: Entering directory '/home/joungwook/pid_comm_tutorial_yonsei/upmem-2021.3.0/src/backends/build/CMakeFiles/CMakeTmp'
Building C object CMakeFiles/cmTC_4f322.dir/src.c.o
/usr/bin/cc   -Wall -Werror -Wextra -std=gnu11  -O3  -g -DC_HAS_SSE4_2_3 -msse4   -o CMakeFiles/cmTC_4f322.dir/src.c.o   -c /home/joungwook/pid_comm_tutorial_yonsei/upmem-2021.3.0/src/backends/build/CMakeFiles/CMakeTmp/src.c
/home/joungwook/pid_comm_tutorial_yonsei/upmem-2021.3.0/src/backends/build/CMakeFiles/CMakeTmp/src.c: In function ‘main’:
/home/joungwook/pid_comm_tutorial_yonsei/upmem-2021.3.0/src/backends/build/CMakeFiles/CMakeTmp/src.c:5:22: error: excess elements in vector initializer [-Werror]
    5 |     __m128i a = {0,0,0,0}, b = {0,0,0,0}, c = {0,0,0,0};
      |                      ^
/home/joungwook/pid_comm_tutorial_yonsei/upmem-2021.3.0/src/backends/build/CMakeFiles/CMakeTmp/src.c:5:22: note: (near initialization for ‘a’)
/home/joungwook/pid_comm_tutorial_yonsei/upmem-2021.3.0/src/backends/build/CMakeFiles/CMakeTmp/src.c:5:24: error: excess elements in vector initializer [-Werror]
    5 |     __m128i a = {0,0,0,0}, b = {0,0,0,0}, c = {0,0,0,0};
      |                        ^
/home/joungwook/pid_comm_tutorial_yonsei/upmem-2021.3.0/src/backends/build/CMakeFiles/CMakeTmp/src.c:5:24: note: (near initialization for ‘a’)
/home/joungwook/pid_comm_tutorial_yonsei/upmem-2021.3.0/src/backends/build/CMakeFiles/CMakeTmp/src.c:5:37: error: excess elements in vector initializer [-Werror]
    5 |     __m128i a = {0,0,0,0}, b = {0,0,0,0}, c = {0,0,0,0};
      |                                     ^
/home/joungwook/pid_comm_tutorial_yonsei/upmem-2021.3.0/src/backends/build/CMakeFiles/CMakeTmp/src.c:5:37: note: (near initialization for ‘b’)
/home/joungwook/pid_comm_tutorial_yonsei/upmem-2021.3.0/src/backends/build/CMakeFiles/CMakeTmp/src.c:5:39: error: excess elements in vector initializer [-Werror]
    5 |     __m128i a = {0,0,0,0}, b = {0,0,0,0}, c = {0,0,0,0};
      |                                       ^
/home/joungwook/pid_comm_tutorial_yonsei/upmem-2021.3.0/src/backends/build/CMakeFiles/CMakeTmp/src.c:5:39: note: (near initialization for ‘b’)
/home/joungwook/pid_comm_tutorial_yonsei/upmem-2021.3.0/src/backends/build/CMakeFiles/CMakeTmp/src.c:5:52: error: excess elements in vector initializer [-Werror]
    5 |     __m128i a = {0,0,0,0}, b = {0,0,0,0}, c = {0,0,0,0};
      |                                                    ^
/home/joungwook/pid_comm_tutorial_yonsei/upmem-2021.3.0/src/backends/build/CMakeFiles/CMakeTmp/src.c:5:52: note: (near initialization for ‘c’)
/home/joungwook/pid_comm_tutorial_yonsei/upmem-2021.3.0/src/backends/build/CMakeFiles/CMakeTmp/src.c:5:54: error: excess elements in vector initializer [-Werror]
    5 |     __m128i a = {0,0,0,0}, b = {0,0,0,0}, c = {0,0,0,0};
      |                                                      ^
/home/joungwook/pid_comm_tutorial_yonsei/upmem-2021.3.0/src/backends/build/CMakeFiles/CMakeTmp/src.c:5:54: note: (near initialization for ‘c’)
/home/joungwook/pid_comm_tutorial_yonsei/upmem-2021.3.0/src/backends/build/CMakeFiles/CMakeTmp/src.c:5:43: error: variable ‘c’ set but not used [-Werror=unused-but-set-variable]
    5 |     __m128i a = {0,0,0,0}, b = {0,0,0,0}, c = {0,0,0,0};
      |                                           ^
cc1: all warnings being treated as errors
CMakeFiles/cmTC_4f322.dir/build.make:82: recipe for target 'CMakeFiles/cmTC_4f322.dir/src.c.o' failed
make[1]: *** [CMakeFiles/cmTC_4f322.dir/src.c.o] Error 1
make[1]: Leaving directory '/home/joungwook/pid_comm_tutorial_yonsei/upmem-2021.3.0/src/backends/build/CMakeFiles/CMakeTmp'
Makefile:138: recipe for target 'cmTC_4f322/fast' failed
make: *** [cmTC_4f322/fast] Error 2


...and run output:

Return value: 1
Source file was:

  #include <nmmintrin.h>
  int main()
  {
    __m128i a = {0,0,0,0}, b = {0,0,0,0}, c = {0,0,0,0};
    c = _mm_cmpgt_epi64(a, b);
    return 0;
  }

Performing C SOURCE FILE Test C_COMPILES_SSE4_2_3 failed with the following output:
Change Dir: /home/joungwook/pid_comm_tutorial_yonsei/upmem-2021.3.0/src/backends/build/CMakeFiles/CMakeTmp

Run Build Command(s):/usr/bin/make cmTC_39bd7/fast && /usr/bin/make -f CMakeFiles/cmTC_39bd7.dir/build.make CMakeFiles/cmTC_39bd7.dir/build
make[1]: Entering directory '/home/joungwook/pid_comm_tutorial_yonsei/upmem-2021.3.0/src/backends/build/CMakeFiles/CMakeTmp'
Building C object CMakeFiles/cmTC_39bd7.dir/src.c.o
/usr/bin/cc   -Wall -Werror -Wextra -std=gnu11  -O3  -g -DC_COMPILES_SSE4_2_3 -msse4   -o CMakeFiles/cmTC_39bd7.dir/src.c.o   -c /home/joungwook/pid_comm_tutorial_yonsei/upmem-2021.3.0/src/backends/build/CMakeFiles/CMakeTmp/src.c
/home/joungwook/pid_comm_tutorial_yonsei/upmem-2021.3.0/src/backends/build/CMakeFiles/CMakeTmp/src.c: In function ‘main’:
/home/joungwook/pid_comm_tutorial_yonsei/upmem-2021.3.0/src/backends/build/CMakeFiles/CMakeTmp/src.c:5:22: error: excess elements in vector initializer [-Werror]
    5 |     __m128i a = {0,0,0,0}, b = {0,0,0,0}, c = {0,0,0,0};
      |                      ^
/home/joungwook/pid_comm_tutorial_yonsei/upmem-2021.3.0/src/backends/build/CMakeFiles/CMakeTmp/src.c:5:22: note: (near initialization for ‘a’)
/home/joungwook/pid_comm_tutorial_yonsei/upmem-2021.3.0/src/backends/build/CMakeFiles/CMakeTmp/src.c:5:24: error: excess elements in vector initializer [-Werror]
    5 |     __m128i a = {0,0,0,0}, b = {0,0,0,0}, c = {0,0,0,0};
      |                        ^
/home/joungwook/pid_comm_tutorial_yonsei/upmem-2021.3.0/src/backends/build/CMakeFiles/CMakeTmp/src.c:5:24: note: (near initialization for ‘a’)
/home/joungwook/pid_comm_tutorial_yonsei/upmem-2021.3.0/src/backends/build/CMakeFiles/CMakeTmp/src.c:5:37: error: excess elements in vector initializer [-Werror]
    5 |     __m128i a = {0,0,0,0}, b = {0,0,0,0}, c = {0,0,0,0};
      |                                     ^
/home/joungwook/pid_comm_tutorial_yonsei/upmem-2021.3.0/src/backends/build/CMakeFiles/CMakeTmp/src.c:5:37: note: (near initialization for ‘b’)
/home/joungwook/pid_comm_tutorial_yonsei/upmem-2021.3.0/src/backends/build/CMakeFiles/CMakeTmp/src.c:5:39: error: excess elements in vector initializer [-Werror]
    5 |     __m128i a = {0,0,0,0}, b = {0,0,0,0}, c = {0,0,0,0};
      |                                       ^
/home/joungwook/pid_comm_tutorial_yonsei/upmem-2021.3.0/src/backends/build/CMakeFiles/CMakeTmp/src.c:5:39: note: (near initialization for ‘b’)
/home/joungwook/pid_comm_tutorial_yonsei/upmem-2021.3.0/src/backends/build/CMakeFiles/CMakeTmp/src.c:5:52: error: excess elements in vector initializer [-Werror]
    5 |     __m128i a = {0,0,0,0}, b = {0,0,0,0}, c = {0,0,0,0};
      |                                                    ^
/home/joungwook/pid_comm_tutorial_yonsei/upmem-2021.3.0/src/backends/build/CMakeFiles/CMakeTmp/src.c:5:52: note: (near initialization for ‘c’)
/home/joungwook/pid_comm_tutorial_yonsei/upmem-2021.3.0/src/backends/build/CMakeFiles/CMakeTmp/src.c:5:54: error: excess elements in vector initializer [-Werror]
    5 |     __m128i a = {0,0,0,0}, b = {0,0,0,0}, c = {0,0,0,0};
      |                                                      ^
/home/joungwook/pid_comm_tutorial_yonsei/upmem-2021.3.0/src/backends/build/CMakeFiles/CMakeTmp/src.c:5:54: note: (near initialization for ‘c’)
/home/joungwook/pid_comm_tutorial_yonsei/upmem-2021.3.0/src/backends/build/CMakeFiles/CMakeTmp/src.c:5:43: error: variable ‘c’ set but not used [-Werror=unused-but-set-variable]
    5 |     __m128i a = {0,0,0,0}, b = {0,0,0,0}, c = {0,0,0,0};
      |                                           ^
cc1: all warnings being treated as errors
CMakeFiles/cmTC_39bd7.dir/build.make:82: recipe for target 'CMakeFiles/cmTC_39bd7.dir/src.c.o' failed
make[1]: *** [CMakeFiles/cmTC_39bd7.dir/src.c.o] Error 1
make[1]: Leaving directory '/home/joungwook/pid_comm_tutorial_yonsei/upmem-2021.3.0/src/backends/build/CMakeFiles/CMakeTmp'
Makefile:138: recipe for target 'cmTC_39bd7/fast' failed
make: *** [cmTC_39bd7/fast] Error 2


Source file was:

  #include <nmmintrin.h>
  int main()
  {
    __m128i a = {0,0,0,0}, b = {0,0,0,0}, c = {0,0,0,0};
    c = _mm_cmpgt_epi64(a, b);
    return 0;
  }

Performing C SOURCE FILE Test C_HAS_SSE4_2_4 failed with the following compile output:
Change Dir: /home/joungwook/pid_comm_tutorial_yonsei/upmem-2021.3.0/src/backends/build/CMakeFiles/CMakeTmp

Run Build Command(s):/usr/bin/make cmTC_19f32/fast && /usr/bin/make -f CMakeFiles/cmTC_19f32.dir/build.make CMakeFiles/cmTC_19f32.dir/build
make[1]: Entering directory '/home/joungwook/pid_comm_tutorial_yonsei/upmem-2021.3.0/src/backends/build/CMakeFiles/CMakeTmp'
Building C object CMakeFiles/cmTC_19f32.dir/src.c.o
/usr/bin/cc   -Wall -Werror -Wextra -std=gnu11  -O3  -g -DC_HAS_SSE4_2_4 /arch:SSE4   -o CMakeFiles/cmTC_19f32.dir/src.c.o   -c /home/joungwook/pid_comm_tutorial_yonsei/upmem-2021.3.0/src/backends/build/CMakeFiles/CMakeTmp/src.c
cc: error: /arch:SSE4: No such file or directory
CMakeFiles/cmTC_19f32.dir/build.make:82: recipe for target 'CMakeFiles/cmTC_19f32.dir/src.c.o' failed
make[1]: *** [CMakeFiles/cmTC_19f32.dir/src.c.o] Error 1
make[1]: Leaving directory '/home/joungwook/pid_comm_tutorial_yonsei/upmem-2021.3.0/src/backends/build/CMakeFiles/CMakeTmp'
Makefile:138: recipe for target 'cmTC_19f32/fast' failed
make: *** [cmTC_19f32/fast] Error 2


...and run output:

Return value: 1
Source file was:

  #include <nmmintrin.h>
  int main()
  {
    __m128i a = {0,0,0,0}, b = {0,0,0,0}, c = {0,0,0,0};
    c = _mm_cmpgt_epi64(a, b);
    return 0;
  }

Performing C SOURCE FILE Test C_COMPILES_SSE4_2_4 failed with the following output:
Change Dir: /home/joungwook/pid_comm_tutorial_yonsei/upmem-2021.3.0/src/backends/build/CMakeFiles/CMakeTmp

Run Build Command(s):/usr/bin/make cmTC_eb03a/fast && /usr/bin/make -f CMakeFiles/cmTC_eb03a.dir/build.make CMakeFiles/cmTC_eb03a.dir/build
make[1]: Entering directory '/home/joungwook/pid_comm_tutorial_yonsei/upmem-2021.3.0/src/backends/build/CMakeFiles/CMakeTmp'
Building C object CMakeFiles/cmTC_eb03a.dir/src.c.o
/usr/bin/cc   -Wall -Werror -Wextra -std=gnu11  -O3  -g -DC_COMPILES_SSE4_2_4 /arch:SSE4   -o CMakeFiles/cmTC_eb03a.dir/src.c.o   -c /home/joungwook/pid_comm_tutorial_yonsei/upmem-2021.3.0/src/backends/build/CMakeFiles/CMakeTmp/src.c
cc: error: /arch:SSE4: No such file or directory
CMakeFiles/cmTC_eb03a.dir/build.make:82: recipe for target 'CMakeFiles/cmTC_eb03a.dir/src.c.o' failed
make[1]: *** [CMakeFiles/cmTC_eb03a.dir/src.c.o] Error 1
make[1]: Leaving directory '/home/joungwook/pid_comm_tutorial_yonsei/upmem-2021.3.0/src/backends/build/CMakeFiles/CMakeTmp'
Makefile:138: recipe for target 'cmTC_eb03a/fast' failed
make: *** [cmTC_eb03a/fast] Error 2


Source file was:

  #include <nmmintrin.h>
  int main()
  {
    __m128i a = {0,0,0,0}, b = {0,0,0,0}, c = {0,0,0,0};
    c = _mm_cmpgt_epi64(a, b);
    return 0;
  }

Performing C SOURCE FILE Test C_HAS_AVX_1 failed with the following compile output:
Change Dir: /home/joungwook/pid_comm_tutorial_yonsei/upmem-2021.3.0/src/backends/build/CMakeFiles/CMakeTmp

Run Build Command(s):/usr/bin/make cmTC_375d2/fast && /usr/bin/make -f CMakeFiles/cmTC_375d2.dir/build.make CMakeFiles/cmTC_375d2.dir/build
make[1]: Entering directory '/home/joungwook/pid_comm_tutorial_yonsei/upmem-2021.3.0/src/backends/build/CMakeFiles/CMakeTmp'
Building C object CMakeFiles/cmTC_375d2.dir/src.c.o
/usr/bin/cc   -Wall -Werror -Wextra -std=gnu11  -O3  -g -DC_HAS_AVX_1   -o CMakeFiles/cmTC_375d2.dir/src.c.o   -c /home/joungwook/pid_comm_tutorial_yonsei/upmem-2021.3.0/src/backends/build/CMakeFiles/CMakeTmp/src.c
/home/joungwook/pid_comm_tutorial_yonsei/upmem-2021.3.0/src/backends/build/CMakeFiles/CMakeTmp/src.c: In function ‘main’:
/home/joungwook/pid_comm_tutorial_yonsei/upmem-2021.3.0/src/backends/build/CMakeFiles/CMakeTmp/src.c:5:12: error: variable ‘a’ set but not used [-Werror=unused-but-set-variable]
    5 |     __m256 a;
      |            ^
/home/joungwook/pid_comm_tutorial_yonsei/upmem-2021.3.0/src/backends/build/CMakeFiles/CMakeTmp/src.c:6:7: error: AVX vector return without AVX enabled changes the ABI [-Werror=psabi]
    6 |     a = _mm256_set1_ps(0);
      |     ~~^~~~~~~~~~~~~~~~~~~
In file included from /usr/lib/gcc/x86_64-linux-gnu/9/include/immintrin.h:51,
                 from /home/joungwook/pid_comm_tutorial_yonsei/upmem-2021.3.0/src/backends/build/CMakeFiles/CMakeTmp/src.c:2:
/usr/lib/gcc/x86_64-linux-gnu/9/include/avxintrin.h:1311:1: error: inlining failed in call to always_inline ‘_mm256_set1_ps’: target specific option mismatch
 1311 | _mm256_set1_ps (float __A)
      | ^~~~~~~~~~~~~~
/home/joungwook/pid_comm_tutorial_yonsei/upmem-2021.3.0/src/backends/build/CMakeFiles/CMakeTmp/src.c:6:9: note: called from here
    6 |     a = _mm256_set1_ps(0);
      |         ^~~~~~~~~~~~~~~~~
cc1: all warnings being treated as errors
CMakeFiles/cmTC_375d2.dir/build.make:82: recipe for target 'CMakeFiles/cmTC_375d2.dir/src.c.o' failed
make[1]: *** [CMakeFiles/cmTC_375d2.dir/src.c.o] Error 1
make[1]: Leaving directory '/home/joungwook/pid_comm_tutorial_yonsei/upmem-2021.3.0/src/backends/build/CMakeFiles/CMakeTmp'
Makefile:138: recipe for target 'cmTC_375d2/fast' failed
make: *** [cmTC_375d2/fast] Error 2


...and run output:

Return value: 1
Source file was:

  #include <immintrin.h>
  int main()
  {
    __m256 a;
    a = _mm256_set1_ps(0);
    return 0;
  }

Performing C SOURCE FILE Test C_COMPILES_AVX_1 failed with the following output:
Change Dir: /home/joungwook/pid_comm_tutorial_yonsei/upmem-2021.3.0/src/backends/build/CMakeFiles/CMakeTmp

Run Build Command(s):/usr/bin/make cmTC_e4cd9/fast && /usr/bin/make -f CMakeFiles/cmTC_e4cd9.dir/build.make CMakeFiles/cmTC_e4cd9.dir/build
make[1]: Entering directory '/home/joungwook/pid_comm_tutorial_yonsei/upmem-2021.3.0/src/backends/build/CMakeFiles/CMakeTmp'
Building C object CMakeFiles/cmTC_e4cd9.dir/src.c.o
/usr/bin/cc   -Wall -Werror -Wextra -std=gnu11  -O3  -g -DC_COMPILES_AVX_1   -o CMakeFiles/cmTC_e4cd9.dir/src.c.o   -c /home/joungwook/pid_comm_tutorial_yonsei/upmem-2021.3.0/src/backends/build/CMakeFiles/CMakeTmp/src.c
/home/joungwook/pid_comm_tutorial_yonsei/upmem-2021.3.0/src/backends/build/CMakeFiles/CMakeTmp/src.c: In function ‘main’:
/home/joungwook/pid_comm_tutorial_yonsei/upmem-2021.3.0/src/backends/build/CMakeFiles/CMakeTmp/src.c:5:12: error: variable ‘a’ set but not used [-Werror=unused-but-set-variable]
    5 |     __m256 a;
      |            ^
/home/joungwook/pid_comm_tutorial_yonsei/upmem-2021.3.0/src/backends/build/CMakeFiles/CMakeTmp/src.c:6:7: error: AVX vector return without AVX enabled changes the ABI [-Werror=psabi]
    6 |     a = _mm256_set1_ps(0);
      |     ~~^~~~~~~~~~~~~~~~~~~
In file included from /usr/lib/gcc/x86_64-linux-gnu/9/include/immintrin.h:51,
                 from /home/joungwook/pid_comm_tutorial_yonsei/upmem-2021.3.0/src/backends/build/CMakeFiles/CMakeTmp/src.c:2:
/usr/lib/gcc/x86_64-linux-gnu/9/include/avxintrin.h:1311:1: error: inlining failed in call to always_inline ‘_mm256_set1_ps’: target specific option mismatch
 1311 | _mm256_set1_ps (float __A)
      | ^~~~~~~~~~~~~~
/home/joungwook/pid_comm_tutorial_yonsei/upmem-2021.3.0/src/backends/build/CMakeFiles/CMakeTmp/src.c:6:9: note: called from here
    6 |     a = _mm256_set1_ps(0);
      |         ^~~~~~~~~~~~~~~~~
cc1: all warnings being treated as errors
CMakeFiles/cmTC_e4cd9.dir/build.make:82: recipe for target 'CMakeFiles/cmTC_e4cd9.dir/src.c.o' failed
make[1]: *** [CMakeFiles/cmTC_e4cd9.dir/src.c.o] Error 1
make[1]: Leaving directory '/home/joungwook/pid_comm_tutorial_yonsei/upmem-2021.3.0/src/backends/build/CMakeFiles/CMakeTmp'
Makefile:138: recipe for target 'cmTC_e4cd9/fast' failed
make: *** [cmTC_e4cd9/fast] Error 2


Source file was:

  #include <immintrin.h>
  int main()
  {
    __m256 a;
    a = _mm256_set1_ps(0);
    return 0;
  }

Performing C SOURCE FILE Test C_HAS_AVX_2 failed with the following compile output:
Change Dir: /home/joungwook/pid_comm_tutorial_yonsei/upmem-2021.3.0/src/backends/build/CMakeFiles/CMakeTmp

Run Build Command(s):/usr/bin/make cmTC_0c845/fast && /usr/bin/make -f CMakeFiles/cmTC_0c845.dir/build.make CMakeFiles/cmTC_0c845.dir/build
make[1]: Entering directory '/home/joungwook/pid_comm_tutorial_yonsei/upmem-2021.3.0/src/backends/build/CMakeFiles/CMakeTmp'
Building C object CMakeFiles/cmTC_0c845.dir/src.c.o
/usr/bin/cc   -Wall -Werror -Wextra -std=gnu11  -O3  -g -DC_HAS_AVX_2 -mavx   -o CMakeFiles/cmTC_0c845.dir/src.c.o   -c /home/joungwook/pid_comm_tutorial_yonsei/upmem-2021.3.0/src/backends/build/CMakeFiles/CMakeTmp/src.c
/home/joungwook/pid_comm_tutorial_yonsei/upmem-2021.3.0/src/backends/build/CMakeFiles/CMakeTmp/src.c: In function ‘main’:
/home/joungwook/pid_comm_tutorial_yonsei/upmem-2021.3.0/src/backends/build/CMakeFiles/CMakeTmp/src.c:5:12: error: variable ‘a’ set but not used [-Werror=unused-but-set-variable]
    5 |     __m256 a;
      |            ^
cc1: all warnings being treated as errors
CMakeFiles/cmTC_0c845.dir/build.make:82: recipe for target 'CMakeFiles/cmTC_0c845.dir/src.c.o' failed
make[1]: *** [CMakeFiles/cmTC_0c845.dir/src.c.o] Error 1
make[1]: Leaving directory '/home/joungwook/pid_comm_tutorial_yonsei/upmem-2021.3.0/src/backends/build/CMakeFiles/CMakeTmp'
Makefile:138: recipe for target 'cmTC_0c845/fast' failed
make: *** [cmTC_0c845/fast] Error 2


...and run output:

Return value: 1
Source file was:

  #include <immintrin.h>
  int main()
  {
    __m256 a;
    a = _mm256_set1_ps(0);
    return 0;
  }

Performing C SOURCE FILE Test C_COMPILES_AVX_2 failed with the following output:
Change Dir: /home/joungwook/pid_comm_tutorial_yonsei/upmem-2021.3.0/src/backends/build/CMakeFiles/CMakeTmp

Run Build Command(s):/usr/bin/make cmTC_27fd0/fast && /usr/bin/make -f CMakeFiles/cmTC_27fd0.dir/build.make CMakeFiles/cmTC_27fd0.dir/build
make[1]: Entering directory '/home/joungwook/pid_comm_tutorial_yonsei/upmem-2021.3.0/src/backends/build/CMakeFiles/CMakeTmp'
Building C object CMakeFiles/cmTC_27fd0.dir/src.c.o
/usr/bin/cc   -Wall -Werror -Wextra -std=gnu11  -O3  -g -DC_COMPILES_AVX_2 -mavx   -o CMakeFiles/cmTC_27fd0.dir/src.c.o   -c /home/joungwook/pid_comm_tutorial_yonsei/upmem-2021.3.0/src/backends/build/CMakeFiles/CMakeTmp/src.c
/home/joungwook/pid_comm_tutorial_yonsei/upmem-2021.3.0/src/backends/build/CMakeFiles/CMakeTmp/src.c: In function ‘main’:
/home/joungwook/pid_comm_tutorial_yonsei/upmem-2021.3.0/src/backends/build/CMakeFiles/CMakeTmp/src.c:5:12: error: variable ‘a’ set but not used [-Werror=unused-but-set-variable]
    5 |     __m256 a;
      |            ^
cc1: all warnings being treated as errors
CMakeFiles/cmTC_27fd0.dir/build.make:82: recipe for target 'CMakeFiles/cmTC_27fd0.dir/src.c.o' failed
make[1]: *** [CMakeFiles/cmTC_27fd0.dir/src.c.o] Error 1
make[1]: Leaving directory '/home/joungwook/pid_comm_tutorial_yonsei/upmem-2021.3.0/src/backends/build/CMakeFiles/CMakeTmp'
Makefile:138: recipe for target 'cmTC_27fd0/fast' failed
make: *** [cmTC_27fd0/fast] Error 2


Source file was:

  #include <immintrin.h>
  int main()
  {
    __m256 a;
    a = _mm256_set1_ps(0);
    return 0;
  }

Performing C SOURCE FILE Test C_HAS_AVX_3 failed with the following compile output:
Change Dir: /home/joungwook/pid_comm_tutorial_yonsei/upmem-2021.3.0/src/backends/build/CMakeFiles/CMakeTmp

Run Build Command(s):/usr/bin/make cmTC_4d200/fast && /usr/bin/make -f CMakeFiles/cmTC_4d200.dir/build.make CMakeFiles/cmTC_4d200.dir/build
make[1]: Entering directory '/home/joungwook/pid_comm_tutorial_yonsei/upmem-2021.3.0/src/backends/build/CMakeFiles/CMakeTmp'
Building C object CMakeFiles/cmTC_4d200.dir/src.c.o
/usr/bin/cc   -Wall -Werror -Wextra -std=gnu11  -O3  -g -DC_HAS_AVX_3 /arch:AVX   -o CMakeFiles/cmTC_4d200.dir/src.c.o   -c /home/joungwook/pid_comm_tutorial_yonsei/upmem-2021.3.0/src/backends/build/CMakeFiles/CMakeTmp/src.c
cc: error: /arch:AVX: No such file or directory
CMakeFiles/cmTC_4d200.dir/build.make:82: recipe for target 'CMakeFiles/cmTC_4d200.dir/src.c.o' failed
make[1]: *** [CMakeFiles/cmTC_4d200.dir/src.c.o] Error 1
make[1]: Leaving directory '/home/joungwook/pid_comm_tutorial_yonsei/upmem-2021.3.0/src/backends/build/CMakeFiles/CMakeTmp'
Makefile:138: recipe for target 'cmTC_4d200/fast' failed
make: *** [cmTC_4d200/fast] Error 2


...and run output:

Return value: 1
Source file was:

  #include <immintrin.h>
  int main()
  {
    __m256 a;
    a = _mm256_set1_ps(0);
    return 0;
  }

Performing C SOURCE FILE Test C_COMPILES_AVX_3 failed with the following output:
Change Dir: /home/joungwook/pid_comm_tutorial_yonsei/upmem-2021.3.0/src/backends/build/CMakeFiles/CMakeTmp

Run Build Command(s):/usr/bin/make cmTC_4e770/fast && /usr/bin/make -f CMakeFiles/cmTC_4e770.dir/build.make CMakeFiles/cmTC_4e770.dir/build
make[1]: Entering directory '/home/joungwook/pid_comm_tutorial_yonsei/upmem-2021.3.0/src/backends/build/CMakeFiles/CMakeTmp'
Building C object CMakeFiles/cmTC_4e770.dir/src.c.o
/usr/bin/cc   -Wall -Werror -Wextra -std=gnu11  -O3  -g -DC_COMPILES_AVX_3 /arch:AVX   -o CMakeFiles/cmTC_4e770.dir/src.c.o   -c /home/joungwook/pid_comm_tutorial_yonsei/upmem-2021.3.0/src/backends/build/CMakeFiles/CMakeTmp/src.c
cc: error: /arch:AVX: No such file or directory
CMakeFiles/cmTC_4e770.dir/build.make:82: recipe for target 'CMakeFiles/cmTC_4e770.dir/src.c.o' failed
make[1]: *** [CMakeFiles/cmTC_4e770.dir/src.c.o] Error 1
make[1]: Leaving directory '/home/joungwook/pid_comm_tutorial_yonsei/upmem-2021.3.0/src/backends/build/CMakeFiles/CMakeTmp'
Makefile:138: recipe for target 'cmTC_4e770/fast' failed
make: *** [cmTC_4e770/fast] Error 2


Source file was:

  #include <immintrin.h>
  int main()
  {
    __m256 a;
    a = _mm256_set1_ps(0);
    return 0;
  }

Performing C SOURCE FILE Test C_HAS_AVX2_1 failed with the following compile output:
Change Dir: /home/joungwook/pid_comm_tutorial_yonsei/upmem-2021.3.0/src/backends/build/CMakeFiles/CMakeTmp

Run Build Command(s):/usr/bin/make cmTC_eaa78/fast && /usr/bin/make -f CMakeFiles/cmTC_eaa78.dir/build.make CMakeFiles/cmTC_eaa78.dir/build
make[1]: Entering directory '/home/joungwook/pid_comm_tutorial_yonsei/upmem-2021.3.0/src/backends/build/CMakeFiles/CMakeTmp'
Building C object CMakeFiles/cmTC_eaa78.dir/src.c.o
/usr/bin/cc   -Wall -Werror -Wextra -std=gnu11  -O3  -g -DC_HAS_AVX2_1   -o CMakeFiles/cmTC_eaa78.dir/src.c.o   -c /home/joungwook/pid_comm_tutorial_yonsei/upmem-2021.3.0/src/backends/build/CMakeFiles/CMakeTmp/src.c
/home/joungwook/pid_comm_tutorial_yonsei/upmem-2021.3.0/src/backends/build/CMakeFiles/CMakeTmp/src.c: In function ‘main’:
/home/joungwook/pid_comm_tutorial_yonsei/upmem-2021.3.0/src/backends/build/CMakeFiles/CMakeTmp/src.c:6:7: error: AVX vector return without AVX enabled changes the ABI [-Werror=psabi]
    6 |     a = _mm256_abs_epi16(a);
      |     ~~^~~~~~~~~~~~~~~~~~~~~
In file included from /usr/lib/gcc/x86_64-linux-gnu/9/include/immintrin.h:53,
                 from /home/joungwook/pid_comm_tutorial_yonsei/upmem-2021.3.0/src/backends/build/CMakeFiles/CMakeTmp/src.c:2:
/usr/lib/gcc/x86_64-linux-gnu/9/include/avx2intrin.h:63:1: error: inlining failed in call to always_inline ‘_mm256_abs_epi16’: target specific option mismatch
   63 | _mm256_abs_epi16 (__m256i __A)
      | ^~~~~~~~~~~~~~~~
/home/joungwook/pid_comm_tutorial_yonsei/upmem-2021.3.0/src/backends/build/CMakeFiles/CMakeTmp/src.c:6:9: note: called from here
    6 |     a = _mm256_abs_epi16(a);
      |         ^~~~~~~~~~~~~~~~~~~
cc1: all warnings being treated as errors
CMakeFiles/cmTC_eaa78.dir/build.make:82: recipe for target 'CMakeFiles/cmTC_eaa78.dir/src.c.o' failed
make[1]: *** [CMakeFiles/cmTC_eaa78.dir/src.c.o] Error 1
make[1]: Leaving directory '/home/joungwook/pid_comm_tutorial_yonsei/upmem-2021.3.0/src/backends/build/CMakeFiles/CMakeTmp'
Makefile:138: recipe for target 'cmTC_eaa78/fast' failed
make: *** [cmTC_eaa78/fast] Error 2


...and run output:

Return value: 1
Source file was:

  #include <immintrin.h>
  int main()
  {
    __m256i a = {0};
    a = _mm256_abs_epi16(a);
    return 0;
  }

Performing C SOURCE FILE Test C_COMPILES_AVX2_1 failed with the following output:
Change Dir: /home/joungwook/pid_comm_tutorial_yonsei/upmem-2021.3.0/src/backends/build/CMakeFiles/CMakeTmp

Run Build Command(s):/usr/bin/make cmTC_60052/fast && /usr/bin/make -f CMakeFiles/cmTC_60052.dir/build.make CMakeFiles/cmTC_60052.dir/build
make[1]: Entering directory '/home/joungwook/pid_comm_tutorial_yonsei/upmem-2021.3.0/src/backends/build/CMakeFiles/CMakeTmp'
Building C object CMakeFiles/cmTC_60052.dir/src.c.o
/usr/bin/cc   -Wall -Werror -Wextra -std=gnu11  -O3  -g -DC_COMPILES_AVX2_1   -o CMakeFiles/cmTC_60052.dir/src.c.o   -c /home/joungwook/pid_comm_tutorial_yonsei/upmem-2021.3.0/src/backends/build/CMakeFiles/CMakeTmp/src.c
/home/joungwook/pid_comm_tutorial_yonsei/upmem-2021.3.0/src/backends/build/CMakeFiles/CMakeTmp/src.c: In function ‘main’:
/home/joungwook/pid_comm_tutorial_yonsei/upmem-2021.3.0/src/backends/build/CMakeFiles/CMakeTmp/src.c:6:7: error: AVX vector return without AVX enabled changes the ABI [-Werror=psabi]
    6 |     a = _mm256_abs_epi16(a);
      |     ~~^~~~~~~~~~~~~~~~~~~~~
In file included from /usr/lib/gcc/x86_64-linux-gnu/9/include/immintrin.h:53,
                 from /home/joungwook/pid_comm_tutorial_yonsei/upmem-2021.3.0/src/backends/build/CMakeFiles/CMakeTmp/src.c:2:
/usr/lib/gcc/x86_64-linux-gnu/9/include/avx2intrin.h:63:1: error: inlining failed in call to always_inline ‘_mm256_abs_epi16’: target specific option mismatch
   63 | _mm256_abs_epi16 (__m256i __A)
      | ^~~~~~~~~~~~~~~~
/home/joungwook/pid_comm_tutorial_yonsei/upmem-2021.3.0/src/backends/build/CMakeFiles/CMakeTmp/src.c:6:9: note: called from here
    6 |     a = _mm256_abs_epi16(a);
      |         ^~~~~~~~~~~~~~~~~~~
cc1: all warnings being treated as errors
CMakeFiles/cmTC_60052.dir/build.make:82: recipe for target 'CMakeFiles/cmTC_60052.dir/src.c.o' failed
make[1]: *** [CMakeFiles/cmTC_60052.dir/src.c.o] Error 1
make[1]: Leaving directory '/home/joungwook/pid_comm_tutorial_yonsei/upmem-2021.3.0/src/backends/build/CMakeFiles/CMakeTmp'
Makefile:138: recipe for target 'cmTC_60052/fast' failed
make: *** [cmTC_60052/fast] Error 2


Source file was:

  #include <immintrin.h>
  int main()
  {
    __m256i a = {0};
    a = _mm256_abs_epi16(a);
    return 0;
  }

Performing C SOURCE FILE Test C_HAS_AVX512F_1 failed with the following compile output:
Change Dir: /home/joungwook/pid_comm_tutorial_yonsei/upmem-2021.3.0/src/backends/build/CMakeFiles/CMakeTmp

Run Build Command(s):/usr/bin/make cmTC_44501/fast && /usr/bin/make -f CMakeFiles/cmTC_44501.dir/build.make CMakeFiles/cmTC_44501.dir/build
make[1]: Entering directory '/home/joungwook/pid_comm_tutorial_yonsei/upmem-2021.3.0/src/backends/build/CMakeFiles/CMakeTmp'
Building C object CMakeFiles/cmTC_44501.dir/src.c.o
/usr/bin/cc   -Wall -Werror -Wextra -std=gnu11  -O3  -g -DC_HAS_AVX512F_1   -o CMakeFiles/cmTC_44501.dir/src.c.o   -c /home/joungwook/pid_comm_tutorial_yonsei/upmem-2021.3.0/src/backends/build/CMakeFiles/CMakeTmp/src.c
/home/joungwook/pid_comm_tutorial_yonsei/upmem-2021.3.0/src/backends/build/CMakeFiles/CMakeTmp/src.c: In function ‘main’:
/home/joungwook/pid_comm_tutorial_yonsei/upmem-2021.3.0/src/backends/build/CMakeFiles/CMakeTmp/src.c:5:12: error: AVX512F vector return without AVX512F enabled changes the ABI [-Werror=psabi]
    5 |     __m512 a = _mm512_set1_ps(1.f);
      |            ^
In file included from /usr/lib/gcc/x86_64-linux-gnu/9/include/immintrin.h:55,
                 from /home/joungwook/pid_comm_tutorial_yonsei/upmem-2021.3.0/src/backends/build/CMakeFiles/CMakeTmp/src.c:2:
/usr/lib/gcc/x86_64-linux-gnu/9/include/avx512fintrin.h:12294:1: error: inlining failed in call to always_inline ‘_mm512_add_ps’: target specific option mismatch
12294 | _mm512_add_ps (__m512 __A, __m512 __B)
      | ^~~~~~~~~~~~~
/home/joungwook/pid_comm_tutorial_yonsei/upmem-2021.3.0/src/backends/build/CMakeFiles/CMakeTmp/src.c:6:9: note: called from here
    6 |     a = _mm512_add_ps(a, _mm512_set1_ps(1.f));;
      |         ^~~~~~~~~~~~~~~~~~~~~~~~~~~~~~~~~~~~~
In file included from /usr/lib/gcc/x86_64-linux-gnu/9/include/immintrin.h:55,
                 from /home/joungwook/pid_comm_tutorial_yonsei/upmem-2021.3.0/src/backends/build/CMakeFiles/CMakeTmp/src.c:2:
/usr/lib/gcc/x86_64-linux-gnu/9/include/avx512fintrin.h:251:1: error: inlining failed in call to always_inline ‘_mm512_set1_ps’: target specific option mismatch
  251 | _mm512_set1_ps (float __A)
      | ^~~~~~~~~~~~~~
/home/joungwook/pid_comm_tutorial_yonsei/upmem-2021.3.0/src/backends/build/CMakeFiles/CMakeTmp/src.c:6:9: note: called from here
    6 |     a = _mm512_add_ps(a, _mm512_set1_ps(1.f));;
      |         ^~~~~~~~~~~~~~~~~~~~~~~~~~~~~~~~~~~~~
In file included from /usr/lib/gcc/x86_64-linux-gnu/9/include/immintrin.h:55,
                 from /home/joungwook/pid_comm_tutorial_yonsei/upmem-2021.3.0/src/backends/build/CMakeFiles/CMakeTmp/src.c:2:
/usr/lib/gcc/x86_64-linux-gnu/9/include/avx512fintrin.h:251:1: error: inlining failed in call to always_inline ‘_mm512_set1_ps’: target specific option mismatch
  251 | _mm512_set1_ps (float __A)
      | ^~~~~~~~~~~~~~
/home/joungwook/pid_comm_tutorial_yonsei/upmem-2021.3.0/src/backends/build/CMakeFiles/CMakeTmp/src.c:5:16: note: called from here
    5 |     __m512 a = _mm512_set1_ps(1.f);
      |                ^~~~~~~~~~~~~~~~~~~
cc1: all warnings being treated as errors
CMakeFiles/cmTC_44501.dir/build.make:82: recipe for target 'CMakeFiles/cmTC_44501.dir/src.c.o' failed
make[1]: *** [CMakeFiles/cmTC_44501.dir/src.c.o] Error 1
make[1]: Leaving directory '/home/joungwook/pid_comm_tutorial_yonsei/upmem-2021.3.0/src/backends/build/CMakeFiles/CMakeTmp'
Makefile:138: recipe for target 'cmTC_44501/fast' failed
make: *** [cmTC_44501/fast] Error 2


...and run output:

Return value: 1
Source file was:

  #include <immintrin.h>
  int main()
  {
    __m512 a = _mm512_set1_ps(1.f);
    a = _mm512_add_ps(a, _mm512_set1_ps(1.f));;
    return 0;
  }

Performing C SOURCE FILE Test C_COMPILES_AVX512F_1 failed with the following output:
Change Dir: /home/joungwook/pid_comm_tutorial_yonsei/upmem-2021.3.0/src/backends/build/CMakeFiles/CMakeTmp

Run Build Command(s):/usr/bin/make cmTC_e949f/fast && /usr/bin/make -f CMakeFiles/cmTC_e949f.dir/build.make CMakeFiles/cmTC_e949f.dir/build
make[1]: Entering directory '/home/joungwook/pid_comm_tutorial_yonsei/upmem-2021.3.0/src/backends/build/CMakeFiles/CMakeTmp'
Building C object CMakeFiles/cmTC_e949f.dir/src.c.o
/usr/bin/cc   -Wall -Werror -Wextra -std=gnu11  -O3  -g -DC_COMPILES_AVX512F_1   -o CMakeFiles/cmTC_e949f.dir/src.c.o   -c /home/joungwook/pid_comm_tutorial_yonsei/upmem-2021.3.0/src/backends/build/CMakeFiles/CMakeTmp/src.c
/home/joungwook/pid_comm_tutorial_yonsei/upmem-2021.3.0/src/backends/build/CMakeFiles/CMakeTmp/src.c: In function ‘main’:
/home/joungwook/pid_comm_tutorial_yonsei/upmem-2021.3.0/src/backends/build/CMakeFiles/CMakeTmp/src.c:5:12: error: AVX512F vector return without AVX512F enabled changes the ABI [-Werror=psabi]
    5 |     __m512 a = _mm512_set1_ps(1.f);
      |            ^
In file included from /usr/lib/gcc/x86_64-linux-gnu/9/include/immintrin.h:55,
                 from /home/joungwook/pid_comm_tutorial_yonsei/upmem-2021.3.0/src/backends/build/CMakeFiles/CMakeTmp/src.c:2:
/usr/lib/gcc/x86_64-linux-gnu/9/include/avx512fintrin.h:12294:1: error: inlining failed in call to always_inline ‘_mm512_add_ps’: target specific option mismatch
12294 | _mm512_add_ps (__m512 __A, __m512 __B)
      | ^~~~~~~~~~~~~
/home/joungwook/pid_comm_tutorial_yonsei/upmem-2021.3.0/src/backends/build/CMakeFiles/CMakeTmp/src.c:6:9: note: called from here
    6 |     a = _mm512_add_ps(a, _mm512_set1_ps(1.f));;
      |         ^~~~~~~~~~~~~~~~~~~~~~~~~~~~~~~~~~~~~
In file included from /usr/lib/gcc/x86_64-linux-gnu/9/include/immintrin.h:55,
                 from /home/joungwook/pid_comm_tutorial_yonsei/upmem-2021.3.0/src/backends/build/CMakeFiles/CMakeTmp/src.c:2:
/usr/lib/gcc/x86_64-linux-gnu/9/include/avx512fintrin.h:251:1: error: inlining failed in call to always_inline ‘_mm512_set1_ps’: target specific option mismatch
  251 | _mm512_set1_ps (float __A)
      | ^~~~~~~~~~~~~~
/home/joungwook/pid_comm_tutorial_yonsei/upmem-2021.3.0/src/backends/build/CMakeFiles/CMakeTmp/src.c:6:9: note: called from here
    6 |     a = _mm512_add_ps(a, _mm512_set1_ps(1.f));;
      |         ^~~~~~~~~~~~~~~~~~~~~~~~~~~~~~~~~~~~~
In file included from /usr/lib/gcc/x86_64-linux-gnu/9/include/immintrin.h:55,
                 from /home/joungwook/pid_comm_tutorial_yonsei/upmem-2021.3.0/src/backends/build/CMakeFiles/CMakeTmp/src.c:2:
/usr/lib/gcc/x86_64-linux-gnu/9/include/avx512fintrin.h:251:1: error: inlining failed in call to always_inline ‘_mm512_set1_ps’: target specific option mismatch
  251 | _mm512_set1_ps (float __A)
      | ^~~~~~~~~~~~~~
/home/joungwook/pid_comm_tutorial_yonsei/upmem-2021.3.0/src/backends/build/CMakeFiles/CMakeTmp/src.c:5:16: note: called from here
    5 |     __m512 a = _mm512_set1_ps(1.f);
      |                ^~~~~~~~~~~~~~~~~~~
cc1: all warnings being treated as errors
CMakeFiles/cmTC_e949f.dir/build.make:82: recipe for target 'CMakeFiles/cmTC_e949f.dir/src.c.o' failed
make[1]: *** [CMakeFiles/cmTC_e949f.dir/src.c.o] Error 1
make[1]: Leaving directory '/home/joungwook/pid_comm_tutorial_yonsei/upmem-2021.3.0/src/backends/build/CMakeFiles/CMakeTmp'
Makefile:138: recipe for target 'cmTC_e949f/fast' failed
make: *** [cmTC_e949f/fast] Error 2


Source file was:

  #include <immintrin.h>
  int main()
  {
    __m512 a = _mm512_set1_ps(1.f);
    a = _mm512_add_ps(a, _mm512_set1_ps(1.f));;
    return 0;
  }

Performing C SOURCE FILE Test C_HAS_AVX512BW_1 failed with the following compile output:
Change Dir: /home/joungwook/pid_comm_tutorial_yonsei/upmem-2021.3.0/src/backends/build/CMakeFiles/CMakeTmp

Run Build Command(s):/usr/bin/make cmTC_9d92d/fast && /usr/bin/make -f CMakeFiles/cmTC_9d92d.dir/build.make CMakeFiles/cmTC_9d92d.dir/build
make[1]: Entering directory '/home/joungwook/pid_comm_tutorial_yonsei/upmem-2021.3.0/src/backends/build/CMakeFiles/CMakeTmp'
Building C object CMakeFiles/cmTC_9d92d.dir/src.c.o
/usr/bin/cc   -Wall -Werror -Wextra -std=gnu11  -O3  -g -DC_HAS_AVX512BW_1   -o CMakeFiles/cmTC_9d92d.dir/src.c.o   -c /home/joungwook/pid_comm_tutorial_yonsei/upmem-2021.3.0/src/backends/build/CMakeFiles/CMakeTmp/src.c
/home/joungwook/pid_comm_tutorial_yonsei/upmem-2021.3.0/src/backends/build/CMakeFiles/CMakeTmp/src.c: In function ‘main’:
/home/joungwook/pid_comm_tutorial_yonsei/upmem-2021.3.0/src/backends/build/CMakeFiles/CMakeTmp/src.c:5:13: error: AVX512F vector return without AVX512F enabled changes the ABI [-Werror=psabi]
    5 |     __m512i mask = _mm512_set_epi64(0, 0, 0, 0, 0, 0, 0, 0);
      |             ^~~~
In file included from /usr/lib/gcc/x86_64-linux-gnu/9/include/immintrin.h:65,
                 from /home/joungwook/pid_comm_tutorial_yonsei/upmem-2021.3.0/src/backends/build/CMakeFiles/CMakeTmp/src.c:2:
/usr/lib/gcc/x86_64-linux-gnu/9/include/avx512bwintrin.h:1852:1: error: inlining failed in call to always_inline ‘_mm512_shuffle_epi8’: target specific option mismatch
 1852 | _mm512_shuffle_epi8 (__m512i __A, __m512i __B)
      | ^~~~~~~~~~~~~~~~~~~
/home/joungwook/pid_comm_tutorial_yonsei/upmem-2021.3.0/src/backends/build/CMakeFiles/CMakeTmp/src.c:7:12: note: called from here
    7 |     load = _mm512_shuffle_epi8(load, mask);
      |            ^~~~~~~~~~~~~~~~~~~~~~~~~~~~~~~
In file included from /usr/lib/gcc/x86_64-linux-gnu/9/include/immintrin.h:55,
                 from /home/joungwook/pid_comm_tutorial_yonsei/upmem-2021.3.0/src/backends/build/CMakeFiles/CMakeTmp/src.c:2:
/usr/lib/gcc/x86_64-linux-gnu/9/include/avx512fintrin.h:79:1: error: inlining failed in call to always_inline ‘_mm512_set_epi64’: target specific option mismatch
   79 | _mm512_set_epi64 (long long __A, long long __B, long long __C,
      | ^~~~~~~~~~~~~~~~
/home/joungwook/pid_comm_tutorial_yonsei/upmem-2021.3.0/src/backends/build/CMakeFiles/CMakeTmp/src.c:5:20: note: called from here
    5 |     __m512i mask = _mm512_set_epi64(0, 0, 0, 0, 0, 0, 0, 0);
      |                    ^~~~~~~~~~~~~~~~~~~~~~~~~~~~~~~~~~~~~~~~
cc1: all warnings being treated as errors
CMakeFiles/cmTC_9d92d.dir/build.make:82: recipe for target 'CMakeFiles/cmTC_9d92d.dir/src.c.o' failed
make[1]: *** [CMakeFiles/cmTC_9d92d.dir/src.c.o] Error 1
make[1]: Leaving directory '/home/joungwook/pid_comm_tutorial_yonsei/upmem-2021.3.0/src/backends/build/CMakeFiles/CMakeTmp'
Makefile:138: recipe for target 'cmTC_9d92d/fast' failed
make: *** [cmTC_9d92d/fast] Error 2


...and run output:

Return value: 1
Source file was:

  #include <immintrin.h>
  int main()
  {
    __m512i mask = _mm512_set_epi64(0, 0, 0, 0, 0, 0, 0, 0);
    __m512i load = {0};
    load = _mm512_shuffle_epi8(load, mask);
    return 0;
  }

Performing C SOURCE FILE Test C_COMPILES_AVX512BW_1 failed with the following output:
Change Dir: /home/joungwook/pid_comm_tutorial_yonsei/upmem-2021.3.0/src/backends/build/CMakeFiles/CMakeTmp

Run Build Command(s):/usr/bin/make cmTC_71397/fast && /usr/bin/make -f CMakeFiles/cmTC_71397.dir/build.make CMakeFiles/cmTC_71397.dir/build
make[1]: Entering directory '/home/joungwook/pid_comm_tutorial_yonsei/upmem-2021.3.0/src/backends/build/CMakeFiles/CMakeTmp'
Building C object CMakeFiles/cmTC_71397.dir/src.c.o
/usr/bin/cc   -Wall -Werror -Wextra -std=gnu11  -O3  -g -DC_COMPILES_AVX512BW_1   -o CMakeFiles/cmTC_71397.dir/src.c.o   -c /home/joungwook/pid_comm_tutorial_yonsei/upmem-2021.3.0/src/backends/build/CMakeFiles/CMakeTmp/src.c
/home/joungwook/pid_comm_tutorial_yonsei/upmem-2021.3.0/src/backends/build/CMakeFiles/CMakeTmp/src.c: In function ‘main’:
/home/joungwook/pid_comm_tutorial_yonsei/upmem-2021.3.0/src/backends/build/CMakeFiles/CMakeTmp/src.c:5:13: error: AVX512F vector return without AVX512F enabled changes the ABI [-Werror=psabi]
    5 |     __m512i mask = _mm512_set_epi64(0, 0, 0, 0, 0, 0, 0, 0);
      |             ^~~~
In file included from /usr/lib/gcc/x86_64-linux-gnu/9/include/immintrin.h:65,
                 from /home/joungwook/pid_comm_tutorial_yonsei/upmem-2021.3.0/src/backends/build/CMakeFiles/CMakeTmp/src.c:2:
/usr/lib/gcc/x86_64-linux-gnu/9/include/avx512bwintrin.h:1852:1: error: inlining failed in call to always_inline ‘_mm512_shuffle_epi8’: target specific option mismatch
 1852 | _mm512_shuffle_epi8 (__m512i __A, __m512i __B)
      | ^~~~~~~~~~~~~~~~~~~
/home/joungwook/pid_comm_tutorial_yonsei/upmem-2021.3.0/src/backends/build/CMakeFiles/CMakeTmp/src.c:7:12: note: called from here
    7 |     load = _mm512_shuffle_epi8(load, mask);
      |            ^~~~~~~~~~~~~~~~~~~~~~~~~~~~~~~
In file included from /usr/lib/gcc/x86_64-linux-gnu/9/include/immintrin.h:55,
                 from /home/joungwook/pid_comm_tutorial_yonsei/upmem-2021.3.0/src/backends/build/CMakeFiles/CMakeTmp/src.c:2:
/usr/lib/gcc/x86_64-linux-gnu/9/include/avx512fintrin.h:79:1: error: inlining failed in call to always_inline ‘_mm512_set_epi64’: target specific option mismatch
   79 | _mm512_set_epi64 (long long __A, long long __B, long long __C,
      | ^~~~~~~~~~~~~~~~
/home/joungwook/pid_comm_tutorial_yonsei/upmem-2021.3.0/src/backends/build/CMakeFiles/CMakeTmp/src.c:5:20: note: called from here
    5 |     __m512i mask = _mm512_set_epi64(0, 0, 0, 0, 0, 0, 0, 0);
      |                    ^~~~~~~~~~~~~~~~~~~~~~~~~~~~~~~~~~~~~~~~
cc1: all warnings being treated as errors
CMakeFiles/cmTC_71397.dir/build.make:82: recipe for target 'CMakeFiles/cmTC_71397.dir/src.c.o' failed
make[1]: *** [CMakeFiles/cmTC_71397.dir/src.c.o] Error 1
make[1]: Leaving directory '/home/joungwook/pid_comm_tutorial_yonsei/upmem-2021.3.0/src/backends/build/CMakeFiles/CMakeTmp'
Makefile:138: recipe for target 'cmTC_71397/fast' failed
make: *** [cmTC_71397/fast] Error 2


Source file was:

  #include <immintrin.h>
  int main()
  {
    __m512i mask = _mm512_set_epi64(0, 0, 0, 0, 0, 0, 0, 0);
    __m512i load = {0};
    load = _mm512_shuffle_epi8(load, mask);
    return 0;
  }

Performing C SOURCE FILE Test C_HAS_CLFLUSHOPT_1 failed with the following compile output:
Change Dir: /home/joungwook/pid_comm_tutorial_yonsei/upmem-2021.3.0/src/backends/build/CMakeFiles/CMakeTmp

Run Build Command(s):/usr/bin/make cmTC_c3ed5/fast && /usr/bin/make -f CMakeFiles/cmTC_c3ed5.dir/build.make CMakeFiles/cmTC_c3ed5.dir/build
make[1]: Entering directory '/home/joungwook/pid_comm_tutorial_yonsei/upmem-2021.3.0/src/backends/build/CMakeFiles/CMakeTmp'
Building C object CMakeFiles/cmTC_c3ed5.dir/src.c.o
/usr/bin/cc   -Wall -Werror -Wextra -std=gnu11  -O3  -g -DC_HAS_CLFLUSHOPT_1   -o CMakeFiles/cmTC_c3ed5.dir/src.c.o   -c /home/joungwook/pid_comm_tutorial_yonsei/upmem-2021.3.0/src/backends/build/CMakeFiles/CMakeTmp/src.c
/home/joungwook/pid_comm_tutorial_yonsei/upmem-2021.3.0/src/backends/build/CMakeFiles/CMakeTmp/src.c: In function ‘main’:
/home/joungwook/pid_comm_tutorial_yonsei/upmem-2021.3.0/src/backends/build/CMakeFiles/CMakeTmp/src.c:6:5: error: ‘__builtin_ia32_clflushopt’ needs isa option -mclflushopt
    6 |     __builtin_ia32_clflushopt(&flush);
      |     ^~~~~~~~~~~~~~~~~~~~~~~~~~~~~~~~~
CMakeFiles/cmTC_c3ed5.dir/build.make:82: recipe for target 'CMakeFiles/cmTC_c3ed5.dir/src.c.o' failed
make[1]: *** [CMakeFiles/cmTC_c3ed5.dir/src.c.o] Error 1
make[1]: Leaving directory '/home/joungwook/pid_comm_tutorial_yonsei/upmem-2021.3.0/src/backends/build/CMakeFiles/CMakeTmp'
Makefile:138: recipe for target 'cmTC_c3ed5/fast' failed
make: *** [cmTC_c3ed5/fast] Error 2


...and run output:

Return value: 1
Source file was:

  #include <immintrin.h>
  int main()
  {
    int flush;
    __builtin_ia32_clflushopt(&flush);
    return 0;
  }

Performing C SOURCE FILE Test C_COMPILES_CLFLUSHOPT_1 failed with the following output:
Change Dir: /home/joungwook/pid_comm_tutorial_yonsei/upmem-2021.3.0/src/backends/build/CMakeFiles/CMakeTmp

Run Build Command(s):/usr/bin/make cmTC_7c7b2/fast && /usr/bin/make -f CMakeFiles/cmTC_7c7b2.dir/build.make CMakeFiles/cmTC_7c7b2.dir/build
make[1]: Entering directory '/home/joungwook/pid_comm_tutorial_yonsei/upmem-2021.3.0/src/backends/build/CMakeFiles/CMakeTmp'
Building C object CMakeFiles/cmTC_7c7b2.dir/src.c.o
/usr/bin/cc   -Wall -Werror -Wextra -std=gnu11  -O3  -g -DC_COMPILES_CLFLUSHOPT_1   -o CMakeFiles/cmTC_7c7b2.dir/src.c.o   -c /home/joungwook/pid_comm_tutorial_yonsei/upmem-2021.3.0/src/backends/build/CMakeFiles/CMakeTmp/src.c
/home/joungwook/pid_comm_tutorial_yonsei/upmem-2021.3.0/src/backends/build/CMakeFiles/CMakeTmp/src.c: In function ‘main’:
/home/joungwook/pid_comm_tutorial_yonsei/upmem-2021.3.0/src/backends/build/CMakeFiles/CMakeTmp/src.c:6:5: error: ‘__builtin_ia32_clflushopt’ needs isa option -mclflushopt
    6 |     __builtin_ia32_clflushopt(&flush);
      |     ^~~~~~~~~~~~~~~~~~~~~~~~~~~~~~~~~
CMakeFiles/cmTC_7c7b2.dir/build.make:82: recipe for target 'CMakeFiles/cmTC_7c7b2.dir/src.c.o' failed
make[1]: *** [CMakeFiles/cmTC_7c7b2.dir/src.c.o] Error 1
make[1]: Leaving directory '/home/joungwook/pid_comm_tutorial_yonsei/upmem-2021.3.0/src/backends/build/CMakeFiles/CMakeTmp'
Makefile:138: recipe for target 'cmTC_7c7b2/fast' failed
make: *** [cmTC_7c7b2/fast] Error 2


Source file was:

  #include <immintrin.h>
  int main()
  {
    int flush;
    __builtin_ia32_clflushopt(&flush);
    return 0;
  }

Performing C SOURCE FILE Test CXX_HAS_SSE1_1 failed with the following compile output:
Change Dir: /home/joungwook/pid_comm_tutorial_yonsei/upmem-2021.3.0/src/backends/build/CMakeFiles/CMakeTmp

Run Build Command(s):/usr/bin/make cmTC_cdb6e/fast && /usr/bin/make -f CMakeFiles/cmTC_cdb6e.dir/build.make CMakeFiles/cmTC_cdb6e.dir/build
make[1]: Entering directory '/home/joungwook/pid_comm_tutorial_yonsei/upmem-2021.3.0/src/backends/build/CMakeFiles/CMakeTmp'
Building C object CMakeFiles/cmTC_cdb6e.dir/src.c.o
/usr/bin/cc   -Wall -Werror -Wextra -std=gnu11  -O3  -g -DCXX_HAS_SSE1_1   -o CMakeFiles/cmTC_cdb6e.dir/src.c.o   -c /home/joungwook/pid_comm_tutorial_yonsei/upmem-2021.3.0/src/backends/build/CMakeFiles/CMakeTmp/src.c
/home/joungwook/pid_comm_tutorial_yonsei/upmem-2021.3.0/src/backends/build/CMakeFiles/CMakeTmp/src.c: In function ‘main’:
/home/joungwook/pid_comm_tutorial_yonsei/upmem-2021.3.0/src/backends/build/CMakeFiles/CMakeTmp/src.c:5:12: error: variable ‘a’ set but not used [-Werror=unused-but-set-variable]
    5 |     __m128 a;
      |            ^
cc1: all warnings being treated as errors
CMakeFiles/cmTC_cdb6e.dir/build.make:82: recipe for target 'CMakeFiles/cmTC_cdb6e.dir/src.c.o' failed
make[1]: *** [CMakeFiles/cmTC_cdb6e.dir/src.c.o] Error 1
make[1]: Leaving directory '/home/joungwook/pid_comm_tutorial_yonsei/upmem-2021.3.0/src/backends/build/CMakeFiles/CMakeTmp'
Makefile:138: recipe for target 'cmTC_cdb6e/fast' failed
make: *** [cmTC_cdb6e/fast] Error 2


...and run output:

Return value: 1
Source file was:

  #include <xmmintrin.h>
  int main()
  {
    __m128 a;
    float vals[4] = {0,0,0,0};
    a = _mm_loadu_ps(vals);
    return 0;
  }
Performing C SOURCE FILE Test CXX_COMPILES_SSE1_1 failed with the following output:
Change Dir: /home/joungwook/pid_comm_tutorial_yonsei/upmem-2021.3.0/src/backends/build/CMakeFiles/CMakeTmp

Run Build Command(s):/usr/bin/make cmTC_5d578/fast && /usr/bin/make -f CMakeFiles/cmTC_5d578.dir/build.make CMakeFiles/cmTC_5d578.dir/build
make[1]: Entering directory '/home/joungwook/pid_comm_tutorial_yonsei/upmem-2021.3.0/src/backends/build/CMakeFiles/CMakeTmp'
Building C object CMakeFiles/cmTC_5d578.dir/src.c.o
/usr/bin/cc   -Wall -Werror -Wextra -std=gnu11  -O3  -g -DCXX_COMPILES_SSE1_1   -o CMakeFiles/cmTC_5d578.dir/src.c.o   -c /home/joungwook/pid_comm_tutorial_yonsei/upmem-2021.3.0/src/backends/build/CMakeFiles/CMakeTmp/src.c
/home/joungwook/pid_comm_tutorial_yonsei/upmem-2021.3.0/src/backends/build/CMakeFiles/CMakeTmp/src.c: In function ‘main’:
/home/joungwook/pid_comm_tutorial_yonsei/upmem-2021.3.0/src/backends/build/CMakeFiles/CMakeTmp/src.c:5:12: error: variable ‘a’ set but not used [-Werror=unused-but-set-variable]
    5 |     __m128 a;
      |            ^
cc1: all warnings being treated as errors
CMakeFiles/cmTC_5d578.dir/build.make:82: recipe for target 'CMakeFiles/cmTC_5d578.dir/src.c.o' failed
make[1]: *** [CMakeFiles/cmTC_5d578.dir/src.c.o] Error 1
make[1]: Leaving directory '/home/joungwook/pid_comm_tutorial_yonsei/upmem-2021.3.0/src/backends/build/CMakeFiles/CMakeTmp'
Makefile:138: recipe for target 'cmTC_5d578/fast' failed
make: *** [cmTC_5d578/fast] Error 2


Source file was:

  #include <xmmintrin.h>
  int main()
  {
    __m128 a;
    float vals[4] = {0,0,0,0};
    a = _mm_loadu_ps(vals);
    return 0;
  }
Performing C SOURCE FILE Test CXX_HAS_SSE1_2 failed with the following compile output:
Change Dir: /home/joungwook/pid_comm_tutorial_yonsei/upmem-2021.3.0/src/backends/build/CMakeFiles/CMakeTmp

Run Build Command(s):/usr/bin/make cmTC_7dccc/fast && /usr/bin/make -f CMakeFiles/cmTC_7dccc.dir/build.make CMakeFiles/cmTC_7dccc.dir/build
make[1]: Entering directory '/home/joungwook/pid_comm_tutorial_yonsei/upmem-2021.3.0/src/backends/build/CMakeFiles/CMakeTmp'
Building C object CMakeFiles/cmTC_7dccc.dir/src.c.o
/usr/bin/cc   -Wall -Werror -Wextra -std=gnu11  -O3  -g -DCXX_HAS_SSE1_2 -msse   -o CMakeFiles/cmTC_7dccc.dir/src.c.o   -c /home/joungwook/pid_comm_tutorial_yonsei/upmem-2021.3.0/src/backends/build/CMakeFiles/CMakeTmp/src.c
/home/joungwook/pid_comm_tutorial_yonsei/upmem-2021.3.0/src/backends/build/CMakeFiles/CMakeTmp/src.c: In function ‘main’:
/home/joungwook/pid_comm_tutorial_yonsei/upmem-2021.3.0/src/backends/build/CMakeFiles/CMakeTmp/src.c:5:12: error: variable ‘a’ set but not used [-Werror=unused-but-set-variable]
    5 |     __m128 a;
      |            ^
cc1: all warnings being treated as errors
CMakeFiles/cmTC_7dccc.dir/build.make:82: recipe for target 'CMakeFiles/cmTC_7dccc.dir/src.c.o' failed
make[1]: *** [CMakeFiles/cmTC_7dccc.dir/src.c.o] Error 1
make[1]: Leaving directory '/home/joungwook/pid_comm_tutorial_yonsei/upmem-2021.3.0/src/backends/build/CMakeFiles/CMakeTmp'
Makefile:138: recipe for target 'cmTC_7dccc/fast' failed
make: *** [cmTC_7dccc/fast] Error 2


...and run output:

Return value: 1
Source file was:

  #include <xmmintrin.h>
  int main()
  {
    __m128 a;
    float vals[4] = {0,0,0,0};
    a = _mm_loadu_ps(vals);
    return 0;
  }
Performing C SOURCE FILE Test CXX_COMPILES_SSE1_2 failed with the following output:
Change Dir: /home/joungwook/pid_comm_tutorial_yonsei/upmem-2021.3.0/src/backends/build/CMakeFiles/CMakeTmp

Run Build Command(s):/usr/bin/make cmTC_7a0f3/fast && /usr/bin/make -f CMakeFiles/cmTC_7a0f3.dir/build.make CMakeFiles/cmTC_7a0f3.dir/build
make[1]: Entering directory '/home/joungwook/pid_comm_tutorial_yonsei/upmem-2021.3.0/src/backends/build/CMakeFiles/CMakeTmp'
Building C object CMakeFiles/cmTC_7a0f3.dir/src.c.o
/usr/bin/cc   -Wall -Werror -Wextra -std=gnu11  -O3  -g -DCXX_COMPILES_SSE1_2 -msse   -o CMakeFiles/cmTC_7a0f3.dir/src.c.o   -c /home/joungwook/pid_comm_tutorial_yonsei/upmem-2021.3.0/src/backends/build/CMakeFiles/CMakeTmp/src.c
/home/joungwook/pid_comm_tutorial_yonsei/upmem-2021.3.0/src/backends/build/CMakeFiles/CMakeTmp/src.c: In function ‘main’:
/home/joungwook/pid_comm_tutorial_yonsei/upmem-2021.3.0/src/backends/build/CMakeFiles/CMakeTmp/src.c:5:12: error: variable ‘a’ set but not used [-Werror=unused-but-set-variable]
    5 |     __m128 a;
      |            ^
cc1: all warnings being treated as errors
CMakeFiles/cmTC_7a0f3.dir/build.make:82: recipe for target 'CMakeFiles/cmTC_7a0f3.dir/src.c.o' failed
make[1]: *** [CMakeFiles/cmTC_7a0f3.dir/src.c.o] Error 1
make[1]: Leaving directory '/home/joungwook/pid_comm_tutorial_yonsei/upmem-2021.3.0/src/backends/build/CMakeFiles/CMakeTmp'
Makefile:138: recipe for target 'cmTC_7a0f3/fast' failed
make: *** [cmTC_7a0f3/fast] Error 2


Source file was:

  #include <xmmintrin.h>
  int main()
  {
    __m128 a;
    float vals[4] = {0,0,0,0};
    a = _mm_loadu_ps(vals);
    return 0;
  }
Performing C SOURCE FILE Test CXX_HAS_SSE1_3 failed with the following compile output:
Change Dir: /home/joungwook/pid_comm_tutorial_yonsei/upmem-2021.3.0/src/backends/build/CMakeFiles/CMakeTmp

Run Build Command(s):/usr/bin/make cmTC_27733/fast && /usr/bin/make -f CMakeFiles/cmTC_27733.dir/build.make CMakeFiles/cmTC_27733.dir/build
make[1]: Entering directory '/home/joungwook/pid_comm_tutorial_yonsei/upmem-2021.3.0/src/backends/build/CMakeFiles/CMakeTmp'
Building C object CMakeFiles/cmTC_27733.dir/src.c.o
/usr/bin/cc   -Wall -Werror -Wextra -std=gnu11  -O3  -g -DCXX_HAS_SSE1_3 /arch:SSE   -o CMakeFiles/cmTC_27733.dir/src.c.o   -c /home/joungwook/pid_comm_tutorial_yonsei/upmem-2021.3.0/src/backends/build/CMakeFiles/CMakeTmp/src.c
cc: error: /arch:SSE: No such file or directory
CMakeFiles/cmTC_27733.dir/build.make:82: recipe for target 'CMakeFiles/cmTC_27733.dir/src.c.o' failed
make[1]: *** [CMakeFiles/cmTC_27733.dir/src.c.o] Error 1
make[1]: Leaving directory '/home/joungwook/pid_comm_tutorial_yonsei/upmem-2021.3.0/src/backends/build/CMakeFiles/CMakeTmp'
Makefile:138: recipe for target 'cmTC_27733/fast' failed
make: *** [cmTC_27733/fast] Error 2


...and run output:

Return value: 1
Source file was:

  #include <xmmintrin.h>
  int main()
  {
    __m128 a;
    float vals[4] = {0,0,0,0};
    a = _mm_loadu_ps(vals);
    return 0;
  }
Performing C SOURCE FILE Test CXX_COMPILES_SSE1_3 failed with the following output:
Change Dir: /home/joungwook/pid_comm_tutorial_yonsei/upmem-2021.3.0/src/backends/build/CMakeFiles/CMakeTmp

Run Build Command(s):/usr/bin/make cmTC_1ddb1/fast && /usr/bin/make -f CMakeFiles/cmTC_1ddb1.dir/build.make CMakeFiles/cmTC_1ddb1.dir/build
make[1]: Entering directory '/home/joungwook/pid_comm_tutorial_yonsei/upmem-2021.3.0/src/backends/build/CMakeFiles/CMakeTmp'
Building C object CMakeFiles/cmTC_1ddb1.dir/src.c.o
/usr/bin/cc   -Wall -Werror -Wextra -std=gnu11  -O3  -g -DCXX_COMPILES_SSE1_3 /arch:SSE   -o CMakeFiles/cmTC_1ddb1.dir/src.c.o   -c /home/joungwook/pid_comm_tutorial_yonsei/upmem-2021.3.0/src/backends/build/CMakeFiles/CMakeTmp/src.c
cc: error: /arch:SSE: No such file or directory
CMakeFiles/cmTC_1ddb1.dir/build.make:82: recipe for target 'CMakeFiles/cmTC_1ddb1.dir/src.c.o' failed
make[1]: *** [CMakeFiles/cmTC_1ddb1.dir/src.c.o] Error 1
make[1]: Leaving directory '/home/joungwook/pid_comm_tutorial_yonsei/upmem-2021.3.0/src/backends/build/CMakeFiles/CMakeTmp'
Makefile:138: recipe for target 'cmTC_1ddb1/fast' failed
make: *** [cmTC_1ddb1/fast] Error 2


Source file was:

  #include <xmmintrin.h>
  int main()
  {
    __m128 a;
    float vals[4] = {0,0,0,0};
    a = _mm_loadu_ps(vals);
    return 0;
  }
Performing C SOURCE FILE Test CXX_HAS_SSE2_1 failed with the following compile output:
Change Dir: /home/joungwook/pid_comm_tutorial_yonsei/upmem-2021.3.0/src/backends/build/CMakeFiles/CMakeTmp

Run Build Command(s):/usr/bin/make cmTC_1e28c/fast && /usr/bin/make -f CMakeFiles/cmTC_1e28c.dir/build.make CMakeFiles/cmTC_1e28c.dir/build
make[1]: Entering directory '/home/joungwook/pid_comm_tutorial_yonsei/upmem-2021.3.0/src/backends/build/CMakeFiles/CMakeTmp'
Building C object CMakeFiles/cmTC_1e28c.dir/src.c.o
/usr/bin/cc   -Wall -Werror -Wextra -std=gnu11  -O3  -g -DCXX_HAS_SSE2_1   -o CMakeFiles/cmTC_1e28c.dir/src.c.o   -c /home/joungwook/pid_comm_tutorial_yonsei/upmem-2021.3.0/src/backends/build/CMakeFiles/CMakeTmp/src.c
/home/joungwook/pid_comm_tutorial_yonsei/upmem-2021.3.0/src/backends/build/CMakeFiles/CMakeTmp/src.c: In function ‘main’:
/home/joungwook/pid_comm_tutorial_yonsei/upmem-2021.3.0/src/backends/build/CMakeFiles/CMakeTmp/src.c:5:13: error: variable ‘a’ set but not used [-Werror=unused-but-set-variable]
    5 |     __m128d a;
      |             ^
cc1: all warnings being treated as errors
CMakeFiles/cmTC_1e28c.dir/build.make:82: recipe for target 'CMakeFiles/cmTC_1e28c.dir/src.c.o' failed
make[1]: *** [CMakeFiles/cmTC_1e28c.dir/src.c.o] Error 1
make[1]: Leaving directory '/home/joungwook/pid_comm_tutorial_yonsei/upmem-2021.3.0/src/backends/build/CMakeFiles/CMakeTmp'
Makefile:138: recipe for target 'cmTC_1e28c/fast' failed
make: *** [cmTC_1e28c/fast] Error 2


...and run output:

Return value: 1
Source file was:

  #include <emmintrin.h>
  int main()
  {
    __m128d a;
    double vals[2] = {0,0};
    a = _mm_loadu_pd(vals);
    return 0;
  }
Performing C SOURCE FILE Test CXX_COMPILES_SSE2_1 failed with the following output:
Change Dir: /home/joungwook/pid_comm_tutorial_yonsei/upmem-2021.3.0/src/backends/build/CMakeFiles/CMakeTmp

Run Build Command(s):/usr/bin/make cmTC_a2a1c/fast && /usr/bin/make -f CMakeFiles/cmTC_a2a1c.dir/build.make CMakeFiles/cmTC_a2a1c.dir/build
make[1]: Entering directory '/home/joungwook/pid_comm_tutorial_yonsei/upmem-2021.3.0/src/backends/build/CMakeFiles/CMakeTmp'
Building C object CMakeFiles/cmTC_a2a1c.dir/src.c.o
/usr/bin/cc   -Wall -Werror -Wextra -std=gnu11  -O3  -g -DCXX_COMPILES_SSE2_1   -o CMakeFiles/cmTC_a2a1c.dir/src.c.o   -c /home/joungwook/pid_comm_tutorial_yonsei/upmem-2021.3.0/src/backends/build/CMakeFiles/CMakeTmp/src.c
/home/joungwook/pid_comm_tutorial_yonsei/upmem-2021.3.0/src/backends/build/CMakeFiles/CMakeTmp/src.c: In function ‘main’:
/home/joungwook/pid_comm_tutorial_yonsei/upmem-2021.3.0/src/backends/build/CMakeFiles/CMakeTmp/src.c:5:13: error: variable ‘a’ set but not used [-Werror=unused-but-set-variable]
    5 |     __m128d a;
      |             ^
cc1: all warnings being treated as errors
CMakeFiles/cmTC_a2a1c.dir/build.make:82: recipe for target 'CMakeFiles/cmTC_a2a1c.dir/src.c.o' failed
make[1]: *** [CMakeFiles/cmTC_a2a1c.dir/src.c.o] Error 1
make[1]: Leaving directory '/home/joungwook/pid_comm_tutorial_yonsei/upmem-2021.3.0/src/backends/build/CMakeFiles/CMakeTmp'
Makefile:138: recipe for target 'cmTC_a2a1c/fast' failed
make: *** [cmTC_a2a1c/fast] Error 2


Source file was:

  #include <emmintrin.h>
  int main()
  {
    __m128d a;
    double vals[2] = {0,0};
    a = _mm_loadu_pd(vals);
    return 0;
  }
Performing C SOURCE FILE Test CXX_HAS_SSE2_2 failed with the following compile output:
Change Dir: /home/joungwook/pid_comm_tutorial_yonsei/upmem-2021.3.0/src/backends/build/CMakeFiles/CMakeTmp

Run Build Command(s):/usr/bin/make cmTC_2c993/fast && /usr/bin/make -f CMakeFiles/cmTC_2c993.dir/build.make CMakeFiles/cmTC_2c993.dir/build
make[1]: Entering directory '/home/joungwook/pid_comm_tutorial_yonsei/upmem-2021.3.0/src/backends/build/CMakeFiles/CMakeTmp'
Building C object CMakeFiles/cmTC_2c993.dir/src.c.o
/usr/bin/cc   -Wall -Werror -Wextra -std=gnu11  -O3  -g -DCXX_HAS_SSE2_2 -msse2   -o CMakeFiles/cmTC_2c993.dir/src.c.o   -c /home/joungwook/pid_comm_tutorial_yonsei/upmem-2021.3.0/src/backends/build/CMakeFiles/CMakeTmp/src.c
/home/joungwook/pid_comm_tutorial_yonsei/upmem-2021.3.0/src/backends/build/CMakeFiles/CMakeTmp/src.c: In function ‘main’:
/home/joungwook/pid_comm_tutorial_yonsei/upmem-2021.3.0/src/backends/build/CMakeFiles/CMakeTmp/src.c:5:13: error: variable ‘a’ set but not used [-Werror=unused-but-set-variable]
    5 |     __m128d a;
      |             ^
cc1: all warnings being treated as errors
CMakeFiles/cmTC_2c993.dir/build.make:82: recipe for target 'CMakeFiles/cmTC_2c993.dir/src.c.o' failed
make[1]: *** [CMakeFiles/cmTC_2c993.dir/src.c.o] Error 1
make[1]: Leaving directory '/home/joungwook/pid_comm_tutorial_yonsei/upmem-2021.3.0/src/backends/build/CMakeFiles/CMakeTmp'
Makefile:138: recipe for target 'cmTC_2c993/fast' failed
make: *** [cmTC_2c993/fast] Error 2


...and run output:

Return value: 1
Source file was:

  #include <emmintrin.h>
  int main()
  {
    __m128d a;
    double vals[2] = {0,0};
    a = _mm_loadu_pd(vals);
    return 0;
  }
Performing C SOURCE FILE Test CXX_COMPILES_SSE2_2 failed with the following output:
Change Dir: /home/joungwook/pid_comm_tutorial_yonsei/upmem-2021.3.0/src/backends/build/CMakeFiles/CMakeTmp

Run Build Command(s):/usr/bin/make cmTC_c6ed6/fast && /usr/bin/make -f CMakeFiles/cmTC_c6ed6.dir/build.make CMakeFiles/cmTC_c6ed6.dir/build
make[1]: Entering directory '/home/joungwook/pid_comm_tutorial_yonsei/upmem-2021.3.0/src/backends/build/CMakeFiles/CMakeTmp'
Building C object CMakeFiles/cmTC_c6ed6.dir/src.c.o
/usr/bin/cc   -Wall -Werror -Wextra -std=gnu11  -O3  -g -DCXX_COMPILES_SSE2_2 -msse2   -o CMakeFiles/cmTC_c6ed6.dir/src.c.o   -c /home/joungwook/pid_comm_tutorial_yonsei/upmem-2021.3.0/src/backends/build/CMakeFiles/CMakeTmp/src.c
/home/joungwook/pid_comm_tutorial_yonsei/upmem-2021.3.0/src/backends/build/CMakeFiles/CMakeTmp/src.c: In function ‘main’:
/home/joungwook/pid_comm_tutorial_yonsei/upmem-2021.3.0/src/backends/build/CMakeFiles/CMakeTmp/src.c:5:13: error: variable ‘a’ set but not used [-Werror=unused-but-set-variable]
    5 |     __m128d a;
      |             ^
cc1: all warnings being treated as errors
CMakeFiles/cmTC_c6ed6.dir/build.make:82: recipe for target 'CMakeFiles/cmTC_c6ed6.dir/src.c.o' failed
make[1]: *** [CMakeFiles/cmTC_c6ed6.dir/src.c.o] Error 1
make[1]: Leaving directory '/home/joungwook/pid_comm_tutorial_yonsei/upmem-2021.3.0/src/backends/build/CMakeFiles/CMakeTmp'
Makefile:138: recipe for target 'cmTC_c6ed6/fast' failed
make: *** [cmTC_c6ed6/fast] Error 2


Source file was:

  #include <emmintrin.h>
  int main()
  {
    __m128d a;
    double vals[2] = {0,0};
    a = _mm_loadu_pd(vals);
    return 0;
  }
Performing C SOURCE FILE Test CXX_HAS_SSE2_3 failed with the following compile output:
Change Dir: /home/joungwook/pid_comm_tutorial_yonsei/upmem-2021.3.0/src/backends/build/CMakeFiles/CMakeTmp

Run Build Command(s):/usr/bin/make cmTC_31182/fast && /usr/bin/make -f CMakeFiles/cmTC_31182.dir/build.make CMakeFiles/cmTC_31182.dir/build
make[1]: Entering directory '/home/joungwook/pid_comm_tutorial_yonsei/upmem-2021.3.0/src/backends/build/CMakeFiles/CMakeTmp'
Building C object CMakeFiles/cmTC_31182.dir/src.c.o
/usr/bin/cc   -Wall -Werror -Wextra -std=gnu11  -O3  -g -DCXX_HAS_SSE2_3 /arch:SSE2   -o CMakeFiles/cmTC_31182.dir/src.c.o   -c /home/joungwook/pid_comm_tutorial_yonsei/upmem-2021.3.0/src/backends/build/CMakeFiles/CMakeTmp/src.c
cc: error: /arch:SSE2: No such file or directory
CMakeFiles/cmTC_31182.dir/build.make:82: recipe for target 'CMakeFiles/cmTC_31182.dir/src.c.o' failed
make[1]: *** [CMakeFiles/cmTC_31182.dir/src.c.o] Error 1
make[1]: Leaving directory '/home/joungwook/pid_comm_tutorial_yonsei/upmem-2021.3.0/src/backends/build/CMakeFiles/CMakeTmp'
Makefile:138: recipe for target 'cmTC_31182/fast' failed
make: *** [cmTC_31182/fast] Error 2


...and run output:

Return value: 1
Source file was:

  #include <emmintrin.h>
  int main()
  {
    __m128d a;
    double vals[2] = {0,0};
    a = _mm_loadu_pd(vals);
    return 0;
  }
Performing C SOURCE FILE Test CXX_COMPILES_SSE2_3 failed with the following output:
Change Dir: /home/joungwook/pid_comm_tutorial_yonsei/upmem-2021.3.0/src/backends/build/CMakeFiles/CMakeTmp

Run Build Command(s):/usr/bin/make cmTC_fff5a/fast && /usr/bin/make -f CMakeFiles/cmTC_fff5a.dir/build.make CMakeFiles/cmTC_fff5a.dir/build
make[1]: Entering directory '/home/joungwook/pid_comm_tutorial_yonsei/upmem-2021.3.0/src/backends/build/CMakeFiles/CMakeTmp'
Building C object CMakeFiles/cmTC_fff5a.dir/src.c.o
/usr/bin/cc   -Wall -Werror -Wextra -std=gnu11  -O3  -g -DCXX_COMPILES_SSE2_3 /arch:SSE2   -o CMakeFiles/cmTC_fff5a.dir/src.c.o   -c /home/joungwook/pid_comm_tutorial_yonsei/upmem-2021.3.0/src/backends/build/CMakeFiles/CMakeTmp/src.c
cc: error: /arch:SSE2: No such file or directory
CMakeFiles/cmTC_fff5a.dir/build.make:82: recipe for target 'CMakeFiles/cmTC_fff5a.dir/src.c.o' failed
make[1]: *** [CMakeFiles/cmTC_fff5a.dir/src.c.o] Error 1
make[1]: Leaving directory '/home/joungwook/pid_comm_tutorial_yonsei/upmem-2021.3.0/src/backends/build/CMakeFiles/CMakeTmp'
Makefile:138: recipe for target 'cmTC_fff5a/fast' failed
make: *** [cmTC_fff5a/fast] Error 2


Source file was:

  #include <emmintrin.h>
  int main()
  {
    __m128d a;
    double vals[2] = {0,0};
    a = _mm_loadu_pd(vals);
    return 0;
  }
Performing C SOURCE FILE Test CXX_HAS_SSE3_1 failed with the following compile output:
Change Dir: /home/joungwook/pid_comm_tutorial_yonsei/upmem-2021.3.0/src/backends/build/CMakeFiles/CMakeTmp

Run Build Command(s):/usr/bin/make cmTC_8e1ca/fast && /usr/bin/make -f CMakeFiles/cmTC_8e1ca.dir/build.make CMakeFiles/cmTC_8e1ca.dir/build
make[1]: Entering directory '/home/joungwook/pid_comm_tutorial_yonsei/upmem-2021.3.0/src/backends/build/CMakeFiles/CMakeTmp'
Building C object CMakeFiles/cmTC_8e1ca.dir/src.c.o
/usr/bin/cc   -Wall -Werror -Wextra -std=gnu11  -O3  -g -DCXX_HAS_SSE3_1   -o CMakeFiles/cmTC_8e1ca.dir/src.c.o   -c /home/joungwook/pid_comm_tutorial_yonsei/upmem-2021.3.0/src/backends/build/CMakeFiles/CMakeTmp/src.c
/home/joungwook/pid_comm_tutorial_yonsei/upmem-2021.3.0/src/backends/build/CMakeFiles/CMakeTmp/src.c: In function ‘main’:
/home/joungwook/pid_comm_tutorial_yonsei/upmem-2021.3.0/src/backends/build/CMakeFiles/CMakeTmp/src.c:6:13: error: variable ‘a’ set but not used [-Werror=unused-but-set-variable]
    6 |     __m128i a;
      |             ^
In file included from /home/joungwook/pid_comm_tutorial_yonsei/upmem-2021.3.0/src/backends/build/CMakeFiles/CMakeTmp/src.c:2:
/usr/lib/gcc/x86_64-linux-gnu/9/include/pmmintrin.h:110:1: error: inlining failed in call to always_inline ‘_mm_lddqu_si128’: target specific option mismatch
  110 | _mm_lddqu_si128 (__m128i const *__P)
      | ^~~~~~~~~~~~~~~
/home/joungwook/pid_comm_tutorial_yonsei/upmem-2021.3.0/src/backends/build/CMakeFiles/CMakeTmp/src.c:7:9: note: called from here
    7 |     a = _mm_lddqu_si128( (const __m128i*)vals );
      |         ^~~~~~~~~~~~~~~~~~~~~~~~~~~~~~~~~~~~~~~
cc1: all warnings being treated as errors
CMakeFiles/cmTC_8e1ca.dir/build.make:82: recipe for target 'CMakeFiles/cmTC_8e1ca.dir/src.c.o' failed
make[1]: *** [CMakeFiles/cmTC_8e1ca.dir/src.c.o] Error 1
make[1]: Leaving directory '/home/joungwook/pid_comm_tutorial_yonsei/upmem-2021.3.0/src/backends/build/CMakeFiles/CMakeTmp'
Makefile:138: recipe for target 'cmTC_8e1ca/fast' failed
make: *** [cmTC_8e1ca/fast] Error 2


...and run output:

Return value: 1
Source file was:

  #include <pmmintrin.h>
  int main( )
  {
    const int vals[4] = {0,0,0,0};
    __m128i a;
    a = _mm_lddqu_si128( (const __m128i*)vals );
    return 0;
  }
Performing C SOURCE FILE Test CXX_COMPILES_SSE3_1 failed with the following output:
Change Dir: /home/joungwook/pid_comm_tutorial_yonsei/upmem-2021.3.0/src/backends/build/CMakeFiles/CMakeTmp

Run Build Command(s):/usr/bin/make cmTC_e3ee0/fast && /usr/bin/make -f CMakeFiles/cmTC_e3ee0.dir/build.make CMakeFiles/cmTC_e3ee0.dir/build
make[1]: Entering directory '/home/joungwook/pid_comm_tutorial_yonsei/upmem-2021.3.0/src/backends/build/CMakeFiles/CMakeTmp'
Building C object CMakeFiles/cmTC_e3ee0.dir/src.c.o
/usr/bin/cc   -Wall -Werror -Wextra -std=gnu11  -O3  -g -DCXX_COMPILES_SSE3_1   -o CMakeFiles/cmTC_e3ee0.dir/src.c.o   -c /home/joungwook/pid_comm_tutorial_yonsei/upmem-2021.3.0/src/backends/build/CMakeFiles/CMakeTmp/src.c
/home/joungwook/pid_comm_tutorial_yonsei/upmem-2021.3.0/src/backends/build/CMakeFiles/CMakeTmp/src.c: In function ‘main’:
/home/joungwook/pid_comm_tutorial_yonsei/upmem-2021.3.0/src/backends/build/CMakeFiles/CMakeTmp/src.c:6:13: error: variable ‘a’ set but not used [-Werror=unused-but-set-variable]
    6 |     __m128i a;
      |             ^
In file included from /home/joungwook/pid_comm_tutorial_yonsei/upmem-2021.3.0/src/backends/build/CMakeFiles/CMakeTmp/src.c:2:
/usr/lib/gcc/x86_64-linux-gnu/9/include/pmmintrin.h:110:1: error: inlining failed in call to always_inline ‘_mm_lddqu_si128’: target specific option mismatch
  110 | _mm_lddqu_si128 (__m128i const *__P)
      | ^~~~~~~~~~~~~~~
/home/joungwook/pid_comm_tutorial_yonsei/upmem-2021.3.0/src/backends/build/CMakeFiles/CMakeTmp/src.c:7:9: note: called from here
    7 |     a = _mm_lddqu_si128( (const __m128i*)vals );
      |         ^~~~~~~~~~~~~~~~~~~~~~~~~~~~~~~~~~~~~~~
cc1: all warnings being treated as errors
CMakeFiles/cmTC_e3ee0.dir/build.make:82: recipe for target 'CMakeFiles/cmTC_e3ee0.dir/src.c.o' failed
make[1]: *** [CMakeFiles/cmTC_e3ee0.dir/src.c.o] Error 1
make[1]: Leaving directory '/home/joungwook/pid_comm_tutorial_yonsei/upmem-2021.3.0/src/backends/build/CMakeFiles/CMakeTmp'
Makefile:138: recipe for target 'cmTC_e3ee0/fast' failed
make: *** [cmTC_e3ee0/fast] Error 2


Source file was:

  #include <pmmintrin.h>
  int main( )
  {
    const int vals[4] = {0,0,0,0};
    __m128i a;
    a = _mm_lddqu_si128( (const __m128i*)vals );
    return 0;
  }
Performing C SOURCE FILE Test CXX_HAS_SSE3_2 failed with the following compile output:
Change Dir: /home/joungwook/pid_comm_tutorial_yonsei/upmem-2021.3.0/src/backends/build/CMakeFiles/CMakeTmp

Run Build Command(s):/usr/bin/make cmTC_66429/fast && /usr/bin/make -f CMakeFiles/cmTC_66429.dir/build.make CMakeFiles/cmTC_66429.dir/build
make[1]: Entering directory '/home/joungwook/pid_comm_tutorial_yonsei/upmem-2021.3.0/src/backends/build/CMakeFiles/CMakeTmp'
Building C object CMakeFiles/cmTC_66429.dir/src.c.o
/usr/bin/cc   -Wall -Werror -Wextra -std=gnu11  -O3  -g -DCXX_HAS_SSE3_2 -msse3   -o CMakeFiles/cmTC_66429.dir/src.c.o   -c /home/joungwook/pid_comm_tutorial_yonsei/upmem-2021.3.0/src/backends/build/CMakeFiles/CMakeTmp/src.c
/home/joungwook/pid_comm_tutorial_yonsei/upmem-2021.3.0/src/backends/build/CMakeFiles/CMakeTmp/src.c: In function ‘main’:
/home/joungwook/pid_comm_tutorial_yonsei/upmem-2021.3.0/src/backends/build/CMakeFiles/CMakeTmp/src.c:6:13: error: variable ‘a’ set but not used [-Werror=unused-but-set-variable]
    6 |     __m128i a;
      |             ^
cc1: all warnings being treated as errors
CMakeFiles/cmTC_66429.dir/build.make:82: recipe for target 'CMakeFiles/cmTC_66429.dir/src.c.o' failed
make[1]: *** [CMakeFiles/cmTC_66429.dir/src.c.o] Error 1
make[1]: Leaving directory '/home/joungwook/pid_comm_tutorial_yonsei/upmem-2021.3.0/src/backends/build/CMakeFiles/CMakeTmp'
Makefile:138: recipe for target 'cmTC_66429/fast' failed
make: *** [cmTC_66429/fast] Error 2


...and run output:

Return value: 1
Source file was:

  #include <pmmintrin.h>
  int main( )
  {
    const int vals[4] = {0,0,0,0};
    __m128i a;
    a = _mm_lddqu_si128( (const __m128i*)vals );
    return 0;
  }
Performing C SOURCE FILE Test CXX_COMPILES_SSE3_2 failed with the following output:
Change Dir: /home/joungwook/pid_comm_tutorial_yonsei/upmem-2021.3.0/src/backends/build/CMakeFiles/CMakeTmp

Run Build Command(s):/usr/bin/make cmTC_7d560/fast && /usr/bin/make -f CMakeFiles/cmTC_7d560.dir/build.make CMakeFiles/cmTC_7d560.dir/build
make[1]: Entering directory '/home/joungwook/pid_comm_tutorial_yonsei/upmem-2021.3.0/src/backends/build/CMakeFiles/CMakeTmp'
Building C object CMakeFiles/cmTC_7d560.dir/src.c.o
/usr/bin/cc   -Wall -Werror -Wextra -std=gnu11  -O3  -g -DCXX_COMPILES_SSE3_2 -msse3   -o CMakeFiles/cmTC_7d560.dir/src.c.o   -c /home/joungwook/pid_comm_tutorial_yonsei/upmem-2021.3.0/src/backends/build/CMakeFiles/CMakeTmp/src.c
/home/joungwook/pid_comm_tutorial_yonsei/upmem-2021.3.0/src/backends/build/CMakeFiles/CMakeTmp/src.c: In function ‘main’:
/home/joungwook/pid_comm_tutorial_yonsei/upmem-2021.3.0/src/backends/build/CMakeFiles/CMakeTmp/src.c:6:13: error: variable ‘a’ set but not used [-Werror=unused-but-set-variable]
    6 |     __m128i a;
      |             ^
cc1: all warnings being treated as errors
CMakeFiles/cmTC_7d560.dir/build.make:82: recipe for target 'CMakeFiles/cmTC_7d560.dir/src.c.o' failed
make[1]: *** [CMakeFiles/cmTC_7d560.dir/src.c.o] Error 1
make[1]: Leaving directory '/home/joungwook/pid_comm_tutorial_yonsei/upmem-2021.3.0/src/backends/build/CMakeFiles/CMakeTmp'
Makefile:138: recipe for target 'cmTC_7d560/fast' failed
make: *** [cmTC_7d560/fast] Error 2


Source file was:

  #include <pmmintrin.h>
  int main( )
  {
    const int vals[4] = {0,0,0,0};
    __m128i a;
    a = _mm_lddqu_si128( (const __m128i*)vals );
    return 0;
  }
Performing C SOURCE FILE Test CXX_HAS_SSE3_3 failed with the following compile output:
Change Dir: /home/joungwook/pid_comm_tutorial_yonsei/upmem-2021.3.0/src/backends/build/CMakeFiles/CMakeTmp

Run Build Command(s):/usr/bin/make cmTC_92ea2/fast && /usr/bin/make -f CMakeFiles/cmTC_92ea2.dir/build.make CMakeFiles/cmTC_92ea2.dir/build
make[1]: Entering directory '/home/joungwook/pid_comm_tutorial_yonsei/upmem-2021.3.0/src/backends/build/CMakeFiles/CMakeTmp'
Building C object CMakeFiles/cmTC_92ea2.dir/src.c.o
/usr/bin/cc   -Wall -Werror -Wextra -std=gnu11  -O3  -g -DCXX_HAS_SSE3_3 /arch:SSE3   -o CMakeFiles/cmTC_92ea2.dir/src.c.o   -c /home/joungwook/pid_comm_tutorial_yonsei/upmem-2021.3.0/src/backends/build/CMakeFiles/CMakeTmp/src.c
cc: error: /arch:SSE3: No such file or directory
CMakeFiles/cmTC_92ea2.dir/build.make:82: recipe for target 'CMakeFiles/cmTC_92ea2.dir/src.c.o' failed
make[1]: *** [CMakeFiles/cmTC_92ea2.dir/src.c.o] Error 1
make[1]: Leaving directory '/home/joungwook/pid_comm_tutorial_yonsei/upmem-2021.3.0/src/backends/build/CMakeFiles/CMakeTmp'
Makefile:138: recipe for target 'cmTC_92ea2/fast' failed
make: *** [cmTC_92ea2/fast] Error 2


...and run output:

Return value: 1
Source file was:

  #include <pmmintrin.h>
  int main( )
  {
    const int vals[4] = {0,0,0,0};
    __m128i a;
    a = _mm_lddqu_si128( (const __m128i*)vals );
    return 0;
  }
Performing C SOURCE FILE Test CXX_COMPILES_SSE3_3 failed with the following output:
Change Dir: /home/joungwook/pid_comm_tutorial_yonsei/upmem-2021.3.0/src/backends/build/CMakeFiles/CMakeTmp

Run Build Command(s):/usr/bin/make cmTC_25323/fast && /usr/bin/make -f CMakeFiles/cmTC_25323.dir/build.make CMakeFiles/cmTC_25323.dir/build
make[1]: Entering directory '/home/joungwook/pid_comm_tutorial_yonsei/upmem-2021.3.0/src/backends/build/CMakeFiles/CMakeTmp'
Building C object CMakeFiles/cmTC_25323.dir/src.c.o
/usr/bin/cc   -Wall -Werror -Wextra -std=gnu11  -O3  -g -DCXX_COMPILES_SSE3_3 /arch:SSE3   -o CMakeFiles/cmTC_25323.dir/src.c.o   -c /home/joungwook/pid_comm_tutorial_yonsei/upmem-2021.3.0/src/backends/build/CMakeFiles/CMakeTmp/src.c
cc: error: /arch:SSE3: No such file or directory
CMakeFiles/cmTC_25323.dir/build.make:82: recipe for target 'CMakeFiles/cmTC_25323.dir/src.c.o' failed
make[1]: *** [CMakeFiles/cmTC_25323.dir/src.c.o] Error 1
make[1]: Leaving directory '/home/joungwook/pid_comm_tutorial_yonsei/upmem-2021.3.0/src/backends/build/CMakeFiles/CMakeTmp'
Makefile:138: recipe for target 'cmTC_25323/fast' failed
make: *** [cmTC_25323/fast] Error 2


Source file was:

  #include <pmmintrin.h>
  int main( )
  {
    const int vals[4] = {0,0,0,0};
    __m128i a;
    a = _mm_lddqu_si128( (const __m128i*)vals );
    return 0;
  }
Performing C SOURCE FILE Test CXX_HAS_SSE4_1_1 failed with the following compile output:
Change Dir: /home/joungwook/pid_comm_tutorial_yonsei/upmem-2021.3.0/src/backends/build/CMakeFiles/CMakeTmp

Run Build Command(s):/usr/bin/make cmTC_441d0/fast && /usr/bin/make -f CMakeFiles/cmTC_441d0.dir/build.make CMakeFiles/cmTC_441d0.dir/build
make[1]: Entering directory '/home/joungwook/pid_comm_tutorial_yonsei/upmem-2021.3.0/src/backends/build/CMakeFiles/CMakeTmp'
Building C object CMakeFiles/cmTC_441d0.dir/src.c.o
/usr/bin/cc   -Wall -Werror -Wextra -std=gnu11  -O3  -g -DCXX_HAS_SSE4_1_1   -o CMakeFiles/cmTC_441d0.dir/src.c.o   -c /home/joungwook/pid_comm_tutorial_yonsei/upmem-2021.3.0/src/backends/build/CMakeFiles/CMakeTmp/src.c
/home/joungwook/pid_comm_tutorial_yonsei/upmem-2021.3.0/src/backends/build/CMakeFiles/CMakeTmp/src.c: In function ‘main’:
/home/joungwook/pid_comm_tutorial_yonsei/upmem-2021.3.0/src/backends/build/CMakeFiles/CMakeTmp/src.c:5:22: error: excess elements in vector initializer [-Werror]
    5 |     __m128i a = {0,0,0,0}, b = {0,0,0,0};
      |                      ^
/home/joungwook/pid_comm_tutorial_yonsei/upmem-2021.3.0/src/backends/build/CMakeFiles/CMakeTmp/src.c:5:22: note: (near initialization for ‘a’)
/home/joungwook/pid_comm_tutorial_yonsei/upmem-2021.3.0/src/backends/build/CMakeFiles/CMakeTmp/src.c:5:24: error: excess elements in vector initializer [-Werror]
    5 |     __m128i a = {0,0,0,0}, b = {0,0,0,0};
      |                        ^
/home/joungwook/pid_comm_tutorial_yonsei/upmem-2021.3.0/src/backends/build/CMakeFiles/CMakeTmp/src.c:5:24: note: (near initialization for ‘a’)
/home/joungwook/pid_comm_tutorial_yonsei/upmem-2021.3.0/src/backends/build/CMakeFiles/CMakeTmp/src.c:5:37: error: excess elements in vector initializer [-Werror]
    5 |     __m128i a = {0,0,0,0}, b = {0,0,0,0};
      |                                     ^
/home/joungwook/pid_comm_tutorial_yonsei/upmem-2021.3.0/src/backends/build/CMakeFiles/CMakeTmp/src.c:5:37: note: (near initialization for ‘b’)
/home/joungwook/pid_comm_tutorial_yonsei/upmem-2021.3.0/src/backends/build/CMakeFiles/CMakeTmp/src.c:5:39: error: excess elements in vector initializer [-Werror]
    5 |     __m128i a = {0,0,0,0}, b = {0,0,0,0};
      |                                       ^
/home/joungwook/pid_comm_tutorial_yonsei/upmem-2021.3.0/src/backends/build/CMakeFiles/CMakeTmp/src.c:5:39: note: (near initialization for ‘b’)
/home/joungwook/pid_comm_tutorial_yonsei/upmem-2021.3.0/src/backends/build/CMakeFiles/CMakeTmp/src.c:6:13: error: unused variable ‘res’ [-Werror=unused-variable]
    6 |     __m128i res = _mm_max_epi8(a, b);
      |             ^~~
In file included from /home/joungwook/pid_comm_tutorial_yonsei/upmem-2021.3.0/src/backends/build/CMakeFiles/CMakeTmp/src.c:2:
/usr/lib/gcc/x86_64-linux-gnu/9/include/smmintrin.h:282:1: error: inlining failed in call to always_inline ‘_mm_max_epi8’: target specific option mismatch
  282 | _mm_max_epi8 (__m128i __X, __m128i __Y)
      | ^~~~~~~~~~~~
/home/joungwook/pid_comm_tutorial_yonsei/upmem-2021.3.0/src/backends/build/CMakeFiles/CMakeTmp/src.c:6:19: note: called from here
    6 |     __m128i res = _mm_max_epi8(a, b);
      |                   ^~~~~~~~~~~~~~~~~~
cc1: all warnings being treated as errors
CMakeFiles/cmTC_441d0.dir/build.make:82: recipe for target 'CMakeFiles/cmTC_441d0.dir/src.c.o' failed
make[1]: *** [CMakeFiles/cmTC_441d0.dir/src.c.o] Error 1
make[1]: Leaving directory '/home/joungwook/pid_comm_tutorial_yonsei/upmem-2021.3.0/src/backends/build/CMakeFiles/CMakeTmp'
Makefile:138: recipe for target 'cmTC_441d0/fast' failed
make: *** [cmTC_441d0/fast] Error 2


...and run output:

Return value: 1
Source file was:

  #include <smmintrin.h>
  int main ()
  {
    __m128i a = {0,0,0,0}, b = {0,0,0,0};
    __m128i res = _mm_max_epi8(a, b);
    return 0;
  }

Performing C SOURCE FILE Test CXX_COMPILES_SSE4_1_1 failed with the following output:
Change Dir: /home/joungwook/pid_comm_tutorial_yonsei/upmem-2021.3.0/src/backends/build/CMakeFiles/CMakeTmp

Run Build Command(s):/usr/bin/make cmTC_33504/fast && /usr/bin/make -f CMakeFiles/cmTC_33504.dir/build.make CMakeFiles/cmTC_33504.dir/build
make[1]: Entering directory '/home/joungwook/pid_comm_tutorial_yonsei/upmem-2021.3.0/src/backends/build/CMakeFiles/CMakeTmp'
Building C object CMakeFiles/cmTC_33504.dir/src.c.o
/usr/bin/cc   -Wall -Werror -Wextra -std=gnu11  -O3  -g -DCXX_COMPILES_SSE4_1_1   -o CMakeFiles/cmTC_33504.dir/src.c.o   -c /home/joungwook/pid_comm_tutorial_yonsei/upmem-2021.3.0/src/backends/build/CMakeFiles/CMakeTmp/src.c
/home/joungwook/pid_comm_tutorial_yonsei/upmem-2021.3.0/src/backends/build/CMakeFiles/CMakeTmp/src.c: In function ‘main’:
/home/joungwook/pid_comm_tutorial_yonsei/upmem-2021.3.0/src/backends/build/CMakeFiles/CMakeTmp/src.c:5:22: error: excess elements in vector initializer [-Werror]
    5 |     __m128i a = {0,0,0,0}, b = {0,0,0,0};
      |                      ^
/home/joungwook/pid_comm_tutorial_yonsei/upmem-2021.3.0/src/backends/build/CMakeFiles/CMakeTmp/src.c:5:22: note: (near initialization for ‘a’)
/home/joungwook/pid_comm_tutorial_yonsei/upmem-2021.3.0/src/backends/build/CMakeFiles/CMakeTmp/src.c:5:24: error: excess elements in vector initializer [-Werror]
    5 |     __m128i a = {0,0,0,0}, b = {0,0,0,0};
      |                        ^
/home/joungwook/pid_comm_tutorial_yonsei/upmem-2021.3.0/src/backends/build/CMakeFiles/CMakeTmp/src.c:5:24: note: (near initialization for ‘a’)
/home/joungwook/pid_comm_tutorial_yonsei/upmem-2021.3.0/src/backends/build/CMakeFiles/CMakeTmp/src.c:5:37: error: excess elements in vector initializer [-Werror]
    5 |     __m128i a = {0,0,0,0}, b = {0,0,0,0};
      |                                     ^
/home/joungwook/pid_comm_tutorial_yonsei/upmem-2021.3.0/src/backends/build/CMakeFiles/CMakeTmp/src.c:5:37: note: (near initialization for ‘b’)
/home/joungwook/pid_comm_tutorial_yonsei/upmem-2021.3.0/src/backends/build/CMakeFiles/CMakeTmp/src.c:5:39: error: excess elements in vector initializer [-Werror]
    5 |     __m128i a = {0,0,0,0}, b = {0,0,0,0};
      |                                       ^
/home/joungwook/pid_comm_tutorial_yonsei/upmem-2021.3.0/src/backends/build/CMakeFiles/CMakeTmp/src.c:5:39: note: (near initialization for ‘b’)
/home/joungwook/pid_comm_tutorial_yonsei/upmem-2021.3.0/src/backends/build/CMakeFiles/CMakeTmp/src.c:6:13: error: unused variable ‘res’ [-Werror=unused-variable]
    6 |     __m128i res = _mm_max_epi8(a, b);
      |             ^~~
In file included from /home/joungwook/pid_comm_tutorial_yonsei/upmem-2021.3.0/src/backends/build/CMakeFiles/CMakeTmp/src.c:2:
/usr/lib/gcc/x86_64-linux-gnu/9/include/smmintrin.h:282:1: error: inlining failed in call to always_inline ‘_mm_max_epi8’: target specific option mismatch
  282 | _mm_max_epi8 (__m128i __X, __m128i __Y)
      | ^~~~~~~~~~~~
/home/joungwook/pid_comm_tutorial_yonsei/upmem-2021.3.0/src/backends/build/CMakeFiles/CMakeTmp/src.c:6:19: note: called from here
    6 |     __m128i res = _mm_max_epi8(a, b);
      |                   ^~~~~~~~~~~~~~~~~~
cc1: all warnings being treated as errors
CMakeFiles/cmTC_33504.dir/build.make:82: recipe for target 'CMakeFiles/cmTC_33504.dir/src.c.o' failed
make[1]: *** [CMakeFiles/cmTC_33504.dir/src.c.o] Error 1
make[1]: Leaving directory '/home/joungwook/pid_comm_tutorial_yonsei/upmem-2021.3.0/src/backends/build/CMakeFiles/CMakeTmp'
Makefile:138: recipe for target 'cmTC_33504/fast' failed
make: *** [cmTC_33504/fast] Error 2


Source file was:

  #include <smmintrin.h>
  int main ()
  {
    __m128i a = {0,0,0,0}, b = {0,0,0,0};
    __m128i res = _mm_max_epi8(a, b);
    return 0;
  }

Performing C SOURCE FILE Test CXX_HAS_SSE4_1_2 failed with the following compile output:
Change Dir: /home/joungwook/pid_comm_tutorial_yonsei/upmem-2021.3.0/src/backends/build/CMakeFiles/CMakeTmp

Run Build Command(s):/usr/bin/make cmTC_d976f/fast && /usr/bin/make -f CMakeFiles/cmTC_d976f.dir/build.make CMakeFiles/cmTC_d976f.dir/build
make[1]: Entering directory '/home/joungwook/pid_comm_tutorial_yonsei/upmem-2021.3.0/src/backends/build/CMakeFiles/CMakeTmp'
Building C object CMakeFiles/cmTC_d976f.dir/src.c.o
/usr/bin/cc   -Wall -Werror -Wextra -std=gnu11  -O3  -g -DCXX_HAS_SSE4_1_2 -msse4.1   -o CMakeFiles/cmTC_d976f.dir/src.c.o   -c /home/joungwook/pid_comm_tutorial_yonsei/upmem-2021.3.0/src/backends/build/CMakeFiles/CMakeTmp/src.c
/home/joungwook/pid_comm_tutorial_yonsei/upmem-2021.3.0/src/backends/build/CMakeFiles/CMakeTmp/src.c: In function ‘main’:
/home/joungwook/pid_comm_tutorial_yonsei/upmem-2021.3.0/src/backends/build/CMakeFiles/CMakeTmp/src.c:5:22: error: excess elements in vector initializer [-Werror]
    5 |     __m128i a = {0,0,0,0}, b = {0,0,0,0};
      |                      ^
/home/joungwook/pid_comm_tutorial_yonsei/upmem-2021.3.0/src/backends/build/CMakeFiles/CMakeTmp/src.c:5:22: note: (near initialization for ‘a’)
/home/joungwook/pid_comm_tutorial_yonsei/upmem-2021.3.0/src/backends/build/CMakeFiles/CMakeTmp/src.c:5:24: error: excess elements in vector initializer [-Werror]
    5 |     __m128i a = {0,0,0,0}, b = {0,0,0,0};
      |                        ^
/home/joungwook/pid_comm_tutorial_yonsei/upmem-2021.3.0/src/backends/build/CMakeFiles/CMakeTmp/src.c:5:24: note: (near initialization for ‘a’)
/home/joungwook/pid_comm_tutorial_yonsei/upmem-2021.3.0/src/backends/build/CMakeFiles/CMakeTmp/src.c:5:37: error: excess elements in vector initializer [-Werror]
    5 |     __m128i a = {0,0,0,0}, b = {0,0,0,0};
      |                                     ^
/home/joungwook/pid_comm_tutorial_yonsei/upmem-2021.3.0/src/backends/build/CMakeFiles/CMakeTmp/src.c:5:37: note: (near initialization for ‘b’)
/home/joungwook/pid_comm_tutorial_yonsei/upmem-2021.3.0/src/backends/build/CMakeFiles/CMakeTmp/src.c:5:39: error: excess elements in vector initializer [-Werror]
    5 |     __m128i a = {0,0,0,0}, b = {0,0,0,0};
      |                                       ^
/home/joungwook/pid_comm_tutorial_yonsei/upmem-2021.3.0/src/backends/build/CMakeFiles/CMakeTmp/src.c:5:39: note: (near initialization for ‘b’)
/home/joungwook/pid_comm_tutorial_yonsei/upmem-2021.3.0/src/backends/build/CMakeFiles/CMakeTmp/src.c:6:13: error: unused variable ‘res’ [-Werror=unused-variable]
    6 |     __m128i res = _mm_max_epi8(a, b);
      |             ^~~
cc1: all warnings being treated as errors
CMakeFiles/cmTC_d976f.dir/build.make:82: recipe for target 'CMakeFiles/cmTC_d976f.dir/src.c.o' failed
make[1]: *** [CMakeFiles/cmTC_d976f.dir/src.c.o] Error 1
make[1]: Leaving directory '/home/joungwook/pid_comm_tutorial_yonsei/upmem-2021.3.0/src/backends/build/CMakeFiles/CMakeTmp'
Makefile:138: recipe for target 'cmTC_d976f/fast' failed
make: *** [cmTC_d976f/fast] Error 2


...and run output:

Return value: 1
Source file was:

  #include <smmintrin.h>
  int main ()
  {
    __m128i a = {0,0,0,0}, b = {0,0,0,0};
    __m128i res = _mm_max_epi8(a, b);
    return 0;
  }

Performing C SOURCE FILE Test CXX_COMPILES_SSE4_1_2 failed with the following output:
Change Dir: /home/joungwook/pid_comm_tutorial_yonsei/upmem-2021.3.0/src/backends/build/CMakeFiles/CMakeTmp

Run Build Command(s):/usr/bin/make cmTC_1f857/fast && /usr/bin/make -f CMakeFiles/cmTC_1f857.dir/build.make CMakeFiles/cmTC_1f857.dir/build
make[1]: Entering directory '/home/joungwook/pid_comm_tutorial_yonsei/upmem-2021.3.0/src/backends/build/CMakeFiles/CMakeTmp'
Building C object CMakeFiles/cmTC_1f857.dir/src.c.o
/usr/bin/cc   -Wall -Werror -Wextra -std=gnu11  -O3  -g -DCXX_COMPILES_SSE4_1_2 -msse4.1   -o CMakeFiles/cmTC_1f857.dir/src.c.o   -c /home/joungwook/pid_comm_tutorial_yonsei/upmem-2021.3.0/src/backends/build/CMakeFiles/CMakeTmp/src.c
/home/joungwook/pid_comm_tutorial_yonsei/upmem-2021.3.0/src/backends/build/CMakeFiles/CMakeTmp/src.c: In function ‘main’:
/home/joungwook/pid_comm_tutorial_yonsei/upmem-2021.3.0/src/backends/build/CMakeFiles/CMakeTmp/src.c:5:22: error: excess elements in vector initializer [-Werror]
    5 |     __m128i a = {0,0,0,0}, b = {0,0,0,0};
      |                      ^
/home/joungwook/pid_comm_tutorial_yonsei/upmem-2021.3.0/src/backends/build/CMakeFiles/CMakeTmp/src.c:5:22: note: (near initialization for ‘a’)
/home/joungwook/pid_comm_tutorial_yonsei/upmem-2021.3.0/src/backends/build/CMakeFiles/CMakeTmp/src.c:5:24: error: excess elements in vector initializer [-Werror]
    5 |     __m128i a = {0,0,0,0}, b = {0,0,0,0};
      |                        ^
/home/joungwook/pid_comm_tutorial_yonsei/upmem-2021.3.0/src/backends/build/CMakeFiles/CMakeTmp/src.c:5:24: note: (near initialization for ‘a’)
/home/joungwook/pid_comm_tutorial_yonsei/upmem-2021.3.0/src/backends/build/CMakeFiles/CMakeTmp/src.c:5:37: error: excess elements in vector initializer [-Werror]
    5 |     __m128i a = {0,0,0,0}, b = {0,0,0,0};
      |                                     ^
/home/joungwook/pid_comm_tutorial_yonsei/upmem-2021.3.0/src/backends/build/CMakeFiles/CMakeTmp/src.c:5:37: note: (near initialization for ‘b’)
/home/joungwook/pid_comm_tutorial_yonsei/upmem-2021.3.0/src/backends/build/CMakeFiles/CMakeTmp/src.c:5:39: error: excess elements in vector initializer [-Werror]
    5 |     __m128i a = {0,0,0,0}, b = {0,0,0,0};
      |                                       ^
/home/joungwook/pid_comm_tutorial_yonsei/upmem-2021.3.0/src/backends/build/CMakeFiles/CMakeTmp/src.c:5:39: note: (near initialization for ‘b’)
/home/joungwook/pid_comm_tutorial_yonsei/upmem-2021.3.0/src/backends/build/CMakeFiles/CMakeTmp/src.c:6:13: error: unused variable ‘res’ [-Werror=unused-variable]
    6 |     __m128i res = _mm_max_epi8(a, b);
      |             ^~~
cc1: all warnings being treated as errors
CMakeFiles/cmTC_1f857.dir/build.make:82: recipe for target 'CMakeFiles/cmTC_1f857.dir/src.c.o' failed
make[1]: *** [CMakeFiles/cmTC_1f857.dir/src.c.o] Error 1
make[1]: Leaving directory '/home/joungwook/pid_comm_tutorial_yonsei/upmem-2021.3.0/src/backends/build/CMakeFiles/CMakeTmp'
Makefile:138: recipe for target 'cmTC_1f857/fast' failed
make: *** [cmTC_1f857/fast] Error 2


Source file was:

  #include <smmintrin.h>
  int main ()
  {
    __m128i a = {0,0,0,0}, b = {0,0,0,0};
    __m128i res = _mm_max_epi8(a, b);
    return 0;
  }

Performing C SOURCE FILE Test CXX_HAS_SSE4_1_3 failed with the following compile output:
Change Dir: /home/joungwook/pid_comm_tutorial_yonsei/upmem-2021.3.0/src/backends/build/CMakeFiles/CMakeTmp

Run Build Command(s):/usr/bin/make cmTC_3a387/fast && /usr/bin/make -f CMakeFiles/cmTC_3a387.dir/build.make CMakeFiles/cmTC_3a387.dir/build
make[1]: Entering directory '/home/joungwook/pid_comm_tutorial_yonsei/upmem-2021.3.0/src/backends/build/CMakeFiles/CMakeTmp'
Building C object CMakeFiles/cmTC_3a387.dir/src.c.o
/usr/bin/cc   -Wall -Werror -Wextra -std=gnu11  -O3  -g -DCXX_HAS_SSE4_1_3 -msse4   -o CMakeFiles/cmTC_3a387.dir/src.c.o   -c /home/joungwook/pid_comm_tutorial_yonsei/upmem-2021.3.0/src/backends/build/CMakeFiles/CMakeTmp/src.c
/home/joungwook/pid_comm_tutorial_yonsei/upmem-2021.3.0/src/backends/build/CMakeFiles/CMakeTmp/src.c: In function ‘main’:
/home/joungwook/pid_comm_tutorial_yonsei/upmem-2021.3.0/src/backends/build/CMakeFiles/CMakeTmp/src.c:5:22: error: excess elements in vector initializer [-Werror]
    5 |     __m128i a = {0,0,0,0}, b = {0,0,0,0};
      |                      ^
/home/joungwook/pid_comm_tutorial_yonsei/upmem-2021.3.0/src/backends/build/CMakeFiles/CMakeTmp/src.c:5:22: note: (near initialization for ‘a’)
/home/joungwook/pid_comm_tutorial_yonsei/upmem-2021.3.0/src/backends/build/CMakeFiles/CMakeTmp/src.c:5:24: error: excess elements in vector initializer [-Werror]
    5 |     __m128i a = {0,0,0,0}, b = {0,0,0,0};
      |                        ^
/home/joungwook/pid_comm_tutorial_yonsei/upmem-2021.3.0/src/backends/build/CMakeFiles/CMakeTmp/src.c:5:24: note: (near initialization for ‘a’)
/home/joungwook/pid_comm_tutorial_yonsei/upmem-2021.3.0/src/backends/build/CMakeFiles/CMakeTmp/src.c:5:37: error: excess elements in vector initializer [-Werror]
    5 |     __m128i a = {0,0,0,0}, b = {0,0,0,0};
      |                                     ^
/home/joungwook/pid_comm_tutorial_yonsei/upmem-2021.3.0/src/backends/build/CMakeFiles/CMakeTmp/src.c:5:37: note: (near initialization for ‘b’)
/home/joungwook/pid_comm_tutorial_yonsei/upmem-2021.3.0/src/backends/build/CMakeFiles/CMakeTmp/src.c:5:39: error: excess elements in vector initializer [-Werror]
    5 |     __m128i a = {0,0,0,0}, b = {0,0,0,0};
      |                                       ^
/home/joungwook/pid_comm_tutorial_yonsei/upmem-2021.3.0/src/backends/build/CMakeFiles/CMakeTmp/src.c:5:39: note: (near initialization for ‘b’)
/home/joungwook/pid_comm_tutorial_yonsei/upmem-2021.3.0/src/backends/build/CMakeFiles/CMakeTmp/src.c:6:13: error: unused variable ‘res’ [-Werror=unused-variable]
    6 |     __m128i res = _mm_max_epi8(a, b);
      |             ^~~
cc1: all warnings being treated as errors
CMakeFiles/cmTC_3a387.dir/build.make:82: recipe for target 'CMakeFiles/cmTC_3a387.dir/src.c.o' failed
make[1]: *** [CMakeFiles/cmTC_3a387.dir/src.c.o] Error 1
make[1]: Leaving directory '/home/joungwook/pid_comm_tutorial_yonsei/upmem-2021.3.0/src/backends/build/CMakeFiles/CMakeTmp'
Makefile:138: recipe for target 'cmTC_3a387/fast' failed
make: *** [cmTC_3a387/fast] Error 2


...and run output:

Return value: 1
Source file was:

  #include <smmintrin.h>
  int main ()
  {
    __m128i a = {0,0,0,0}, b = {0,0,0,0};
    __m128i res = _mm_max_epi8(a, b);
    return 0;
  }

Performing C SOURCE FILE Test CXX_COMPILES_SSE4_1_3 failed with the following output:
Change Dir: /home/joungwook/pid_comm_tutorial_yonsei/upmem-2021.3.0/src/backends/build/CMakeFiles/CMakeTmp

Run Build Command(s):/usr/bin/make cmTC_981a5/fast && /usr/bin/make -f CMakeFiles/cmTC_981a5.dir/build.make CMakeFiles/cmTC_981a5.dir/build
make[1]: Entering directory '/home/joungwook/pid_comm_tutorial_yonsei/upmem-2021.3.0/src/backends/build/CMakeFiles/CMakeTmp'
Building C object CMakeFiles/cmTC_981a5.dir/src.c.o
/usr/bin/cc   -Wall -Werror -Wextra -std=gnu11  -O3  -g -DCXX_COMPILES_SSE4_1_3 -msse4   -o CMakeFiles/cmTC_981a5.dir/src.c.o   -c /home/joungwook/pid_comm_tutorial_yonsei/upmem-2021.3.0/src/backends/build/CMakeFiles/CMakeTmp/src.c
/home/joungwook/pid_comm_tutorial_yonsei/upmem-2021.3.0/src/backends/build/CMakeFiles/CMakeTmp/src.c: In function ‘main’:
/home/joungwook/pid_comm_tutorial_yonsei/upmem-2021.3.0/src/backends/build/CMakeFiles/CMakeTmp/src.c:5:22: error: excess elements in vector initializer [-Werror]
    5 |     __m128i a = {0,0,0,0}, b = {0,0,0,0};
      |                      ^
/home/joungwook/pid_comm_tutorial_yonsei/upmem-2021.3.0/src/backends/build/CMakeFiles/CMakeTmp/src.c:5:22: note: (near initialization for ‘a’)
/home/joungwook/pid_comm_tutorial_yonsei/upmem-2021.3.0/src/backends/build/CMakeFiles/CMakeTmp/src.c:5:24: error: excess elements in vector initializer [-Werror]
    5 |     __m128i a = {0,0,0,0}, b = {0,0,0,0};
      |                        ^
/home/joungwook/pid_comm_tutorial_yonsei/upmem-2021.3.0/src/backends/build/CMakeFiles/CMakeTmp/src.c:5:24: note: (near initialization for ‘a’)
/home/joungwook/pid_comm_tutorial_yonsei/upmem-2021.3.0/src/backends/build/CMakeFiles/CMakeTmp/src.c:5:37: error: excess elements in vector initializer [-Werror]
    5 |     __m128i a = {0,0,0,0}, b = {0,0,0,0};
      |                                     ^
/home/joungwook/pid_comm_tutorial_yonsei/upmem-2021.3.0/src/backends/build/CMakeFiles/CMakeTmp/src.c:5:37: note: (near initialization for ‘b’)
/home/joungwook/pid_comm_tutorial_yonsei/upmem-2021.3.0/src/backends/build/CMakeFiles/CMakeTmp/src.c:5:39: error: excess elements in vector initializer [-Werror]
    5 |     __m128i a = {0,0,0,0}, b = {0,0,0,0};
      |                                       ^
/home/joungwook/pid_comm_tutorial_yonsei/upmem-2021.3.0/src/backends/build/CMakeFiles/CMakeTmp/src.c:5:39: note: (near initialization for ‘b’)
/home/joungwook/pid_comm_tutorial_yonsei/upmem-2021.3.0/src/backends/build/CMakeFiles/CMakeTmp/src.c:6:13: error: unused variable ‘res’ [-Werror=unused-variable]
    6 |     __m128i res = _mm_max_epi8(a, b);
      |             ^~~
cc1: all warnings being treated as errors
CMakeFiles/cmTC_981a5.dir/build.make:82: recipe for target 'CMakeFiles/cmTC_981a5.dir/src.c.o' failed
make[1]: *** [CMakeFiles/cmTC_981a5.dir/src.c.o] Error 1
make[1]: Leaving directory '/home/joungwook/pid_comm_tutorial_yonsei/upmem-2021.3.0/src/backends/build/CMakeFiles/CMakeTmp'
Makefile:138: recipe for target 'cmTC_981a5/fast' failed
make: *** [cmTC_981a5/fast] Error 2


Source file was:

  #include <smmintrin.h>
  int main ()
  {
    __m128i a = {0,0,0,0}, b = {0,0,0,0};
    __m128i res = _mm_max_epi8(a, b);
    return 0;
  }

Performing C SOURCE FILE Test CXX_HAS_SSE4_1_4 failed with the following compile output:
Change Dir: /home/joungwook/pid_comm_tutorial_yonsei/upmem-2021.3.0/src/backends/build/CMakeFiles/CMakeTmp

Run Build Command(s):/usr/bin/make cmTC_00127/fast && /usr/bin/make -f CMakeFiles/cmTC_00127.dir/build.make CMakeFiles/cmTC_00127.dir/build
make[1]: Entering directory '/home/joungwook/pid_comm_tutorial_yonsei/upmem-2021.3.0/src/backends/build/CMakeFiles/CMakeTmp'
Building C object CMakeFiles/cmTC_00127.dir/src.c.o
/usr/bin/cc   -Wall -Werror -Wextra -std=gnu11  -O3  -g -DCXX_HAS_SSE4_1_4 /arch:SSE4   -o CMakeFiles/cmTC_00127.dir/src.c.o   -c /home/joungwook/pid_comm_tutorial_yonsei/upmem-2021.3.0/src/backends/build/CMakeFiles/CMakeTmp/src.c
cc: error: /arch:SSE4: No such file or directory
CMakeFiles/cmTC_00127.dir/build.make:82: recipe for target 'CMakeFiles/cmTC_00127.dir/src.c.o' failed
make[1]: *** [CMakeFiles/cmTC_00127.dir/src.c.o] Error 1
make[1]: Leaving directory '/home/joungwook/pid_comm_tutorial_yonsei/upmem-2021.3.0/src/backends/build/CMakeFiles/CMakeTmp'
Makefile:138: recipe for target 'cmTC_00127/fast' failed
make: *** [cmTC_00127/fast] Error 2


...and run output:

Return value: 1
Source file was:

  #include <smmintrin.h>
  int main ()
  {
    __m128i a = {0,0,0,0}, b = {0,0,0,0};
    __m128i res = _mm_max_epi8(a, b);
    return 0;
  }

Performing C SOURCE FILE Test CXX_COMPILES_SSE4_1_4 failed with the following output:
Change Dir: /home/joungwook/pid_comm_tutorial_yonsei/upmem-2021.3.0/src/backends/build/CMakeFiles/CMakeTmp

Run Build Command(s):/usr/bin/make cmTC_d2c7b/fast && /usr/bin/make -f CMakeFiles/cmTC_d2c7b.dir/build.make CMakeFiles/cmTC_d2c7b.dir/build
make[1]: Entering directory '/home/joungwook/pid_comm_tutorial_yonsei/upmem-2021.3.0/src/backends/build/CMakeFiles/CMakeTmp'
Building C object CMakeFiles/cmTC_d2c7b.dir/src.c.o
/usr/bin/cc   -Wall -Werror -Wextra -std=gnu11  -O3  -g -DCXX_COMPILES_SSE4_1_4 /arch:SSE4   -o CMakeFiles/cmTC_d2c7b.dir/src.c.o   -c /home/joungwook/pid_comm_tutorial_yonsei/upmem-2021.3.0/src/backends/build/CMakeFiles/CMakeTmp/src.c
cc: error: /arch:SSE4: No such file or directory
CMakeFiles/cmTC_d2c7b.dir/build.make:82: recipe for target 'CMakeFiles/cmTC_d2c7b.dir/src.c.o' failed
make[1]: *** [CMakeFiles/cmTC_d2c7b.dir/src.c.o] Error 1
make[1]: Leaving directory '/home/joungwook/pid_comm_tutorial_yonsei/upmem-2021.3.0/src/backends/build/CMakeFiles/CMakeTmp'
Makefile:138: recipe for target 'cmTC_d2c7b/fast' failed
make: *** [cmTC_d2c7b/fast] Error 2


Source file was:

  #include <smmintrin.h>
  int main ()
  {
    __m128i a = {0,0,0,0}, b = {0,0,0,0};
    __m128i res = _mm_max_epi8(a, b);
    return 0;
  }

Performing C SOURCE FILE Test CXX_HAS_SSE4_2_1 failed with the following compile output:
Change Dir: /home/joungwook/pid_comm_tutorial_yonsei/upmem-2021.3.0/src/backends/build/CMakeFiles/CMakeTmp

Run Build Command(s):/usr/bin/make cmTC_7b421/fast && /usr/bin/make -f CMakeFiles/cmTC_7b421.dir/build.make CMakeFiles/cmTC_7b421.dir/build
make[1]: Entering directory '/home/joungwook/pid_comm_tutorial_yonsei/upmem-2021.3.0/src/backends/build/CMakeFiles/CMakeTmp'
Building C object CMakeFiles/cmTC_7b421.dir/src.c.o
/usr/bin/cc   -Wall -Werror -Wextra -std=gnu11  -O3  -g -DCXX_HAS_SSE4_2_1   -o CMakeFiles/cmTC_7b421.dir/src.c.o   -c /home/joungwook/pid_comm_tutorial_yonsei/upmem-2021.3.0/src/backends/build/CMakeFiles/CMakeTmp/src.c
/home/joungwook/pid_comm_tutorial_yonsei/upmem-2021.3.0/src/backends/build/CMakeFiles/CMakeTmp/src.c: In function ‘main’:
/home/joungwook/pid_comm_tutorial_yonsei/upmem-2021.3.0/src/backends/build/CMakeFiles/CMakeTmp/src.c:5:22: error: excess elements in vector initializer [-Werror]
    5 |     __m128i a = {0,0,0,0}, b = {0,0,0,0}, c = {0,0,0,0};
      |                      ^
/home/joungwook/pid_comm_tutorial_yonsei/upmem-2021.3.0/src/backends/build/CMakeFiles/CMakeTmp/src.c:5:22: note: (near initialization for ‘a’)
/home/joungwook/pid_comm_tutorial_yonsei/upmem-2021.3.0/src/backends/build/CMakeFiles/CMakeTmp/src.c:5:24: error: excess elements in vector initializer [-Werror]
    5 |     __m128i a = {0,0,0,0}, b = {0,0,0,0}, c = {0,0,0,0};
      |                        ^
/home/joungwook/pid_comm_tutorial_yonsei/upmem-2021.3.0/src/backends/build/CMakeFiles/CMakeTmp/src.c:5:24: note: (near initialization for ‘a’)
/home/joungwook/pid_comm_tutorial_yonsei/upmem-2021.3.0/src/backends/build/CMakeFiles/CMakeTmp/src.c:5:37: error: excess elements in vector initializer [-Werror]
    5 |     __m128i a = {0,0,0,0}, b = {0,0,0,0}, c = {0,0,0,0};
      |                                     ^
/home/joungwook/pid_comm_tutorial_yonsei/upmem-2021.3.0/src/backends/build/CMakeFiles/CMakeTmp/src.c:5:37: note: (near initialization for ‘b’)
/home/joungwook/pid_comm_tutorial_yonsei/upmem-2021.3.0/src/backends/build/CMakeFiles/CMakeTmp/src.c:5:39: error: excess elements in vector initializer [-Werror]
    5 |     __m128i a = {0,0,0,0}, b = {0,0,0,0}, c = {0,0,0,0};
      |                                       ^
/home/joungwook/pid_comm_tutorial_yonsei/upmem-2021.3.0/src/backends/build/CMakeFiles/CMakeTmp/src.c:5:39: note: (near initialization for ‘b’)
/home/joungwook/pid_comm_tutorial_yonsei/upmem-2021.3.0/src/backends/build/CMakeFiles/CMakeTmp/src.c:5:52: error: excess elements in vector initializer [-Werror]
    5 |     __m128i a = {0,0,0,0}, b = {0,0,0,0}, c = {0,0,0,0};
      |                                                    ^
/home/joungwook/pid_comm_tutorial_yonsei/upmem-2021.3.0/src/backends/build/CMakeFiles/CMakeTmp/src.c:5:52: note: (near initialization for ‘c’)
/home/joungwook/pid_comm_tutorial_yonsei/upmem-2021.3.0/src/backends/build/CMakeFiles/CMakeTmp/src.c:5:54: error: excess elements in vector initializer [-Werror]
    5 |     __m128i a = {0,0,0,0}, b = {0,0,0,0}, c = {0,0,0,0};
      |                                                      ^
/home/joungwook/pid_comm_tutorial_yonsei/upmem-2021.3.0/src/backends/build/CMakeFiles/CMakeTmp/src.c:5:54: note: (near initialization for ‘c’)
/home/joungwook/pid_comm_tutorial_yonsei/upmem-2021.3.0/src/backends/build/CMakeFiles/CMakeTmp/src.c:5:43: error: variable ‘c’ set but not used [-Werror=unused-but-set-variable]
    5 |     __m128i a = {0,0,0,0}, b = {0,0,0,0}, c = {0,0,0,0};
      |                                           ^
In file included from /usr/lib/gcc/x86_64-linux-gnu/9/include/nmmintrin.h:31,
                 from /home/joungwook/pid_comm_tutorial_yonsei/upmem-2021.3.0/src/backends/build/CMakeFiles/CMakeTmp/src.c:2:
/usr/lib/gcc/x86_64-linux-gnu/9/include/smmintrin.h:796:1: error: inlining failed in call to always_inline ‘_mm_cmpgt_epi64’: target specific option mismatch
  796 | _mm_cmpgt_epi64 (__m128i __X, __m128i __Y)
      | ^~~~~~~~~~~~~~~
/home/joungwook/pid_comm_tutorial_yonsei/upmem-2021.3.0/src/backends/build/CMakeFiles/CMakeTmp/src.c:6:9: note: called from here
    6 |     c = _mm_cmpgt_epi64(a, b);
      |         ^~~~~~~~~~~~~~~~~~~~~
cc1: all warnings being treated as errors
CMakeFiles/cmTC_7b421.dir/build.make:82: recipe for target 'CMakeFiles/cmTC_7b421.dir/src.c.o' failed
make[1]: *** [CMakeFiles/cmTC_7b421.dir/src.c.o] Error 1
make[1]: Leaving directory '/home/joungwook/pid_comm_tutorial_yonsei/upmem-2021.3.0/src/backends/build/CMakeFiles/CMakeTmp'
Makefile:138: recipe for target 'cmTC_7b421/fast' failed
make: *** [cmTC_7b421/fast] Error 2


...and run output:

Return value: 1
Source file was:

  #include <nmmintrin.h>
  int main()
  {
    __m128i a = {0,0,0,0}, b = {0,0,0,0}, c = {0,0,0,0};
    c = _mm_cmpgt_epi64(a, b);
    return 0;
  }

Performing C SOURCE FILE Test CXX_COMPILES_SSE4_2_1 failed with the following output:
Change Dir: /home/joungwook/pid_comm_tutorial_yonsei/upmem-2021.3.0/src/backends/build/CMakeFiles/CMakeTmp

Run Build Command(s):/usr/bin/make cmTC_44c39/fast && /usr/bin/make -f CMakeFiles/cmTC_44c39.dir/build.make CMakeFiles/cmTC_44c39.dir/build
make[1]: Entering directory '/home/joungwook/pid_comm_tutorial_yonsei/upmem-2021.3.0/src/backends/build/CMakeFiles/CMakeTmp'
Building C object CMakeFiles/cmTC_44c39.dir/src.c.o
/usr/bin/cc   -Wall -Werror -Wextra -std=gnu11  -O3  -g -DCXX_COMPILES_SSE4_2_1   -o CMakeFiles/cmTC_44c39.dir/src.c.o   -c /home/joungwook/pid_comm_tutorial_yonsei/upmem-2021.3.0/src/backends/build/CMakeFiles/CMakeTmp/src.c
/home/joungwook/pid_comm_tutorial_yonsei/upmem-2021.3.0/src/backends/build/CMakeFiles/CMakeTmp/src.c: In function ‘main’:
/home/joungwook/pid_comm_tutorial_yonsei/upmem-2021.3.0/src/backends/build/CMakeFiles/CMakeTmp/src.c:5:22: error: excess elements in vector initializer [-Werror]
    5 |     __m128i a = {0,0,0,0}, b = {0,0,0,0}, c = {0,0,0,0};
      |                      ^
/home/joungwook/pid_comm_tutorial_yonsei/upmem-2021.3.0/src/backends/build/CMakeFiles/CMakeTmp/src.c:5:22: note: (near initialization for ‘a’)
/home/joungwook/pid_comm_tutorial_yonsei/upmem-2021.3.0/src/backends/build/CMakeFiles/CMakeTmp/src.c:5:24: error: excess elements in vector initializer [-Werror]
    5 |     __m128i a = {0,0,0,0}, b = {0,0,0,0}, c = {0,0,0,0};
      |                        ^
/home/joungwook/pid_comm_tutorial_yonsei/upmem-2021.3.0/src/backends/build/CMakeFiles/CMakeTmp/src.c:5:24: note: (near initialization for ‘a’)
/home/joungwook/pid_comm_tutorial_yonsei/upmem-2021.3.0/src/backends/build/CMakeFiles/CMakeTmp/src.c:5:37: error: excess elements in vector initializer [-Werror]
    5 |     __m128i a = {0,0,0,0}, b = {0,0,0,0}, c = {0,0,0,0};
      |                                     ^
/home/joungwook/pid_comm_tutorial_yonsei/upmem-2021.3.0/src/backends/build/CMakeFiles/CMakeTmp/src.c:5:37: note: (near initialization for ‘b’)
/home/joungwook/pid_comm_tutorial_yonsei/upmem-2021.3.0/src/backends/build/CMakeFiles/CMakeTmp/src.c:5:39: error: excess elements in vector initializer [-Werror]
    5 |     __m128i a = {0,0,0,0}, b = {0,0,0,0}, c = {0,0,0,0};
      |                                       ^
/home/joungwook/pid_comm_tutorial_yonsei/upmem-2021.3.0/src/backends/build/CMakeFiles/CMakeTmp/src.c:5:39: note: (near initialization for ‘b’)
/home/joungwook/pid_comm_tutorial_yonsei/upmem-2021.3.0/src/backends/build/CMakeFiles/CMakeTmp/src.c:5:52: error: excess elements in vector initializer [-Werror]
    5 |     __m128i a = {0,0,0,0}, b = {0,0,0,0}, c = {0,0,0,0};
      |                                                    ^
/home/joungwook/pid_comm_tutorial_yonsei/upmem-2021.3.0/src/backends/build/CMakeFiles/CMakeTmp/src.c:5:52: note: (near initialization for ‘c’)
/home/joungwook/pid_comm_tutorial_yonsei/upmem-2021.3.0/src/backends/build/CMakeFiles/CMakeTmp/src.c:5:54: error: excess elements in vector initializer [-Werror]
    5 |     __m128i a = {0,0,0,0}, b = {0,0,0,0}, c = {0,0,0,0};
      |                                                      ^
/home/joungwook/pid_comm_tutorial_yonsei/upmem-2021.3.0/src/backends/build/CMakeFiles/CMakeTmp/src.c:5:54: note: (near initialization for ‘c’)
/home/joungwook/pid_comm_tutorial_yonsei/upmem-2021.3.0/src/backends/build/CMakeFiles/CMakeTmp/src.c:5:43: error: variable ‘c’ set but not used [-Werror=unused-but-set-variable]
    5 |     __m128i a = {0,0,0,0}, b = {0,0,0,0}, c = {0,0,0,0};
      |                                           ^
In file included from /usr/lib/gcc/x86_64-linux-gnu/9/include/nmmintrin.h:31,
                 from /home/joungwook/pid_comm_tutorial_yonsei/upmem-2021.3.0/src/backends/build/CMakeFiles/CMakeTmp/src.c:2:
/usr/lib/gcc/x86_64-linux-gnu/9/include/smmintrin.h:796:1: error: inlining failed in call to always_inline ‘_mm_cmpgt_epi64’: target specific option mismatch
  796 | _mm_cmpgt_epi64 (__m128i __X, __m128i __Y)
      | ^~~~~~~~~~~~~~~
/home/joungwook/pid_comm_tutorial_yonsei/upmem-2021.3.0/src/backends/build/CMakeFiles/CMakeTmp/src.c:6:9: note: called from here
    6 |     c = _mm_cmpgt_epi64(a, b);
      |         ^~~~~~~~~~~~~~~~~~~~~
cc1: all warnings being treated as errors
CMakeFiles/cmTC_44c39.dir/build.make:82: recipe for target 'CMakeFiles/cmTC_44c39.dir/src.c.o' failed
make[1]: *** [CMakeFiles/cmTC_44c39.dir/src.c.o] Error 1
make[1]: Leaving directory '/home/joungwook/pid_comm_tutorial_yonsei/upmem-2021.3.0/src/backends/build/CMakeFiles/CMakeTmp'
Makefile:138: recipe for target 'cmTC_44c39/fast' failed
make: *** [cmTC_44c39/fast] Error 2


Source file was:

  #include <nmmintrin.h>
  int main()
  {
    __m128i a = {0,0,0,0}, b = {0,0,0,0}, c = {0,0,0,0};
    c = _mm_cmpgt_epi64(a, b);
    return 0;
  }

Performing C SOURCE FILE Test CXX_HAS_SSE4_2_2 failed with the following compile output:
Change Dir: /home/joungwook/pid_comm_tutorial_yonsei/upmem-2021.3.0/src/backends/build/CMakeFiles/CMakeTmp

Run Build Command(s):/usr/bin/make cmTC_f5df1/fast && /usr/bin/make -f CMakeFiles/cmTC_f5df1.dir/build.make CMakeFiles/cmTC_f5df1.dir/build
make[1]: Entering directory '/home/joungwook/pid_comm_tutorial_yonsei/upmem-2021.3.0/src/backends/build/CMakeFiles/CMakeTmp'
Building C object CMakeFiles/cmTC_f5df1.dir/src.c.o
/usr/bin/cc   -Wall -Werror -Wextra -std=gnu11  -O3  -g -DCXX_HAS_SSE4_2_2 -msse4.2   -o CMakeFiles/cmTC_f5df1.dir/src.c.o   -c /home/joungwook/pid_comm_tutorial_yonsei/upmem-2021.3.0/src/backends/build/CMakeFiles/CMakeTmp/src.c
/home/joungwook/pid_comm_tutorial_yonsei/upmem-2021.3.0/src/backends/build/CMakeFiles/CMakeTmp/src.c: In function ‘main’:
/home/joungwook/pid_comm_tutorial_yonsei/upmem-2021.3.0/src/backends/build/CMakeFiles/CMakeTmp/src.c:5:22: error: excess elements in vector initializer [-Werror]
    5 |     __m128i a = {0,0,0,0}, b = {0,0,0,0}, c = {0,0,0,0};
      |                      ^
/home/joungwook/pid_comm_tutorial_yonsei/upmem-2021.3.0/src/backends/build/CMakeFiles/CMakeTmp/src.c:5:22: note: (near initialization for ‘a’)
/home/joungwook/pid_comm_tutorial_yonsei/upmem-2021.3.0/src/backends/build/CMakeFiles/CMakeTmp/src.c:5:24: error: excess elements in vector initializer [-Werror]
    5 |     __m128i a = {0,0,0,0}, b = {0,0,0,0}, c = {0,0,0,0};
      |                        ^
/home/joungwook/pid_comm_tutorial_yonsei/upmem-2021.3.0/src/backends/build/CMakeFiles/CMakeTmp/src.c:5:24: note: (near initialization for ‘a’)
/home/joungwook/pid_comm_tutorial_yonsei/upmem-2021.3.0/src/backends/build/CMakeFiles/CMakeTmp/src.c:5:37: error: excess elements in vector initializer [-Werror]
    5 |     __m128i a = {0,0,0,0}, b = {0,0,0,0}, c = {0,0,0,0};
      |                                     ^
/home/joungwook/pid_comm_tutorial_yonsei/upmem-2021.3.0/src/backends/build/CMakeFiles/CMakeTmp/src.c:5:37: note: (near initialization for ‘b’)
/home/joungwook/pid_comm_tutorial_yonsei/upmem-2021.3.0/src/backends/build/CMakeFiles/CMakeTmp/src.c:5:39: error: excess elements in vector initializer [-Werror]
    5 |     __m128i a = {0,0,0,0}, b = {0,0,0,0}, c = {0,0,0,0};
      |                                       ^
/home/joungwook/pid_comm_tutorial_yonsei/upmem-2021.3.0/src/backends/build/CMakeFiles/CMakeTmp/src.c:5:39: note: (near initialization for ‘b’)
/home/joungwook/pid_comm_tutorial_yonsei/upmem-2021.3.0/src/backends/build/CMakeFiles/CMakeTmp/src.c:5:52: error: excess elements in vector initializer [-Werror]
    5 |     __m128i a = {0,0,0,0}, b = {0,0,0,0}, c = {0,0,0,0};
      |                                                    ^
/home/joungwook/pid_comm_tutorial_yonsei/upmem-2021.3.0/src/backends/build/CMakeFiles/CMakeTmp/src.c:5:52: note: (near initialization for ‘c’)
/home/joungwook/pid_comm_tutorial_yonsei/upmem-2021.3.0/src/backends/build/CMakeFiles/CMakeTmp/src.c:5:54: error: excess elements in vector initializer [-Werror]
    5 |     __m128i a = {0,0,0,0}, b = {0,0,0,0}, c = {0,0,0,0};
      |                                                      ^
/home/joungwook/pid_comm_tutorial_yonsei/upmem-2021.3.0/src/backends/build/CMakeFiles/CMakeTmp/src.c:5:54: note: (near initialization for ‘c’)
/home/joungwook/pid_comm_tutorial_yonsei/upmem-2021.3.0/src/backends/build/CMakeFiles/CMakeTmp/src.c:5:43: error: variable ‘c’ set but not used [-Werror=unused-but-set-variable]
    5 |     __m128i a = {0,0,0,0}, b = {0,0,0,0}, c = {0,0,0,0};
      |                                           ^
cc1: all warnings being treated as errors
CMakeFiles/cmTC_f5df1.dir/build.make:82: recipe for target 'CMakeFiles/cmTC_f5df1.dir/src.c.o' failed
make[1]: *** [CMakeFiles/cmTC_f5df1.dir/src.c.o] Error 1
make[1]: Leaving directory '/home/joungwook/pid_comm_tutorial_yonsei/upmem-2021.3.0/src/backends/build/CMakeFiles/CMakeTmp'
Makefile:138: recipe for target 'cmTC_f5df1/fast' failed
make: *** [cmTC_f5df1/fast] Error 2


...and run output:

Return value: 1
Source file was:

  #include <nmmintrin.h>
  int main()
  {
    __m128i a = {0,0,0,0}, b = {0,0,0,0}, c = {0,0,0,0};
    c = _mm_cmpgt_epi64(a, b);
    return 0;
  }

Performing C SOURCE FILE Test CXX_COMPILES_SSE4_2_2 failed with the following output:
Change Dir: /home/joungwook/pid_comm_tutorial_yonsei/upmem-2021.3.0/src/backends/build/CMakeFiles/CMakeTmp

Run Build Command(s):/usr/bin/make cmTC_529cf/fast && /usr/bin/make -f CMakeFiles/cmTC_529cf.dir/build.make CMakeFiles/cmTC_529cf.dir/build
make[1]: Entering directory '/home/joungwook/pid_comm_tutorial_yonsei/upmem-2021.3.0/src/backends/build/CMakeFiles/CMakeTmp'
Building C object CMakeFiles/cmTC_529cf.dir/src.c.o
/usr/bin/cc   -Wall -Werror -Wextra -std=gnu11  -O3  -g -DCXX_COMPILES_SSE4_2_2 -msse4.2   -o CMakeFiles/cmTC_529cf.dir/src.c.o   -c /home/joungwook/pid_comm_tutorial_yonsei/upmem-2021.3.0/src/backends/build/CMakeFiles/CMakeTmp/src.c
/home/joungwook/pid_comm_tutorial_yonsei/upmem-2021.3.0/src/backends/build/CMakeFiles/CMakeTmp/src.c: In function ‘main’:
/home/joungwook/pid_comm_tutorial_yonsei/upmem-2021.3.0/src/backends/build/CMakeFiles/CMakeTmp/src.c:5:22: error: excess elements in vector initializer [-Werror]
    5 |     __m128i a = {0,0,0,0}, b = {0,0,0,0}, c = {0,0,0,0};
      |                      ^
/home/joungwook/pid_comm_tutorial_yonsei/upmem-2021.3.0/src/backends/build/CMakeFiles/CMakeTmp/src.c:5:22: note: (near initialization for ‘a’)
/home/joungwook/pid_comm_tutorial_yonsei/upmem-2021.3.0/src/backends/build/CMakeFiles/CMakeTmp/src.c:5:24: error: excess elements in vector initializer [-Werror]
    5 |     __m128i a = {0,0,0,0}, b = {0,0,0,0}, c = {0,0,0,0};
      |                        ^
/home/joungwook/pid_comm_tutorial_yonsei/upmem-2021.3.0/src/backends/build/CMakeFiles/CMakeTmp/src.c:5:24: note: (near initialization for ‘a’)
/home/joungwook/pid_comm_tutorial_yonsei/upmem-2021.3.0/src/backends/build/CMakeFiles/CMakeTmp/src.c:5:37: error: excess elements in vector initializer [-Werror]
    5 |     __m128i a = {0,0,0,0}, b = {0,0,0,0}, c = {0,0,0,0};
      |                                     ^
/home/joungwook/pid_comm_tutorial_yonsei/upmem-2021.3.0/src/backends/build/CMakeFiles/CMakeTmp/src.c:5:37: note: (near initialization for ‘b’)
/home/joungwook/pid_comm_tutorial_yonsei/upmem-2021.3.0/src/backends/build/CMakeFiles/CMakeTmp/src.c:5:39: error: excess elements in vector initializer [-Werror]
    5 |     __m128i a = {0,0,0,0}, b = {0,0,0,0}, c = {0,0,0,0};
      |                                       ^
/home/joungwook/pid_comm_tutorial_yonsei/upmem-2021.3.0/src/backends/build/CMakeFiles/CMakeTmp/src.c:5:39: note: (near initialization for ‘b’)
/home/joungwook/pid_comm_tutorial_yonsei/upmem-2021.3.0/src/backends/build/CMakeFiles/CMakeTmp/src.c:5:52: error: excess elements in vector initializer [-Werror]
    5 |     __m128i a = {0,0,0,0}, b = {0,0,0,0}, c = {0,0,0,0};
      |                                                    ^
/home/joungwook/pid_comm_tutorial_yonsei/upmem-2021.3.0/src/backends/build/CMakeFiles/CMakeTmp/src.c:5:52: note: (near initialization for ‘c’)
/home/joungwook/pid_comm_tutorial_yonsei/upmem-2021.3.0/src/backends/build/CMakeFiles/CMakeTmp/src.c:5:54: error: excess elements in vector initializer [-Werror]
    5 |     __m128i a = {0,0,0,0}, b = {0,0,0,0}, c = {0,0,0,0};
      |                                                      ^
/home/joungwook/pid_comm_tutorial_yonsei/upmem-2021.3.0/src/backends/build/CMakeFiles/CMakeTmp/src.c:5:54: note: (near initialization for ‘c’)
/home/joungwook/pid_comm_tutorial_yonsei/upmem-2021.3.0/src/backends/build/CMakeFiles/CMakeTmp/src.c:5:43: error: variable ‘c’ set but not used [-Werror=unused-but-set-variable]
    5 |     __m128i a = {0,0,0,0}, b = {0,0,0,0}, c = {0,0,0,0};
      |                                           ^
cc1: all warnings being treated as errors
CMakeFiles/cmTC_529cf.dir/build.make:82: recipe for target 'CMakeFiles/cmTC_529cf.dir/src.c.o' failed
make[1]: *** [CMakeFiles/cmTC_529cf.dir/src.c.o] Error 1
make[1]: Leaving directory '/home/joungwook/pid_comm_tutorial_yonsei/upmem-2021.3.0/src/backends/build/CMakeFiles/CMakeTmp'
Makefile:138: recipe for target 'cmTC_529cf/fast' failed
make: *** [cmTC_529cf/fast] Error 2


Source file was:

  #include <nmmintrin.h>
  int main()
  {
    __m128i a = {0,0,0,0}, b = {0,0,0,0}, c = {0,0,0,0};
    c = _mm_cmpgt_epi64(a, b);
    return 0;
  }

Performing C SOURCE FILE Test CXX_HAS_SSE4_2_3 failed with the following compile output:
Change Dir: /home/joungwook/pid_comm_tutorial_yonsei/upmem-2021.3.0/src/backends/build/CMakeFiles/CMakeTmp

Run Build Command(s):/usr/bin/make cmTC_b3289/fast && /usr/bin/make -f CMakeFiles/cmTC_b3289.dir/build.make CMakeFiles/cmTC_b3289.dir/build
make[1]: Entering directory '/home/joungwook/pid_comm_tutorial_yonsei/upmem-2021.3.0/src/backends/build/CMakeFiles/CMakeTmp'
Building C object CMakeFiles/cmTC_b3289.dir/src.c.o
/usr/bin/cc   -Wall -Werror -Wextra -std=gnu11  -O3  -g -DCXX_HAS_SSE4_2_3 -msse4   -o CMakeFiles/cmTC_b3289.dir/src.c.o   -c /home/joungwook/pid_comm_tutorial_yonsei/upmem-2021.3.0/src/backends/build/CMakeFiles/CMakeTmp/src.c
/home/joungwook/pid_comm_tutorial_yonsei/upmem-2021.3.0/src/backends/build/CMakeFiles/CMakeTmp/src.c: In function ‘main’:
/home/joungwook/pid_comm_tutorial_yonsei/upmem-2021.3.0/src/backends/build/CMakeFiles/CMakeTmp/src.c:5:22: error: excess elements in vector initializer [-Werror]
    5 |     __m128i a = {0,0,0,0}, b = {0,0,0,0}, c = {0,0,0,0};
      |                      ^
/home/joungwook/pid_comm_tutorial_yonsei/upmem-2021.3.0/src/backends/build/CMakeFiles/CMakeTmp/src.c:5:22: note: (near initialization for ‘a’)
/home/joungwook/pid_comm_tutorial_yonsei/upmem-2021.3.0/src/backends/build/CMakeFiles/CMakeTmp/src.c:5:24: error: excess elements in vector initializer [-Werror]
    5 |     __m128i a = {0,0,0,0}, b = {0,0,0,0}, c = {0,0,0,0};
      |                        ^
/home/joungwook/pid_comm_tutorial_yonsei/upmem-2021.3.0/src/backends/build/CMakeFiles/CMakeTmp/src.c:5:24: note: (near initialization for ‘a’)
/home/joungwook/pid_comm_tutorial_yonsei/upmem-2021.3.0/src/backends/build/CMakeFiles/CMakeTmp/src.c:5:37: error: excess elements in vector initializer [-Werror]
    5 |     __m128i a = {0,0,0,0}, b = {0,0,0,0}, c = {0,0,0,0};
      |                                     ^
/home/joungwook/pid_comm_tutorial_yonsei/upmem-2021.3.0/src/backends/build/CMakeFiles/CMakeTmp/src.c:5:37: note: (near initialization for ‘b’)
/home/joungwook/pid_comm_tutorial_yonsei/upmem-2021.3.0/src/backends/build/CMakeFiles/CMakeTmp/src.c:5:39: error: excess elements in vector initializer [-Werror]
    5 |     __m128i a = {0,0,0,0}, b = {0,0,0,0}, c = {0,0,0,0};
      |                                       ^
/home/joungwook/pid_comm_tutorial_yonsei/upmem-2021.3.0/src/backends/build/CMakeFiles/CMakeTmp/src.c:5:39: note: (near initialization for ‘b’)
/home/joungwook/pid_comm_tutorial_yonsei/upmem-2021.3.0/src/backends/build/CMakeFiles/CMakeTmp/src.c:5:52: error: excess elements in vector initializer [-Werror]
    5 |     __m128i a = {0,0,0,0}, b = {0,0,0,0}, c = {0,0,0,0};
      |                                                    ^
/home/joungwook/pid_comm_tutorial_yonsei/upmem-2021.3.0/src/backends/build/CMakeFiles/CMakeTmp/src.c:5:52: note: (near initialization for ‘c’)
/home/joungwook/pid_comm_tutorial_yonsei/upmem-2021.3.0/src/backends/build/CMakeFiles/CMakeTmp/src.c:5:54: error: excess elements in vector initializer [-Werror]
    5 |     __m128i a = {0,0,0,0}, b = {0,0,0,0}, c = {0,0,0,0};
      |                                                      ^
/home/joungwook/pid_comm_tutorial_yonsei/upmem-2021.3.0/src/backends/build/CMakeFiles/CMakeTmp/src.c:5:54: note: (near initialization for ‘c’)
/home/joungwook/pid_comm_tutorial_yonsei/upmem-2021.3.0/src/backends/build/CMakeFiles/CMakeTmp/src.c:5:43: error: variable ‘c’ set but not used [-Werror=unused-but-set-variable]
    5 |     __m128i a = {0,0,0,0}, b = {0,0,0,0}, c = {0,0,0,0};
      |                                           ^
cc1: all warnings being treated as errors
CMakeFiles/cmTC_b3289.dir/build.make:82: recipe for target 'CMakeFiles/cmTC_b3289.dir/src.c.o' failed
make[1]: *** [CMakeFiles/cmTC_b3289.dir/src.c.o] Error 1
make[1]: Leaving directory '/home/joungwook/pid_comm_tutorial_yonsei/upmem-2021.3.0/src/backends/build/CMakeFiles/CMakeTmp'
Makefile:138: recipe for target 'cmTC_b3289/fast' failed
make: *** [cmTC_b3289/fast] Error 2


...and run output:

Return value: 1
Source file was:

  #include <nmmintrin.h>
  int main()
  {
    __m128i a = {0,0,0,0}, b = {0,0,0,0}, c = {0,0,0,0};
    c = _mm_cmpgt_epi64(a, b);
    return 0;
  }

Performing C SOURCE FILE Test CXX_COMPILES_SSE4_2_3 failed with the following output:
Change Dir: /home/joungwook/pid_comm_tutorial_yonsei/upmem-2021.3.0/src/backends/build/CMakeFiles/CMakeTmp

Run Build Command(s):/usr/bin/make cmTC_3af0f/fast && /usr/bin/make -f CMakeFiles/cmTC_3af0f.dir/build.make CMakeFiles/cmTC_3af0f.dir/build
make[1]: Entering directory '/home/joungwook/pid_comm_tutorial_yonsei/upmem-2021.3.0/src/backends/build/CMakeFiles/CMakeTmp'
Building C object CMakeFiles/cmTC_3af0f.dir/src.c.o
/usr/bin/cc   -Wall -Werror -Wextra -std=gnu11  -O3  -g -DCXX_COMPILES_SSE4_2_3 -msse4   -o CMakeFiles/cmTC_3af0f.dir/src.c.o   -c /home/joungwook/pid_comm_tutorial_yonsei/upmem-2021.3.0/src/backends/build/CMakeFiles/CMakeTmp/src.c
/home/joungwook/pid_comm_tutorial_yonsei/upmem-2021.3.0/src/backends/build/CMakeFiles/CMakeTmp/src.c: In function ‘main’:
/home/joungwook/pid_comm_tutorial_yonsei/upmem-2021.3.0/src/backends/build/CMakeFiles/CMakeTmp/src.c:5:22: error: excess elements in vector initializer [-Werror]
    5 |     __m128i a = {0,0,0,0}, b = {0,0,0,0}, c = {0,0,0,0};
      |                      ^
/home/joungwook/pid_comm_tutorial_yonsei/upmem-2021.3.0/src/backends/build/CMakeFiles/CMakeTmp/src.c:5:22: note: (near initialization for ‘a’)
/home/joungwook/pid_comm_tutorial_yonsei/upmem-2021.3.0/src/backends/build/CMakeFiles/CMakeTmp/src.c:5:24: error: excess elements in vector initializer [-Werror]
    5 |     __m128i a = {0,0,0,0}, b = {0,0,0,0}, c = {0,0,0,0};
      |                        ^
/home/joungwook/pid_comm_tutorial_yonsei/upmem-2021.3.0/src/backends/build/CMakeFiles/CMakeTmp/src.c:5:24: note: (near initialization for ‘a’)
/home/joungwook/pid_comm_tutorial_yonsei/upmem-2021.3.0/src/backends/build/CMakeFiles/CMakeTmp/src.c:5:37: error: excess elements in vector initializer [-Werror]
    5 |     __m128i a = {0,0,0,0}, b = {0,0,0,0}, c = {0,0,0,0};
      |                                     ^
/home/joungwook/pid_comm_tutorial_yonsei/upmem-2021.3.0/src/backends/build/CMakeFiles/CMakeTmp/src.c:5:37: note: (near initialization for ‘b’)
/home/joungwook/pid_comm_tutorial_yonsei/upmem-2021.3.0/src/backends/build/CMakeFiles/CMakeTmp/src.c:5:39: error: excess elements in vector initializer [-Werror]
    5 |     __m128i a = {0,0,0,0}, b = {0,0,0,0}, c = {0,0,0,0};
      |                                       ^
/home/joungwook/pid_comm_tutorial_yonsei/upmem-2021.3.0/src/backends/build/CMakeFiles/CMakeTmp/src.c:5:39: note: (near initialization for ‘b’)
/home/joungwook/pid_comm_tutorial_yonsei/upmem-2021.3.0/src/backends/build/CMakeFiles/CMakeTmp/src.c:5:52: error: excess elements in vector initializer [-Werror]
    5 |     __m128i a = {0,0,0,0}, b = {0,0,0,0}, c = {0,0,0,0};
      |                                                    ^
/home/joungwook/pid_comm_tutorial_yonsei/upmem-2021.3.0/src/backends/build/CMakeFiles/CMakeTmp/src.c:5:52: note: (near initialization for ‘c’)
/home/joungwook/pid_comm_tutorial_yonsei/upmem-2021.3.0/src/backends/build/CMakeFiles/CMakeTmp/src.c:5:54: error: excess elements in vector initializer [-Werror]
    5 |     __m128i a = {0,0,0,0}, b = {0,0,0,0}, c = {0,0,0,0};
      |                                                      ^
/home/joungwook/pid_comm_tutorial_yonsei/upmem-2021.3.0/src/backends/build/CMakeFiles/CMakeTmp/src.c:5:54: note: (near initialization for ‘c’)
/home/joungwook/pid_comm_tutorial_yonsei/upmem-2021.3.0/src/backends/build/CMakeFiles/CMakeTmp/src.c:5:43: error: variable ‘c’ set but not used [-Werror=unused-but-set-variable]
    5 |     __m128i a = {0,0,0,0}, b = {0,0,0,0}, c = {0,0,0,0};
      |                                           ^
cc1: all warnings being treated as errors
CMakeFiles/cmTC_3af0f.dir/build.make:82: recipe for target 'CMakeFiles/cmTC_3af0f.dir/src.c.o' failed
make[1]: *** [CMakeFiles/cmTC_3af0f.dir/src.c.o] Error 1
make[1]: Leaving directory '/home/joungwook/pid_comm_tutorial_yonsei/upmem-2021.3.0/src/backends/build/CMakeFiles/CMakeTmp'
Makefile:138: recipe for target 'cmTC_3af0f/fast' failed
make: *** [cmTC_3af0f/fast] Error 2


Source file was:

  #include <nmmintrin.h>
  int main()
  {
    __m128i a = {0,0,0,0}, b = {0,0,0,0}, c = {0,0,0,0};
    c = _mm_cmpgt_epi64(a, b);
    return 0;
  }

Performing C SOURCE FILE Test CXX_HAS_SSE4_2_4 failed with the following compile output:
Change Dir: /home/joungwook/pid_comm_tutorial_yonsei/upmem-2021.3.0/src/backends/build/CMakeFiles/CMakeTmp

Run Build Command(s):/usr/bin/make cmTC_1799f/fast && /usr/bin/make -f CMakeFiles/cmTC_1799f.dir/build.make CMakeFiles/cmTC_1799f.dir/build
make[1]: Entering directory '/home/joungwook/pid_comm_tutorial_yonsei/upmem-2021.3.0/src/backends/build/CMakeFiles/CMakeTmp'
Building C object CMakeFiles/cmTC_1799f.dir/src.c.o
/usr/bin/cc   -Wall -Werror -Wextra -std=gnu11  -O3  -g -DCXX_HAS_SSE4_2_4 /arch:SSE4   -o CMakeFiles/cmTC_1799f.dir/src.c.o   -c /home/joungwook/pid_comm_tutorial_yonsei/upmem-2021.3.0/src/backends/build/CMakeFiles/CMakeTmp/src.c
cc: error: /arch:SSE4: No such file or directory
CMakeFiles/cmTC_1799f.dir/build.make:82: recipe for target 'CMakeFiles/cmTC_1799f.dir/src.c.o' failed
make[1]: *** [CMakeFiles/cmTC_1799f.dir/src.c.o] Error 1
make[1]: Leaving directory '/home/joungwook/pid_comm_tutorial_yonsei/upmem-2021.3.0/src/backends/build/CMakeFiles/CMakeTmp'
Makefile:138: recipe for target 'cmTC_1799f/fast' failed
make: *** [cmTC_1799f/fast] Error 2


...and run output:

Return value: 1
Source file was:

  #include <nmmintrin.h>
  int main()
  {
    __m128i a = {0,0,0,0}, b = {0,0,0,0}, c = {0,0,0,0};
    c = _mm_cmpgt_epi64(a, b);
    return 0;
  }

Performing C SOURCE FILE Test CXX_COMPILES_SSE4_2_4 failed with the following output:
Change Dir: /home/joungwook/pid_comm_tutorial_yonsei/upmem-2021.3.0/src/backends/build/CMakeFiles/CMakeTmp

Run Build Command(s):/usr/bin/make cmTC_26d9e/fast && /usr/bin/make -f CMakeFiles/cmTC_26d9e.dir/build.make CMakeFiles/cmTC_26d9e.dir/build
make[1]: Entering directory '/home/joungwook/pid_comm_tutorial_yonsei/upmem-2021.3.0/src/backends/build/CMakeFiles/CMakeTmp'
Building C object CMakeFiles/cmTC_26d9e.dir/src.c.o
/usr/bin/cc   -Wall -Werror -Wextra -std=gnu11  -O3  -g -DCXX_COMPILES_SSE4_2_4 /arch:SSE4   -o CMakeFiles/cmTC_26d9e.dir/src.c.o   -c /home/joungwook/pid_comm_tutorial_yonsei/upmem-2021.3.0/src/backends/build/CMakeFiles/CMakeTmp/src.c
cc: error: /arch:SSE4: No such file or directory
CMakeFiles/cmTC_26d9e.dir/build.make:82: recipe for target 'CMakeFiles/cmTC_26d9e.dir/src.c.o' failed
make[1]: *** [CMakeFiles/cmTC_26d9e.dir/src.c.o] Error 1
make[1]: Leaving directory '/home/joungwook/pid_comm_tutorial_yonsei/upmem-2021.3.0/src/backends/build/CMakeFiles/CMakeTmp'
Makefile:138: recipe for target 'cmTC_26d9e/fast' failed
make: *** [cmTC_26d9e/fast] Error 2


Source file was:

  #include <nmmintrin.h>
  int main()
  {
    __m128i a = {0,0,0,0}, b = {0,0,0,0}, c = {0,0,0,0};
    c = _mm_cmpgt_epi64(a, b);
    return 0;
  }

Performing C SOURCE FILE Test CXX_HAS_AVX_1 failed with the following compile output:
Change Dir: /home/joungwook/pid_comm_tutorial_yonsei/upmem-2021.3.0/src/backends/build/CMakeFiles/CMakeTmp

Run Build Command(s):/usr/bin/make cmTC_9616c/fast && /usr/bin/make -f CMakeFiles/cmTC_9616c.dir/build.make CMakeFiles/cmTC_9616c.dir/build
make[1]: Entering directory '/home/joungwook/pid_comm_tutorial_yonsei/upmem-2021.3.0/src/backends/build/CMakeFiles/CMakeTmp'
Building C object CMakeFiles/cmTC_9616c.dir/src.c.o
/usr/bin/cc   -Wall -Werror -Wextra -std=gnu11  -O3  -g -DCXX_HAS_AVX_1   -o CMakeFiles/cmTC_9616c.dir/src.c.o   -c /home/joungwook/pid_comm_tutorial_yonsei/upmem-2021.3.0/src/backends/build/CMakeFiles/CMakeTmp/src.c
/home/joungwook/pid_comm_tutorial_yonsei/upmem-2021.3.0/src/backends/build/CMakeFiles/CMakeTmp/src.c: In function ‘main’:
/home/joungwook/pid_comm_tutorial_yonsei/upmem-2021.3.0/src/backends/build/CMakeFiles/CMakeTmp/src.c:5:12: error: variable ‘a’ set but not used [-Werror=unused-but-set-variable]
    5 |     __m256 a;
      |            ^
/home/joungwook/pid_comm_tutorial_yonsei/upmem-2021.3.0/src/backends/build/CMakeFiles/CMakeTmp/src.c:6:7: error: AVX vector return without AVX enabled changes the ABI [-Werror=psabi]
    6 |     a = _mm256_set1_ps(0);
      |     ~~^~~~~~~~~~~~~~~~~~~
In file included from /usr/lib/gcc/x86_64-linux-gnu/9/include/immintrin.h:51,
                 from /home/joungwook/pid_comm_tutorial_yonsei/upmem-2021.3.0/src/backends/build/CMakeFiles/CMakeTmp/src.c:2:
/usr/lib/gcc/x86_64-linux-gnu/9/include/avxintrin.h:1311:1: error: inlining failed in call to always_inline ‘_mm256_set1_ps’: target specific option mismatch
 1311 | _mm256_set1_ps (float __A)
      | ^~~~~~~~~~~~~~
/home/joungwook/pid_comm_tutorial_yonsei/upmem-2021.3.0/src/backends/build/CMakeFiles/CMakeTmp/src.c:6:9: note: called from here
    6 |     a = _mm256_set1_ps(0);
      |         ^~~~~~~~~~~~~~~~~
cc1: all warnings being treated as errors
CMakeFiles/cmTC_9616c.dir/build.make:82: recipe for target 'CMakeFiles/cmTC_9616c.dir/src.c.o' failed
make[1]: *** [CMakeFiles/cmTC_9616c.dir/src.c.o] Error 1
make[1]: Leaving directory '/home/joungwook/pid_comm_tutorial_yonsei/upmem-2021.3.0/src/backends/build/CMakeFiles/CMakeTmp'
Makefile:138: recipe for target 'cmTC_9616c/fast' failed
make: *** [cmTC_9616c/fast] Error 2


...and run output:

Return value: 1
Source file was:

  #include <immintrin.h>
  int main()
  {
    __m256 a;
    a = _mm256_set1_ps(0);
    return 0;
  }

Performing C SOURCE FILE Test CXX_COMPILES_AVX_1 failed with the following output:
Change Dir: /home/joungwook/pid_comm_tutorial_yonsei/upmem-2021.3.0/src/backends/build/CMakeFiles/CMakeTmp

Run Build Command(s):/usr/bin/make cmTC_98abc/fast && /usr/bin/make -f CMakeFiles/cmTC_98abc.dir/build.make CMakeFiles/cmTC_98abc.dir/build
make[1]: Entering directory '/home/joungwook/pid_comm_tutorial_yonsei/upmem-2021.3.0/src/backends/build/CMakeFiles/CMakeTmp'
Building C object CMakeFiles/cmTC_98abc.dir/src.c.o
/usr/bin/cc   -Wall -Werror -Wextra -std=gnu11  -O3  -g -DCXX_COMPILES_AVX_1   -o CMakeFiles/cmTC_98abc.dir/src.c.o   -c /home/joungwook/pid_comm_tutorial_yonsei/upmem-2021.3.0/src/backends/build/CMakeFiles/CMakeTmp/src.c
/home/joungwook/pid_comm_tutorial_yonsei/upmem-2021.3.0/src/backends/build/CMakeFiles/CMakeTmp/src.c: In function ‘main’:
/home/joungwook/pid_comm_tutorial_yonsei/upmem-2021.3.0/src/backends/build/CMakeFiles/CMakeTmp/src.c:5:12: error: variable ‘a’ set but not used [-Werror=unused-but-set-variable]
    5 |     __m256 a;
      |            ^
/home/joungwook/pid_comm_tutorial_yonsei/upmem-2021.3.0/src/backends/build/CMakeFiles/CMakeTmp/src.c:6:7: error: AVX vector return without AVX enabled changes the ABI [-Werror=psabi]
    6 |     a = _mm256_set1_ps(0);
      |     ~~^~~~~~~~~~~~~~~~~~~
In file included from /usr/lib/gcc/x86_64-linux-gnu/9/include/immintrin.h:51,
                 from /home/joungwook/pid_comm_tutorial_yonsei/upmem-2021.3.0/src/backends/build/CMakeFiles/CMakeTmp/src.c:2:
/usr/lib/gcc/x86_64-linux-gnu/9/include/avxintrin.h:1311:1: error: inlining failed in call to always_inline ‘_mm256_set1_ps’: target specific option mismatch
 1311 | _mm256_set1_ps (float __A)
      | ^~~~~~~~~~~~~~
/home/joungwook/pid_comm_tutorial_yonsei/upmem-2021.3.0/src/backends/build/CMakeFiles/CMakeTmp/src.c:6:9: note: called from here
    6 |     a = _mm256_set1_ps(0);
      |         ^~~~~~~~~~~~~~~~~
cc1: all warnings being treated as errors
CMakeFiles/cmTC_98abc.dir/build.make:82: recipe for target 'CMakeFiles/cmTC_98abc.dir/src.c.o' failed
make[1]: *** [CMakeFiles/cmTC_98abc.dir/src.c.o] Error 1
make[1]: Leaving directory '/home/joungwook/pid_comm_tutorial_yonsei/upmem-2021.3.0/src/backends/build/CMakeFiles/CMakeTmp'
Makefile:138: recipe for target 'cmTC_98abc/fast' failed
make: *** [cmTC_98abc/fast] Error 2


Source file was:

  #include <immintrin.h>
  int main()
  {
    __m256 a;
    a = _mm256_set1_ps(0);
    return 0;
  }

Performing C SOURCE FILE Test CXX_HAS_AVX_2 failed with the following compile output:
Change Dir: /home/joungwook/pid_comm_tutorial_yonsei/upmem-2021.3.0/src/backends/build/CMakeFiles/CMakeTmp

Run Build Command(s):/usr/bin/make cmTC_eeb32/fast && /usr/bin/make -f CMakeFiles/cmTC_eeb32.dir/build.make CMakeFiles/cmTC_eeb32.dir/build
make[1]: Entering directory '/home/joungwook/pid_comm_tutorial_yonsei/upmem-2021.3.0/src/backends/build/CMakeFiles/CMakeTmp'
Building C object CMakeFiles/cmTC_eeb32.dir/src.c.o
/usr/bin/cc   -Wall -Werror -Wextra -std=gnu11  -O3  -g -DCXX_HAS_AVX_2 -mavx   -o CMakeFiles/cmTC_eeb32.dir/src.c.o   -c /home/joungwook/pid_comm_tutorial_yonsei/upmem-2021.3.0/src/backends/build/CMakeFiles/CMakeTmp/src.c
/home/joungwook/pid_comm_tutorial_yonsei/upmem-2021.3.0/src/backends/build/CMakeFiles/CMakeTmp/src.c: In function ‘main’:
/home/joungwook/pid_comm_tutorial_yonsei/upmem-2021.3.0/src/backends/build/CMakeFiles/CMakeTmp/src.c:5:12: error: variable ‘a’ set but not used [-Werror=unused-but-set-variable]
    5 |     __m256 a;
      |            ^
cc1: all warnings being treated as errors
CMakeFiles/cmTC_eeb32.dir/build.make:82: recipe for target 'CMakeFiles/cmTC_eeb32.dir/src.c.o' failed
make[1]: *** [CMakeFiles/cmTC_eeb32.dir/src.c.o] Error 1
make[1]: Leaving directory '/home/joungwook/pid_comm_tutorial_yonsei/upmem-2021.3.0/src/backends/build/CMakeFiles/CMakeTmp'
Makefile:138: recipe for target 'cmTC_eeb32/fast' failed
make: *** [cmTC_eeb32/fast] Error 2


...and run output:

Return value: 1
Source file was:

  #include <immintrin.h>
  int main()
  {
    __m256 a;
    a = _mm256_set1_ps(0);
    return 0;
  }

Performing C SOURCE FILE Test CXX_COMPILES_AVX_2 failed with the following output:
Change Dir: /home/joungwook/pid_comm_tutorial_yonsei/upmem-2021.3.0/src/backends/build/CMakeFiles/CMakeTmp

Run Build Command(s):/usr/bin/make cmTC_6040b/fast && /usr/bin/make -f CMakeFiles/cmTC_6040b.dir/build.make CMakeFiles/cmTC_6040b.dir/build
make[1]: Entering directory '/home/joungwook/pid_comm_tutorial_yonsei/upmem-2021.3.0/src/backends/build/CMakeFiles/CMakeTmp'
Building C object CMakeFiles/cmTC_6040b.dir/src.c.o
/usr/bin/cc   -Wall -Werror -Wextra -std=gnu11  -O3  -g -DCXX_COMPILES_AVX_2 -mavx   -o CMakeFiles/cmTC_6040b.dir/src.c.o   -c /home/joungwook/pid_comm_tutorial_yonsei/upmem-2021.3.0/src/backends/build/CMakeFiles/CMakeTmp/src.c
/home/joungwook/pid_comm_tutorial_yonsei/upmem-2021.3.0/src/backends/build/CMakeFiles/CMakeTmp/src.c: In function ‘main’:
/home/joungwook/pid_comm_tutorial_yonsei/upmem-2021.3.0/src/backends/build/CMakeFiles/CMakeTmp/src.c:5:12: error: variable ‘a’ set but not used [-Werror=unused-but-set-variable]
    5 |     __m256 a;
      |            ^
cc1: all warnings being treated as errors
CMakeFiles/cmTC_6040b.dir/build.make:82: recipe for target 'CMakeFiles/cmTC_6040b.dir/src.c.o' failed
make[1]: *** [CMakeFiles/cmTC_6040b.dir/src.c.o] Error 1
make[1]: Leaving directory '/home/joungwook/pid_comm_tutorial_yonsei/upmem-2021.3.0/src/backends/build/CMakeFiles/CMakeTmp'
Makefile:138: recipe for target 'cmTC_6040b/fast' failed
make: *** [cmTC_6040b/fast] Error 2


Source file was:

  #include <immintrin.h>
  int main()
  {
    __m256 a;
    a = _mm256_set1_ps(0);
    return 0;
  }

Performing C SOURCE FILE Test CXX_HAS_AVX_3 failed with the following compile output:
Change Dir: /home/joungwook/pid_comm_tutorial_yonsei/upmem-2021.3.0/src/backends/build/CMakeFiles/CMakeTmp

Run Build Command(s):/usr/bin/make cmTC_62ac1/fast && /usr/bin/make -f CMakeFiles/cmTC_62ac1.dir/build.make CMakeFiles/cmTC_62ac1.dir/build
make[1]: Entering directory '/home/joungwook/pid_comm_tutorial_yonsei/upmem-2021.3.0/src/backends/build/CMakeFiles/CMakeTmp'
Building C object CMakeFiles/cmTC_62ac1.dir/src.c.o
/usr/bin/cc   -Wall -Werror -Wextra -std=gnu11  -O3  -g -DCXX_HAS_AVX_3 /arch:AVX   -o CMakeFiles/cmTC_62ac1.dir/src.c.o   -c /home/joungwook/pid_comm_tutorial_yonsei/upmem-2021.3.0/src/backends/build/CMakeFiles/CMakeTmp/src.c
cc: error: /arch:AVX: No such file or directory
CMakeFiles/cmTC_62ac1.dir/build.make:82: recipe for target 'CMakeFiles/cmTC_62ac1.dir/src.c.o' failed
make[1]: *** [CMakeFiles/cmTC_62ac1.dir/src.c.o] Error 1
make[1]: Leaving directory '/home/joungwook/pid_comm_tutorial_yonsei/upmem-2021.3.0/src/backends/build/CMakeFiles/CMakeTmp'
Makefile:138: recipe for target 'cmTC_62ac1/fast' failed
make: *** [cmTC_62ac1/fast] Error 2


...and run output:

Return value: 1
Source file was:

  #include <immintrin.h>
  int main()
  {
    __m256 a;
    a = _mm256_set1_ps(0);
    return 0;
  }

Performing C SOURCE FILE Test CXX_COMPILES_AVX_3 failed with the following output:
Change Dir: /home/joungwook/pid_comm_tutorial_yonsei/upmem-2021.3.0/src/backends/build/CMakeFiles/CMakeTmp

Run Build Command(s):/usr/bin/make cmTC_978ce/fast && /usr/bin/make -f CMakeFiles/cmTC_978ce.dir/build.make CMakeFiles/cmTC_978ce.dir/build
make[1]: Entering directory '/home/joungwook/pid_comm_tutorial_yonsei/upmem-2021.3.0/src/backends/build/CMakeFiles/CMakeTmp'
Building C object CMakeFiles/cmTC_978ce.dir/src.c.o
/usr/bin/cc   -Wall -Werror -Wextra -std=gnu11  -O3  -g -DCXX_COMPILES_AVX_3 /arch:AVX   -o CMakeFiles/cmTC_978ce.dir/src.c.o   -c /home/joungwook/pid_comm_tutorial_yonsei/upmem-2021.3.0/src/backends/build/CMakeFiles/CMakeTmp/src.c
cc: error: /arch:AVX: No such file or directory
CMakeFiles/cmTC_978ce.dir/build.make:82: recipe for target 'CMakeFiles/cmTC_978ce.dir/src.c.o' failed
make[1]: *** [CMakeFiles/cmTC_978ce.dir/src.c.o] Error 1
make[1]: Leaving directory '/home/joungwook/pid_comm_tutorial_yonsei/upmem-2021.3.0/src/backends/build/CMakeFiles/CMakeTmp'
Makefile:138: recipe for target 'cmTC_978ce/fast' failed
make: *** [cmTC_978ce/fast] Error 2


Source file was:

  #include <immintrin.h>
  int main()
  {
    __m256 a;
    a = _mm256_set1_ps(0);
    return 0;
  }

Performing C SOURCE FILE Test CXX_HAS_AVX2_1 failed with the following compile output:
Change Dir: /home/joungwook/pid_comm_tutorial_yonsei/upmem-2021.3.0/src/backends/build/CMakeFiles/CMakeTmp

Run Build Command(s):/usr/bin/make cmTC_4cbc3/fast && /usr/bin/make -f CMakeFiles/cmTC_4cbc3.dir/build.make CMakeFiles/cmTC_4cbc3.dir/build
make[1]: Entering directory '/home/joungwook/pid_comm_tutorial_yonsei/upmem-2021.3.0/src/backends/build/CMakeFiles/CMakeTmp'
Building C object CMakeFiles/cmTC_4cbc3.dir/src.c.o
/usr/bin/cc   -Wall -Werror -Wextra -std=gnu11  -O3  -g -DCXX_HAS_AVX2_1   -o CMakeFiles/cmTC_4cbc3.dir/src.c.o   -c /home/joungwook/pid_comm_tutorial_yonsei/upmem-2021.3.0/src/backends/build/CMakeFiles/CMakeTmp/src.c
/home/joungwook/pid_comm_tutorial_yonsei/upmem-2021.3.0/src/backends/build/CMakeFiles/CMakeTmp/src.c: In function ‘main’:
/home/joungwook/pid_comm_tutorial_yonsei/upmem-2021.3.0/src/backends/build/CMakeFiles/CMakeTmp/src.c:6:7: error: AVX vector return without AVX enabled changes the ABI [-Werror=psabi]
    6 |     a = _mm256_abs_epi16(a);
      |     ~~^~~~~~~~~~~~~~~~~~~~~
In file included from /usr/lib/gcc/x86_64-linux-gnu/9/include/immintrin.h:53,
                 from /home/joungwook/pid_comm_tutorial_yonsei/upmem-2021.3.0/src/backends/build/CMakeFiles/CMakeTmp/src.c:2:
/usr/lib/gcc/x86_64-linux-gnu/9/include/avx2intrin.h:63:1: error: inlining failed in call to always_inline ‘_mm256_abs_epi16’: target specific option mismatch
   63 | _mm256_abs_epi16 (__m256i __A)
      | ^~~~~~~~~~~~~~~~
/home/joungwook/pid_comm_tutorial_yonsei/upmem-2021.3.0/src/backends/build/CMakeFiles/CMakeTmp/src.c:6:9: note: called from here
    6 |     a = _mm256_abs_epi16(a);
      |         ^~~~~~~~~~~~~~~~~~~
cc1: all warnings being treated as errors
CMakeFiles/cmTC_4cbc3.dir/build.make:82: recipe for target 'CMakeFiles/cmTC_4cbc3.dir/src.c.o' failed
make[1]: *** [CMakeFiles/cmTC_4cbc3.dir/src.c.o] Error 1
make[1]: Leaving directory '/home/joungwook/pid_comm_tutorial_yonsei/upmem-2021.3.0/src/backends/build/CMakeFiles/CMakeTmp'
Makefile:138: recipe for target 'cmTC_4cbc3/fast' failed
make: *** [cmTC_4cbc3/fast] Error 2


...and run output:

Return value: 1
Source file was:

  #include <immintrin.h>
  int main()
  {
    __m256i a = {0};
    a = _mm256_abs_epi16(a);
    return 0;
  }

Performing C SOURCE FILE Test CXX_COMPILES_AVX2_1 failed with the following output:
Change Dir: /home/joungwook/pid_comm_tutorial_yonsei/upmem-2021.3.0/src/backends/build/CMakeFiles/CMakeTmp

Run Build Command(s):/usr/bin/make cmTC_0e6f4/fast && /usr/bin/make -f CMakeFiles/cmTC_0e6f4.dir/build.make CMakeFiles/cmTC_0e6f4.dir/build
make[1]: Entering directory '/home/joungwook/pid_comm_tutorial_yonsei/upmem-2021.3.0/src/backends/build/CMakeFiles/CMakeTmp'
Building C object CMakeFiles/cmTC_0e6f4.dir/src.c.o
/usr/bin/cc   -Wall -Werror -Wextra -std=gnu11  -O3  -g -DCXX_COMPILES_AVX2_1   -o CMakeFiles/cmTC_0e6f4.dir/src.c.o   -c /home/joungwook/pid_comm_tutorial_yonsei/upmem-2021.3.0/src/backends/build/CMakeFiles/CMakeTmp/src.c
/home/joungwook/pid_comm_tutorial_yonsei/upmem-2021.3.0/src/backends/build/CMakeFiles/CMakeTmp/src.c: In function ‘main’:
/home/joungwook/pid_comm_tutorial_yonsei/upmem-2021.3.0/src/backends/build/CMakeFiles/CMakeTmp/src.c:6:7: error: AVX vector return without AVX enabled changes the ABI [-Werror=psabi]
    6 |     a = _mm256_abs_epi16(a);
      |     ~~^~~~~~~~~~~~~~~~~~~~~
In file included from /usr/lib/gcc/x86_64-linux-gnu/9/include/immintrin.h:53,
                 from /home/joungwook/pid_comm_tutorial_yonsei/upmem-2021.3.0/src/backends/build/CMakeFiles/CMakeTmp/src.c:2:
/usr/lib/gcc/x86_64-linux-gnu/9/include/avx2intrin.h:63:1: error: inlining failed in call to always_inline ‘_mm256_abs_epi16’: target specific option mismatch
   63 | _mm256_abs_epi16 (__m256i __A)
      | ^~~~~~~~~~~~~~~~
/home/joungwook/pid_comm_tutorial_yonsei/upmem-2021.3.0/src/backends/build/CMakeFiles/CMakeTmp/src.c:6:9: note: called from here
    6 |     a = _mm256_abs_epi16(a);
      |         ^~~~~~~~~~~~~~~~~~~
cc1: all warnings being treated as errors
CMakeFiles/cmTC_0e6f4.dir/build.make:82: recipe for target 'CMakeFiles/cmTC_0e6f4.dir/src.c.o' failed
make[1]: *** [CMakeFiles/cmTC_0e6f4.dir/src.c.o] Error 1
make[1]: Leaving directory '/home/joungwook/pid_comm_tutorial_yonsei/upmem-2021.3.0/src/backends/build/CMakeFiles/CMakeTmp'
Makefile:138: recipe for target 'cmTC_0e6f4/fast' failed
make: *** [cmTC_0e6f4/fast] Error 2


Source file was:

  #include <immintrin.h>
  int main()
  {
    __m256i a = {0};
    a = _mm256_abs_epi16(a);
    return 0;
  }

Performing C SOURCE FILE Test CXX_HAS_AVX512F_1 failed with the following compile output:
Change Dir: /home/joungwook/pid_comm_tutorial_yonsei/upmem-2021.3.0/src/backends/build/CMakeFiles/CMakeTmp

Run Build Command(s):/usr/bin/make cmTC_910ad/fast && /usr/bin/make -f CMakeFiles/cmTC_910ad.dir/build.make CMakeFiles/cmTC_910ad.dir/build
make[1]: Entering directory '/home/joungwook/pid_comm_tutorial_yonsei/upmem-2021.3.0/src/backends/build/CMakeFiles/CMakeTmp'
Building C object CMakeFiles/cmTC_910ad.dir/src.c.o
/usr/bin/cc   -Wall -Werror -Wextra -std=gnu11  -O3  -g -DCXX_HAS_AVX512F_1   -o CMakeFiles/cmTC_910ad.dir/src.c.o   -c /home/joungwook/pid_comm_tutorial_yonsei/upmem-2021.3.0/src/backends/build/CMakeFiles/CMakeTmp/src.c
/home/joungwook/pid_comm_tutorial_yonsei/upmem-2021.3.0/src/backends/build/CMakeFiles/CMakeTmp/src.c: In function ‘main’:
/home/joungwook/pid_comm_tutorial_yonsei/upmem-2021.3.0/src/backends/build/CMakeFiles/CMakeTmp/src.c:5:12: error: AVX512F vector return without AVX512F enabled changes the ABI [-Werror=psabi]
    5 |     __m512 a = _mm512_set1_ps(1.f);
      |            ^
In file included from /usr/lib/gcc/x86_64-linux-gnu/9/include/immintrin.h:55,
                 from /home/joungwook/pid_comm_tutorial_yonsei/upmem-2021.3.0/src/backends/build/CMakeFiles/CMakeTmp/src.c:2:
/usr/lib/gcc/x86_64-linux-gnu/9/include/avx512fintrin.h:12294:1: error: inlining failed in call to always_inline ‘_mm512_add_ps’: target specific option mismatch
12294 | _mm512_add_ps (__m512 __A, __m512 __B)
      | ^~~~~~~~~~~~~
/home/joungwook/pid_comm_tutorial_yonsei/upmem-2021.3.0/src/backends/build/CMakeFiles/CMakeTmp/src.c:6:9: note: called from here
    6 |     a = _mm512_add_ps(a, _mm512_set1_ps(1.f));;
      |         ^~~~~~~~~~~~~~~~~~~~~~~~~~~~~~~~~~~~~
In file included from /usr/lib/gcc/x86_64-linux-gnu/9/include/immintrin.h:55,
                 from /home/joungwook/pid_comm_tutorial_yonsei/upmem-2021.3.0/src/backends/build/CMakeFiles/CMakeTmp/src.c:2:
/usr/lib/gcc/x86_64-linux-gnu/9/include/avx512fintrin.h:251:1: error: inlining failed in call to always_inline ‘_mm512_set1_ps’: target specific option mismatch
  251 | _mm512_set1_ps (float __A)
      | ^~~~~~~~~~~~~~
/home/joungwook/pid_comm_tutorial_yonsei/upmem-2021.3.0/src/backends/build/CMakeFiles/CMakeTmp/src.c:6:9: note: called from here
    6 |     a = _mm512_add_ps(a, _mm512_set1_ps(1.f));;
      |         ^~~~~~~~~~~~~~~~~~~~~~~~~~~~~~~~~~~~~
In file included from /usr/lib/gcc/x86_64-linux-gnu/9/include/immintrin.h:55,
                 from /home/joungwook/pid_comm_tutorial_yonsei/upmem-2021.3.0/src/backends/build/CMakeFiles/CMakeTmp/src.c:2:
/usr/lib/gcc/x86_64-linux-gnu/9/include/avx512fintrin.h:251:1: error: inlining failed in call to always_inline ‘_mm512_set1_ps’: target specific option mismatch
  251 | _mm512_set1_ps (float __A)
      | ^~~~~~~~~~~~~~
/home/joungwook/pid_comm_tutorial_yonsei/upmem-2021.3.0/src/backends/build/CMakeFiles/CMakeTmp/src.c:5:16: note: called from here
    5 |     __m512 a = _mm512_set1_ps(1.f);
      |                ^~~~~~~~~~~~~~~~~~~
cc1: all warnings being treated as errors
CMakeFiles/cmTC_910ad.dir/build.make:82: recipe for target 'CMakeFiles/cmTC_910ad.dir/src.c.o' failed
make[1]: *** [CMakeFiles/cmTC_910ad.dir/src.c.o] Error 1
make[1]: Leaving directory '/home/joungwook/pid_comm_tutorial_yonsei/upmem-2021.3.0/src/backends/build/CMakeFiles/CMakeTmp'
Makefile:138: recipe for target 'cmTC_910ad/fast' failed
make: *** [cmTC_910ad/fast] Error 2


...and run output:

Return value: 1
Source file was:

  #include <immintrin.h>
  int main()
  {
    __m512 a = _mm512_set1_ps(1.f);
    a = _mm512_add_ps(a, _mm512_set1_ps(1.f));;
    return 0;
  }

Performing C SOURCE FILE Test CXX_COMPILES_AVX512F_1 failed with the following output:
Change Dir: /home/joungwook/pid_comm_tutorial_yonsei/upmem-2021.3.0/src/backends/build/CMakeFiles/CMakeTmp

Run Build Command(s):/usr/bin/make cmTC_a545f/fast && /usr/bin/make -f CMakeFiles/cmTC_a545f.dir/build.make CMakeFiles/cmTC_a545f.dir/build
make[1]: Entering directory '/home/joungwook/pid_comm_tutorial_yonsei/upmem-2021.3.0/src/backends/build/CMakeFiles/CMakeTmp'
Building C object CMakeFiles/cmTC_a545f.dir/src.c.o
/usr/bin/cc   -Wall -Werror -Wextra -std=gnu11  -O3  -g -DCXX_COMPILES_AVX512F_1   -o CMakeFiles/cmTC_a545f.dir/src.c.o   -c /home/joungwook/pid_comm_tutorial_yonsei/upmem-2021.3.0/src/backends/build/CMakeFiles/CMakeTmp/src.c
/home/joungwook/pid_comm_tutorial_yonsei/upmem-2021.3.0/src/backends/build/CMakeFiles/CMakeTmp/src.c: In function ‘main’:
/home/joungwook/pid_comm_tutorial_yonsei/upmem-2021.3.0/src/backends/build/CMakeFiles/CMakeTmp/src.c:5:12: error: AVX512F vector return without AVX512F enabled changes the ABI [-Werror=psabi]
    5 |     __m512 a = _mm512_set1_ps(1.f);
      |            ^
In file included from /usr/lib/gcc/x86_64-linux-gnu/9/include/immintrin.h:55,
                 from /home/joungwook/pid_comm_tutorial_yonsei/upmem-2021.3.0/src/backends/build/CMakeFiles/CMakeTmp/src.c:2:
/usr/lib/gcc/x86_64-linux-gnu/9/include/avx512fintrin.h:12294:1: error: inlining failed in call to always_inline ‘_mm512_add_ps’: target specific option mismatch
12294 | _mm512_add_ps (__m512 __A, __m512 __B)
      | ^~~~~~~~~~~~~
/home/joungwook/pid_comm_tutorial_yonsei/upmem-2021.3.0/src/backends/build/CMakeFiles/CMakeTmp/src.c:6:9: note: called from here
    6 |     a = _mm512_add_ps(a, _mm512_set1_ps(1.f));;
      |         ^~~~~~~~~~~~~~~~~~~~~~~~~~~~~~~~~~~~~
In file included from /usr/lib/gcc/x86_64-linux-gnu/9/include/immintrin.h:55,
                 from /home/joungwook/pid_comm_tutorial_yonsei/upmem-2021.3.0/src/backends/build/CMakeFiles/CMakeTmp/src.c:2:
/usr/lib/gcc/x86_64-linux-gnu/9/include/avx512fintrin.h:251:1: error: inlining failed in call to always_inline ‘_mm512_set1_ps’: target specific option mismatch
  251 | _mm512_set1_ps (float __A)
      | ^~~~~~~~~~~~~~
/home/joungwook/pid_comm_tutorial_yonsei/upmem-2021.3.0/src/backends/build/CMakeFiles/CMakeTmp/src.c:6:9: note: called from here
    6 |     a = _mm512_add_ps(a, _mm512_set1_ps(1.f));;
      |         ^~~~~~~~~~~~~~~~~~~~~~~~~~~~~~~~~~~~~
In file included from /usr/lib/gcc/x86_64-linux-gnu/9/include/immintrin.h:55,
                 from /home/joungwook/pid_comm_tutorial_yonsei/upmem-2021.3.0/src/backends/build/CMakeFiles/CMakeTmp/src.c:2:
/usr/lib/gcc/x86_64-linux-gnu/9/include/avx512fintrin.h:251:1: error: inlining failed in call to always_inline ‘_mm512_set1_ps’: target specific option mismatch
  251 | _mm512_set1_ps (float __A)
      | ^~~~~~~~~~~~~~
/home/joungwook/pid_comm_tutorial_yonsei/upmem-2021.3.0/src/backends/build/CMakeFiles/CMakeTmp/src.c:5:16: note: called from here
    5 |     __m512 a = _mm512_set1_ps(1.f);
      |                ^~~~~~~~~~~~~~~~~~~
cc1: all warnings being treated as errors
CMakeFiles/cmTC_a545f.dir/build.make:82: recipe for target 'CMakeFiles/cmTC_a545f.dir/src.c.o' failed
make[1]: *** [CMakeFiles/cmTC_a545f.dir/src.c.o] Error 1
make[1]: Leaving directory '/home/joungwook/pid_comm_tutorial_yonsei/upmem-2021.3.0/src/backends/build/CMakeFiles/CMakeTmp'
Makefile:138: recipe for target 'cmTC_a545f/fast' failed
make: *** [cmTC_a545f/fast] Error 2


Source file was:

  #include <immintrin.h>
  int main()
  {
    __m512 a = _mm512_set1_ps(1.f);
    a = _mm512_add_ps(a, _mm512_set1_ps(1.f));;
    return 0;
  }

Performing C SOURCE FILE Test CXX_HAS_AVX512BW_1 failed with the following compile output:
Change Dir: /home/joungwook/pid_comm_tutorial_yonsei/upmem-2021.3.0/src/backends/build/CMakeFiles/CMakeTmp

Run Build Command(s):/usr/bin/make cmTC_615fb/fast && /usr/bin/make -f CMakeFiles/cmTC_615fb.dir/build.make CMakeFiles/cmTC_615fb.dir/build
make[1]: Entering directory '/home/joungwook/pid_comm_tutorial_yonsei/upmem-2021.3.0/src/backends/build/CMakeFiles/CMakeTmp'
Building C object CMakeFiles/cmTC_615fb.dir/src.c.o
/usr/bin/cc   -Wall -Werror -Wextra -std=gnu11  -O3  -g -DCXX_HAS_AVX512BW_1   -o CMakeFiles/cmTC_615fb.dir/src.c.o   -c /home/joungwook/pid_comm_tutorial_yonsei/upmem-2021.3.0/src/backends/build/CMakeFiles/CMakeTmp/src.c
/home/joungwook/pid_comm_tutorial_yonsei/upmem-2021.3.0/src/backends/build/CMakeFiles/CMakeTmp/src.c: In function ‘main’:
/home/joungwook/pid_comm_tutorial_yonsei/upmem-2021.3.0/src/backends/build/CMakeFiles/CMakeTmp/src.c:5:13: error: AVX512F vector return without AVX512F enabled changes the ABI [-Werror=psabi]
    5 |     __m512i mask = _mm512_set_epi64(0, 0, 0, 0, 0, 0, 0, 0);
      |             ^~~~
In file included from /usr/lib/gcc/x86_64-linux-gnu/9/include/immintrin.h:65,
                 from /home/joungwook/pid_comm_tutorial_yonsei/upmem-2021.3.0/src/backends/build/CMakeFiles/CMakeTmp/src.c:2:
/usr/lib/gcc/x86_64-linux-gnu/9/include/avx512bwintrin.h:1852:1: error: inlining failed in call to always_inline ‘_mm512_shuffle_epi8’: target specific option mismatch
 1852 | _mm512_shuffle_epi8 (__m512i __A, __m512i __B)
      | ^~~~~~~~~~~~~~~~~~~
/home/joungwook/pid_comm_tutorial_yonsei/upmem-2021.3.0/src/backends/build/CMakeFiles/CMakeTmp/src.c:7:12: note: called from here
    7 |     load = _mm512_shuffle_epi8(load, mask);
      |            ^~~~~~~~~~~~~~~~~~~~~~~~~~~~~~~
In file included from /usr/lib/gcc/x86_64-linux-gnu/9/include/immintrin.h:55,
                 from /home/joungwook/pid_comm_tutorial_yonsei/upmem-2021.3.0/src/backends/build/CMakeFiles/CMakeTmp/src.c:2:
/usr/lib/gcc/x86_64-linux-gnu/9/include/avx512fintrin.h:79:1: error: inlining failed in call to always_inline ‘_mm512_set_epi64’: target specific option mismatch
   79 | _mm512_set_epi64 (long long __A, long long __B, long long __C,
      | ^~~~~~~~~~~~~~~~
/home/joungwook/pid_comm_tutorial_yonsei/upmem-2021.3.0/src/backends/build/CMakeFiles/CMakeTmp/src.c:5:20: note: called from here
    5 |     __m512i mask = _mm512_set_epi64(0, 0, 0, 0, 0, 0, 0, 0);
      |                    ^~~~~~~~~~~~~~~~~~~~~~~~~~~~~~~~~~~~~~~~
cc1: all warnings being treated as errors
CMakeFiles/cmTC_615fb.dir/build.make:82: recipe for target 'CMakeFiles/cmTC_615fb.dir/src.c.o' failed
make[1]: *** [CMakeFiles/cmTC_615fb.dir/src.c.o] Error 1
make[1]: Leaving directory '/home/joungwook/pid_comm_tutorial_yonsei/upmem-2021.3.0/src/backends/build/CMakeFiles/CMakeTmp'
Makefile:138: recipe for target 'cmTC_615fb/fast' failed
make: *** [cmTC_615fb/fast] Error 2


...and run output:

Return value: 1
Source file was:

  #include <immintrin.h>
  int main()
  {
    __m512i mask = _mm512_set_epi64(0, 0, 0, 0, 0, 0, 0, 0);
    __m512i load = {0};
    load = _mm512_shuffle_epi8(load, mask);
    return 0;
  }

Performing C SOURCE FILE Test CXX_COMPILES_AVX512BW_1 failed with the following output:
Change Dir: /home/joungwook/pid_comm_tutorial_yonsei/upmem-2021.3.0/src/backends/build/CMakeFiles/CMakeTmp

Run Build Command(s):/usr/bin/make cmTC_bd47e/fast && /usr/bin/make -f CMakeFiles/cmTC_bd47e.dir/build.make CMakeFiles/cmTC_bd47e.dir/build
make[1]: Entering directory '/home/joungwook/pid_comm_tutorial_yonsei/upmem-2021.3.0/src/backends/build/CMakeFiles/CMakeTmp'
Building C object CMakeFiles/cmTC_bd47e.dir/src.c.o
/usr/bin/cc   -Wall -Werror -Wextra -std=gnu11  -O3  -g -DCXX_COMPILES_AVX512BW_1   -o CMakeFiles/cmTC_bd47e.dir/src.c.o   -c /home/joungwook/pid_comm_tutorial_yonsei/upmem-2021.3.0/src/backends/build/CMakeFiles/CMakeTmp/src.c
/home/joungwook/pid_comm_tutorial_yonsei/upmem-2021.3.0/src/backends/build/CMakeFiles/CMakeTmp/src.c: In function ‘main’:
/home/joungwook/pid_comm_tutorial_yonsei/upmem-2021.3.0/src/backends/build/CMakeFiles/CMakeTmp/src.c:5:13: error: AVX512F vector return without AVX512F enabled changes the ABI [-Werror=psabi]
    5 |     __m512i mask = _mm512_set_epi64(0, 0, 0, 0, 0, 0, 0, 0);
      |             ^~~~
In file included from /usr/lib/gcc/x86_64-linux-gnu/9/include/immintrin.h:65,
                 from /home/joungwook/pid_comm_tutorial_yonsei/upmem-2021.3.0/src/backends/build/CMakeFiles/CMakeTmp/src.c:2:
/usr/lib/gcc/x86_64-linux-gnu/9/include/avx512bwintrin.h:1852:1: error: inlining failed in call to always_inline ‘_mm512_shuffle_epi8’: target specific option mismatch
 1852 | _mm512_shuffle_epi8 (__m512i __A, __m512i __B)
      | ^~~~~~~~~~~~~~~~~~~
/home/joungwook/pid_comm_tutorial_yonsei/upmem-2021.3.0/src/backends/build/CMakeFiles/CMakeTmp/src.c:7:12: note: called from here
    7 |     load = _mm512_shuffle_epi8(load, mask);
      |            ^~~~~~~~~~~~~~~~~~~~~~~~~~~~~~~
In file included from /usr/lib/gcc/x86_64-linux-gnu/9/include/immintrin.h:55,
                 from /home/joungwook/pid_comm_tutorial_yonsei/upmem-2021.3.0/src/backends/build/CMakeFiles/CMakeTmp/src.c:2:
/usr/lib/gcc/x86_64-linux-gnu/9/include/avx512fintrin.h:79:1: error: inlining failed in call to always_inline ‘_mm512_set_epi64’: target specific option mismatch
   79 | _mm512_set_epi64 (long long __A, long long __B, long long __C,
      | ^~~~~~~~~~~~~~~~
/home/joungwook/pid_comm_tutorial_yonsei/upmem-2021.3.0/src/backends/build/CMakeFiles/CMakeTmp/src.c:5:20: note: called from here
    5 |     __m512i mask = _mm512_set_epi64(0, 0, 0, 0, 0, 0, 0, 0);
      |                    ^~~~~~~~~~~~~~~~~~~~~~~~~~~~~~~~~~~~~~~~
cc1: all warnings being treated as errors
CMakeFiles/cmTC_bd47e.dir/build.make:82: recipe for target 'CMakeFiles/cmTC_bd47e.dir/src.c.o' failed
make[1]: *** [CMakeFiles/cmTC_bd47e.dir/src.c.o] Error 1
make[1]: Leaving directory '/home/joungwook/pid_comm_tutorial_yonsei/upmem-2021.3.0/src/backends/build/CMakeFiles/CMakeTmp'
Makefile:138: recipe for target 'cmTC_bd47e/fast' failed
make: *** [cmTC_bd47e/fast] Error 2


Source file was:

  #include <immintrin.h>
  int main()
  {
    __m512i mask = _mm512_set_epi64(0, 0, 0, 0, 0, 0, 0, 0);
    __m512i load = {0};
    load = _mm512_shuffle_epi8(load, mask);
    return 0;
  }

Performing C SOURCE FILE Test CXX_HAS_CLFLUSHOPT_1 failed with the following compile output:
Change Dir: /home/joungwook/pid_comm_tutorial_yonsei/upmem-2021.3.0/src/backends/build/CMakeFiles/CMakeTmp

Run Build Command(s):/usr/bin/make cmTC_585de/fast && /usr/bin/make -f CMakeFiles/cmTC_585de.dir/build.make CMakeFiles/cmTC_585de.dir/build
make[1]: Entering directory '/home/joungwook/pid_comm_tutorial_yonsei/upmem-2021.3.0/src/backends/build/CMakeFiles/CMakeTmp'
Building C object CMakeFiles/cmTC_585de.dir/src.c.o
/usr/bin/cc   -Wall -Werror -Wextra -std=gnu11  -O3  -g -DCXX_HAS_CLFLUSHOPT_1   -o CMakeFiles/cmTC_585de.dir/src.c.o   -c /home/joungwook/pid_comm_tutorial_yonsei/upmem-2021.3.0/src/backends/build/CMakeFiles/CMakeTmp/src.c
/home/joungwook/pid_comm_tutorial_yonsei/upmem-2021.3.0/src/backends/build/CMakeFiles/CMakeTmp/src.c: In function ‘main’:
/home/joungwook/pid_comm_tutorial_yonsei/upmem-2021.3.0/src/backends/build/CMakeFiles/CMakeTmp/src.c:6:5: error: ‘__builtin_ia32_clflushopt’ needs isa option -mclflushopt
    6 |     __builtin_ia32_clflushopt(&flush);
      |     ^~~~~~~~~~~~~~~~~~~~~~~~~~~~~~~~~
CMakeFiles/cmTC_585de.dir/build.make:82: recipe for target 'CMakeFiles/cmTC_585de.dir/src.c.o' failed
make[1]: *** [CMakeFiles/cmTC_585de.dir/src.c.o] Error 1
make[1]: Leaving directory '/home/joungwook/pid_comm_tutorial_yonsei/upmem-2021.3.0/src/backends/build/CMakeFiles/CMakeTmp'
Makefile:138: recipe for target 'cmTC_585de/fast' failed
make: *** [cmTC_585de/fast] Error 2


...and run output:

Return value: 1
Source file was:

  #include <immintrin.h>
  int main()
  {
    int flush;
    __builtin_ia32_clflushopt(&flush);
    return 0;
  }

Performing C SOURCE FILE Test CXX_COMPILES_CLFLUSHOPT_1 failed with the following output:
Change Dir: /home/joungwook/pid_comm_tutorial_yonsei/upmem-2021.3.0/src/backends/build/CMakeFiles/CMakeTmp

Run Build Command(s):/usr/bin/make cmTC_0be14/fast && /usr/bin/make -f CMakeFiles/cmTC_0be14.dir/build.make CMakeFiles/cmTC_0be14.dir/build
make[1]: Entering directory '/home/joungwook/pid_comm_tutorial_yonsei/upmem-2021.3.0/src/backends/build/CMakeFiles/CMakeTmp'
Building C object CMakeFiles/cmTC_0be14.dir/src.c.o
/usr/bin/cc   -Wall -Werror -Wextra -std=gnu11  -O3  -g -DCXX_COMPILES_CLFLUSHOPT_1   -o CMakeFiles/cmTC_0be14.dir/src.c.o   -c /home/joungwook/pid_comm_tutorial_yonsei/upmem-2021.3.0/src/backends/build/CMakeFiles/CMakeTmp/src.c
/home/joungwook/pid_comm_tutorial_yonsei/upmem-2021.3.0/src/backends/build/CMakeFiles/CMakeTmp/src.c: In function ‘main’:
/home/joungwook/pid_comm_tutorial_yonsei/upmem-2021.3.0/src/backends/build/CMakeFiles/CMakeTmp/src.c:6:5: error: ‘__builtin_ia32_clflushopt’ needs isa option -mclflushopt
    6 |     __builtin_ia32_clflushopt(&flush);
      |     ^~~~~~~~~~~~~~~~~~~~~~~~~~~~~~~~~
CMakeFiles/cmTC_0be14.dir/build.make:82: recipe for target 'CMakeFiles/cmTC_0be14.dir/src.c.o' failed
make[1]: *** [CMakeFiles/cmTC_0be14.dir/src.c.o] Error 1
make[1]: Leaving directory '/home/joungwook/pid_comm_tutorial_yonsei/upmem-2021.3.0/src/backends/build/CMakeFiles/CMakeTmp'
Makefile:138: recipe for target 'cmTC_0be14/fast' failed
make: *** [cmTC_0be14/fast] Error 2


Source file was:

  #include <immintrin.h>
  int main()
  {
    int flush;
    __builtin_ia32_clflushopt(&flush);
    return 0;
  }

