Performing C SOURCE FILE Test CMAKE_HAVE_LIBC_PTHREAD failed with the following output:
Change Dir: /home/joungwook/PID-Comm/upmem-2021.3.0_opt/src/backends/build/CMakeFiles/CMakeTmp

Run Build Command(s):/usr/bin/make cmTC_dd7aa/fast && /usr/bin/make -f CMakeFiles/cmTC_dd7aa.dir/build.make CMakeFiles/cmTC_dd7aa.dir/build
make[1]: Entering directory '/home/joungwook/PID-Comm/upmem-2021.3.0_opt/src/backends/build/CMakeFiles/CMakeTmp'
Building C object CMakeFiles/cmTC_dd7aa.dir/src.c.o
/usr/bin/cc   -Wall -Werror -Wextra -std=gnu11  -O3  -g -DCMAKE_HAVE_LIBC_PTHREAD   -o CMakeFiles/cmTC_dd7aa.dir/src.c.o   -c /home/joungwook/PID-Comm/upmem-2021.3.0_opt/src/backends/build/CMakeFiles/CMakeTmp/src.c
Linking C executable cmTC_dd7aa
/usr/local/bin/cmake -E cmake_link_script CMakeFiles/cmTC_dd7aa.dir/link.txt --verbose=1
/usr/bin/cc  -Wall -Werror -Wextra -std=gnu11  -O3  -g -DCMAKE_HAVE_LIBC_PTHREAD  -Wl,--enable-new-dtags  CMakeFiles/cmTC_dd7aa.dir/src.c.o  -o cmTC_dd7aa 
CMakeFiles/cmTC_dd7aa.dir/src.c.o: In function `main':
/home/joungwook/PID-Comm/upmem-2021.3.0_opt/src/backends/build/CMakeFiles/CMakeTmp/src.c:11: undefined reference to `pthread_create'
/home/joungwook/PID-Comm/upmem-2021.3.0_opt/src/backends/build/CMakeFiles/CMakeTmp/src.c:12: undefined reference to `pthread_detach'
/home/joungwook/PID-Comm/upmem-2021.3.0_opt/src/backends/build/CMakeFiles/CMakeTmp/src.c:13: undefined reference to `pthread_cancel'
/home/joungwook/PID-Comm/upmem-2021.3.0_opt/src/backends/build/CMakeFiles/CMakeTmp/src.c:14: undefined reference to `pthread_join'
/home/joungwook/PID-Comm/upmem-2021.3.0_opt/src/backends/build/CMakeFiles/CMakeTmp/src.c:15: undefined reference to `pthread_atfork'
collect2: error: ld returned 1 exit status
CMakeFiles/cmTC_dd7aa.dir/build.make:103: recipe for target 'cmTC_dd7aa' failed
make[1]: *** [cmTC_dd7aa] Error 1
make[1]: Leaving directory '/home/joungwook/PID-Comm/upmem-2021.3.0_opt/src/backends/build/CMakeFiles/CMakeTmp'
Makefile:138: recipe for target 'cmTC_dd7aa/fast' failed
make: *** [cmTC_dd7aa/fast] Error 2


Source file was:
#include <pthread.h>

void* test_func(void* data)
{
  return data;
}

int main(void)
{
  pthread_t thread;
  pthread_create(&thread, NULL, test_func, NULL);
  pthread_detach(thread);
  pthread_cancel(thread);
  pthread_join(thread, NULL);
  pthread_atfork(NULL, NULL, NULL);
  pthread_exit(NULL);

  return 0;
}

Determining if the function pthread_create exists in the pthreads failed with the following output:
Change Dir: /home/joungwook/PID-Comm/upmem-2021.3.0_opt/src/backends/build/CMakeFiles/CMakeTmp

Run Build Command(s):/usr/bin/make cmTC_fc94f/fast && /usr/bin/make -f CMakeFiles/cmTC_fc94f.dir/build.make CMakeFiles/cmTC_fc94f.dir/build
make[1]: Entering directory '/home/joungwook/PID-Comm/upmem-2021.3.0_opt/src/backends/build/CMakeFiles/CMakeTmp'
Building C object CMakeFiles/cmTC_fc94f.dir/CheckFunctionExists.c.o
/usr/bin/cc   -Wall -Werror -Wextra -std=gnu11  -O3  -g -DCHECK_FUNCTION_EXISTS=pthread_create   -o CMakeFiles/cmTC_fc94f.dir/CheckFunctionExists.c.o   -c /usr/local/share/cmake-3.17/Modules/CheckFunctionExists.c
Linking C executable cmTC_fc94f
/usr/local/bin/cmake -E cmake_link_script CMakeFiles/cmTC_fc94f.dir/link.txt --verbose=1
/usr/bin/cc  -Wall -Werror -Wextra -std=gnu11  -O3  -g -DCHECK_FUNCTION_EXISTS=pthread_create  -Wl,--enable-new-dtags  CMakeFiles/cmTC_fc94f.dir/CheckFunctionExists.c.o  -o cmTC_fc94f  -lpthreads 
/usr/bin/ld: cannot find -lpthreads
collect2: error: ld returned 1 exit status
CMakeFiles/cmTC_fc94f.dir/build.make:103: recipe for target 'cmTC_fc94f' failed
make[1]: *** [cmTC_fc94f] Error 1
make[1]: Leaving directory '/home/joungwook/PID-Comm/upmem-2021.3.0_opt/src/backends/build/CMakeFiles/CMakeTmp'
Makefile:138: recipe for target 'cmTC_fc94f/fast' failed
make: *** [cmTC_fc94f/fast] Error 2



Performing C SOURCE FILE Test C_HAS_SSE1_1 failed with the following compile output:
Change Dir: /home/joungwook/PID-Comm/upmem-2021.3.0_opt/src/backends/build/CMakeFiles/CMakeTmp

Run Build Command(s):/usr/bin/make cmTC_9ccb6/fast && /usr/bin/make -f CMakeFiles/cmTC_9ccb6.dir/build.make CMakeFiles/cmTC_9ccb6.dir/build
make[1]: Entering directory '/home/joungwook/PID-Comm/upmem-2021.3.0_opt/src/backends/build/CMakeFiles/CMakeTmp'
Building C object CMakeFiles/cmTC_9ccb6.dir/src.c.o
/usr/bin/cc   -Wall -Werror -Wextra -std=gnu11  -O3  -g -DC_HAS_SSE1_1   -o CMakeFiles/cmTC_9ccb6.dir/src.c.o   -c /home/joungwook/PID-Comm/upmem-2021.3.0_opt/src/backends/build/CMakeFiles/CMakeTmp/src.c
/home/joungwook/PID-Comm/upmem-2021.3.0_opt/src/backends/build/CMakeFiles/CMakeTmp/src.c: In function ‘main’:
/home/joungwook/PID-Comm/upmem-2021.3.0_opt/src/backends/build/CMakeFiles/CMakeTmp/src.c:5:12: error: variable ‘a’ set but not used [-Werror=unused-but-set-variable]
    5 |     __m128 a;
      |            ^
cc1: all warnings being treated as errors
CMakeFiles/cmTC_9ccb6.dir/build.make:82: recipe for target 'CMakeFiles/cmTC_9ccb6.dir/src.c.o' failed
make[1]: *** [CMakeFiles/cmTC_9ccb6.dir/src.c.o] Error 1
make[1]: Leaving directory '/home/joungwook/PID-Comm/upmem-2021.3.0_opt/src/backends/build/CMakeFiles/CMakeTmp'
Makefile:138: recipe for target 'cmTC_9ccb6/fast' failed
make: *** [cmTC_9ccb6/fast] Error 2


...and run output:

Return value: 1
Source file was:

  #include <xmmintrin.h>
  int main()
  {
    __m128 a;
    float vals[4] = {0,0,0,0};
    a = _mm_loadu_ps(vals);
    return 0;
  }
Performing C SOURCE FILE Test C_COMPILES_SSE1_1 failed with the following output:
Change Dir: /home/joungwook/PID-Comm/upmem-2021.3.0_opt/src/backends/build/CMakeFiles/CMakeTmp

Run Build Command(s):/usr/bin/make cmTC_5702f/fast && /usr/bin/make -f CMakeFiles/cmTC_5702f.dir/build.make CMakeFiles/cmTC_5702f.dir/build
make[1]: Entering directory '/home/joungwook/PID-Comm/upmem-2021.3.0_opt/src/backends/build/CMakeFiles/CMakeTmp'
Building C object CMakeFiles/cmTC_5702f.dir/src.c.o
/usr/bin/cc   -Wall -Werror -Wextra -std=gnu11  -O3  -g -DC_COMPILES_SSE1_1   -o CMakeFiles/cmTC_5702f.dir/src.c.o   -c /home/joungwook/PID-Comm/upmem-2021.3.0_opt/src/backends/build/CMakeFiles/CMakeTmp/src.c
/home/joungwook/PID-Comm/upmem-2021.3.0_opt/src/backends/build/CMakeFiles/CMakeTmp/src.c: In function ‘main’:
/home/joungwook/PID-Comm/upmem-2021.3.0_opt/src/backends/build/CMakeFiles/CMakeTmp/src.c:5:12: error: variable ‘a’ set but not used [-Werror=unused-but-set-variable]
    5 |     __m128 a;
      |            ^
cc1: all warnings being treated as errors
CMakeFiles/cmTC_5702f.dir/build.make:82: recipe for target 'CMakeFiles/cmTC_5702f.dir/src.c.o' failed
make[1]: *** [CMakeFiles/cmTC_5702f.dir/src.c.o] Error 1
make[1]: Leaving directory '/home/joungwook/PID-Comm/upmem-2021.3.0_opt/src/backends/build/CMakeFiles/CMakeTmp'
Makefile:138: recipe for target 'cmTC_5702f/fast' failed
make: *** [cmTC_5702f/fast] Error 2


Source file was:

  #include <xmmintrin.h>
  int main()
  {
    __m128 a;
    float vals[4] = {0,0,0,0};
    a = _mm_loadu_ps(vals);
    return 0;
  }
Performing C SOURCE FILE Test C_HAS_SSE1_2 failed with the following compile output:
Change Dir: /home/joungwook/PID-Comm/upmem-2021.3.0_opt/src/backends/build/CMakeFiles/CMakeTmp

Run Build Command(s):/usr/bin/make cmTC_ef1bd/fast && /usr/bin/make -f CMakeFiles/cmTC_ef1bd.dir/build.make CMakeFiles/cmTC_ef1bd.dir/build
make[1]: Entering directory '/home/joungwook/PID-Comm/upmem-2021.3.0_opt/src/backends/build/CMakeFiles/CMakeTmp'
Building C object CMakeFiles/cmTC_ef1bd.dir/src.c.o
/usr/bin/cc   -Wall -Werror -Wextra -std=gnu11  -O3  -g -DC_HAS_SSE1_2 -msse   -o CMakeFiles/cmTC_ef1bd.dir/src.c.o   -c /home/joungwook/PID-Comm/upmem-2021.3.0_opt/src/backends/build/CMakeFiles/CMakeTmp/src.c
/home/joungwook/PID-Comm/upmem-2021.3.0_opt/src/backends/build/CMakeFiles/CMakeTmp/src.c: In function ‘main’:
/home/joungwook/PID-Comm/upmem-2021.3.0_opt/src/backends/build/CMakeFiles/CMakeTmp/src.c:5:12: error: variable ‘a’ set but not used [-Werror=unused-but-set-variable]
    5 |     __m128 a;
      |            ^
cc1: all warnings being treated as errors
CMakeFiles/cmTC_ef1bd.dir/build.make:82: recipe for target 'CMakeFiles/cmTC_ef1bd.dir/src.c.o' failed
make[1]: *** [CMakeFiles/cmTC_ef1bd.dir/src.c.o] Error 1
make[1]: Leaving directory '/home/joungwook/PID-Comm/upmem-2021.3.0_opt/src/backends/build/CMakeFiles/CMakeTmp'
Makefile:138: recipe for target 'cmTC_ef1bd/fast' failed
make: *** [cmTC_ef1bd/fast] Error 2


...and run output:

Return value: 1
Source file was:

  #include <xmmintrin.h>
  int main()
  {
    __m128 a;
    float vals[4] = {0,0,0,0};
    a = _mm_loadu_ps(vals);
    return 0;
  }
Performing C SOURCE FILE Test C_COMPILES_SSE1_2 failed with the following output:
Change Dir: /home/joungwook/PID-Comm/upmem-2021.3.0_opt/src/backends/build/CMakeFiles/CMakeTmp

Run Build Command(s):/usr/bin/make cmTC_5e665/fast && /usr/bin/make -f CMakeFiles/cmTC_5e665.dir/build.make CMakeFiles/cmTC_5e665.dir/build
make[1]: Entering directory '/home/joungwook/PID-Comm/upmem-2021.3.0_opt/src/backends/build/CMakeFiles/CMakeTmp'
Building C object CMakeFiles/cmTC_5e665.dir/src.c.o
/usr/bin/cc   -Wall -Werror -Wextra -std=gnu11  -O3  -g -DC_COMPILES_SSE1_2 -msse   -o CMakeFiles/cmTC_5e665.dir/src.c.o   -c /home/joungwook/PID-Comm/upmem-2021.3.0_opt/src/backends/build/CMakeFiles/CMakeTmp/src.c
/home/joungwook/PID-Comm/upmem-2021.3.0_opt/src/backends/build/CMakeFiles/CMakeTmp/src.c: In function ‘main’:
/home/joungwook/PID-Comm/upmem-2021.3.0_opt/src/backends/build/CMakeFiles/CMakeTmp/src.c:5:12: error: variable ‘a’ set but not used [-Werror=unused-but-set-variable]
    5 |     __m128 a;
      |            ^
cc1: all warnings being treated as errors
CMakeFiles/cmTC_5e665.dir/build.make:82: recipe for target 'CMakeFiles/cmTC_5e665.dir/src.c.o' failed
make[1]: *** [CMakeFiles/cmTC_5e665.dir/src.c.o] Error 1
make[1]: Leaving directory '/home/joungwook/PID-Comm/upmem-2021.3.0_opt/src/backends/build/CMakeFiles/CMakeTmp'
Makefile:138: recipe for target 'cmTC_5e665/fast' failed
make: *** [cmTC_5e665/fast] Error 2


Source file was:

  #include <xmmintrin.h>
  int main()
  {
    __m128 a;
    float vals[4] = {0,0,0,0};
    a = _mm_loadu_ps(vals);
    return 0;
  }
Performing C SOURCE FILE Test C_HAS_SSE1_3 failed with the following compile output:
Change Dir: /home/joungwook/PID-Comm/upmem-2021.3.0_opt/src/backends/build/CMakeFiles/CMakeTmp

Run Build Command(s):/usr/bin/make cmTC_c117e/fast && /usr/bin/make -f CMakeFiles/cmTC_c117e.dir/build.make CMakeFiles/cmTC_c117e.dir/build
make[1]: Entering directory '/home/joungwook/PID-Comm/upmem-2021.3.0_opt/src/backends/build/CMakeFiles/CMakeTmp'
Building C object CMakeFiles/cmTC_c117e.dir/src.c.o
/usr/bin/cc   -Wall -Werror -Wextra -std=gnu11  -O3  -g -DC_HAS_SSE1_3 /arch:SSE   -o CMakeFiles/cmTC_c117e.dir/src.c.o   -c /home/joungwook/PID-Comm/upmem-2021.3.0_opt/src/backends/build/CMakeFiles/CMakeTmp/src.c
cc: error: /arch:SSE: No such file or directory
CMakeFiles/cmTC_c117e.dir/build.make:82: recipe for target 'CMakeFiles/cmTC_c117e.dir/src.c.o' failed
make[1]: *** [CMakeFiles/cmTC_c117e.dir/src.c.o] Error 1
make[1]: Leaving directory '/home/joungwook/PID-Comm/upmem-2021.3.0_opt/src/backends/build/CMakeFiles/CMakeTmp'
Makefile:138: recipe for target 'cmTC_c117e/fast' failed
make: *** [cmTC_c117e/fast] Error 2


...and run output:

Return value: 1
Source file was:

  #include <xmmintrin.h>
  int main()
  {
    __m128 a;
    float vals[4] = {0,0,0,0};
    a = _mm_loadu_ps(vals);
    return 0;
  }
Performing C SOURCE FILE Test C_COMPILES_SSE1_3 failed with the following output:
Change Dir: /home/joungwook/PID-Comm/upmem-2021.3.0_opt/src/backends/build/CMakeFiles/CMakeTmp

Run Build Command(s):/usr/bin/make cmTC_c5e6e/fast && /usr/bin/make -f CMakeFiles/cmTC_c5e6e.dir/build.make CMakeFiles/cmTC_c5e6e.dir/build
make[1]: Entering directory '/home/joungwook/PID-Comm/upmem-2021.3.0_opt/src/backends/build/CMakeFiles/CMakeTmp'
Building C object CMakeFiles/cmTC_c5e6e.dir/src.c.o
/usr/bin/cc   -Wall -Werror -Wextra -std=gnu11  -O3  -g -DC_COMPILES_SSE1_3 /arch:SSE   -o CMakeFiles/cmTC_c5e6e.dir/src.c.o   -c /home/joungwook/PID-Comm/upmem-2021.3.0_opt/src/backends/build/CMakeFiles/CMakeTmp/src.c
cc: error: /arch:SSE: No such file or directory
CMakeFiles/cmTC_c5e6e.dir/build.make:82: recipe for target 'CMakeFiles/cmTC_c5e6e.dir/src.c.o' failed
make[1]: *** [CMakeFiles/cmTC_c5e6e.dir/src.c.o] Error 1
make[1]: Leaving directory '/home/joungwook/PID-Comm/upmem-2021.3.0_opt/src/backends/build/CMakeFiles/CMakeTmp'
Makefile:138: recipe for target 'cmTC_c5e6e/fast' failed
make: *** [cmTC_c5e6e/fast] Error 2


Source file was:

  #include <xmmintrin.h>
  int main()
  {
    __m128 a;
    float vals[4] = {0,0,0,0};
    a = _mm_loadu_ps(vals);
    return 0;
  }
Performing C SOURCE FILE Test C_HAS_SSE2_1 failed with the following compile output:
Change Dir: /home/joungwook/PID-Comm/upmem-2021.3.0_opt/src/backends/build/CMakeFiles/CMakeTmp

Run Build Command(s):/usr/bin/make cmTC_e2217/fast && /usr/bin/make -f CMakeFiles/cmTC_e2217.dir/build.make CMakeFiles/cmTC_e2217.dir/build
make[1]: Entering directory '/home/joungwook/PID-Comm/upmem-2021.3.0_opt/src/backends/build/CMakeFiles/CMakeTmp'
Building C object CMakeFiles/cmTC_e2217.dir/src.c.o
/usr/bin/cc   -Wall -Werror -Wextra -std=gnu11  -O3  -g -DC_HAS_SSE2_1   -o CMakeFiles/cmTC_e2217.dir/src.c.o   -c /home/joungwook/PID-Comm/upmem-2021.3.0_opt/src/backends/build/CMakeFiles/CMakeTmp/src.c
/home/joungwook/PID-Comm/upmem-2021.3.0_opt/src/backends/build/CMakeFiles/CMakeTmp/src.c: In function ‘main’:
/home/joungwook/PID-Comm/upmem-2021.3.0_opt/src/backends/build/CMakeFiles/CMakeTmp/src.c:5:13: error: variable ‘a’ set but not used [-Werror=unused-but-set-variable]
    5 |     __m128d a;
      |             ^
cc1: all warnings being treated as errors
CMakeFiles/cmTC_e2217.dir/build.make:82: recipe for target 'CMakeFiles/cmTC_e2217.dir/src.c.o' failed
make[1]: *** [CMakeFiles/cmTC_e2217.dir/src.c.o] Error 1
make[1]: Leaving directory '/home/joungwook/PID-Comm/upmem-2021.3.0_opt/src/backends/build/CMakeFiles/CMakeTmp'
Makefile:138: recipe for target 'cmTC_e2217/fast' failed
make: *** [cmTC_e2217/fast] Error 2


...and run output:

Return value: 1
Source file was:

  #include <emmintrin.h>
  int main()
  {
    __m128d a;
    double vals[2] = {0,0};
    a = _mm_loadu_pd(vals);
    return 0;
  }
Performing C SOURCE FILE Test C_COMPILES_SSE2_1 failed with the following output:
Change Dir: /home/joungwook/PID-Comm/upmem-2021.3.0_opt/src/backends/build/CMakeFiles/CMakeTmp

Run Build Command(s):/usr/bin/make cmTC_678d5/fast && /usr/bin/make -f CMakeFiles/cmTC_678d5.dir/build.make CMakeFiles/cmTC_678d5.dir/build
make[1]: Entering directory '/home/joungwook/PID-Comm/upmem-2021.3.0_opt/src/backends/build/CMakeFiles/CMakeTmp'
Building C object CMakeFiles/cmTC_678d5.dir/src.c.o
/usr/bin/cc   -Wall -Werror -Wextra -std=gnu11  -O3  -g -DC_COMPILES_SSE2_1   -o CMakeFiles/cmTC_678d5.dir/src.c.o   -c /home/joungwook/PID-Comm/upmem-2021.3.0_opt/src/backends/build/CMakeFiles/CMakeTmp/src.c
/home/joungwook/PID-Comm/upmem-2021.3.0_opt/src/backends/build/CMakeFiles/CMakeTmp/src.c: In function ‘main’:
/home/joungwook/PID-Comm/upmem-2021.3.0_opt/src/backends/build/CMakeFiles/CMakeTmp/src.c:5:13: error: variable ‘a’ set but not used [-Werror=unused-but-set-variable]
    5 |     __m128d a;
      |             ^
cc1: all warnings being treated as errors
CMakeFiles/cmTC_678d5.dir/build.make:82: recipe for target 'CMakeFiles/cmTC_678d5.dir/src.c.o' failed
make[1]: *** [CMakeFiles/cmTC_678d5.dir/src.c.o] Error 1
make[1]: Leaving directory '/home/joungwook/PID-Comm/upmem-2021.3.0_opt/src/backends/build/CMakeFiles/CMakeTmp'
Makefile:138: recipe for target 'cmTC_678d5/fast' failed
make: *** [cmTC_678d5/fast] Error 2


Source file was:

  #include <emmintrin.h>
  int main()
  {
    __m128d a;
    double vals[2] = {0,0};
    a = _mm_loadu_pd(vals);
    return 0;
  }
Performing C SOURCE FILE Test C_HAS_SSE2_2 failed with the following compile output:
Change Dir: /home/joungwook/PID-Comm/upmem-2021.3.0_opt/src/backends/build/CMakeFiles/CMakeTmp

Run Build Command(s):/usr/bin/make cmTC_7e1a3/fast && /usr/bin/make -f CMakeFiles/cmTC_7e1a3.dir/build.make CMakeFiles/cmTC_7e1a3.dir/build
make[1]: Entering directory '/home/joungwook/PID-Comm/upmem-2021.3.0_opt/src/backends/build/CMakeFiles/CMakeTmp'
Building C object CMakeFiles/cmTC_7e1a3.dir/src.c.o
/usr/bin/cc   -Wall -Werror -Wextra -std=gnu11  -O3  -g -DC_HAS_SSE2_2 -msse2   -o CMakeFiles/cmTC_7e1a3.dir/src.c.o   -c /home/joungwook/PID-Comm/upmem-2021.3.0_opt/src/backends/build/CMakeFiles/CMakeTmp/src.c
/home/joungwook/PID-Comm/upmem-2021.3.0_opt/src/backends/build/CMakeFiles/CMakeTmp/src.c: In function ‘main’:
/home/joungwook/PID-Comm/upmem-2021.3.0_opt/src/backends/build/CMakeFiles/CMakeTmp/src.c:5:13: error: variable ‘a’ set but not used [-Werror=unused-but-set-variable]
    5 |     __m128d a;
      |             ^
cc1: all warnings being treated as errors
CMakeFiles/cmTC_7e1a3.dir/build.make:82: recipe for target 'CMakeFiles/cmTC_7e1a3.dir/src.c.o' failed
make[1]: *** [CMakeFiles/cmTC_7e1a3.dir/src.c.o] Error 1
make[1]: Leaving directory '/home/joungwook/PID-Comm/upmem-2021.3.0_opt/src/backends/build/CMakeFiles/CMakeTmp'
Makefile:138: recipe for target 'cmTC_7e1a3/fast' failed
make: *** [cmTC_7e1a3/fast] Error 2


...and run output:

Return value: 1
Source file was:

  #include <emmintrin.h>
  int main()
  {
    __m128d a;
    double vals[2] = {0,0};
    a = _mm_loadu_pd(vals);
    return 0;
  }
Performing C SOURCE FILE Test C_COMPILES_SSE2_2 failed with the following output:
Change Dir: /home/joungwook/PID-Comm/upmem-2021.3.0_opt/src/backends/build/CMakeFiles/CMakeTmp

Run Build Command(s):/usr/bin/make cmTC_03e86/fast && /usr/bin/make -f CMakeFiles/cmTC_03e86.dir/build.make CMakeFiles/cmTC_03e86.dir/build
make[1]: Entering directory '/home/joungwook/PID-Comm/upmem-2021.3.0_opt/src/backends/build/CMakeFiles/CMakeTmp'
Building C object CMakeFiles/cmTC_03e86.dir/src.c.o
/usr/bin/cc   -Wall -Werror -Wextra -std=gnu11  -O3  -g -DC_COMPILES_SSE2_2 -msse2   -o CMakeFiles/cmTC_03e86.dir/src.c.o   -c /home/joungwook/PID-Comm/upmem-2021.3.0_opt/src/backends/build/CMakeFiles/CMakeTmp/src.c
/home/joungwook/PID-Comm/upmem-2021.3.0_opt/src/backends/build/CMakeFiles/CMakeTmp/src.c: In function ‘main’:
/home/joungwook/PID-Comm/upmem-2021.3.0_opt/src/backends/build/CMakeFiles/CMakeTmp/src.c:5:13: error: variable ‘a’ set but not used [-Werror=unused-but-set-variable]
    5 |     __m128d a;
      |             ^
cc1: all warnings being treated as errors
CMakeFiles/cmTC_03e86.dir/build.make:82: recipe for target 'CMakeFiles/cmTC_03e86.dir/src.c.o' failed
make[1]: *** [CMakeFiles/cmTC_03e86.dir/src.c.o] Error 1
make[1]: Leaving directory '/home/joungwook/PID-Comm/upmem-2021.3.0_opt/src/backends/build/CMakeFiles/CMakeTmp'
Makefile:138: recipe for target 'cmTC_03e86/fast' failed
make: *** [cmTC_03e86/fast] Error 2


Source file was:

  #include <emmintrin.h>
  int main()
  {
    __m128d a;
    double vals[2] = {0,0};
    a = _mm_loadu_pd(vals);
    return 0;
  }
Performing C SOURCE FILE Test C_HAS_SSE2_3 failed with the following compile output:
Change Dir: /home/joungwook/PID-Comm/upmem-2021.3.0_opt/src/backends/build/CMakeFiles/CMakeTmp

Run Build Command(s):/usr/bin/make cmTC_6aaf6/fast && /usr/bin/make -f CMakeFiles/cmTC_6aaf6.dir/build.make CMakeFiles/cmTC_6aaf6.dir/build
make[1]: Entering directory '/home/joungwook/PID-Comm/upmem-2021.3.0_opt/src/backends/build/CMakeFiles/CMakeTmp'
Building C object CMakeFiles/cmTC_6aaf6.dir/src.c.o
/usr/bin/cc   -Wall -Werror -Wextra -std=gnu11  -O3  -g -DC_HAS_SSE2_3 /arch:SSE2   -o CMakeFiles/cmTC_6aaf6.dir/src.c.o   -c /home/joungwook/PID-Comm/upmem-2021.3.0_opt/src/backends/build/CMakeFiles/CMakeTmp/src.c
cc: error: /arch:SSE2: No such file or directory
CMakeFiles/cmTC_6aaf6.dir/build.make:82: recipe for target 'CMakeFiles/cmTC_6aaf6.dir/src.c.o' failed
make[1]: *** [CMakeFiles/cmTC_6aaf6.dir/src.c.o] Error 1
make[1]: Leaving directory '/home/joungwook/PID-Comm/upmem-2021.3.0_opt/src/backends/build/CMakeFiles/CMakeTmp'
Makefile:138: recipe for target 'cmTC_6aaf6/fast' failed
make: *** [cmTC_6aaf6/fast] Error 2


...and run output:

Return value: 1
Source file was:

  #include <emmintrin.h>
  int main()
  {
    __m128d a;
    double vals[2] = {0,0};
    a = _mm_loadu_pd(vals);
    return 0;
  }
Performing C SOURCE FILE Test C_COMPILES_SSE2_3 failed with the following output:
Change Dir: /home/joungwook/PID-Comm/upmem-2021.3.0_opt/src/backends/build/CMakeFiles/CMakeTmp

Run Build Command(s):/usr/bin/make cmTC_416ed/fast && /usr/bin/make -f CMakeFiles/cmTC_416ed.dir/build.make CMakeFiles/cmTC_416ed.dir/build
make[1]: Entering directory '/home/joungwook/PID-Comm/upmem-2021.3.0_opt/src/backends/build/CMakeFiles/CMakeTmp'
Building C object CMakeFiles/cmTC_416ed.dir/src.c.o
/usr/bin/cc   -Wall -Werror -Wextra -std=gnu11  -O3  -g -DC_COMPILES_SSE2_3 /arch:SSE2   -o CMakeFiles/cmTC_416ed.dir/src.c.o   -c /home/joungwook/PID-Comm/upmem-2021.3.0_opt/src/backends/build/CMakeFiles/CMakeTmp/src.c
cc: error: /arch:SSE2: No such file or directory
CMakeFiles/cmTC_416ed.dir/build.make:82: recipe for target 'CMakeFiles/cmTC_416ed.dir/src.c.o' failed
make[1]: *** [CMakeFiles/cmTC_416ed.dir/src.c.o] Error 1
make[1]: Leaving directory '/home/joungwook/PID-Comm/upmem-2021.3.0_opt/src/backends/build/CMakeFiles/CMakeTmp'
Makefile:138: recipe for target 'cmTC_416ed/fast' failed
make: *** [cmTC_416ed/fast] Error 2


Source file was:

  #include <emmintrin.h>
  int main()
  {
    __m128d a;
    double vals[2] = {0,0};
    a = _mm_loadu_pd(vals);
    return 0;
  }
Performing C SOURCE FILE Test C_HAS_SSE3_1 failed with the following compile output:
Change Dir: /home/joungwook/PID-Comm/upmem-2021.3.0_opt/src/backends/build/CMakeFiles/CMakeTmp

Run Build Command(s):/usr/bin/make cmTC_e32a5/fast && /usr/bin/make -f CMakeFiles/cmTC_e32a5.dir/build.make CMakeFiles/cmTC_e32a5.dir/build
make[1]: Entering directory '/home/joungwook/PID-Comm/upmem-2021.3.0_opt/src/backends/build/CMakeFiles/CMakeTmp'
Building C object CMakeFiles/cmTC_e32a5.dir/src.c.o
/usr/bin/cc   -Wall -Werror -Wextra -std=gnu11  -O3  -g -DC_HAS_SSE3_1   -o CMakeFiles/cmTC_e32a5.dir/src.c.o   -c /home/joungwook/PID-Comm/upmem-2021.3.0_opt/src/backends/build/CMakeFiles/CMakeTmp/src.c
/home/joungwook/PID-Comm/upmem-2021.3.0_opt/src/backends/build/CMakeFiles/CMakeTmp/src.c: In function ‘main’:
/home/joungwook/PID-Comm/upmem-2021.3.0_opt/src/backends/build/CMakeFiles/CMakeTmp/src.c:6:13: error: variable ‘a’ set but not used [-Werror=unused-but-set-variable]
    6 |     __m128i a;
      |             ^
In file included from /home/joungwook/PID-Comm/upmem-2021.3.0_opt/src/backends/build/CMakeFiles/CMakeTmp/src.c:2:
/usr/lib/gcc/x86_64-linux-gnu/9/include/pmmintrin.h:110:1: error: inlining failed in call to always_inline ‘_mm_lddqu_si128’: target specific option mismatch
  110 | _mm_lddqu_si128 (__m128i const *__P)
      | ^~~~~~~~~~~~~~~
/home/joungwook/PID-Comm/upmem-2021.3.0_opt/src/backends/build/CMakeFiles/CMakeTmp/src.c:7:9: note: called from here
    7 |     a = _mm_lddqu_si128( (const __m128i*)vals );
      |         ^~~~~~~~~~~~~~~~~~~~~~~~~~~~~~~~~~~~~~~
cc1: all warnings being treated as errors
CMakeFiles/cmTC_e32a5.dir/build.make:82: recipe for target 'CMakeFiles/cmTC_e32a5.dir/src.c.o' failed
make[1]: *** [CMakeFiles/cmTC_e32a5.dir/src.c.o] Error 1
make[1]: Leaving directory '/home/joungwook/PID-Comm/upmem-2021.3.0_opt/src/backends/build/CMakeFiles/CMakeTmp'
Makefile:138: recipe for target 'cmTC_e32a5/fast' failed
make: *** [cmTC_e32a5/fast] Error 2


...and run output:

Return value: 1
Source file was:

  #include <pmmintrin.h>
  int main( )
  {
    const int vals[4] = {0,0,0,0};
    __m128i a;
    a = _mm_lddqu_si128( (const __m128i*)vals );
    return 0;
  }
Performing C SOURCE FILE Test C_COMPILES_SSE3_1 failed with the following output:
Change Dir: /home/joungwook/PID-Comm/upmem-2021.3.0_opt/src/backends/build/CMakeFiles/CMakeTmp

Run Build Command(s):/usr/bin/make cmTC_e2c5d/fast && /usr/bin/make -f CMakeFiles/cmTC_e2c5d.dir/build.make CMakeFiles/cmTC_e2c5d.dir/build
make[1]: Entering directory '/home/joungwook/PID-Comm/upmem-2021.3.0_opt/src/backends/build/CMakeFiles/CMakeTmp'
Building C object CMakeFiles/cmTC_e2c5d.dir/src.c.o
/usr/bin/cc   -Wall -Werror -Wextra -std=gnu11  -O3  -g -DC_COMPILES_SSE3_1   -o CMakeFiles/cmTC_e2c5d.dir/src.c.o   -c /home/joungwook/PID-Comm/upmem-2021.3.0_opt/src/backends/build/CMakeFiles/CMakeTmp/src.c
/home/joungwook/PID-Comm/upmem-2021.3.0_opt/src/backends/build/CMakeFiles/CMakeTmp/src.c: In function ‘main’:
/home/joungwook/PID-Comm/upmem-2021.3.0_opt/src/backends/build/CMakeFiles/CMakeTmp/src.c:6:13: error: variable ‘a’ set but not used [-Werror=unused-but-set-variable]
    6 |     __m128i a;
      |             ^
In file included from /home/joungwook/PID-Comm/upmem-2021.3.0_opt/src/backends/build/CMakeFiles/CMakeTmp/src.c:2:
/usr/lib/gcc/x86_64-linux-gnu/9/include/pmmintrin.h:110:1: error: inlining failed in call to always_inline ‘_mm_lddqu_si128’: target specific option mismatch
  110 | _mm_lddqu_si128 (__m128i const *__P)
      | ^~~~~~~~~~~~~~~
/home/joungwook/PID-Comm/upmem-2021.3.0_opt/src/backends/build/CMakeFiles/CMakeTmp/src.c:7:9: note: called from here
    7 |     a = _mm_lddqu_si128( (const __m128i*)vals );
      |         ^~~~~~~~~~~~~~~~~~~~~~~~~~~~~~~~~~~~~~~
cc1: all warnings being treated as errors
CMakeFiles/cmTC_e2c5d.dir/build.make:82: recipe for target 'CMakeFiles/cmTC_e2c5d.dir/src.c.o' failed
make[1]: *** [CMakeFiles/cmTC_e2c5d.dir/src.c.o] Error 1
make[1]: Leaving directory '/home/joungwook/PID-Comm/upmem-2021.3.0_opt/src/backends/build/CMakeFiles/CMakeTmp'
Makefile:138: recipe for target 'cmTC_e2c5d/fast' failed
make: *** [cmTC_e2c5d/fast] Error 2


Source file was:

  #include <pmmintrin.h>
  int main( )
  {
    const int vals[4] = {0,0,0,0};
    __m128i a;
    a = _mm_lddqu_si128( (const __m128i*)vals );
    return 0;
  }
Performing C SOURCE FILE Test C_HAS_SSE3_2 failed with the following compile output:
Change Dir: /home/joungwook/PID-Comm/upmem-2021.3.0_opt/src/backends/build/CMakeFiles/CMakeTmp

Run Build Command(s):/usr/bin/make cmTC_8429e/fast && /usr/bin/make -f CMakeFiles/cmTC_8429e.dir/build.make CMakeFiles/cmTC_8429e.dir/build
make[1]: Entering directory '/home/joungwook/PID-Comm/upmem-2021.3.0_opt/src/backends/build/CMakeFiles/CMakeTmp'
Building C object CMakeFiles/cmTC_8429e.dir/src.c.o
/usr/bin/cc   -Wall -Werror -Wextra -std=gnu11  -O3  -g -DC_HAS_SSE3_2 -msse3   -o CMakeFiles/cmTC_8429e.dir/src.c.o   -c /home/joungwook/PID-Comm/upmem-2021.3.0_opt/src/backends/build/CMakeFiles/CMakeTmp/src.c
/home/joungwook/PID-Comm/upmem-2021.3.0_opt/src/backends/build/CMakeFiles/CMakeTmp/src.c: In function ‘main’:
/home/joungwook/PID-Comm/upmem-2021.3.0_opt/src/backends/build/CMakeFiles/CMakeTmp/src.c:6:13: error: variable ‘a’ set but not used [-Werror=unused-but-set-variable]
    6 |     __m128i a;
      |             ^
cc1: all warnings being treated as errors
CMakeFiles/cmTC_8429e.dir/build.make:82: recipe for target 'CMakeFiles/cmTC_8429e.dir/src.c.o' failed
make[1]: *** [CMakeFiles/cmTC_8429e.dir/src.c.o] Error 1
make[1]: Leaving directory '/home/joungwook/PID-Comm/upmem-2021.3.0_opt/src/backends/build/CMakeFiles/CMakeTmp'
Makefile:138: recipe for target 'cmTC_8429e/fast' failed
make: *** [cmTC_8429e/fast] Error 2


...and run output:

Return value: 1
Source file was:

  #include <pmmintrin.h>
  int main( )
  {
    const int vals[4] = {0,0,0,0};
    __m128i a;
    a = _mm_lddqu_si128( (const __m128i*)vals );
    return 0;
  }
Performing C SOURCE FILE Test C_COMPILES_SSE3_2 failed with the following output:
Change Dir: /home/joungwook/PID-Comm/upmem-2021.3.0_opt/src/backends/build/CMakeFiles/CMakeTmp

Run Build Command(s):/usr/bin/make cmTC_9d8fc/fast && /usr/bin/make -f CMakeFiles/cmTC_9d8fc.dir/build.make CMakeFiles/cmTC_9d8fc.dir/build
make[1]: Entering directory '/home/joungwook/PID-Comm/upmem-2021.3.0_opt/src/backends/build/CMakeFiles/CMakeTmp'
Building C object CMakeFiles/cmTC_9d8fc.dir/src.c.o
/usr/bin/cc   -Wall -Werror -Wextra -std=gnu11  -O3  -g -DC_COMPILES_SSE3_2 -msse3   -o CMakeFiles/cmTC_9d8fc.dir/src.c.o   -c /home/joungwook/PID-Comm/upmem-2021.3.0_opt/src/backends/build/CMakeFiles/CMakeTmp/src.c
/home/joungwook/PID-Comm/upmem-2021.3.0_opt/src/backends/build/CMakeFiles/CMakeTmp/src.c: In function ‘main’:
/home/joungwook/PID-Comm/upmem-2021.3.0_opt/src/backends/build/CMakeFiles/CMakeTmp/src.c:6:13: error: variable ‘a’ set but not used [-Werror=unused-but-set-variable]
    6 |     __m128i a;
      |             ^
cc1: all warnings being treated as errors
CMakeFiles/cmTC_9d8fc.dir/build.make:82: recipe for target 'CMakeFiles/cmTC_9d8fc.dir/src.c.o' failed
make[1]: *** [CMakeFiles/cmTC_9d8fc.dir/src.c.o] Error 1
make[1]: Leaving directory '/home/joungwook/PID-Comm/upmem-2021.3.0_opt/src/backends/build/CMakeFiles/CMakeTmp'
Makefile:138: recipe for target 'cmTC_9d8fc/fast' failed
make: *** [cmTC_9d8fc/fast] Error 2


Source file was:

  #include <pmmintrin.h>
  int main( )
  {
    const int vals[4] = {0,0,0,0};
    __m128i a;
    a = _mm_lddqu_si128( (const __m128i*)vals );
    return 0;
  }
Performing C SOURCE FILE Test C_HAS_SSE3_3 failed with the following compile output:
Change Dir: /home/joungwook/PID-Comm/upmem-2021.3.0_opt/src/backends/build/CMakeFiles/CMakeTmp

Run Build Command(s):/usr/bin/make cmTC_d6821/fast && /usr/bin/make -f CMakeFiles/cmTC_d6821.dir/build.make CMakeFiles/cmTC_d6821.dir/build
make[1]: Entering directory '/home/joungwook/PID-Comm/upmem-2021.3.0_opt/src/backends/build/CMakeFiles/CMakeTmp'
Building C object CMakeFiles/cmTC_d6821.dir/src.c.o
/usr/bin/cc   -Wall -Werror -Wextra -std=gnu11  -O3  -g -DC_HAS_SSE3_3 /arch:SSE3   -o CMakeFiles/cmTC_d6821.dir/src.c.o   -c /home/joungwook/PID-Comm/upmem-2021.3.0_opt/src/backends/build/CMakeFiles/CMakeTmp/src.c
cc: error: /arch:SSE3: No such file or directory
CMakeFiles/cmTC_d6821.dir/build.make:82: recipe for target 'CMakeFiles/cmTC_d6821.dir/src.c.o' failed
make[1]: *** [CMakeFiles/cmTC_d6821.dir/src.c.o] Error 1
make[1]: Leaving directory '/home/joungwook/PID-Comm/upmem-2021.3.0_opt/src/backends/build/CMakeFiles/CMakeTmp'
Makefile:138: recipe for target 'cmTC_d6821/fast' failed
make: *** [cmTC_d6821/fast] Error 2


...and run output:

Return value: 1
Source file was:

  #include <pmmintrin.h>
  int main( )
  {
    const int vals[4] = {0,0,0,0};
    __m128i a;
    a = _mm_lddqu_si128( (const __m128i*)vals );
    return 0;
  }
Performing C SOURCE FILE Test C_COMPILES_SSE3_3 failed with the following output:
Change Dir: /home/joungwook/PID-Comm/upmem-2021.3.0_opt/src/backends/build/CMakeFiles/CMakeTmp

Run Build Command(s):/usr/bin/make cmTC_6931b/fast && /usr/bin/make -f CMakeFiles/cmTC_6931b.dir/build.make CMakeFiles/cmTC_6931b.dir/build
make[1]: Entering directory '/home/joungwook/PID-Comm/upmem-2021.3.0_opt/src/backends/build/CMakeFiles/CMakeTmp'
Building C object CMakeFiles/cmTC_6931b.dir/src.c.o
/usr/bin/cc   -Wall -Werror -Wextra -std=gnu11  -O3  -g -DC_COMPILES_SSE3_3 /arch:SSE3   -o CMakeFiles/cmTC_6931b.dir/src.c.o   -c /home/joungwook/PID-Comm/upmem-2021.3.0_opt/src/backends/build/CMakeFiles/CMakeTmp/src.c
cc: error: /arch:SSE3: No such file or directory
CMakeFiles/cmTC_6931b.dir/build.make:82: recipe for target 'CMakeFiles/cmTC_6931b.dir/src.c.o' failed
make[1]: *** [CMakeFiles/cmTC_6931b.dir/src.c.o] Error 1
make[1]: Leaving directory '/home/joungwook/PID-Comm/upmem-2021.3.0_opt/src/backends/build/CMakeFiles/CMakeTmp'
Makefile:138: recipe for target 'cmTC_6931b/fast' failed
make: *** [cmTC_6931b/fast] Error 2


Source file was:

  #include <pmmintrin.h>
  int main( )
  {
    const int vals[4] = {0,0,0,0};
    __m128i a;
    a = _mm_lddqu_si128( (const __m128i*)vals );
    return 0;
  }
Performing C SOURCE FILE Test C_HAS_SSE4_1_1 failed with the following compile output:
Change Dir: /home/joungwook/PID-Comm/upmem-2021.3.0_opt/src/backends/build/CMakeFiles/CMakeTmp

Run Build Command(s):/usr/bin/make cmTC_963a2/fast && /usr/bin/make -f CMakeFiles/cmTC_963a2.dir/build.make CMakeFiles/cmTC_963a2.dir/build
make[1]: Entering directory '/home/joungwook/PID-Comm/upmem-2021.3.0_opt/src/backends/build/CMakeFiles/CMakeTmp'
Building C object CMakeFiles/cmTC_963a2.dir/src.c.o
/usr/bin/cc   -Wall -Werror -Wextra -std=gnu11  -O3  -g -DC_HAS_SSE4_1_1   -o CMakeFiles/cmTC_963a2.dir/src.c.o   -c /home/joungwook/PID-Comm/upmem-2021.3.0_opt/src/backends/build/CMakeFiles/CMakeTmp/src.c
/home/joungwook/PID-Comm/upmem-2021.3.0_opt/src/backends/build/CMakeFiles/CMakeTmp/src.c: In function ‘main’:
/home/joungwook/PID-Comm/upmem-2021.3.0_opt/src/backends/build/CMakeFiles/CMakeTmp/src.c:5:22: error: excess elements in vector initializer [-Werror]
    5 |     __m128i a = {0,0,0,0}, b = {0,0,0,0};
      |                      ^
/home/joungwook/PID-Comm/upmem-2021.3.0_opt/src/backends/build/CMakeFiles/CMakeTmp/src.c:5:22: note: (near initialization for ‘a’)
/home/joungwook/PID-Comm/upmem-2021.3.0_opt/src/backends/build/CMakeFiles/CMakeTmp/src.c:5:24: error: excess elements in vector initializer [-Werror]
    5 |     __m128i a = {0,0,0,0}, b = {0,0,0,0};
      |                        ^
/home/joungwook/PID-Comm/upmem-2021.3.0_opt/src/backends/build/CMakeFiles/CMakeTmp/src.c:5:24: note: (near initialization for ‘a’)
/home/joungwook/PID-Comm/upmem-2021.3.0_opt/src/backends/build/CMakeFiles/CMakeTmp/src.c:5:37: error: excess elements in vector initializer [-Werror]
    5 |     __m128i a = {0,0,0,0}, b = {0,0,0,0};
      |                                     ^
/home/joungwook/PID-Comm/upmem-2021.3.0_opt/src/backends/build/CMakeFiles/CMakeTmp/src.c:5:37: note: (near initialization for ‘b’)
/home/joungwook/PID-Comm/upmem-2021.3.0_opt/src/backends/build/CMakeFiles/CMakeTmp/src.c:5:39: error: excess elements in vector initializer [-Werror]
    5 |     __m128i a = {0,0,0,0}, b = {0,0,0,0};
      |                                       ^
/home/joungwook/PID-Comm/upmem-2021.3.0_opt/src/backends/build/CMakeFiles/CMakeTmp/src.c:5:39: note: (near initialization for ‘b’)
/home/joungwook/PID-Comm/upmem-2021.3.0_opt/src/backends/build/CMakeFiles/CMakeTmp/src.c:6:13: error: unused variable ‘res’ [-Werror=unused-variable]
    6 |     __m128i res = _mm_max_epi8(a, b);
      |             ^~~
In file included from /home/joungwook/PID-Comm/upmem-2021.3.0_opt/src/backends/build/CMakeFiles/CMakeTmp/src.c:2:
/usr/lib/gcc/x86_64-linux-gnu/9/include/smmintrin.h:282:1: error: inlining failed in call to always_inline ‘_mm_max_epi8’: target specific option mismatch
  282 | _mm_max_epi8 (__m128i __X, __m128i __Y)
      | ^~~~~~~~~~~~
/home/joungwook/PID-Comm/upmem-2021.3.0_opt/src/backends/build/CMakeFiles/CMakeTmp/src.c:6:19: note: called from here
    6 |     __m128i res = _mm_max_epi8(a, b);
      |                   ^~~~~~~~~~~~~~~~~~
cc1: all warnings being treated as errors
CMakeFiles/cmTC_963a2.dir/build.make:82: recipe for target 'CMakeFiles/cmTC_963a2.dir/src.c.o' failed
make[1]: *** [CMakeFiles/cmTC_963a2.dir/src.c.o] Error 1
make[1]: Leaving directory '/home/joungwook/PID-Comm/upmem-2021.3.0_opt/src/backends/build/CMakeFiles/CMakeTmp'
Makefile:138: recipe for target 'cmTC_963a2/fast' failed
make: *** [cmTC_963a2/fast] Error 2


...and run output:

Return value: 1
Source file was:

  #include <smmintrin.h>
  int main ()
  {
    __m128i a = {0,0,0,0}, b = {0,0,0,0};
    __m128i res = _mm_max_epi8(a, b);
    return 0;
  }

Performing C SOURCE FILE Test C_COMPILES_SSE4_1_1 failed with the following output:
Change Dir: /home/joungwook/PID-Comm/upmem-2021.3.0_opt/src/backends/build/CMakeFiles/CMakeTmp

Run Build Command(s):/usr/bin/make cmTC_0b4b8/fast && /usr/bin/make -f CMakeFiles/cmTC_0b4b8.dir/build.make CMakeFiles/cmTC_0b4b8.dir/build
make[1]: Entering directory '/home/joungwook/PID-Comm/upmem-2021.3.0_opt/src/backends/build/CMakeFiles/CMakeTmp'
Building C object CMakeFiles/cmTC_0b4b8.dir/src.c.o
/usr/bin/cc   -Wall -Werror -Wextra -std=gnu11  -O3  -g -DC_COMPILES_SSE4_1_1   -o CMakeFiles/cmTC_0b4b8.dir/src.c.o   -c /home/joungwook/PID-Comm/upmem-2021.3.0_opt/src/backends/build/CMakeFiles/CMakeTmp/src.c
/home/joungwook/PID-Comm/upmem-2021.3.0_opt/src/backends/build/CMakeFiles/CMakeTmp/src.c: In function ‘main’:
/home/joungwook/PID-Comm/upmem-2021.3.0_opt/src/backends/build/CMakeFiles/CMakeTmp/src.c:5:22: error: excess elements in vector initializer [-Werror]
    5 |     __m128i a = {0,0,0,0}, b = {0,0,0,0};
      |                      ^
/home/joungwook/PID-Comm/upmem-2021.3.0_opt/src/backends/build/CMakeFiles/CMakeTmp/src.c:5:22: note: (near initialization for ‘a’)
/home/joungwook/PID-Comm/upmem-2021.3.0_opt/src/backends/build/CMakeFiles/CMakeTmp/src.c:5:24: error: excess elements in vector initializer [-Werror]
    5 |     __m128i a = {0,0,0,0}, b = {0,0,0,0};
      |                        ^
/home/joungwook/PID-Comm/upmem-2021.3.0_opt/src/backends/build/CMakeFiles/CMakeTmp/src.c:5:24: note: (near initialization for ‘a’)
/home/joungwook/PID-Comm/upmem-2021.3.0_opt/src/backends/build/CMakeFiles/CMakeTmp/src.c:5:37: error: excess elements in vector initializer [-Werror]
    5 |     __m128i a = {0,0,0,0}, b = {0,0,0,0};
      |                                     ^
/home/joungwook/PID-Comm/upmem-2021.3.0_opt/src/backends/build/CMakeFiles/CMakeTmp/src.c:5:37: note: (near initialization for ‘b’)
/home/joungwook/PID-Comm/upmem-2021.3.0_opt/src/backends/build/CMakeFiles/CMakeTmp/src.c:5:39: error: excess elements in vector initializer [-Werror]
    5 |     __m128i a = {0,0,0,0}, b = {0,0,0,0};
      |                                       ^
/home/joungwook/PID-Comm/upmem-2021.3.0_opt/src/backends/build/CMakeFiles/CMakeTmp/src.c:5:39: note: (near initialization for ‘b’)
/home/joungwook/PID-Comm/upmem-2021.3.0_opt/src/backends/build/CMakeFiles/CMakeTmp/src.c:6:13: error: unused variable ‘res’ [-Werror=unused-variable]
    6 |     __m128i res = _mm_max_epi8(a, b);
      |             ^~~
In file included from /home/joungwook/PID-Comm/upmem-2021.3.0_opt/src/backends/build/CMakeFiles/CMakeTmp/src.c:2:
/usr/lib/gcc/x86_64-linux-gnu/9/include/smmintrin.h:282:1: error: inlining failed in call to always_inline ‘_mm_max_epi8’: target specific option mismatch
  282 | _mm_max_epi8 (__m128i __X, __m128i __Y)
      | ^~~~~~~~~~~~
/home/joungwook/PID-Comm/upmem-2021.3.0_opt/src/backends/build/CMakeFiles/CMakeTmp/src.c:6:19: note: called from here
    6 |     __m128i res = _mm_max_epi8(a, b);
      |                   ^~~~~~~~~~~~~~~~~~
cc1: all warnings being treated as errors
CMakeFiles/cmTC_0b4b8.dir/build.make:82: recipe for target 'CMakeFiles/cmTC_0b4b8.dir/src.c.o' failed
make[1]: *** [CMakeFiles/cmTC_0b4b8.dir/src.c.o] Error 1
make[1]: Leaving directory '/home/joungwook/PID-Comm/upmem-2021.3.0_opt/src/backends/build/CMakeFiles/CMakeTmp'
Makefile:138: recipe for target 'cmTC_0b4b8/fast' failed
make: *** [cmTC_0b4b8/fast] Error 2


Source file was:

  #include <smmintrin.h>
  int main ()
  {
    __m128i a = {0,0,0,0}, b = {0,0,0,0};
    __m128i res = _mm_max_epi8(a, b);
    return 0;
  }

Performing C SOURCE FILE Test C_HAS_SSE4_1_2 failed with the following compile output:
Change Dir: /home/joungwook/PID-Comm/upmem-2021.3.0_opt/src/backends/build/CMakeFiles/CMakeTmp

Run Build Command(s):/usr/bin/make cmTC_9f6d7/fast && /usr/bin/make -f CMakeFiles/cmTC_9f6d7.dir/build.make CMakeFiles/cmTC_9f6d7.dir/build
make[1]: Entering directory '/home/joungwook/PID-Comm/upmem-2021.3.0_opt/src/backends/build/CMakeFiles/CMakeTmp'
Building C object CMakeFiles/cmTC_9f6d7.dir/src.c.o
/usr/bin/cc   -Wall -Werror -Wextra -std=gnu11  -O3  -g -DC_HAS_SSE4_1_2 -msse4.1   -o CMakeFiles/cmTC_9f6d7.dir/src.c.o   -c /home/joungwook/PID-Comm/upmem-2021.3.0_opt/src/backends/build/CMakeFiles/CMakeTmp/src.c
/home/joungwook/PID-Comm/upmem-2021.3.0_opt/src/backends/build/CMakeFiles/CMakeTmp/src.c: In function ‘main’:
/home/joungwook/PID-Comm/upmem-2021.3.0_opt/src/backends/build/CMakeFiles/CMakeTmp/src.c:5:22: error: excess elements in vector initializer [-Werror]
    5 |     __m128i a = {0,0,0,0}, b = {0,0,0,0};
      |                      ^
/home/joungwook/PID-Comm/upmem-2021.3.0_opt/src/backends/build/CMakeFiles/CMakeTmp/src.c:5:22: note: (near initialization for ‘a’)
/home/joungwook/PID-Comm/upmem-2021.3.0_opt/src/backends/build/CMakeFiles/CMakeTmp/src.c:5:24: error: excess elements in vector initializer [-Werror]
    5 |     __m128i a = {0,0,0,0}, b = {0,0,0,0};
      |                        ^
/home/joungwook/PID-Comm/upmem-2021.3.0_opt/src/backends/build/CMakeFiles/CMakeTmp/src.c:5:24: note: (near initialization for ‘a’)
/home/joungwook/PID-Comm/upmem-2021.3.0_opt/src/backends/build/CMakeFiles/CMakeTmp/src.c:5:37: error: excess elements in vector initializer [-Werror]
    5 |     __m128i a = {0,0,0,0}, b = {0,0,0,0};
      |                                     ^
/home/joungwook/PID-Comm/upmem-2021.3.0_opt/src/backends/build/CMakeFiles/CMakeTmp/src.c:5:37: note: (near initialization for ‘b’)
/home/joungwook/PID-Comm/upmem-2021.3.0_opt/src/backends/build/CMakeFiles/CMakeTmp/src.c:5:39: error: excess elements in vector initializer [-Werror]
    5 |     __m128i a = {0,0,0,0}, b = {0,0,0,0};
      |                                       ^
/home/joungwook/PID-Comm/upmem-2021.3.0_opt/src/backends/build/CMakeFiles/CMakeTmp/src.c:5:39: note: (near initialization for ‘b’)
/home/joungwook/PID-Comm/upmem-2021.3.0_opt/src/backends/build/CMakeFiles/CMakeTmp/src.c:6:13: error: unused variable ‘res’ [-Werror=unused-variable]
    6 |     __m128i res = _mm_max_epi8(a, b);
      |             ^~~
cc1: all warnings being treated as errors
CMakeFiles/cmTC_9f6d7.dir/build.make:82: recipe for target 'CMakeFiles/cmTC_9f6d7.dir/src.c.o' failed
make[1]: *** [CMakeFiles/cmTC_9f6d7.dir/src.c.o] Error 1
make[1]: Leaving directory '/home/joungwook/PID-Comm/upmem-2021.3.0_opt/src/backends/build/CMakeFiles/CMakeTmp'
Makefile:138: recipe for target 'cmTC_9f6d7/fast' failed
make: *** [cmTC_9f6d7/fast] Error 2


...and run output:

Return value: 1
Source file was:

  #include <smmintrin.h>
  int main ()
  {
    __m128i a = {0,0,0,0}, b = {0,0,0,0};
    __m128i res = _mm_max_epi8(a, b);
    return 0;
  }

Performing C SOURCE FILE Test C_COMPILES_SSE4_1_2 failed with the following output:
Change Dir: /home/joungwook/PID-Comm/upmem-2021.3.0_opt/src/backends/build/CMakeFiles/CMakeTmp

Run Build Command(s):/usr/bin/make cmTC_4b748/fast && /usr/bin/make -f CMakeFiles/cmTC_4b748.dir/build.make CMakeFiles/cmTC_4b748.dir/build
make[1]: Entering directory '/home/joungwook/PID-Comm/upmem-2021.3.0_opt/src/backends/build/CMakeFiles/CMakeTmp'
Building C object CMakeFiles/cmTC_4b748.dir/src.c.o
/usr/bin/cc   -Wall -Werror -Wextra -std=gnu11  -O3  -g -DC_COMPILES_SSE4_1_2 -msse4.1   -o CMakeFiles/cmTC_4b748.dir/src.c.o   -c /home/joungwook/PID-Comm/upmem-2021.3.0_opt/src/backends/build/CMakeFiles/CMakeTmp/src.c
/home/joungwook/PID-Comm/upmem-2021.3.0_opt/src/backends/build/CMakeFiles/CMakeTmp/src.c: In function ‘main’:
/home/joungwook/PID-Comm/upmem-2021.3.0_opt/src/backends/build/CMakeFiles/CMakeTmp/src.c:5:22: error: excess elements in vector initializer [-Werror]
    5 |     __m128i a = {0,0,0,0}, b = {0,0,0,0};
      |                      ^
/home/joungwook/PID-Comm/upmem-2021.3.0_opt/src/backends/build/CMakeFiles/CMakeTmp/src.c:5:22: note: (near initialization for ‘a’)
/home/joungwook/PID-Comm/upmem-2021.3.0_opt/src/backends/build/CMakeFiles/CMakeTmp/src.c:5:24: error: excess elements in vector initializer [-Werror]
    5 |     __m128i a = {0,0,0,0}, b = {0,0,0,0};
      |                        ^
/home/joungwook/PID-Comm/upmem-2021.3.0_opt/src/backends/build/CMakeFiles/CMakeTmp/src.c:5:24: note: (near initialization for ‘a’)
/home/joungwook/PID-Comm/upmem-2021.3.0_opt/src/backends/build/CMakeFiles/CMakeTmp/src.c:5:37: error: excess elements in vector initializer [-Werror]
    5 |     __m128i a = {0,0,0,0}, b = {0,0,0,0};
      |                                     ^
/home/joungwook/PID-Comm/upmem-2021.3.0_opt/src/backends/build/CMakeFiles/CMakeTmp/src.c:5:37: note: (near initialization for ‘b’)
/home/joungwook/PID-Comm/upmem-2021.3.0_opt/src/backends/build/CMakeFiles/CMakeTmp/src.c:5:39: error: excess elements in vector initializer [-Werror]
    5 |     __m128i a = {0,0,0,0}, b = {0,0,0,0};
      |                                       ^
/home/joungwook/PID-Comm/upmem-2021.3.0_opt/src/backends/build/CMakeFiles/CMakeTmp/src.c:5:39: note: (near initialization for ‘b’)
/home/joungwook/PID-Comm/upmem-2021.3.0_opt/src/backends/build/CMakeFiles/CMakeTmp/src.c:6:13: error: unused variable ‘res’ [-Werror=unused-variable]
    6 |     __m128i res = _mm_max_epi8(a, b);
      |             ^~~
cc1: all warnings being treated as errors
CMakeFiles/cmTC_4b748.dir/build.make:82: recipe for target 'CMakeFiles/cmTC_4b748.dir/src.c.o' failed
make[1]: *** [CMakeFiles/cmTC_4b748.dir/src.c.o] Error 1
make[1]: Leaving directory '/home/joungwook/PID-Comm/upmem-2021.3.0_opt/src/backends/build/CMakeFiles/CMakeTmp'
Makefile:138: recipe for target 'cmTC_4b748/fast' failed
make: *** [cmTC_4b748/fast] Error 2


Source file was:

  #include <smmintrin.h>
  int main ()
  {
    __m128i a = {0,0,0,0}, b = {0,0,0,0};
    __m128i res = _mm_max_epi8(a, b);
    return 0;
  }

Performing C SOURCE FILE Test C_HAS_SSE4_1_3 failed with the following compile output:
Change Dir: /home/joungwook/PID-Comm/upmem-2021.3.0_opt/src/backends/build/CMakeFiles/CMakeTmp

Run Build Command(s):/usr/bin/make cmTC_25ee3/fast && /usr/bin/make -f CMakeFiles/cmTC_25ee3.dir/build.make CMakeFiles/cmTC_25ee3.dir/build
make[1]: Entering directory '/home/joungwook/PID-Comm/upmem-2021.3.0_opt/src/backends/build/CMakeFiles/CMakeTmp'
Building C object CMakeFiles/cmTC_25ee3.dir/src.c.o
/usr/bin/cc   -Wall -Werror -Wextra -std=gnu11  -O3  -g -DC_HAS_SSE4_1_3 -msse4   -o CMakeFiles/cmTC_25ee3.dir/src.c.o   -c /home/joungwook/PID-Comm/upmem-2021.3.0_opt/src/backends/build/CMakeFiles/CMakeTmp/src.c
/home/joungwook/PID-Comm/upmem-2021.3.0_opt/src/backends/build/CMakeFiles/CMakeTmp/src.c: In function ‘main’:
/home/joungwook/PID-Comm/upmem-2021.3.0_opt/src/backends/build/CMakeFiles/CMakeTmp/src.c:5:22: error: excess elements in vector initializer [-Werror]
    5 |     __m128i a = {0,0,0,0}, b = {0,0,0,0};
      |                      ^
/home/joungwook/PID-Comm/upmem-2021.3.0_opt/src/backends/build/CMakeFiles/CMakeTmp/src.c:5:22: note: (near initialization for ‘a’)
/home/joungwook/PID-Comm/upmem-2021.3.0_opt/src/backends/build/CMakeFiles/CMakeTmp/src.c:5:24: error: excess elements in vector initializer [-Werror]
    5 |     __m128i a = {0,0,0,0}, b = {0,0,0,0};
      |                        ^
/home/joungwook/PID-Comm/upmem-2021.3.0_opt/src/backends/build/CMakeFiles/CMakeTmp/src.c:5:24: note: (near initialization for ‘a’)
/home/joungwook/PID-Comm/upmem-2021.3.0_opt/src/backends/build/CMakeFiles/CMakeTmp/src.c:5:37: error: excess elements in vector initializer [-Werror]
    5 |     __m128i a = {0,0,0,0}, b = {0,0,0,0};
      |                                     ^
/home/joungwook/PID-Comm/upmem-2021.3.0_opt/src/backends/build/CMakeFiles/CMakeTmp/src.c:5:37: note: (near initialization for ‘b’)
/home/joungwook/PID-Comm/upmem-2021.3.0_opt/src/backends/build/CMakeFiles/CMakeTmp/src.c:5:39: error: excess elements in vector initializer [-Werror]
    5 |     __m128i a = {0,0,0,0}, b = {0,0,0,0};
      |                                       ^
/home/joungwook/PID-Comm/upmem-2021.3.0_opt/src/backends/build/CMakeFiles/CMakeTmp/src.c:5:39: note: (near initialization for ‘b’)
/home/joungwook/PID-Comm/upmem-2021.3.0_opt/src/backends/build/CMakeFiles/CMakeTmp/src.c:6:13: error: unused variable ‘res’ [-Werror=unused-variable]
    6 |     __m128i res = _mm_max_epi8(a, b);
      |             ^~~
cc1: all warnings being treated as errors
CMakeFiles/cmTC_25ee3.dir/build.make:82: recipe for target 'CMakeFiles/cmTC_25ee3.dir/src.c.o' failed
make[1]: *** [CMakeFiles/cmTC_25ee3.dir/src.c.o] Error 1
make[1]: Leaving directory '/home/joungwook/PID-Comm/upmem-2021.3.0_opt/src/backends/build/CMakeFiles/CMakeTmp'
Makefile:138: recipe for target 'cmTC_25ee3/fast' failed
make: *** [cmTC_25ee3/fast] Error 2


...and run output:

Return value: 1
Source file was:

  #include <smmintrin.h>
  int main ()
  {
    __m128i a = {0,0,0,0}, b = {0,0,0,0};
    __m128i res = _mm_max_epi8(a, b);
    return 0;
  }

Performing C SOURCE FILE Test C_COMPILES_SSE4_1_3 failed with the following output:
Change Dir: /home/joungwook/PID-Comm/upmem-2021.3.0_opt/src/backends/build/CMakeFiles/CMakeTmp

Run Build Command(s):/usr/bin/make cmTC_e38b9/fast && /usr/bin/make -f CMakeFiles/cmTC_e38b9.dir/build.make CMakeFiles/cmTC_e38b9.dir/build
make[1]: Entering directory '/home/joungwook/PID-Comm/upmem-2021.3.0_opt/src/backends/build/CMakeFiles/CMakeTmp'
Building C object CMakeFiles/cmTC_e38b9.dir/src.c.o
/usr/bin/cc   -Wall -Werror -Wextra -std=gnu11  -O3  -g -DC_COMPILES_SSE4_1_3 -msse4   -o CMakeFiles/cmTC_e38b9.dir/src.c.o   -c /home/joungwook/PID-Comm/upmem-2021.3.0_opt/src/backends/build/CMakeFiles/CMakeTmp/src.c
/home/joungwook/PID-Comm/upmem-2021.3.0_opt/src/backends/build/CMakeFiles/CMakeTmp/src.c: In function ‘main’:
/home/joungwook/PID-Comm/upmem-2021.3.0_opt/src/backends/build/CMakeFiles/CMakeTmp/src.c:5:22: error: excess elements in vector initializer [-Werror]
    5 |     __m128i a = {0,0,0,0}, b = {0,0,0,0};
      |                      ^
/home/joungwook/PID-Comm/upmem-2021.3.0_opt/src/backends/build/CMakeFiles/CMakeTmp/src.c:5:22: note: (near initialization for ‘a’)
/home/joungwook/PID-Comm/upmem-2021.3.0_opt/src/backends/build/CMakeFiles/CMakeTmp/src.c:5:24: error: excess elements in vector initializer [-Werror]
    5 |     __m128i a = {0,0,0,0}, b = {0,0,0,0};
      |                        ^
/home/joungwook/PID-Comm/upmem-2021.3.0_opt/src/backends/build/CMakeFiles/CMakeTmp/src.c:5:24: note: (near initialization for ‘a’)
/home/joungwook/PID-Comm/upmem-2021.3.0_opt/src/backends/build/CMakeFiles/CMakeTmp/src.c:5:37: error: excess elements in vector initializer [-Werror]
    5 |     __m128i a = {0,0,0,0}, b = {0,0,0,0};
      |                                     ^
/home/joungwook/PID-Comm/upmem-2021.3.0_opt/src/backends/build/CMakeFiles/CMakeTmp/src.c:5:37: note: (near initialization for ‘b’)
/home/joungwook/PID-Comm/upmem-2021.3.0_opt/src/backends/build/CMakeFiles/CMakeTmp/src.c:5:39: error: excess elements in vector initializer [-Werror]
    5 |     __m128i a = {0,0,0,0}, b = {0,0,0,0};
      |                                       ^
/home/joungwook/PID-Comm/upmem-2021.3.0_opt/src/backends/build/CMakeFiles/CMakeTmp/src.c:5:39: note: (near initialization for ‘b’)
/home/joungwook/PID-Comm/upmem-2021.3.0_opt/src/backends/build/CMakeFiles/CMakeTmp/src.c:6:13: error: unused variable ‘res’ [-Werror=unused-variable]
    6 |     __m128i res = _mm_max_epi8(a, b);
      |             ^~~
cc1: all warnings being treated as errors
CMakeFiles/cmTC_e38b9.dir/build.make:82: recipe for target 'CMakeFiles/cmTC_e38b9.dir/src.c.o' failed
make[1]: *** [CMakeFiles/cmTC_e38b9.dir/src.c.o] Error 1
make[1]: Leaving directory '/home/joungwook/PID-Comm/upmem-2021.3.0_opt/src/backends/build/CMakeFiles/CMakeTmp'
Makefile:138: recipe for target 'cmTC_e38b9/fast' failed
make: *** [cmTC_e38b9/fast] Error 2


Source file was:

  #include <smmintrin.h>
  int main ()
  {
    __m128i a = {0,0,0,0}, b = {0,0,0,0};
    __m128i res = _mm_max_epi8(a, b);
    return 0;
  }

Performing C SOURCE FILE Test C_HAS_SSE4_1_4 failed with the following compile output:
Change Dir: /home/joungwook/PID-Comm/upmem-2021.3.0_opt/src/backends/build/CMakeFiles/CMakeTmp

Run Build Command(s):/usr/bin/make cmTC_37c22/fast && /usr/bin/make -f CMakeFiles/cmTC_37c22.dir/build.make CMakeFiles/cmTC_37c22.dir/build
make[1]: Entering directory '/home/joungwook/PID-Comm/upmem-2021.3.0_opt/src/backends/build/CMakeFiles/CMakeTmp'
Building C object CMakeFiles/cmTC_37c22.dir/src.c.o
/usr/bin/cc   -Wall -Werror -Wextra -std=gnu11  -O3  -g -DC_HAS_SSE4_1_4 /arch:SSE4   -o CMakeFiles/cmTC_37c22.dir/src.c.o   -c /home/joungwook/PID-Comm/upmem-2021.3.0_opt/src/backends/build/CMakeFiles/CMakeTmp/src.c
cc: error: /arch:SSE4: No such file or directory
CMakeFiles/cmTC_37c22.dir/build.make:82: recipe for target 'CMakeFiles/cmTC_37c22.dir/src.c.o' failed
make[1]: *** [CMakeFiles/cmTC_37c22.dir/src.c.o] Error 1
make[1]: Leaving directory '/home/joungwook/PID-Comm/upmem-2021.3.0_opt/src/backends/build/CMakeFiles/CMakeTmp'
Makefile:138: recipe for target 'cmTC_37c22/fast' failed
make: *** [cmTC_37c22/fast] Error 2


...and run output:

Return value: 1
Source file was:

  #include <smmintrin.h>
  int main ()
  {
    __m128i a = {0,0,0,0}, b = {0,0,0,0};
    __m128i res = _mm_max_epi8(a, b);
    return 0;
  }

Performing C SOURCE FILE Test C_COMPILES_SSE4_1_4 failed with the following output:
Change Dir: /home/joungwook/PID-Comm/upmem-2021.3.0_opt/src/backends/build/CMakeFiles/CMakeTmp

Run Build Command(s):/usr/bin/make cmTC_89923/fast && /usr/bin/make -f CMakeFiles/cmTC_89923.dir/build.make CMakeFiles/cmTC_89923.dir/build
make[1]: Entering directory '/home/joungwook/PID-Comm/upmem-2021.3.0_opt/src/backends/build/CMakeFiles/CMakeTmp'
Building C object CMakeFiles/cmTC_89923.dir/src.c.o
/usr/bin/cc   -Wall -Werror -Wextra -std=gnu11  -O3  -g -DC_COMPILES_SSE4_1_4 /arch:SSE4   -o CMakeFiles/cmTC_89923.dir/src.c.o   -c /home/joungwook/PID-Comm/upmem-2021.3.0_opt/src/backends/build/CMakeFiles/CMakeTmp/src.c
cc: error: /arch:SSE4: No such file or directory
CMakeFiles/cmTC_89923.dir/build.make:82: recipe for target 'CMakeFiles/cmTC_89923.dir/src.c.o' failed
make[1]: *** [CMakeFiles/cmTC_89923.dir/src.c.o] Error 1
make[1]: Leaving directory '/home/joungwook/PID-Comm/upmem-2021.3.0_opt/src/backends/build/CMakeFiles/CMakeTmp'
Makefile:138: recipe for target 'cmTC_89923/fast' failed
make: *** [cmTC_89923/fast] Error 2


Source file was:

  #include <smmintrin.h>
  int main ()
  {
    __m128i a = {0,0,0,0}, b = {0,0,0,0};
    __m128i res = _mm_max_epi8(a, b);
    return 0;
  }

Performing C SOURCE FILE Test C_HAS_SSE4_2_1 failed with the following compile output:
Change Dir: /home/joungwook/PID-Comm/upmem-2021.3.0_opt/src/backends/build/CMakeFiles/CMakeTmp

Run Build Command(s):/usr/bin/make cmTC_ba4d8/fast && /usr/bin/make -f CMakeFiles/cmTC_ba4d8.dir/build.make CMakeFiles/cmTC_ba4d8.dir/build
make[1]: Entering directory '/home/joungwook/PID-Comm/upmem-2021.3.0_opt/src/backends/build/CMakeFiles/CMakeTmp'
Building C object CMakeFiles/cmTC_ba4d8.dir/src.c.o
/usr/bin/cc   -Wall -Werror -Wextra -std=gnu11  -O3  -g -DC_HAS_SSE4_2_1   -o CMakeFiles/cmTC_ba4d8.dir/src.c.o   -c /home/joungwook/PID-Comm/upmem-2021.3.0_opt/src/backends/build/CMakeFiles/CMakeTmp/src.c
/home/joungwook/PID-Comm/upmem-2021.3.0_opt/src/backends/build/CMakeFiles/CMakeTmp/src.c: In function ‘main’:
/home/joungwook/PID-Comm/upmem-2021.3.0_opt/src/backends/build/CMakeFiles/CMakeTmp/src.c:5:22: error: excess elements in vector initializer [-Werror]
    5 |     __m128i a = {0,0,0,0}, b = {0,0,0,0}, c = {0,0,0,0};
      |                      ^
/home/joungwook/PID-Comm/upmem-2021.3.0_opt/src/backends/build/CMakeFiles/CMakeTmp/src.c:5:22: note: (near initialization for ‘a’)
/home/joungwook/PID-Comm/upmem-2021.3.0_opt/src/backends/build/CMakeFiles/CMakeTmp/src.c:5:24: error: excess elements in vector initializer [-Werror]
    5 |     __m128i a = {0,0,0,0}, b = {0,0,0,0}, c = {0,0,0,0};
      |                        ^
/home/joungwook/PID-Comm/upmem-2021.3.0_opt/src/backends/build/CMakeFiles/CMakeTmp/src.c:5:24: note: (near initialization for ‘a’)
/home/joungwook/PID-Comm/upmem-2021.3.0_opt/src/backends/build/CMakeFiles/CMakeTmp/src.c:5:37: error: excess elements in vector initializer [-Werror]
    5 |     __m128i a = {0,0,0,0}, b = {0,0,0,0}, c = {0,0,0,0};
      |                                     ^
/home/joungwook/PID-Comm/upmem-2021.3.0_opt/src/backends/build/CMakeFiles/CMakeTmp/src.c:5:37: note: (near initialization for ‘b’)
/home/joungwook/PID-Comm/upmem-2021.3.0_opt/src/backends/build/CMakeFiles/CMakeTmp/src.c:5:39: error: excess elements in vector initializer [-Werror]
    5 |     __m128i a = {0,0,0,0}, b = {0,0,0,0}, c = {0,0,0,0};
      |                                       ^
/home/joungwook/PID-Comm/upmem-2021.3.0_opt/src/backends/build/CMakeFiles/CMakeTmp/src.c:5:39: note: (near initialization for ‘b’)
/home/joungwook/PID-Comm/upmem-2021.3.0_opt/src/backends/build/CMakeFiles/CMakeTmp/src.c:5:52: error: excess elements in vector initializer [-Werror]
    5 |     __m128i a = {0,0,0,0}, b = {0,0,0,0}, c = {0,0,0,0};
      |                                                    ^
/home/joungwook/PID-Comm/upmem-2021.3.0_opt/src/backends/build/CMakeFiles/CMakeTmp/src.c:5:52: note: (near initialization for ‘c’)
/home/joungwook/PID-Comm/upmem-2021.3.0_opt/src/backends/build/CMakeFiles/CMakeTmp/src.c:5:54: error: excess elements in vector initializer [-Werror]
    5 |     __m128i a = {0,0,0,0}, b = {0,0,0,0}, c = {0,0,0,0};
      |                                                      ^
/home/joungwook/PID-Comm/upmem-2021.3.0_opt/src/backends/build/CMakeFiles/CMakeTmp/src.c:5:54: note: (near initialization for ‘c’)
/home/joungwook/PID-Comm/upmem-2021.3.0_opt/src/backends/build/CMakeFiles/CMakeTmp/src.c:5:43: error: variable ‘c’ set but not used [-Werror=unused-but-set-variable]
    5 |     __m128i a = {0,0,0,0}, b = {0,0,0,0}, c = {0,0,0,0};
      |                                           ^
In file included from /usr/lib/gcc/x86_64-linux-gnu/9/include/nmmintrin.h:31,
                 from /home/joungwook/PID-Comm/upmem-2021.3.0_opt/src/backends/build/CMakeFiles/CMakeTmp/src.c:2:
/usr/lib/gcc/x86_64-linux-gnu/9/include/smmintrin.h:796:1: error: inlining failed in call to always_inline ‘_mm_cmpgt_epi64’: target specific option mismatch
  796 | _mm_cmpgt_epi64 (__m128i __X, __m128i __Y)
      | ^~~~~~~~~~~~~~~
/home/joungwook/PID-Comm/upmem-2021.3.0_opt/src/backends/build/CMakeFiles/CMakeTmp/src.c:6:9: note: called from here
    6 |     c = _mm_cmpgt_epi64(a, b);
      |         ^~~~~~~~~~~~~~~~~~~~~
cc1: all warnings being treated as errors
CMakeFiles/cmTC_ba4d8.dir/build.make:82: recipe for target 'CMakeFiles/cmTC_ba4d8.dir/src.c.o' failed
make[1]: *** [CMakeFiles/cmTC_ba4d8.dir/src.c.o] Error 1
make[1]: Leaving directory '/home/joungwook/PID-Comm/upmem-2021.3.0_opt/src/backends/build/CMakeFiles/CMakeTmp'
Makefile:138: recipe for target 'cmTC_ba4d8/fast' failed
make: *** [cmTC_ba4d8/fast] Error 2


...and run output:

Return value: 1
Source file was:

  #include <nmmintrin.h>
  int main()
  {
    __m128i a = {0,0,0,0}, b = {0,0,0,0}, c = {0,0,0,0};
    c = _mm_cmpgt_epi64(a, b);
    return 0;
  }

Performing C SOURCE FILE Test C_COMPILES_SSE4_2_1 failed with the following output:
Change Dir: /home/joungwook/PID-Comm/upmem-2021.3.0_opt/src/backends/build/CMakeFiles/CMakeTmp

Run Build Command(s):/usr/bin/make cmTC_ecc13/fast && /usr/bin/make -f CMakeFiles/cmTC_ecc13.dir/build.make CMakeFiles/cmTC_ecc13.dir/build
make[1]: Entering directory '/home/joungwook/PID-Comm/upmem-2021.3.0_opt/src/backends/build/CMakeFiles/CMakeTmp'
Building C object CMakeFiles/cmTC_ecc13.dir/src.c.o
/usr/bin/cc   -Wall -Werror -Wextra -std=gnu11  -O3  -g -DC_COMPILES_SSE4_2_1   -o CMakeFiles/cmTC_ecc13.dir/src.c.o   -c /home/joungwook/PID-Comm/upmem-2021.3.0_opt/src/backends/build/CMakeFiles/CMakeTmp/src.c
/home/joungwook/PID-Comm/upmem-2021.3.0_opt/src/backends/build/CMakeFiles/CMakeTmp/src.c: In function ‘main’:
/home/joungwook/PID-Comm/upmem-2021.3.0_opt/src/backends/build/CMakeFiles/CMakeTmp/src.c:5:22: error: excess elements in vector initializer [-Werror]
    5 |     __m128i a = {0,0,0,0}, b = {0,0,0,0}, c = {0,0,0,0};
      |                      ^
/home/joungwook/PID-Comm/upmem-2021.3.0_opt/src/backends/build/CMakeFiles/CMakeTmp/src.c:5:22: note: (near initialization for ‘a’)
/home/joungwook/PID-Comm/upmem-2021.3.0_opt/src/backends/build/CMakeFiles/CMakeTmp/src.c:5:24: error: excess elements in vector initializer [-Werror]
    5 |     __m128i a = {0,0,0,0}, b = {0,0,0,0}, c = {0,0,0,0};
      |                        ^
/home/joungwook/PID-Comm/upmem-2021.3.0_opt/src/backends/build/CMakeFiles/CMakeTmp/src.c:5:24: note: (near initialization for ‘a’)
/home/joungwook/PID-Comm/upmem-2021.3.0_opt/src/backends/build/CMakeFiles/CMakeTmp/src.c:5:37: error: excess elements in vector initializer [-Werror]
    5 |     __m128i a = {0,0,0,0}, b = {0,0,0,0}, c = {0,0,0,0};
      |                                     ^
/home/joungwook/PID-Comm/upmem-2021.3.0_opt/src/backends/build/CMakeFiles/CMakeTmp/src.c:5:37: note: (near initialization for ‘b’)
/home/joungwook/PID-Comm/upmem-2021.3.0_opt/src/backends/build/CMakeFiles/CMakeTmp/src.c:5:39: error: excess elements in vector initializer [-Werror]
    5 |     __m128i a = {0,0,0,0}, b = {0,0,0,0}, c = {0,0,0,0};
      |                                       ^
/home/joungwook/PID-Comm/upmem-2021.3.0_opt/src/backends/build/CMakeFiles/CMakeTmp/src.c:5:39: note: (near initialization for ‘b’)
/home/joungwook/PID-Comm/upmem-2021.3.0_opt/src/backends/build/CMakeFiles/CMakeTmp/src.c:5:52: error: excess elements in vector initializer [-Werror]
    5 |     __m128i a = {0,0,0,0}, b = {0,0,0,0}, c = {0,0,0,0};
      |                                                    ^
/home/joungwook/PID-Comm/upmem-2021.3.0_opt/src/backends/build/CMakeFiles/CMakeTmp/src.c:5:52: note: (near initialization for ‘c’)
/home/joungwook/PID-Comm/upmem-2021.3.0_opt/src/backends/build/CMakeFiles/CMakeTmp/src.c:5:54: error: excess elements in vector initializer [-Werror]
    5 |     __m128i a = {0,0,0,0}, b = {0,0,0,0}, c = {0,0,0,0};
      |                                                      ^
/home/joungwook/PID-Comm/upmem-2021.3.0_opt/src/backends/build/CMakeFiles/CMakeTmp/src.c:5:54: note: (near initialization for ‘c’)
/home/joungwook/PID-Comm/upmem-2021.3.0_opt/src/backends/build/CMakeFiles/CMakeTmp/src.c:5:43: error: variable ‘c’ set but not used [-Werror=unused-but-set-variable]
    5 |     __m128i a = {0,0,0,0}, b = {0,0,0,0}, c = {0,0,0,0};
      |                                           ^
In file included from /usr/lib/gcc/x86_64-linux-gnu/9/include/nmmintrin.h:31,
                 from /home/joungwook/PID-Comm/upmem-2021.3.0_opt/src/backends/build/CMakeFiles/CMakeTmp/src.c:2:
/usr/lib/gcc/x86_64-linux-gnu/9/include/smmintrin.h:796:1: error: inlining failed in call to always_inline ‘_mm_cmpgt_epi64’: target specific option mismatch
  796 | _mm_cmpgt_epi64 (__m128i __X, __m128i __Y)
      | ^~~~~~~~~~~~~~~
/home/joungwook/PID-Comm/upmem-2021.3.0_opt/src/backends/build/CMakeFiles/CMakeTmp/src.c:6:9: note: called from here
    6 |     c = _mm_cmpgt_epi64(a, b);
      |         ^~~~~~~~~~~~~~~~~~~~~
cc1: all warnings being treated as errors
CMakeFiles/cmTC_ecc13.dir/build.make:82: recipe for target 'CMakeFiles/cmTC_ecc13.dir/src.c.o' failed
make[1]: *** [CMakeFiles/cmTC_ecc13.dir/src.c.o] Error 1
make[1]: Leaving directory '/home/joungwook/PID-Comm/upmem-2021.3.0_opt/src/backends/build/CMakeFiles/CMakeTmp'
Makefile:138: recipe for target 'cmTC_ecc13/fast' failed
make: *** [cmTC_ecc13/fast] Error 2


Source file was:

  #include <nmmintrin.h>
  int main()
  {
    __m128i a = {0,0,0,0}, b = {0,0,0,0}, c = {0,0,0,0};
    c = _mm_cmpgt_epi64(a, b);
    return 0;
  }

Performing C SOURCE FILE Test C_HAS_SSE4_2_2 failed with the following compile output:
Change Dir: /home/joungwook/PID-Comm/upmem-2021.3.0_opt/src/backends/build/CMakeFiles/CMakeTmp

Run Build Command(s):/usr/bin/make cmTC_1472b/fast && /usr/bin/make -f CMakeFiles/cmTC_1472b.dir/build.make CMakeFiles/cmTC_1472b.dir/build
make[1]: Entering directory '/home/joungwook/PID-Comm/upmem-2021.3.0_opt/src/backends/build/CMakeFiles/CMakeTmp'
Building C object CMakeFiles/cmTC_1472b.dir/src.c.o
/usr/bin/cc   -Wall -Werror -Wextra -std=gnu11  -O3  -g -DC_HAS_SSE4_2_2 -msse4.2   -o CMakeFiles/cmTC_1472b.dir/src.c.o   -c /home/joungwook/PID-Comm/upmem-2021.3.0_opt/src/backends/build/CMakeFiles/CMakeTmp/src.c
/home/joungwook/PID-Comm/upmem-2021.3.0_opt/src/backends/build/CMakeFiles/CMakeTmp/src.c: In function ‘main’:
/home/joungwook/PID-Comm/upmem-2021.3.0_opt/src/backends/build/CMakeFiles/CMakeTmp/src.c:5:22: error: excess elements in vector initializer [-Werror]
    5 |     __m128i a = {0,0,0,0}, b = {0,0,0,0}, c = {0,0,0,0};
      |                      ^
/home/joungwook/PID-Comm/upmem-2021.3.0_opt/src/backends/build/CMakeFiles/CMakeTmp/src.c:5:22: note: (near initialization for ‘a’)
/home/joungwook/PID-Comm/upmem-2021.3.0_opt/src/backends/build/CMakeFiles/CMakeTmp/src.c:5:24: error: excess elements in vector initializer [-Werror]
    5 |     __m128i a = {0,0,0,0}, b = {0,0,0,0}, c = {0,0,0,0};
      |                        ^
/home/joungwook/PID-Comm/upmem-2021.3.0_opt/src/backends/build/CMakeFiles/CMakeTmp/src.c:5:24: note: (near initialization for ‘a’)
/home/joungwook/PID-Comm/upmem-2021.3.0_opt/src/backends/build/CMakeFiles/CMakeTmp/src.c:5:37: error: excess elements in vector initializer [-Werror]
    5 |     __m128i a = {0,0,0,0}, b = {0,0,0,0}, c = {0,0,0,0};
      |                                     ^
/home/joungwook/PID-Comm/upmem-2021.3.0_opt/src/backends/build/CMakeFiles/CMakeTmp/src.c:5:37: note: (near initialization for ‘b’)
/home/joungwook/PID-Comm/upmem-2021.3.0_opt/src/backends/build/CMakeFiles/CMakeTmp/src.c:5:39: error: excess elements in vector initializer [-Werror]
    5 |     __m128i a = {0,0,0,0}, b = {0,0,0,0}, c = {0,0,0,0};
      |                                       ^
/home/joungwook/PID-Comm/upmem-2021.3.0_opt/src/backends/build/CMakeFiles/CMakeTmp/src.c:5:39: note: (near initialization for ‘b’)
/home/joungwook/PID-Comm/upmem-2021.3.0_opt/src/backends/build/CMakeFiles/CMakeTmp/src.c:5:52: error: excess elements in vector initializer [-Werror]
    5 |     __m128i a = {0,0,0,0}, b = {0,0,0,0}, c = {0,0,0,0};
      |                                                    ^
/home/joungwook/PID-Comm/upmem-2021.3.0_opt/src/backends/build/CMakeFiles/CMakeTmp/src.c:5:52: note: (near initialization for ‘c’)
/home/joungwook/PID-Comm/upmem-2021.3.0_opt/src/backends/build/CMakeFiles/CMakeTmp/src.c:5:54: error: excess elements in vector initializer [-Werror]
    5 |     __m128i a = {0,0,0,0}, b = {0,0,0,0}, c = {0,0,0,0};
      |                                                      ^
/home/joungwook/PID-Comm/upmem-2021.3.0_opt/src/backends/build/CMakeFiles/CMakeTmp/src.c:5:54: note: (near initialization for ‘c’)
/home/joungwook/PID-Comm/upmem-2021.3.0_opt/src/backends/build/CMakeFiles/CMakeTmp/src.c:5:43: error: variable ‘c’ set but not used [-Werror=unused-but-set-variable]
    5 |     __m128i a = {0,0,0,0}, b = {0,0,0,0}, c = {0,0,0,0};
      |                                           ^
cc1: all warnings being treated as errors
CMakeFiles/cmTC_1472b.dir/build.make:82: recipe for target 'CMakeFiles/cmTC_1472b.dir/src.c.o' failed
make[1]: *** [CMakeFiles/cmTC_1472b.dir/src.c.o] Error 1
make[1]: Leaving directory '/home/joungwook/PID-Comm/upmem-2021.3.0_opt/src/backends/build/CMakeFiles/CMakeTmp'
Makefile:138: recipe for target 'cmTC_1472b/fast' failed
make: *** [cmTC_1472b/fast] Error 2


...and run output:

Return value: 1
Source file was:

  #include <nmmintrin.h>
  int main()
  {
    __m128i a = {0,0,0,0}, b = {0,0,0,0}, c = {0,0,0,0};
    c = _mm_cmpgt_epi64(a, b);
    return 0;
  }

Performing C SOURCE FILE Test C_COMPILES_SSE4_2_2 failed with the following output:
Change Dir: /home/joungwook/PID-Comm/upmem-2021.3.0_opt/src/backends/build/CMakeFiles/CMakeTmp

Run Build Command(s):/usr/bin/make cmTC_4b2a7/fast && /usr/bin/make -f CMakeFiles/cmTC_4b2a7.dir/build.make CMakeFiles/cmTC_4b2a7.dir/build
make[1]: Entering directory '/home/joungwook/PID-Comm/upmem-2021.3.0_opt/src/backends/build/CMakeFiles/CMakeTmp'
Building C object CMakeFiles/cmTC_4b2a7.dir/src.c.o
/usr/bin/cc   -Wall -Werror -Wextra -std=gnu11  -O3  -g -DC_COMPILES_SSE4_2_2 -msse4.2   -o CMakeFiles/cmTC_4b2a7.dir/src.c.o   -c /home/joungwook/PID-Comm/upmem-2021.3.0_opt/src/backends/build/CMakeFiles/CMakeTmp/src.c
/home/joungwook/PID-Comm/upmem-2021.3.0_opt/src/backends/build/CMakeFiles/CMakeTmp/src.c: In function ‘main’:
/home/joungwook/PID-Comm/upmem-2021.3.0_opt/src/backends/build/CMakeFiles/CMakeTmp/src.c:5:22: error: excess elements in vector initializer [-Werror]
    5 |     __m128i a = {0,0,0,0}, b = {0,0,0,0}, c = {0,0,0,0};
      |                      ^
/home/joungwook/PID-Comm/upmem-2021.3.0_opt/src/backends/build/CMakeFiles/CMakeTmp/src.c:5:22: note: (near initialization for ‘a’)
/home/joungwook/PID-Comm/upmem-2021.3.0_opt/src/backends/build/CMakeFiles/CMakeTmp/src.c:5:24: error: excess elements in vector initializer [-Werror]
    5 |     __m128i a = {0,0,0,0}, b = {0,0,0,0}, c = {0,0,0,0};
      |                        ^
/home/joungwook/PID-Comm/upmem-2021.3.0_opt/src/backends/build/CMakeFiles/CMakeTmp/src.c:5:24: note: (near initialization for ‘a’)
/home/joungwook/PID-Comm/upmem-2021.3.0_opt/src/backends/build/CMakeFiles/CMakeTmp/src.c:5:37: error: excess elements in vector initializer [-Werror]
    5 |     __m128i a = {0,0,0,0}, b = {0,0,0,0}, c = {0,0,0,0};
      |                                     ^
/home/joungwook/PID-Comm/upmem-2021.3.0_opt/src/backends/build/CMakeFiles/CMakeTmp/src.c:5:37: note: (near initialization for ‘b’)
/home/joungwook/PID-Comm/upmem-2021.3.0_opt/src/backends/build/CMakeFiles/CMakeTmp/src.c:5:39: error: excess elements in vector initializer [-Werror]
    5 |     __m128i a = {0,0,0,0}, b = {0,0,0,0}, c = {0,0,0,0};
      |                                       ^
/home/joungwook/PID-Comm/upmem-2021.3.0_opt/src/backends/build/CMakeFiles/CMakeTmp/src.c:5:39: note: (near initialization for ‘b’)
/home/joungwook/PID-Comm/upmem-2021.3.0_opt/src/backends/build/CMakeFiles/CMakeTmp/src.c:5:52: error: excess elements in vector initializer [-Werror]
    5 |     __m128i a = {0,0,0,0}, b = {0,0,0,0}, c = {0,0,0,0};
      |                                                    ^
/home/joungwook/PID-Comm/upmem-2021.3.0_opt/src/backends/build/CMakeFiles/CMakeTmp/src.c:5:52: note: (near initialization for ‘c’)
/home/joungwook/PID-Comm/upmem-2021.3.0_opt/src/backends/build/CMakeFiles/CMakeTmp/src.c:5:54: error: excess elements in vector initializer [-Werror]
    5 |     __m128i a = {0,0,0,0}, b = {0,0,0,0}, c = {0,0,0,0};
      |                                                      ^
/home/joungwook/PID-Comm/upmem-2021.3.0_opt/src/backends/build/CMakeFiles/CMakeTmp/src.c:5:54: note: (near initialization for ‘c’)
/home/joungwook/PID-Comm/upmem-2021.3.0_opt/src/backends/build/CMakeFiles/CMakeTmp/src.c:5:43: error: variable ‘c’ set but not used [-Werror=unused-but-set-variable]
    5 |     __m128i a = {0,0,0,0}, b = {0,0,0,0}, c = {0,0,0,0};
      |                                           ^
cc1: all warnings being treated as errors
CMakeFiles/cmTC_4b2a7.dir/build.make:82: recipe for target 'CMakeFiles/cmTC_4b2a7.dir/src.c.o' failed
make[1]: *** [CMakeFiles/cmTC_4b2a7.dir/src.c.o] Error 1
make[1]: Leaving directory '/home/joungwook/PID-Comm/upmem-2021.3.0_opt/src/backends/build/CMakeFiles/CMakeTmp'
Makefile:138: recipe for target 'cmTC_4b2a7/fast' failed
make: *** [cmTC_4b2a7/fast] Error 2


Source file was:

  #include <nmmintrin.h>
  int main()
  {
    __m128i a = {0,0,0,0}, b = {0,0,0,0}, c = {0,0,0,0};
    c = _mm_cmpgt_epi64(a, b);
    return 0;
  }

Performing C SOURCE FILE Test C_HAS_SSE4_2_3 failed with the following compile output:
Change Dir: /home/joungwook/PID-Comm/upmem-2021.3.0_opt/src/backends/build/CMakeFiles/CMakeTmp

Run Build Command(s):/usr/bin/make cmTC_6088a/fast && /usr/bin/make -f CMakeFiles/cmTC_6088a.dir/build.make CMakeFiles/cmTC_6088a.dir/build
make[1]: Entering directory '/home/joungwook/PID-Comm/upmem-2021.3.0_opt/src/backends/build/CMakeFiles/CMakeTmp'
Building C object CMakeFiles/cmTC_6088a.dir/src.c.o
/usr/bin/cc   -Wall -Werror -Wextra -std=gnu11  -O3  -g -DC_HAS_SSE4_2_3 -msse4   -o CMakeFiles/cmTC_6088a.dir/src.c.o   -c /home/joungwook/PID-Comm/upmem-2021.3.0_opt/src/backends/build/CMakeFiles/CMakeTmp/src.c
/home/joungwook/PID-Comm/upmem-2021.3.0_opt/src/backends/build/CMakeFiles/CMakeTmp/src.c: In function ‘main’:
/home/joungwook/PID-Comm/upmem-2021.3.0_opt/src/backends/build/CMakeFiles/CMakeTmp/src.c:5:22: error: excess elements in vector initializer [-Werror]
    5 |     __m128i a = {0,0,0,0}, b = {0,0,0,0}, c = {0,0,0,0};
      |                      ^
/home/joungwook/PID-Comm/upmem-2021.3.0_opt/src/backends/build/CMakeFiles/CMakeTmp/src.c:5:22: note: (near initialization for ‘a’)
/home/joungwook/PID-Comm/upmem-2021.3.0_opt/src/backends/build/CMakeFiles/CMakeTmp/src.c:5:24: error: excess elements in vector initializer [-Werror]
    5 |     __m128i a = {0,0,0,0}, b = {0,0,0,0}, c = {0,0,0,0};
      |                        ^
/home/joungwook/PID-Comm/upmem-2021.3.0_opt/src/backends/build/CMakeFiles/CMakeTmp/src.c:5:24: note: (near initialization for ‘a’)
/home/joungwook/PID-Comm/upmem-2021.3.0_opt/src/backends/build/CMakeFiles/CMakeTmp/src.c:5:37: error: excess elements in vector initializer [-Werror]
    5 |     __m128i a = {0,0,0,0}, b = {0,0,0,0}, c = {0,0,0,0};
      |                                     ^
/home/joungwook/PID-Comm/upmem-2021.3.0_opt/src/backends/build/CMakeFiles/CMakeTmp/src.c:5:37: note: (near initialization for ‘b’)
/home/joungwook/PID-Comm/upmem-2021.3.0_opt/src/backends/build/CMakeFiles/CMakeTmp/src.c:5:39: error: excess elements in vector initializer [-Werror]
    5 |     __m128i a = {0,0,0,0}, b = {0,0,0,0}, c = {0,0,0,0};
      |                                       ^
/home/joungwook/PID-Comm/upmem-2021.3.0_opt/src/backends/build/CMakeFiles/CMakeTmp/src.c:5:39: note: (near initialization for ‘b’)
/home/joungwook/PID-Comm/upmem-2021.3.0_opt/src/backends/build/CMakeFiles/CMakeTmp/src.c:5:52: error: excess elements in vector initializer [-Werror]
    5 |     __m128i a = {0,0,0,0}, b = {0,0,0,0}, c = {0,0,0,0};
      |                                                    ^
/home/joungwook/PID-Comm/upmem-2021.3.0_opt/src/backends/build/CMakeFiles/CMakeTmp/src.c:5:52: note: (near initialization for ‘c’)
/home/joungwook/PID-Comm/upmem-2021.3.0_opt/src/backends/build/CMakeFiles/CMakeTmp/src.c:5:54: error: excess elements in vector initializer [-Werror]
    5 |     __m128i a = {0,0,0,0}, b = {0,0,0,0}, c = {0,0,0,0};
      |                                                      ^
/home/joungwook/PID-Comm/upmem-2021.3.0_opt/src/backends/build/CMakeFiles/CMakeTmp/src.c:5:54: note: (near initialization for ‘c’)
/home/joungwook/PID-Comm/upmem-2021.3.0_opt/src/backends/build/CMakeFiles/CMakeTmp/src.c:5:43: error: variable ‘c’ set but not used [-Werror=unused-but-set-variable]
    5 |     __m128i a = {0,0,0,0}, b = {0,0,0,0}, c = {0,0,0,0};
      |                                           ^
cc1: all warnings being treated as errors
CMakeFiles/cmTC_6088a.dir/build.make:82: recipe for target 'CMakeFiles/cmTC_6088a.dir/src.c.o' failed
make[1]: *** [CMakeFiles/cmTC_6088a.dir/src.c.o] Error 1
make[1]: Leaving directory '/home/joungwook/PID-Comm/upmem-2021.3.0_opt/src/backends/build/CMakeFiles/CMakeTmp'
Makefile:138: recipe for target 'cmTC_6088a/fast' failed
make: *** [cmTC_6088a/fast] Error 2


...and run output:

Return value: 1
Source file was:

  #include <nmmintrin.h>
  int main()
  {
    __m128i a = {0,0,0,0}, b = {0,0,0,0}, c = {0,0,0,0};
    c = _mm_cmpgt_epi64(a, b);
    return 0;
  }

Performing C SOURCE FILE Test C_COMPILES_SSE4_2_3 failed with the following output:
Change Dir: /home/joungwook/PID-Comm/upmem-2021.3.0_opt/src/backends/build/CMakeFiles/CMakeTmp

Run Build Command(s):/usr/bin/make cmTC_3f547/fast && /usr/bin/make -f CMakeFiles/cmTC_3f547.dir/build.make CMakeFiles/cmTC_3f547.dir/build
make[1]: Entering directory '/home/joungwook/PID-Comm/upmem-2021.3.0_opt/src/backends/build/CMakeFiles/CMakeTmp'
Building C object CMakeFiles/cmTC_3f547.dir/src.c.o
/usr/bin/cc   -Wall -Werror -Wextra -std=gnu11  -O3  -g -DC_COMPILES_SSE4_2_3 -msse4   -o CMakeFiles/cmTC_3f547.dir/src.c.o   -c /home/joungwook/PID-Comm/upmem-2021.3.0_opt/src/backends/build/CMakeFiles/CMakeTmp/src.c
/home/joungwook/PID-Comm/upmem-2021.3.0_opt/src/backends/build/CMakeFiles/CMakeTmp/src.c: In function ‘main’:
/home/joungwook/PID-Comm/upmem-2021.3.0_opt/src/backends/build/CMakeFiles/CMakeTmp/src.c:5:22: error: excess elements in vector initializer [-Werror]
    5 |     __m128i a = {0,0,0,0}, b = {0,0,0,0}, c = {0,0,0,0};
      |                      ^
/home/joungwook/PID-Comm/upmem-2021.3.0_opt/src/backends/build/CMakeFiles/CMakeTmp/src.c:5:22: note: (near initialization for ‘a’)
/home/joungwook/PID-Comm/upmem-2021.3.0_opt/src/backends/build/CMakeFiles/CMakeTmp/src.c:5:24: error: excess elements in vector initializer [-Werror]
    5 |     __m128i a = {0,0,0,0}, b = {0,0,0,0}, c = {0,0,0,0};
      |                        ^
/home/joungwook/PID-Comm/upmem-2021.3.0_opt/src/backends/build/CMakeFiles/CMakeTmp/src.c:5:24: note: (near initialization for ‘a’)
/home/joungwook/PID-Comm/upmem-2021.3.0_opt/src/backends/build/CMakeFiles/CMakeTmp/src.c:5:37: error: excess elements in vector initializer [-Werror]
    5 |     __m128i a = {0,0,0,0}, b = {0,0,0,0}, c = {0,0,0,0};
      |                                     ^
/home/joungwook/PID-Comm/upmem-2021.3.0_opt/src/backends/build/CMakeFiles/CMakeTmp/src.c:5:37: note: (near initialization for ‘b’)
/home/joungwook/PID-Comm/upmem-2021.3.0_opt/src/backends/build/CMakeFiles/CMakeTmp/src.c:5:39: error: excess elements in vector initializer [-Werror]
    5 |     __m128i a = {0,0,0,0}, b = {0,0,0,0}, c = {0,0,0,0};
      |                                       ^
/home/joungwook/PID-Comm/upmem-2021.3.0_opt/src/backends/build/CMakeFiles/CMakeTmp/src.c:5:39: note: (near initialization for ‘b’)
/home/joungwook/PID-Comm/upmem-2021.3.0_opt/src/backends/build/CMakeFiles/CMakeTmp/src.c:5:52: error: excess elements in vector initializer [-Werror]
    5 |     __m128i a = {0,0,0,0}, b = {0,0,0,0}, c = {0,0,0,0};
      |                                                    ^
/home/joungwook/PID-Comm/upmem-2021.3.0_opt/src/backends/build/CMakeFiles/CMakeTmp/src.c:5:52: note: (near initialization for ‘c’)
/home/joungwook/PID-Comm/upmem-2021.3.0_opt/src/backends/build/CMakeFiles/CMakeTmp/src.c:5:54: error: excess elements in vector initializer [-Werror]
    5 |     __m128i a = {0,0,0,0}, b = {0,0,0,0}, c = {0,0,0,0};
      |                                                      ^
/home/joungwook/PID-Comm/upmem-2021.3.0_opt/src/backends/build/CMakeFiles/CMakeTmp/src.c:5:54: note: (near initialization for ‘c’)
/home/joungwook/PID-Comm/upmem-2021.3.0_opt/src/backends/build/CMakeFiles/CMakeTmp/src.c:5:43: error: variable ‘c’ set but not used [-Werror=unused-but-set-variable]
    5 |     __m128i a = {0,0,0,0}, b = {0,0,0,0}, c = {0,0,0,0};
      |                                           ^
cc1: all warnings being treated as errors
CMakeFiles/cmTC_3f547.dir/build.make:82: recipe for target 'CMakeFiles/cmTC_3f547.dir/src.c.o' failed
make[1]: *** [CMakeFiles/cmTC_3f547.dir/src.c.o] Error 1
make[1]: Leaving directory '/home/joungwook/PID-Comm/upmem-2021.3.0_opt/src/backends/build/CMakeFiles/CMakeTmp'
Makefile:138: recipe for target 'cmTC_3f547/fast' failed
make: *** [cmTC_3f547/fast] Error 2


Source file was:

  #include <nmmintrin.h>
  int main()
  {
    __m128i a = {0,0,0,0}, b = {0,0,0,0}, c = {0,0,0,0};
    c = _mm_cmpgt_epi64(a, b);
    return 0;
  }

Performing C SOURCE FILE Test C_HAS_SSE4_2_4 failed with the following compile output:
Change Dir: /home/joungwook/PID-Comm/upmem-2021.3.0_opt/src/backends/build/CMakeFiles/CMakeTmp

Run Build Command(s):/usr/bin/make cmTC_274ec/fast && /usr/bin/make -f CMakeFiles/cmTC_274ec.dir/build.make CMakeFiles/cmTC_274ec.dir/build
make[1]: Entering directory '/home/joungwook/PID-Comm/upmem-2021.3.0_opt/src/backends/build/CMakeFiles/CMakeTmp'
Building C object CMakeFiles/cmTC_274ec.dir/src.c.o
/usr/bin/cc   -Wall -Werror -Wextra -std=gnu11  -O3  -g -DC_HAS_SSE4_2_4 /arch:SSE4   -o CMakeFiles/cmTC_274ec.dir/src.c.o   -c /home/joungwook/PID-Comm/upmem-2021.3.0_opt/src/backends/build/CMakeFiles/CMakeTmp/src.c
cc: error: /arch:SSE4: No such file or directory
CMakeFiles/cmTC_274ec.dir/build.make:82: recipe for target 'CMakeFiles/cmTC_274ec.dir/src.c.o' failed
make[1]: *** [CMakeFiles/cmTC_274ec.dir/src.c.o] Error 1
make[1]: Leaving directory '/home/joungwook/PID-Comm/upmem-2021.3.0_opt/src/backends/build/CMakeFiles/CMakeTmp'
Makefile:138: recipe for target 'cmTC_274ec/fast' failed
make: *** [cmTC_274ec/fast] Error 2


...and run output:

Return value: 1
Source file was:

  #include <nmmintrin.h>
  int main()
  {
    __m128i a = {0,0,0,0}, b = {0,0,0,0}, c = {0,0,0,0};
    c = _mm_cmpgt_epi64(a, b);
    return 0;
  }

Performing C SOURCE FILE Test C_COMPILES_SSE4_2_4 failed with the following output:
Change Dir: /home/joungwook/PID-Comm/upmem-2021.3.0_opt/src/backends/build/CMakeFiles/CMakeTmp

Run Build Command(s):/usr/bin/make cmTC_2aa8d/fast && /usr/bin/make -f CMakeFiles/cmTC_2aa8d.dir/build.make CMakeFiles/cmTC_2aa8d.dir/build
make[1]: Entering directory '/home/joungwook/PID-Comm/upmem-2021.3.0_opt/src/backends/build/CMakeFiles/CMakeTmp'
Building C object CMakeFiles/cmTC_2aa8d.dir/src.c.o
/usr/bin/cc   -Wall -Werror -Wextra -std=gnu11  -O3  -g -DC_COMPILES_SSE4_2_4 /arch:SSE4   -o CMakeFiles/cmTC_2aa8d.dir/src.c.o   -c /home/joungwook/PID-Comm/upmem-2021.3.0_opt/src/backends/build/CMakeFiles/CMakeTmp/src.c
cc: error: /arch:SSE4: No such file or directory
CMakeFiles/cmTC_2aa8d.dir/build.make:82: recipe for target 'CMakeFiles/cmTC_2aa8d.dir/src.c.o' failed
make[1]: *** [CMakeFiles/cmTC_2aa8d.dir/src.c.o] Error 1
make[1]: Leaving directory '/home/joungwook/PID-Comm/upmem-2021.3.0_opt/src/backends/build/CMakeFiles/CMakeTmp'
Makefile:138: recipe for target 'cmTC_2aa8d/fast' failed
make: *** [cmTC_2aa8d/fast] Error 2


Source file was:

  #include <nmmintrin.h>
  int main()
  {
    __m128i a = {0,0,0,0}, b = {0,0,0,0}, c = {0,0,0,0};
    c = _mm_cmpgt_epi64(a, b);
    return 0;
  }

Performing C SOURCE FILE Test C_HAS_AVX_1 failed with the following compile output:
Change Dir: /home/joungwook/PID-Comm/upmem-2021.3.0_opt/src/backends/build/CMakeFiles/CMakeTmp

Run Build Command(s):/usr/bin/make cmTC_a3bab/fast && /usr/bin/make -f CMakeFiles/cmTC_a3bab.dir/build.make CMakeFiles/cmTC_a3bab.dir/build
make[1]: Entering directory '/home/joungwook/PID-Comm/upmem-2021.3.0_opt/src/backends/build/CMakeFiles/CMakeTmp'
Building C object CMakeFiles/cmTC_a3bab.dir/src.c.o
/usr/bin/cc   -Wall -Werror -Wextra -std=gnu11  -O3  -g -DC_HAS_AVX_1   -o CMakeFiles/cmTC_a3bab.dir/src.c.o   -c /home/joungwook/PID-Comm/upmem-2021.3.0_opt/src/backends/build/CMakeFiles/CMakeTmp/src.c
/home/joungwook/PID-Comm/upmem-2021.3.0_opt/src/backends/build/CMakeFiles/CMakeTmp/src.c: In function ‘main’:
/home/joungwook/PID-Comm/upmem-2021.3.0_opt/src/backends/build/CMakeFiles/CMakeTmp/src.c:5:12: error: variable ‘a’ set but not used [-Werror=unused-but-set-variable]
    5 |     __m256 a;
      |            ^
/home/joungwook/PID-Comm/upmem-2021.3.0_opt/src/backends/build/CMakeFiles/CMakeTmp/src.c:6:7: error: AVX vector return without AVX enabled changes the ABI [-Werror=psabi]
    6 |     a = _mm256_set1_ps(0);
      |     ~~^~~~~~~~~~~~~~~~~~~
In file included from /usr/lib/gcc/x86_64-linux-gnu/9/include/immintrin.h:51,
                 from /home/joungwook/PID-Comm/upmem-2021.3.0_opt/src/backends/build/CMakeFiles/CMakeTmp/src.c:2:
/usr/lib/gcc/x86_64-linux-gnu/9/include/avxintrin.h:1311:1: error: inlining failed in call to always_inline ‘_mm256_set1_ps’: target specific option mismatch
 1311 | _mm256_set1_ps (float __A)
      | ^~~~~~~~~~~~~~
/home/joungwook/PID-Comm/upmem-2021.3.0_opt/src/backends/build/CMakeFiles/CMakeTmp/src.c:6:9: note: called from here
    6 |     a = _mm256_set1_ps(0);
      |         ^~~~~~~~~~~~~~~~~
cc1: all warnings being treated as errors
CMakeFiles/cmTC_a3bab.dir/build.make:82: recipe for target 'CMakeFiles/cmTC_a3bab.dir/src.c.o' failed
make[1]: *** [CMakeFiles/cmTC_a3bab.dir/src.c.o] Error 1
make[1]: Leaving directory '/home/joungwook/PID-Comm/upmem-2021.3.0_opt/src/backends/build/CMakeFiles/CMakeTmp'
Makefile:138: recipe for target 'cmTC_a3bab/fast' failed
make: *** [cmTC_a3bab/fast] Error 2


...and run output:

Return value: 1
Source file was:

  #include <immintrin.h>
  int main()
  {
    __m256 a;
    a = _mm256_set1_ps(0);
    return 0;
  }

Performing C SOURCE FILE Test C_COMPILES_AVX_1 failed with the following output:
Change Dir: /home/joungwook/PID-Comm/upmem-2021.3.0_opt/src/backends/build/CMakeFiles/CMakeTmp

Run Build Command(s):/usr/bin/make cmTC_30ef6/fast && /usr/bin/make -f CMakeFiles/cmTC_30ef6.dir/build.make CMakeFiles/cmTC_30ef6.dir/build
make[1]: Entering directory '/home/joungwook/PID-Comm/upmem-2021.3.0_opt/src/backends/build/CMakeFiles/CMakeTmp'
Building C object CMakeFiles/cmTC_30ef6.dir/src.c.o
/usr/bin/cc   -Wall -Werror -Wextra -std=gnu11  -O3  -g -DC_COMPILES_AVX_1   -o CMakeFiles/cmTC_30ef6.dir/src.c.o   -c /home/joungwook/PID-Comm/upmem-2021.3.0_opt/src/backends/build/CMakeFiles/CMakeTmp/src.c
/home/joungwook/PID-Comm/upmem-2021.3.0_opt/src/backends/build/CMakeFiles/CMakeTmp/src.c: In function ‘main’:
/home/joungwook/PID-Comm/upmem-2021.3.0_opt/src/backends/build/CMakeFiles/CMakeTmp/src.c:5:12: error: variable ‘a’ set but not used [-Werror=unused-but-set-variable]
    5 |     __m256 a;
      |            ^
/home/joungwook/PID-Comm/upmem-2021.3.0_opt/src/backends/build/CMakeFiles/CMakeTmp/src.c:6:7: error: AVX vector return without AVX enabled changes the ABI [-Werror=psabi]
    6 |     a = _mm256_set1_ps(0);
      |     ~~^~~~~~~~~~~~~~~~~~~
In file included from /usr/lib/gcc/x86_64-linux-gnu/9/include/immintrin.h:51,
                 from /home/joungwook/PID-Comm/upmem-2021.3.0_opt/src/backends/build/CMakeFiles/CMakeTmp/src.c:2:
/usr/lib/gcc/x86_64-linux-gnu/9/include/avxintrin.h:1311:1: error: inlining failed in call to always_inline ‘_mm256_set1_ps’: target specific option mismatch
 1311 | _mm256_set1_ps (float __A)
      | ^~~~~~~~~~~~~~
/home/joungwook/PID-Comm/upmem-2021.3.0_opt/src/backends/build/CMakeFiles/CMakeTmp/src.c:6:9: note: called from here
    6 |     a = _mm256_set1_ps(0);
      |         ^~~~~~~~~~~~~~~~~
cc1: all warnings being treated as errors
CMakeFiles/cmTC_30ef6.dir/build.make:82: recipe for target 'CMakeFiles/cmTC_30ef6.dir/src.c.o' failed
make[1]: *** [CMakeFiles/cmTC_30ef6.dir/src.c.o] Error 1
make[1]: Leaving directory '/home/joungwook/PID-Comm/upmem-2021.3.0_opt/src/backends/build/CMakeFiles/CMakeTmp'
Makefile:138: recipe for target 'cmTC_30ef6/fast' failed
make: *** [cmTC_30ef6/fast] Error 2


Source file was:

  #include <immintrin.h>
  int main()
  {
    __m256 a;
    a = _mm256_set1_ps(0);
    return 0;
  }

Performing C SOURCE FILE Test C_HAS_AVX_2 failed with the following compile output:
Change Dir: /home/joungwook/PID-Comm/upmem-2021.3.0_opt/src/backends/build/CMakeFiles/CMakeTmp

Run Build Command(s):/usr/bin/make cmTC_0932a/fast && /usr/bin/make -f CMakeFiles/cmTC_0932a.dir/build.make CMakeFiles/cmTC_0932a.dir/build
make[1]: Entering directory '/home/joungwook/PID-Comm/upmem-2021.3.0_opt/src/backends/build/CMakeFiles/CMakeTmp'
Building C object CMakeFiles/cmTC_0932a.dir/src.c.o
/usr/bin/cc   -Wall -Werror -Wextra -std=gnu11  -O3  -g -DC_HAS_AVX_2 -mavx   -o CMakeFiles/cmTC_0932a.dir/src.c.o   -c /home/joungwook/PID-Comm/upmem-2021.3.0_opt/src/backends/build/CMakeFiles/CMakeTmp/src.c
/home/joungwook/PID-Comm/upmem-2021.3.0_opt/src/backends/build/CMakeFiles/CMakeTmp/src.c: In function ‘main’:
/home/joungwook/PID-Comm/upmem-2021.3.0_opt/src/backends/build/CMakeFiles/CMakeTmp/src.c:5:12: error: variable ‘a’ set but not used [-Werror=unused-but-set-variable]
    5 |     __m256 a;
      |            ^
cc1: all warnings being treated as errors
CMakeFiles/cmTC_0932a.dir/build.make:82: recipe for target 'CMakeFiles/cmTC_0932a.dir/src.c.o' failed
make[1]: *** [CMakeFiles/cmTC_0932a.dir/src.c.o] Error 1
make[1]: Leaving directory '/home/joungwook/PID-Comm/upmem-2021.3.0_opt/src/backends/build/CMakeFiles/CMakeTmp'
Makefile:138: recipe for target 'cmTC_0932a/fast' failed
make: *** [cmTC_0932a/fast] Error 2


...and run output:

Return value: 1
Source file was:

  #include <immintrin.h>
  int main()
  {
    __m256 a;
    a = _mm256_set1_ps(0);
    return 0;
  }

Performing C SOURCE FILE Test C_COMPILES_AVX_2 failed with the following output:
Change Dir: /home/joungwook/PID-Comm/upmem-2021.3.0_opt/src/backends/build/CMakeFiles/CMakeTmp

Run Build Command(s):/usr/bin/make cmTC_4943b/fast && /usr/bin/make -f CMakeFiles/cmTC_4943b.dir/build.make CMakeFiles/cmTC_4943b.dir/build
make[1]: Entering directory '/home/joungwook/PID-Comm/upmem-2021.3.0_opt/src/backends/build/CMakeFiles/CMakeTmp'
Building C object CMakeFiles/cmTC_4943b.dir/src.c.o
/usr/bin/cc   -Wall -Werror -Wextra -std=gnu11  -O3  -g -DC_COMPILES_AVX_2 -mavx   -o CMakeFiles/cmTC_4943b.dir/src.c.o   -c /home/joungwook/PID-Comm/upmem-2021.3.0_opt/src/backends/build/CMakeFiles/CMakeTmp/src.c
/home/joungwook/PID-Comm/upmem-2021.3.0_opt/src/backends/build/CMakeFiles/CMakeTmp/src.c: In function ‘main’:
/home/joungwook/PID-Comm/upmem-2021.3.0_opt/src/backends/build/CMakeFiles/CMakeTmp/src.c:5:12: error: variable ‘a’ set but not used [-Werror=unused-but-set-variable]
    5 |     __m256 a;
      |            ^
cc1: all warnings being treated as errors
CMakeFiles/cmTC_4943b.dir/build.make:82: recipe for target 'CMakeFiles/cmTC_4943b.dir/src.c.o' failed
make[1]: *** [CMakeFiles/cmTC_4943b.dir/src.c.o] Error 1
make[1]: Leaving directory '/home/joungwook/PID-Comm/upmem-2021.3.0_opt/src/backends/build/CMakeFiles/CMakeTmp'
Makefile:138: recipe for target 'cmTC_4943b/fast' failed
make: *** [cmTC_4943b/fast] Error 2


Source file was:

  #include <immintrin.h>
  int main()
  {
    __m256 a;
    a = _mm256_set1_ps(0);
    return 0;
  }

Performing C SOURCE FILE Test C_HAS_AVX_3 failed with the following compile output:
Change Dir: /home/joungwook/PID-Comm/upmem-2021.3.0_opt/src/backends/build/CMakeFiles/CMakeTmp

Run Build Command(s):/usr/bin/make cmTC_5176c/fast && /usr/bin/make -f CMakeFiles/cmTC_5176c.dir/build.make CMakeFiles/cmTC_5176c.dir/build
make[1]: Entering directory '/home/joungwook/PID-Comm/upmem-2021.3.0_opt/src/backends/build/CMakeFiles/CMakeTmp'
Building C object CMakeFiles/cmTC_5176c.dir/src.c.o
/usr/bin/cc   -Wall -Werror -Wextra -std=gnu11  -O3  -g -DC_HAS_AVX_3 /arch:AVX   -o CMakeFiles/cmTC_5176c.dir/src.c.o   -c /home/joungwook/PID-Comm/upmem-2021.3.0_opt/src/backends/build/CMakeFiles/CMakeTmp/src.c
cc: error: /arch:AVX: No such file or directory
CMakeFiles/cmTC_5176c.dir/build.make:82: recipe for target 'CMakeFiles/cmTC_5176c.dir/src.c.o' failed
make[1]: *** [CMakeFiles/cmTC_5176c.dir/src.c.o] Error 1
make[1]: Leaving directory '/home/joungwook/PID-Comm/upmem-2021.3.0_opt/src/backends/build/CMakeFiles/CMakeTmp'
Makefile:138: recipe for target 'cmTC_5176c/fast' failed
make: *** [cmTC_5176c/fast] Error 2


...and run output:

Return value: 1
Source file was:

  #include <immintrin.h>
  int main()
  {
    __m256 a;
    a = _mm256_set1_ps(0);
    return 0;
  }

Performing C SOURCE FILE Test C_COMPILES_AVX_3 failed with the following output:
Change Dir: /home/joungwook/PID-Comm/upmem-2021.3.0_opt/src/backends/build/CMakeFiles/CMakeTmp

Run Build Command(s):/usr/bin/make cmTC_44053/fast && /usr/bin/make -f CMakeFiles/cmTC_44053.dir/build.make CMakeFiles/cmTC_44053.dir/build
make[1]: Entering directory '/home/joungwook/PID-Comm/upmem-2021.3.0_opt/src/backends/build/CMakeFiles/CMakeTmp'
Building C object CMakeFiles/cmTC_44053.dir/src.c.o
/usr/bin/cc   -Wall -Werror -Wextra -std=gnu11  -O3  -g -DC_COMPILES_AVX_3 /arch:AVX   -o CMakeFiles/cmTC_44053.dir/src.c.o   -c /home/joungwook/PID-Comm/upmem-2021.3.0_opt/src/backends/build/CMakeFiles/CMakeTmp/src.c
cc: error: /arch:AVX: No such file or directory
CMakeFiles/cmTC_44053.dir/build.make:82: recipe for target 'CMakeFiles/cmTC_44053.dir/src.c.o' failed
make[1]: *** [CMakeFiles/cmTC_44053.dir/src.c.o] Error 1
make[1]: Leaving directory '/home/joungwook/PID-Comm/upmem-2021.3.0_opt/src/backends/build/CMakeFiles/CMakeTmp'
Makefile:138: recipe for target 'cmTC_44053/fast' failed
make: *** [cmTC_44053/fast] Error 2


Source file was:

  #include <immintrin.h>
  int main()
  {
    __m256 a;
    a = _mm256_set1_ps(0);
    return 0;
  }

Performing C SOURCE FILE Test C_HAS_AVX2_1 failed with the following compile output:
Change Dir: /home/joungwook/PID-Comm/upmem-2021.3.0_opt/src/backends/build/CMakeFiles/CMakeTmp

Run Build Command(s):/usr/bin/make cmTC_21578/fast && /usr/bin/make -f CMakeFiles/cmTC_21578.dir/build.make CMakeFiles/cmTC_21578.dir/build
make[1]: Entering directory '/home/joungwook/PID-Comm/upmem-2021.3.0_opt/src/backends/build/CMakeFiles/CMakeTmp'
Building C object CMakeFiles/cmTC_21578.dir/src.c.o
/usr/bin/cc   -Wall -Werror -Wextra -std=gnu11  -O3  -g -DC_HAS_AVX2_1   -o CMakeFiles/cmTC_21578.dir/src.c.o   -c /home/joungwook/PID-Comm/upmem-2021.3.0_opt/src/backends/build/CMakeFiles/CMakeTmp/src.c
/home/joungwook/PID-Comm/upmem-2021.3.0_opt/src/backends/build/CMakeFiles/CMakeTmp/src.c: In function ‘main’:
/home/joungwook/PID-Comm/upmem-2021.3.0_opt/src/backends/build/CMakeFiles/CMakeTmp/src.c:6:7: error: AVX vector return without AVX enabled changes the ABI [-Werror=psabi]
    6 |     a = _mm256_abs_epi16(a);
      |     ~~^~~~~~~~~~~~~~~~~~~~~
In file included from /usr/lib/gcc/x86_64-linux-gnu/9/include/immintrin.h:53,
                 from /home/joungwook/PID-Comm/upmem-2021.3.0_opt/src/backends/build/CMakeFiles/CMakeTmp/src.c:2:
/usr/lib/gcc/x86_64-linux-gnu/9/include/avx2intrin.h:63:1: error: inlining failed in call to always_inline ‘_mm256_abs_epi16’: target specific option mismatch
   63 | _mm256_abs_epi16 (__m256i __A)
      | ^~~~~~~~~~~~~~~~
/home/joungwook/PID-Comm/upmem-2021.3.0_opt/src/backends/build/CMakeFiles/CMakeTmp/src.c:6:9: note: called from here
    6 |     a = _mm256_abs_epi16(a);
      |         ^~~~~~~~~~~~~~~~~~~
cc1: all warnings being treated as errors
CMakeFiles/cmTC_21578.dir/build.make:82: recipe for target 'CMakeFiles/cmTC_21578.dir/src.c.o' failed
make[1]: *** [CMakeFiles/cmTC_21578.dir/src.c.o] Error 1
make[1]: Leaving directory '/home/joungwook/PID-Comm/upmem-2021.3.0_opt/src/backends/build/CMakeFiles/CMakeTmp'
Makefile:138: recipe for target 'cmTC_21578/fast' failed
make: *** [cmTC_21578/fast] Error 2


...and run output:

Return value: 1
Source file was:

  #include <immintrin.h>
  int main()
  {
    __m256i a = {0};
    a = _mm256_abs_epi16(a);
    return 0;
  }

Performing C SOURCE FILE Test C_COMPILES_AVX2_1 failed with the following output:
Change Dir: /home/joungwook/PID-Comm/upmem-2021.3.0_opt/src/backends/build/CMakeFiles/CMakeTmp

Run Build Command(s):/usr/bin/make cmTC_e1390/fast && /usr/bin/make -f CMakeFiles/cmTC_e1390.dir/build.make CMakeFiles/cmTC_e1390.dir/build
make[1]: Entering directory '/home/joungwook/PID-Comm/upmem-2021.3.0_opt/src/backends/build/CMakeFiles/CMakeTmp'
Building C object CMakeFiles/cmTC_e1390.dir/src.c.o
/usr/bin/cc   -Wall -Werror -Wextra -std=gnu11  -O3  -g -DC_COMPILES_AVX2_1   -o CMakeFiles/cmTC_e1390.dir/src.c.o   -c /home/joungwook/PID-Comm/upmem-2021.3.0_opt/src/backends/build/CMakeFiles/CMakeTmp/src.c
/home/joungwook/PID-Comm/upmem-2021.3.0_opt/src/backends/build/CMakeFiles/CMakeTmp/src.c: In function ‘main’:
/home/joungwook/PID-Comm/upmem-2021.3.0_opt/src/backends/build/CMakeFiles/CMakeTmp/src.c:6:7: error: AVX vector return without AVX enabled changes the ABI [-Werror=psabi]
    6 |     a = _mm256_abs_epi16(a);
      |     ~~^~~~~~~~~~~~~~~~~~~~~
In file included from /usr/lib/gcc/x86_64-linux-gnu/9/include/immintrin.h:53,
                 from /home/joungwook/PID-Comm/upmem-2021.3.0_opt/src/backends/build/CMakeFiles/CMakeTmp/src.c:2:
/usr/lib/gcc/x86_64-linux-gnu/9/include/avx2intrin.h:63:1: error: inlining failed in call to always_inline ‘_mm256_abs_epi16’: target specific option mismatch
   63 | _mm256_abs_epi16 (__m256i __A)
      | ^~~~~~~~~~~~~~~~
/home/joungwook/PID-Comm/upmem-2021.3.0_opt/src/backends/build/CMakeFiles/CMakeTmp/src.c:6:9: note: called from here
    6 |     a = _mm256_abs_epi16(a);
      |         ^~~~~~~~~~~~~~~~~~~
cc1: all warnings being treated as errors
CMakeFiles/cmTC_e1390.dir/build.make:82: recipe for target 'CMakeFiles/cmTC_e1390.dir/src.c.o' failed
make[1]: *** [CMakeFiles/cmTC_e1390.dir/src.c.o] Error 1
make[1]: Leaving directory '/home/joungwook/PID-Comm/upmem-2021.3.0_opt/src/backends/build/CMakeFiles/CMakeTmp'
Makefile:138: recipe for target 'cmTC_e1390/fast' failed
make: *** [cmTC_e1390/fast] Error 2


Source file was:

  #include <immintrin.h>
  int main()
  {
    __m256i a = {0};
    a = _mm256_abs_epi16(a);
    return 0;
  }

Performing C SOURCE FILE Test C_HAS_AVX512F_1 failed with the following compile output:
Change Dir: /home/joungwook/PID-Comm/upmem-2021.3.0_opt/src/backends/build/CMakeFiles/CMakeTmp

Run Build Command(s):/usr/bin/make cmTC_f1a93/fast && /usr/bin/make -f CMakeFiles/cmTC_f1a93.dir/build.make CMakeFiles/cmTC_f1a93.dir/build
make[1]: Entering directory '/home/joungwook/PID-Comm/upmem-2021.3.0_opt/src/backends/build/CMakeFiles/CMakeTmp'
Building C object CMakeFiles/cmTC_f1a93.dir/src.c.o
/usr/bin/cc   -Wall -Werror -Wextra -std=gnu11  -O3  -g -DC_HAS_AVX512F_1   -o CMakeFiles/cmTC_f1a93.dir/src.c.o   -c /home/joungwook/PID-Comm/upmem-2021.3.0_opt/src/backends/build/CMakeFiles/CMakeTmp/src.c
/home/joungwook/PID-Comm/upmem-2021.3.0_opt/src/backends/build/CMakeFiles/CMakeTmp/src.c: In function ‘main’:
/home/joungwook/PID-Comm/upmem-2021.3.0_opt/src/backends/build/CMakeFiles/CMakeTmp/src.c:5:12: error: AVX512F vector return without AVX512F enabled changes the ABI [-Werror=psabi]
    5 |     __m512 a = _mm512_set1_ps(1.f);
      |            ^
In file included from /usr/lib/gcc/x86_64-linux-gnu/9/include/immintrin.h:55,
                 from /home/joungwook/PID-Comm/upmem-2021.3.0_opt/src/backends/build/CMakeFiles/CMakeTmp/src.c:2:
/usr/lib/gcc/x86_64-linux-gnu/9/include/avx512fintrin.h:12294:1: error: inlining failed in call to always_inline ‘_mm512_add_ps’: target specific option mismatch
12294 | _mm512_add_ps (__m512 __A, __m512 __B)
      | ^~~~~~~~~~~~~
/home/joungwook/PID-Comm/upmem-2021.3.0_opt/src/backends/build/CMakeFiles/CMakeTmp/src.c:6:9: note: called from here
    6 |     a = _mm512_add_ps(a, _mm512_set1_ps(1.f));;
      |         ^~~~~~~~~~~~~~~~~~~~~~~~~~~~~~~~~~~~~
In file included from /usr/lib/gcc/x86_64-linux-gnu/9/include/immintrin.h:55,
                 from /home/joungwook/PID-Comm/upmem-2021.3.0_opt/src/backends/build/CMakeFiles/CMakeTmp/src.c:2:
/usr/lib/gcc/x86_64-linux-gnu/9/include/avx512fintrin.h:251:1: error: inlining failed in call to always_inline ‘_mm512_set1_ps’: target specific option mismatch
  251 | _mm512_set1_ps (float __A)
      | ^~~~~~~~~~~~~~
/home/joungwook/PID-Comm/upmem-2021.3.0_opt/src/backends/build/CMakeFiles/CMakeTmp/src.c:6:9: note: called from here
    6 |     a = _mm512_add_ps(a, _mm512_set1_ps(1.f));;
      |         ^~~~~~~~~~~~~~~~~~~~~~~~~~~~~~~~~~~~~
In file included from /usr/lib/gcc/x86_64-linux-gnu/9/include/immintrin.h:55,
                 from /home/joungwook/PID-Comm/upmem-2021.3.0_opt/src/backends/build/CMakeFiles/CMakeTmp/src.c:2:
/usr/lib/gcc/x86_64-linux-gnu/9/include/avx512fintrin.h:251:1: error: inlining failed in call to always_inline ‘_mm512_set1_ps’: target specific option mismatch
  251 | _mm512_set1_ps (float __A)
      | ^~~~~~~~~~~~~~
/home/joungwook/PID-Comm/upmem-2021.3.0_opt/src/backends/build/CMakeFiles/CMakeTmp/src.c:5:16: note: called from here
    5 |     __m512 a = _mm512_set1_ps(1.f);
      |                ^~~~~~~~~~~~~~~~~~~
cc1: all warnings being treated as errors
CMakeFiles/cmTC_f1a93.dir/build.make:82: recipe for target 'CMakeFiles/cmTC_f1a93.dir/src.c.o' failed
make[1]: *** [CMakeFiles/cmTC_f1a93.dir/src.c.o] Error 1
make[1]: Leaving directory '/home/joungwook/PID-Comm/upmem-2021.3.0_opt/src/backends/build/CMakeFiles/CMakeTmp'
Makefile:138: recipe for target 'cmTC_f1a93/fast' failed
make: *** [cmTC_f1a93/fast] Error 2


...and run output:

Return value: 1
Source file was:

  #include <immintrin.h>
  int main()
  {
    __m512 a = _mm512_set1_ps(1.f);
    a = _mm512_add_ps(a, _mm512_set1_ps(1.f));;
    return 0;
  }

Performing C SOURCE FILE Test C_COMPILES_AVX512F_1 failed with the following output:
Change Dir: /home/joungwook/PID-Comm/upmem-2021.3.0_opt/src/backends/build/CMakeFiles/CMakeTmp

Run Build Command(s):/usr/bin/make cmTC_89bfa/fast && /usr/bin/make -f CMakeFiles/cmTC_89bfa.dir/build.make CMakeFiles/cmTC_89bfa.dir/build
make[1]: Entering directory '/home/joungwook/PID-Comm/upmem-2021.3.0_opt/src/backends/build/CMakeFiles/CMakeTmp'
Building C object CMakeFiles/cmTC_89bfa.dir/src.c.o
/usr/bin/cc   -Wall -Werror -Wextra -std=gnu11  -O3  -g -DC_COMPILES_AVX512F_1   -o CMakeFiles/cmTC_89bfa.dir/src.c.o   -c /home/joungwook/PID-Comm/upmem-2021.3.0_opt/src/backends/build/CMakeFiles/CMakeTmp/src.c
/home/joungwook/PID-Comm/upmem-2021.3.0_opt/src/backends/build/CMakeFiles/CMakeTmp/src.c: In function ‘main’:
/home/joungwook/PID-Comm/upmem-2021.3.0_opt/src/backends/build/CMakeFiles/CMakeTmp/src.c:5:12: error: AVX512F vector return without AVX512F enabled changes the ABI [-Werror=psabi]
    5 |     __m512 a = _mm512_set1_ps(1.f);
      |            ^
In file included from /usr/lib/gcc/x86_64-linux-gnu/9/include/immintrin.h:55,
                 from /home/joungwook/PID-Comm/upmem-2021.3.0_opt/src/backends/build/CMakeFiles/CMakeTmp/src.c:2:
/usr/lib/gcc/x86_64-linux-gnu/9/include/avx512fintrin.h:12294:1: error: inlining failed in call to always_inline ‘_mm512_add_ps’: target specific option mismatch
12294 | _mm512_add_ps (__m512 __A, __m512 __B)
      | ^~~~~~~~~~~~~
/home/joungwook/PID-Comm/upmem-2021.3.0_opt/src/backends/build/CMakeFiles/CMakeTmp/src.c:6:9: note: called from here
    6 |     a = _mm512_add_ps(a, _mm512_set1_ps(1.f));;
      |         ^~~~~~~~~~~~~~~~~~~~~~~~~~~~~~~~~~~~~
In file included from /usr/lib/gcc/x86_64-linux-gnu/9/include/immintrin.h:55,
                 from /home/joungwook/PID-Comm/upmem-2021.3.0_opt/src/backends/build/CMakeFiles/CMakeTmp/src.c:2:
/usr/lib/gcc/x86_64-linux-gnu/9/include/avx512fintrin.h:251:1: error: inlining failed in call to always_inline ‘_mm512_set1_ps’: target specific option mismatch
  251 | _mm512_set1_ps (float __A)
      | ^~~~~~~~~~~~~~
/home/joungwook/PID-Comm/upmem-2021.3.0_opt/src/backends/build/CMakeFiles/CMakeTmp/src.c:6:9: note: called from here
    6 |     a = _mm512_add_ps(a, _mm512_set1_ps(1.f));;
      |         ^~~~~~~~~~~~~~~~~~~~~~~~~~~~~~~~~~~~~
In file included from /usr/lib/gcc/x86_64-linux-gnu/9/include/immintrin.h:55,
                 from /home/joungwook/PID-Comm/upmem-2021.3.0_opt/src/backends/build/CMakeFiles/CMakeTmp/src.c:2:
/usr/lib/gcc/x86_64-linux-gnu/9/include/avx512fintrin.h:251:1: error: inlining failed in call to always_inline ‘_mm512_set1_ps’: target specific option mismatch
  251 | _mm512_set1_ps (float __A)
      | ^~~~~~~~~~~~~~
/home/joungwook/PID-Comm/upmem-2021.3.0_opt/src/backends/build/CMakeFiles/CMakeTmp/src.c:5:16: note: called from here
    5 |     __m512 a = _mm512_set1_ps(1.f);
      |                ^~~~~~~~~~~~~~~~~~~
cc1: all warnings being treated as errors
CMakeFiles/cmTC_89bfa.dir/build.make:82: recipe for target 'CMakeFiles/cmTC_89bfa.dir/src.c.o' failed
make[1]: *** [CMakeFiles/cmTC_89bfa.dir/src.c.o] Error 1
make[1]: Leaving directory '/home/joungwook/PID-Comm/upmem-2021.3.0_opt/src/backends/build/CMakeFiles/CMakeTmp'
Makefile:138: recipe for target 'cmTC_89bfa/fast' failed
make: *** [cmTC_89bfa/fast] Error 2


Source file was:

  #include <immintrin.h>
  int main()
  {
    __m512 a = _mm512_set1_ps(1.f);
    a = _mm512_add_ps(a, _mm512_set1_ps(1.f));;
    return 0;
  }

Performing C SOURCE FILE Test C_HAS_AVX512BW_1 failed with the following compile output:
Change Dir: /home/joungwook/PID-Comm/upmem-2021.3.0_opt/src/backends/build/CMakeFiles/CMakeTmp

Run Build Command(s):/usr/bin/make cmTC_8fe9c/fast && /usr/bin/make -f CMakeFiles/cmTC_8fe9c.dir/build.make CMakeFiles/cmTC_8fe9c.dir/build
make[1]: Entering directory '/home/joungwook/PID-Comm/upmem-2021.3.0_opt/src/backends/build/CMakeFiles/CMakeTmp'
Building C object CMakeFiles/cmTC_8fe9c.dir/src.c.o
/usr/bin/cc   -Wall -Werror -Wextra -std=gnu11  -O3  -g -DC_HAS_AVX512BW_1   -o CMakeFiles/cmTC_8fe9c.dir/src.c.o   -c /home/joungwook/PID-Comm/upmem-2021.3.0_opt/src/backends/build/CMakeFiles/CMakeTmp/src.c
/home/joungwook/PID-Comm/upmem-2021.3.0_opt/src/backends/build/CMakeFiles/CMakeTmp/src.c: In function ‘main’:
/home/joungwook/PID-Comm/upmem-2021.3.0_opt/src/backends/build/CMakeFiles/CMakeTmp/src.c:5:13: error: AVX512F vector return without AVX512F enabled changes the ABI [-Werror=psabi]
    5 |     __m512i mask = _mm512_set_epi64(0, 0, 0, 0, 0, 0, 0, 0);
      |             ^~~~
In file included from /usr/lib/gcc/x86_64-linux-gnu/9/include/immintrin.h:65,
                 from /home/joungwook/PID-Comm/upmem-2021.3.0_opt/src/backends/build/CMakeFiles/CMakeTmp/src.c:2:
/usr/lib/gcc/x86_64-linux-gnu/9/include/avx512bwintrin.h:1852:1: error: inlining failed in call to always_inline ‘_mm512_shuffle_epi8’: target specific option mismatch
 1852 | _mm512_shuffle_epi8 (__m512i __A, __m512i __B)
      | ^~~~~~~~~~~~~~~~~~~
/home/joungwook/PID-Comm/upmem-2021.3.0_opt/src/backends/build/CMakeFiles/CMakeTmp/src.c:7:12: note: called from here
    7 |     load = _mm512_shuffle_epi8(load, mask);
      |            ^~~~~~~~~~~~~~~~~~~~~~~~~~~~~~~
In file included from /usr/lib/gcc/x86_64-linux-gnu/9/include/immintrin.h:55,
                 from /home/joungwook/PID-Comm/upmem-2021.3.0_opt/src/backends/build/CMakeFiles/CMakeTmp/src.c:2:
/usr/lib/gcc/x86_64-linux-gnu/9/include/avx512fintrin.h:79:1: error: inlining failed in call to always_inline ‘_mm512_set_epi64’: target specific option mismatch
   79 | _mm512_set_epi64 (long long __A, long long __B, long long __C,
      | ^~~~~~~~~~~~~~~~
/home/joungwook/PID-Comm/upmem-2021.3.0_opt/src/backends/build/CMakeFiles/CMakeTmp/src.c:5:20: note: called from here
    5 |     __m512i mask = _mm512_set_epi64(0, 0, 0, 0, 0, 0, 0, 0);
      |                    ^~~~~~~~~~~~~~~~~~~~~~~~~~~~~~~~~~~~~~~~
cc1: all warnings being treated as errors
CMakeFiles/cmTC_8fe9c.dir/build.make:82: recipe for target 'CMakeFiles/cmTC_8fe9c.dir/src.c.o' failed
make[1]: *** [CMakeFiles/cmTC_8fe9c.dir/src.c.o] Error 1
make[1]: Leaving directory '/home/joungwook/PID-Comm/upmem-2021.3.0_opt/src/backends/build/CMakeFiles/CMakeTmp'
Makefile:138: recipe for target 'cmTC_8fe9c/fast' failed
make: *** [cmTC_8fe9c/fast] Error 2


...and run output:

Return value: 1
Source file was:

  #include <immintrin.h>
  int main()
  {
    __m512i mask = _mm512_set_epi64(0, 0, 0, 0, 0, 0, 0, 0);
    __m512i load = {0};
    load = _mm512_shuffle_epi8(load, mask);
    return 0;
  }

Performing C SOURCE FILE Test C_COMPILES_AVX512BW_1 failed with the following output:
Change Dir: /home/joungwook/PID-Comm/upmem-2021.3.0_opt/src/backends/build/CMakeFiles/CMakeTmp

Run Build Command(s):/usr/bin/make cmTC_4eb37/fast && /usr/bin/make -f CMakeFiles/cmTC_4eb37.dir/build.make CMakeFiles/cmTC_4eb37.dir/build
make[1]: Entering directory '/home/joungwook/PID-Comm/upmem-2021.3.0_opt/src/backends/build/CMakeFiles/CMakeTmp'
Building C object CMakeFiles/cmTC_4eb37.dir/src.c.o
/usr/bin/cc   -Wall -Werror -Wextra -std=gnu11  -O3  -g -DC_COMPILES_AVX512BW_1   -o CMakeFiles/cmTC_4eb37.dir/src.c.o   -c /home/joungwook/PID-Comm/upmem-2021.3.0_opt/src/backends/build/CMakeFiles/CMakeTmp/src.c
/home/joungwook/PID-Comm/upmem-2021.3.0_opt/src/backends/build/CMakeFiles/CMakeTmp/src.c: In function ‘main’:
/home/joungwook/PID-Comm/upmem-2021.3.0_opt/src/backends/build/CMakeFiles/CMakeTmp/src.c:5:13: error: AVX512F vector return without AVX512F enabled changes the ABI [-Werror=psabi]
    5 |     __m512i mask = _mm512_set_epi64(0, 0, 0, 0, 0, 0, 0, 0);
      |             ^~~~
In file included from /usr/lib/gcc/x86_64-linux-gnu/9/include/immintrin.h:65,
                 from /home/joungwook/PID-Comm/upmem-2021.3.0_opt/src/backends/build/CMakeFiles/CMakeTmp/src.c:2:
/usr/lib/gcc/x86_64-linux-gnu/9/include/avx512bwintrin.h:1852:1: error: inlining failed in call to always_inline ‘_mm512_shuffle_epi8’: target specific option mismatch
 1852 | _mm512_shuffle_epi8 (__m512i __A, __m512i __B)
      | ^~~~~~~~~~~~~~~~~~~
/home/joungwook/PID-Comm/upmem-2021.3.0_opt/src/backends/build/CMakeFiles/CMakeTmp/src.c:7:12: note: called from here
    7 |     load = _mm512_shuffle_epi8(load, mask);
      |            ^~~~~~~~~~~~~~~~~~~~~~~~~~~~~~~
In file included from /usr/lib/gcc/x86_64-linux-gnu/9/include/immintrin.h:55,
                 from /home/joungwook/PID-Comm/upmem-2021.3.0_opt/src/backends/build/CMakeFiles/CMakeTmp/src.c:2:
/usr/lib/gcc/x86_64-linux-gnu/9/include/avx512fintrin.h:79:1: error: inlining failed in call to always_inline ‘_mm512_set_epi64’: target specific option mismatch
   79 | _mm512_set_epi64 (long long __A, long long __B, long long __C,
      | ^~~~~~~~~~~~~~~~
/home/joungwook/PID-Comm/upmem-2021.3.0_opt/src/backends/build/CMakeFiles/CMakeTmp/src.c:5:20: note: called from here
    5 |     __m512i mask = _mm512_set_epi64(0, 0, 0, 0, 0, 0, 0, 0);
      |                    ^~~~~~~~~~~~~~~~~~~~~~~~~~~~~~~~~~~~~~~~
cc1: all warnings being treated as errors
CMakeFiles/cmTC_4eb37.dir/build.make:82: recipe for target 'CMakeFiles/cmTC_4eb37.dir/src.c.o' failed
make[1]: *** [CMakeFiles/cmTC_4eb37.dir/src.c.o] Error 1
make[1]: Leaving directory '/home/joungwook/PID-Comm/upmem-2021.3.0_opt/src/backends/build/CMakeFiles/CMakeTmp'
Makefile:138: recipe for target 'cmTC_4eb37/fast' failed
make: *** [cmTC_4eb37/fast] Error 2


Source file was:

  #include <immintrin.h>
  int main()
  {
    __m512i mask = _mm512_set_epi64(0, 0, 0, 0, 0, 0, 0, 0);
    __m512i load = {0};
    load = _mm512_shuffle_epi8(load, mask);
    return 0;
  }

Performing C SOURCE FILE Test C_HAS_CLFLUSHOPT_1 failed with the following compile output:
Change Dir: /home/joungwook/PID-Comm/upmem-2021.3.0_opt/src/backends/build/CMakeFiles/CMakeTmp

Run Build Command(s):/usr/bin/make cmTC_fc754/fast && /usr/bin/make -f CMakeFiles/cmTC_fc754.dir/build.make CMakeFiles/cmTC_fc754.dir/build
make[1]: Entering directory '/home/joungwook/PID-Comm/upmem-2021.3.0_opt/src/backends/build/CMakeFiles/CMakeTmp'
Building C object CMakeFiles/cmTC_fc754.dir/src.c.o
/usr/bin/cc   -Wall -Werror -Wextra -std=gnu11  -O3  -g -DC_HAS_CLFLUSHOPT_1   -o CMakeFiles/cmTC_fc754.dir/src.c.o   -c /home/joungwook/PID-Comm/upmem-2021.3.0_opt/src/backends/build/CMakeFiles/CMakeTmp/src.c
/home/joungwook/PID-Comm/upmem-2021.3.0_opt/src/backends/build/CMakeFiles/CMakeTmp/src.c: In function ‘main’:
/home/joungwook/PID-Comm/upmem-2021.3.0_opt/src/backends/build/CMakeFiles/CMakeTmp/src.c:6:5: error: ‘__builtin_ia32_clflushopt’ needs isa option -mclflushopt
    6 |     __builtin_ia32_clflushopt(&flush);
      |     ^~~~~~~~~~~~~~~~~~~~~~~~~~~~~~~~~
CMakeFiles/cmTC_fc754.dir/build.make:82: recipe for target 'CMakeFiles/cmTC_fc754.dir/src.c.o' failed
make[1]: *** [CMakeFiles/cmTC_fc754.dir/src.c.o] Error 1
make[1]: Leaving directory '/home/joungwook/PID-Comm/upmem-2021.3.0_opt/src/backends/build/CMakeFiles/CMakeTmp'
Makefile:138: recipe for target 'cmTC_fc754/fast' failed
make: *** [cmTC_fc754/fast] Error 2


...and run output:

Return value: 1
Source file was:

  #include <immintrin.h>
  int main()
  {
    int flush;
    __builtin_ia32_clflushopt(&flush);
    return 0;
  }

Performing C SOURCE FILE Test C_COMPILES_CLFLUSHOPT_1 failed with the following output:
Change Dir: /home/joungwook/PID-Comm/upmem-2021.3.0_opt/src/backends/build/CMakeFiles/CMakeTmp

Run Build Command(s):/usr/bin/make cmTC_77f44/fast && /usr/bin/make -f CMakeFiles/cmTC_77f44.dir/build.make CMakeFiles/cmTC_77f44.dir/build
make[1]: Entering directory '/home/joungwook/PID-Comm/upmem-2021.3.0_opt/src/backends/build/CMakeFiles/CMakeTmp'
Building C object CMakeFiles/cmTC_77f44.dir/src.c.o
/usr/bin/cc   -Wall -Werror -Wextra -std=gnu11  -O3  -g -DC_COMPILES_CLFLUSHOPT_1   -o CMakeFiles/cmTC_77f44.dir/src.c.o   -c /home/joungwook/PID-Comm/upmem-2021.3.0_opt/src/backends/build/CMakeFiles/CMakeTmp/src.c
/home/joungwook/PID-Comm/upmem-2021.3.0_opt/src/backends/build/CMakeFiles/CMakeTmp/src.c: In function ‘main’:
/home/joungwook/PID-Comm/upmem-2021.3.0_opt/src/backends/build/CMakeFiles/CMakeTmp/src.c:6:5: error: ‘__builtin_ia32_clflushopt’ needs isa option -mclflushopt
    6 |     __builtin_ia32_clflushopt(&flush);
      |     ^~~~~~~~~~~~~~~~~~~~~~~~~~~~~~~~~
CMakeFiles/cmTC_77f44.dir/build.make:82: recipe for target 'CMakeFiles/cmTC_77f44.dir/src.c.o' failed
make[1]: *** [CMakeFiles/cmTC_77f44.dir/src.c.o] Error 1
make[1]: Leaving directory '/home/joungwook/PID-Comm/upmem-2021.3.0_opt/src/backends/build/CMakeFiles/CMakeTmp'
Makefile:138: recipe for target 'cmTC_77f44/fast' failed
make: *** [cmTC_77f44/fast] Error 2


Source file was:

  #include <immintrin.h>
  int main()
  {
    int flush;
    __builtin_ia32_clflushopt(&flush);
    return 0;
  }

Performing C SOURCE FILE Test CXX_HAS_SSE1_1 failed with the following compile output:
Change Dir: /home/joungwook/PID-Comm/upmem-2021.3.0_opt/src/backends/build/CMakeFiles/CMakeTmp

Run Build Command(s):/usr/bin/make cmTC_e561f/fast && /usr/bin/make -f CMakeFiles/cmTC_e561f.dir/build.make CMakeFiles/cmTC_e561f.dir/build
make[1]: Entering directory '/home/joungwook/PID-Comm/upmem-2021.3.0_opt/src/backends/build/CMakeFiles/CMakeTmp'
Building C object CMakeFiles/cmTC_e561f.dir/src.c.o
/usr/bin/cc   -Wall -Werror -Wextra -std=gnu11  -O3  -g -DCXX_HAS_SSE1_1   -o CMakeFiles/cmTC_e561f.dir/src.c.o   -c /home/joungwook/PID-Comm/upmem-2021.3.0_opt/src/backends/build/CMakeFiles/CMakeTmp/src.c
/home/joungwook/PID-Comm/upmem-2021.3.0_opt/src/backends/build/CMakeFiles/CMakeTmp/src.c: In function ‘main’:
/home/joungwook/PID-Comm/upmem-2021.3.0_opt/src/backends/build/CMakeFiles/CMakeTmp/src.c:5:12: error: variable ‘a’ set but not used [-Werror=unused-but-set-variable]
    5 |     __m128 a;
      |            ^
cc1: all warnings being treated as errors
CMakeFiles/cmTC_e561f.dir/build.make:82: recipe for target 'CMakeFiles/cmTC_e561f.dir/src.c.o' failed
make[1]: *** [CMakeFiles/cmTC_e561f.dir/src.c.o] Error 1
make[1]: Leaving directory '/home/joungwook/PID-Comm/upmem-2021.3.0_opt/src/backends/build/CMakeFiles/CMakeTmp'
Makefile:138: recipe for target 'cmTC_e561f/fast' failed
make: *** [cmTC_e561f/fast] Error 2


...and run output:

Return value: 1
Source file was:

  #include <xmmintrin.h>
  int main()
  {
    __m128 a;
    float vals[4] = {0,0,0,0};
    a = _mm_loadu_ps(vals);
    return 0;
  }
Performing C SOURCE FILE Test CXX_COMPILES_SSE1_1 failed with the following output:
Change Dir: /home/joungwook/PID-Comm/upmem-2021.3.0_opt/src/backends/build/CMakeFiles/CMakeTmp

Run Build Command(s):/usr/bin/make cmTC_6cb29/fast && /usr/bin/make -f CMakeFiles/cmTC_6cb29.dir/build.make CMakeFiles/cmTC_6cb29.dir/build
make[1]: Entering directory '/home/joungwook/PID-Comm/upmem-2021.3.0_opt/src/backends/build/CMakeFiles/CMakeTmp'
Building C object CMakeFiles/cmTC_6cb29.dir/src.c.o
/usr/bin/cc   -Wall -Werror -Wextra -std=gnu11  -O3  -g -DCXX_COMPILES_SSE1_1   -o CMakeFiles/cmTC_6cb29.dir/src.c.o   -c /home/joungwook/PID-Comm/upmem-2021.3.0_opt/src/backends/build/CMakeFiles/CMakeTmp/src.c
/home/joungwook/PID-Comm/upmem-2021.3.0_opt/src/backends/build/CMakeFiles/CMakeTmp/src.c: In function ‘main’:
/home/joungwook/PID-Comm/upmem-2021.3.0_opt/src/backends/build/CMakeFiles/CMakeTmp/src.c:5:12: error: variable ‘a’ set but not used [-Werror=unused-but-set-variable]
    5 |     __m128 a;
      |            ^
cc1: all warnings being treated as errors
CMakeFiles/cmTC_6cb29.dir/build.make:82: recipe for target 'CMakeFiles/cmTC_6cb29.dir/src.c.o' failed
make[1]: *** [CMakeFiles/cmTC_6cb29.dir/src.c.o] Error 1
make[1]: Leaving directory '/home/joungwook/PID-Comm/upmem-2021.3.0_opt/src/backends/build/CMakeFiles/CMakeTmp'
Makefile:138: recipe for target 'cmTC_6cb29/fast' failed
make: *** [cmTC_6cb29/fast] Error 2


Source file was:

  #include <xmmintrin.h>
  int main()
  {
    __m128 a;
    float vals[4] = {0,0,0,0};
    a = _mm_loadu_ps(vals);
    return 0;
  }
Performing C SOURCE FILE Test CXX_HAS_SSE1_2 failed with the following compile output:
Change Dir: /home/joungwook/PID-Comm/upmem-2021.3.0_opt/src/backends/build/CMakeFiles/CMakeTmp

Run Build Command(s):/usr/bin/make cmTC_e6946/fast && /usr/bin/make -f CMakeFiles/cmTC_e6946.dir/build.make CMakeFiles/cmTC_e6946.dir/build
make[1]: Entering directory '/home/joungwook/PID-Comm/upmem-2021.3.0_opt/src/backends/build/CMakeFiles/CMakeTmp'
Building C object CMakeFiles/cmTC_e6946.dir/src.c.o
/usr/bin/cc   -Wall -Werror -Wextra -std=gnu11  -O3  -g -DCXX_HAS_SSE1_2 -msse   -o CMakeFiles/cmTC_e6946.dir/src.c.o   -c /home/joungwook/PID-Comm/upmem-2021.3.0_opt/src/backends/build/CMakeFiles/CMakeTmp/src.c
/home/joungwook/PID-Comm/upmem-2021.3.0_opt/src/backends/build/CMakeFiles/CMakeTmp/src.c: In function ‘main’:
/home/joungwook/PID-Comm/upmem-2021.3.0_opt/src/backends/build/CMakeFiles/CMakeTmp/src.c:5:12: error: variable ‘a’ set but not used [-Werror=unused-but-set-variable]
    5 |     __m128 a;
      |            ^
cc1: all warnings being treated as errors
CMakeFiles/cmTC_e6946.dir/build.make:82: recipe for target 'CMakeFiles/cmTC_e6946.dir/src.c.o' failed
make[1]: *** [CMakeFiles/cmTC_e6946.dir/src.c.o] Error 1
make[1]: Leaving directory '/home/joungwook/PID-Comm/upmem-2021.3.0_opt/src/backends/build/CMakeFiles/CMakeTmp'
Makefile:138: recipe for target 'cmTC_e6946/fast' failed
make: *** [cmTC_e6946/fast] Error 2


...and run output:

Return value: 1
Source file was:

  #include <xmmintrin.h>
  int main()
  {
    __m128 a;
    float vals[4] = {0,0,0,0};
    a = _mm_loadu_ps(vals);
    return 0;
  }
Performing C SOURCE FILE Test CXX_COMPILES_SSE1_2 failed with the following output:
Change Dir: /home/joungwook/PID-Comm/upmem-2021.3.0_opt/src/backends/build/CMakeFiles/CMakeTmp

Run Build Command(s):/usr/bin/make cmTC_a2844/fast && /usr/bin/make -f CMakeFiles/cmTC_a2844.dir/build.make CMakeFiles/cmTC_a2844.dir/build
make[1]: Entering directory '/home/joungwook/PID-Comm/upmem-2021.3.0_opt/src/backends/build/CMakeFiles/CMakeTmp'
Building C object CMakeFiles/cmTC_a2844.dir/src.c.o
/usr/bin/cc   -Wall -Werror -Wextra -std=gnu11  -O3  -g -DCXX_COMPILES_SSE1_2 -msse   -o CMakeFiles/cmTC_a2844.dir/src.c.o   -c /home/joungwook/PID-Comm/upmem-2021.3.0_opt/src/backends/build/CMakeFiles/CMakeTmp/src.c
/home/joungwook/PID-Comm/upmem-2021.3.0_opt/src/backends/build/CMakeFiles/CMakeTmp/src.c: In function ‘main’:
/home/joungwook/PID-Comm/upmem-2021.3.0_opt/src/backends/build/CMakeFiles/CMakeTmp/src.c:5:12: error: variable ‘a’ set but not used [-Werror=unused-but-set-variable]
    5 |     __m128 a;
      |            ^
cc1: all warnings being treated as errors
CMakeFiles/cmTC_a2844.dir/build.make:82: recipe for target 'CMakeFiles/cmTC_a2844.dir/src.c.o' failed
make[1]: *** [CMakeFiles/cmTC_a2844.dir/src.c.o] Error 1
make[1]: Leaving directory '/home/joungwook/PID-Comm/upmem-2021.3.0_opt/src/backends/build/CMakeFiles/CMakeTmp'
Makefile:138: recipe for target 'cmTC_a2844/fast' failed
make: *** [cmTC_a2844/fast] Error 2


Source file was:

  #include <xmmintrin.h>
  int main()
  {
    __m128 a;
    float vals[4] = {0,0,0,0};
    a = _mm_loadu_ps(vals);
    return 0;
  }
Performing C SOURCE FILE Test CXX_HAS_SSE1_3 failed with the following compile output:
Change Dir: /home/joungwook/PID-Comm/upmem-2021.3.0_opt/src/backends/build/CMakeFiles/CMakeTmp

Run Build Command(s):/usr/bin/make cmTC_f8970/fast && /usr/bin/make -f CMakeFiles/cmTC_f8970.dir/build.make CMakeFiles/cmTC_f8970.dir/build
make[1]: Entering directory '/home/joungwook/PID-Comm/upmem-2021.3.0_opt/src/backends/build/CMakeFiles/CMakeTmp'
Building C object CMakeFiles/cmTC_f8970.dir/src.c.o
/usr/bin/cc   -Wall -Werror -Wextra -std=gnu11  -O3  -g -DCXX_HAS_SSE1_3 /arch:SSE   -o CMakeFiles/cmTC_f8970.dir/src.c.o   -c /home/joungwook/PID-Comm/upmem-2021.3.0_opt/src/backends/build/CMakeFiles/CMakeTmp/src.c
cc: error: /arch:SSE: No such file or directory
CMakeFiles/cmTC_f8970.dir/build.make:82: recipe for target 'CMakeFiles/cmTC_f8970.dir/src.c.o' failed
make[1]: *** [CMakeFiles/cmTC_f8970.dir/src.c.o] Error 1
make[1]: Leaving directory '/home/joungwook/PID-Comm/upmem-2021.3.0_opt/src/backends/build/CMakeFiles/CMakeTmp'
Makefile:138: recipe for target 'cmTC_f8970/fast' failed
make: *** [cmTC_f8970/fast] Error 2


...and run output:

Return value: 1
Source file was:

  #include <xmmintrin.h>
  int main()
  {
    __m128 a;
    float vals[4] = {0,0,0,0};
    a = _mm_loadu_ps(vals);
    return 0;
  }
Performing C SOURCE FILE Test CXX_COMPILES_SSE1_3 failed with the following output:
Change Dir: /home/joungwook/PID-Comm/upmem-2021.3.0_opt/src/backends/build/CMakeFiles/CMakeTmp

Run Build Command(s):/usr/bin/make cmTC_83546/fast && /usr/bin/make -f CMakeFiles/cmTC_83546.dir/build.make CMakeFiles/cmTC_83546.dir/build
make[1]: Entering directory '/home/joungwook/PID-Comm/upmem-2021.3.0_opt/src/backends/build/CMakeFiles/CMakeTmp'
Building C object CMakeFiles/cmTC_83546.dir/src.c.o
/usr/bin/cc   -Wall -Werror -Wextra -std=gnu11  -O3  -g -DCXX_COMPILES_SSE1_3 /arch:SSE   -o CMakeFiles/cmTC_83546.dir/src.c.o   -c /home/joungwook/PID-Comm/upmem-2021.3.0_opt/src/backends/build/CMakeFiles/CMakeTmp/src.c
cc: error: /arch:SSE: No such file or directory
CMakeFiles/cmTC_83546.dir/build.make:82: recipe for target 'CMakeFiles/cmTC_83546.dir/src.c.o' failed
make[1]: *** [CMakeFiles/cmTC_83546.dir/src.c.o] Error 1
make[1]: Leaving directory '/home/joungwook/PID-Comm/upmem-2021.3.0_opt/src/backends/build/CMakeFiles/CMakeTmp'
Makefile:138: recipe for target 'cmTC_83546/fast' failed
make: *** [cmTC_83546/fast] Error 2


Source file was:

  #include <xmmintrin.h>
  int main()
  {
    __m128 a;
    float vals[4] = {0,0,0,0};
    a = _mm_loadu_ps(vals);
    return 0;
  }
Performing C SOURCE FILE Test CXX_HAS_SSE2_1 failed with the following compile output:
Change Dir: /home/joungwook/PID-Comm/upmem-2021.3.0_opt/src/backends/build/CMakeFiles/CMakeTmp

Run Build Command(s):/usr/bin/make cmTC_5fd6d/fast && /usr/bin/make -f CMakeFiles/cmTC_5fd6d.dir/build.make CMakeFiles/cmTC_5fd6d.dir/build
make[1]: Entering directory '/home/joungwook/PID-Comm/upmem-2021.3.0_opt/src/backends/build/CMakeFiles/CMakeTmp'
Building C object CMakeFiles/cmTC_5fd6d.dir/src.c.o
/usr/bin/cc   -Wall -Werror -Wextra -std=gnu11  -O3  -g -DCXX_HAS_SSE2_1   -o CMakeFiles/cmTC_5fd6d.dir/src.c.o   -c /home/joungwook/PID-Comm/upmem-2021.3.0_opt/src/backends/build/CMakeFiles/CMakeTmp/src.c
/home/joungwook/PID-Comm/upmem-2021.3.0_opt/src/backends/build/CMakeFiles/CMakeTmp/src.c: In function ‘main’:
/home/joungwook/PID-Comm/upmem-2021.3.0_opt/src/backends/build/CMakeFiles/CMakeTmp/src.c:5:13: error: variable ‘a’ set but not used [-Werror=unused-but-set-variable]
    5 |     __m128d a;
      |             ^
cc1: all warnings being treated as errors
CMakeFiles/cmTC_5fd6d.dir/build.make:82: recipe for target 'CMakeFiles/cmTC_5fd6d.dir/src.c.o' failed
make[1]: *** [CMakeFiles/cmTC_5fd6d.dir/src.c.o] Error 1
make[1]: Leaving directory '/home/joungwook/PID-Comm/upmem-2021.3.0_opt/src/backends/build/CMakeFiles/CMakeTmp'
Makefile:138: recipe for target 'cmTC_5fd6d/fast' failed
make: *** [cmTC_5fd6d/fast] Error 2


...and run output:

Return value: 1
Source file was:

  #include <emmintrin.h>
  int main()
  {
    __m128d a;
    double vals[2] = {0,0};
    a = _mm_loadu_pd(vals);
    return 0;
  }
Performing C SOURCE FILE Test CXX_COMPILES_SSE2_1 failed with the following output:
Change Dir: /home/joungwook/PID-Comm/upmem-2021.3.0_opt/src/backends/build/CMakeFiles/CMakeTmp

Run Build Command(s):/usr/bin/make cmTC_d9884/fast && /usr/bin/make -f CMakeFiles/cmTC_d9884.dir/build.make CMakeFiles/cmTC_d9884.dir/build
make[1]: Entering directory '/home/joungwook/PID-Comm/upmem-2021.3.0_opt/src/backends/build/CMakeFiles/CMakeTmp'
Building C object CMakeFiles/cmTC_d9884.dir/src.c.o
/usr/bin/cc   -Wall -Werror -Wextra -std=gnu11  -O3  -g -DCXX_COMPILES_SSE2_1   -o CMakeFiles/cmTC_d9884.dir/src.c.o   -c /home/joungwook/PID-Comm/upmem-2021.3.0_opt/src/backends/build/CMakeFiles/CMakeTmp/src.c
/home/joungwook/PID-Comm/upmem-2021.3.0_opt/src/backends/build/CMakeFiles/CMakeTmp/src.c: In function ‘main’:
/home/joungwook/PID-Comm/upmem-2021.3.0_opt/src/backends/build/CMakeFiles/CMakeTmp/src.c:5:13: error: variable ‘a’ set but not used [-Werror=unused-but-set-variable]
    5 |     __m128d a;
      |             ^
cc1: all warnings being treated as errors
CMakeFiles/cmTC_d9884.dir/build.make:82: recipe for target 'CMakeFiles/cmTC_d9884.dir/src.c.o' failed
make[1]: *** [CMakeFiles/cmTC_d9884.dir/src.c.o] Error 1
make[1]: Leaving directory '/home/joungwook/PID-Comm/upmem-2021.3.0_opt/src/backends/build/CMakeFiles/CMakeTmp'
Makefile:138: recipe for target 'cmTC_d9884/fast' failed
make: *** [cmTC_d9884/fast] Error 2


Source file was:

  #include <emmintrin.h>
  int main()
  {
    __m128d a;
    double vals[2] = {0,0};
    a = _mm_loadu_pd(vals);
    return 0;
  }
Performing C SOURCE FILE Test CXX_HAS_SSE2_2 failed with the following compile output:
Change Dir: /home/joungwook/PID-Comm/upmem-2021.3.0_opt/src/backends/build/CMakeFiles/CMakeTmp

Run Build Command(s):/usr/bin/make cmTC_04f4a/fast && /usr/bin/make -f CMakeFiles/cmTC_04f4a.dir/build.make CMakeFiles/cmTC_04f4a.dir/build
make[1]: Entering directory '/home/joungwook/PID-Comm/upmem-2021.3.0_opt/src/backends/build/CMakeFiles/CMakeTmp'
Building C object CMakeFiles/cmTC_04f4a.dir/src.c.o
/usr/bin/cc   -Wall -Werror -Wextra -std=gnu11  -O3  -g -DCXX_HAS_SSE2_2 -msse2   -o CMakeFiles/cmTC_04f4a.dir/src.c.o   -c /home/joungwook/PID-Comm/upmem-2021.3.0_opt/src/backends/build/CMakeFiles/CMakeTmp/src.c
/home/joungwook/PID-Comm/upmem-2021.3.0_opt/src/backends/build/CMakeFiles/CMakeTmp/src.c: In function ‘main’:
/home/joungwook/PID-Comm/upmem-2021.3.0_opt/src/backends/build/CMakeFiles/CMakeTmp/src.c:5:13: error: variable ‘a’ set but not used [-Werror=unused-but-set-variable]
    5 |     __m128d a;
      |             ^
cc1: all warnings being treated as errors
CMakeFiles/cmTC_04f4a.dir/build.make:82: recipe for target 'CMakeFiles/cmTC_04f4a.dir/src.c.o' failed
make[1]: *** [CMakeFiles/cmTC_04f4a.dir/src.c.o] Error 1
make[1]: Leaving directory '/home/joungwook/PID-Comm/upmem-2021.3.0_opt/src/backends/build/CMakeFiles/CMakeTmp'
Makefile:138: recipe for target 'cmTC_04f4a/fast' failed
make: *** [cmTC_04f4a/fast] Error 2


...and run output:

Return value: 1
Source file was:

  #include <emmintrin.h>
  int main()
  {
    __m128d a;
    double vals[2] = {0,0};
    a = _mm_loadu_pd(vals);
    return 0;
  }
Performing C SOURCE FILE Test CXX_COMPILES_SSE2_2 failed with the following output:
Change Dir: /home/joungwook/PID-Comm/upmem-2021.3.0_opt/src/backends/build/CMakeFiles/CMakeTmp

Run Build Command(s):/usr/bin/make cmTC_bb37f/fast && /usr/bin/make -f CMakeFiles/cmTC_bb37f.dir/build.make CMakeFiles/cmTC_bb37f.dir/build
make[1]: Entering directory '/home/joungwook/PID-Comm/upmem-2021.3.0_opt/src/backends/build/CMakeFiles/CMakeTmp'
Building C object CMakeFiles/cmTC_bb37f.dir/src.c.o
/usr/bin/cc   -Wall -Werror -Wextra -std=gnu11  -O3  -g -DCXX_COMPILES_SSE2_2 -msse2   -o CMakeFiles/cmTC_bb37f.dir/src.c.o   -c /home/joungwook/PID-Comm/upmem-2021.3.0_opt/src/backends/build/CMakeFiles/CMakeTmp/src.c
/home/joungwook/PID-Comm/upmem-2021.3.0_opt/src/backends/build/CMakeFiles/CMakeTmp/src.c: In function ‘main’:
/home/joungwook/PID-Comm/upmem-2021.3.0_opt/src/backends/build/CMakeFiles/CMakeTmp/src.c:5:13: error: variable ‘a’ set but not used [-Werror=unused-but-set-variable]
    5 |     __m128d a;
      |             ^
cc1: all warnings being treated as errors
CMakeFiles/cmTC_bb37f.dir/build.make:82: recipe for target 'CMakeFiles/cmTC_bb37f.dir/src.c.o' failed
make[1]: *** [CMakeFiles/cmTC_bb37f.dir/src.c.o] Error 1
make[1]: Leaving directory '/home/joungwook/PID-Comm/upmem-2021.3.0_opt/src/backends/build/CMakeFiles/CMakeTmp'
Makefile:138: recipe for target 'cmTC_bb37f/fast' failed
make: *** [cmTC_bb37f/fast] Error 2


Source file was:

  #include <emmintrin.h>
  int main()
  {
    __m128d a;
    double vals[2] = {0,0};
    a = _mm_loadu_pd(vals);
    return 0;
  }
Performing C SOURCE FILE Test CXX_HAS_SSE2_3 failed with the following compile output:
Change Dir: /home/joungwook/PID-Comm/upmem-2021.3.0_opt/src/backends/build/CMakeFiles/CMakeTmp

Run Build Command(s):/usr/bin/make cmTC_3d4bf/fast && /usr/bin/make -f CMakeFiles/cmTC_3d4bf.dir/build.make CMakeFiles/cmTC_3d4bf.dir/build
make[1]: Entering directory '/home/joungwook/PID-Comm/upmem-2021.3.0_opt/src/backends/build/CMakeFiles/CMakeTmp'
Building C object CMakeFiles/cmTC_3d4bf.dir/src.c.o
/usr/bin/cc   -Wall -Werror -Wextra -std=gnu11  -O3  -g -DCXX_HAS_SSE2_3 /arch:SSE2   -o CMakeFiles/cmTC_3d4bf.dir/src.c.o   -c /home/joungwook/PID-Comm/upmem-2021.3.0_opt/src/backends/build/CMakeFiles/CMakeTmp/src.c
cc: error: /arch:SSE2: No such file or directory
CMakeFiles/cmTC_3d4bf.dir/build.make:82: recipe for target 'CMakeFiles/cmTC_3d4bf.dir/src.c.o' failed
make[1]: *** [CMakeFiles/cmTC_3d4bf.dir/src.c.o] Error 1
make[1]: Leaving directory '/home/joungwook/PID-Comm/upmem-2021.3.0_opt/src/backends/build/CMakeFiles/CMakeTmp'
Makefile:138: recipe for target 'cmTC_3d4bf/fast' failed
make: *** [cmTC_3d4bf/fast] Error 2


...and run output:

Return value: 1
Source file was:

  #include <emmintrin.h>
  int main()
  {
    __m128d a;
    double vals[2] = {0,0};
    a = _mm_loadu_pd(vals);
    return 0;
  }
Performing C SOURCE FILE Test CXX_COMPILES_SSE2_3 failed with the following output:
Change Dir: /home/joungwook/PID-Comm/upmem-2021.3.0_opt/src/backends/build/CMakeFiles/CMakeTmp

Run Build Command(s):/usr/bin/make cmTC_491a0/fast && /usr/bin/make -f CMakeFiles/cmTC_491a0.dir/build.make CMakeFiles/cmTC_491a0.dir/build
make[1]: Entering directory '/home/joungwook/PID-Comm/upmem-2021.3.0_opt/src/backends/build/CMakeFiles/CMakeTmp'
Building C object CMakeFiles/cmTC_491a0.dir/src.c.o
/usr/bin/cc   -Wall -Werror -Wextra -std=gnu11  -O3  -g -DCXX_COMPILES_SSE2_3 /arch:SSE2   -o CMakeFiles/cmTC_491a0.dir/src.c.o   -c /home/joungwook/PID-Comm/upmem-2021.3.0_opt/src/backends/build/CMakeFiles/CMakeTmp/src.c
cc: error: /arch:SSE2: No such file or directory
CMakeFiles/cmTC_491a0.dir/build.make:82: recipe for target 'CMakeFiles/cmTC_491a0.dir/src.c.o' failed
make[1]: *** [CMakeFiles/cmTC_491a0.dir/src.c.o] Error 1
make[1]: Leaving directory '/home/joungwook/PID-Comm/upmem-2021.3.0_opt/src/backends/build/CMakeFiles/CMakeTmp'
Makefile:138: recipe for target 'cmTC_491a0/fast' failed
make: *** [cmTC_491a0/fast] Error 2


Source file was:

  #include <emmintrin.h>
  int main()
  {
    __m128d a;
    double vals[2] = {0,0};
    a = _mm_loadu_pd(vals);
    return 0;
  }
Performing C SOURCE FILE Test CXX_HAS_SSE3_1 failed with the following compile output:
Change Dir: /home/joungwook/PID-Comm/upmem-2021.3.0_opt/src/backends/build/CMakeFiles/CMakeTmp

Run Build Command(s):/usr/bin/make cmTC_6ed4b/fast && /usr/bin/make -f CMakeFiles/cmTC_6ed4b.dir/build.make CMakeFiles/cmTC_6ed4b.dir/build
make[1]: Entering directory '/home/joungwook/PID-Comm/upmem-2021.3.0_opt/src/backends/build/CMakeFiles/CMakeTmp'
Building C object CMakeFiles/cmTC_6ed4b.dir/src.c.o
/usr/bin/cc   -Wall -Werror -Wextra -std=gnu11  -O3  -g -DCXX_HAS_SSE3_1   -o CMakeFiles/cmTC_6ed4b.dir/src.c.o   -c /home/joungwook/PID-Comm/upmem-2021.3.0_opt/src/backends/build/CMakeFiles/CMakeTmp/src.c
/home/joungwook/PID-Comm/upmem-2021.3.0_opt/src/backends/build/CMakeFiles/CMakeTmp/src.c: In function ‘main’:
/home/joungwook/PID-Comm/upmem-2021.3.0_opt/src/backends/build/CMakeFiles/CMakeTmp/src.c:6:13: error: variable ‘a’ set but not used [-Werror=unused-but-set-variable]
    6 |     __m128i a;
      |             ^
In file included from /home/joungwook/PID-Comm/upmem-2021.3.0_opt/src/backends/build/CMakeFiles/CMakeTmp/src.c:2:
/usr/lib/gcc/x86_64-linux-gnu/9/include/pmmintrin.h:110:1: error: inlining failed in call to always_inline ‘_mm_lddqu_si128’: target specific option mismatch
  110 | _mm_lddqu_si128 (__m128i const *__P)
      | ^~~~~~~~~~~~~~~
/home/joungwook/PID-Comm/upmem-2021.3.0_opt/src/backends/build/CMakeFiles/CMakeTmp/src.c:7:9: note: called from here
    7 |     a = _mm_lddqu_si128( (const __m128i*)vals );
      |         ^~~~~~~~~~~~~~~~~~~~~~~~~~~~~~~~~~~~~~~
cc1: all warnings being treated as errors
CMakeFiles/cmTC_6ed4b.dir/build.make:82: recipe for target 'CMakeFiles/cmTC_6ed4b.dir/src.c.o' failed
make[1]: *** [CMakeFiles/cmTC_6ed4b.dir/src.c.o] Error 1
make[1]: Leaving directory '/home/joungwook/PID-Comm/upmem-2021.3.0_opt/src/backends/build/CMakeFiles/CMakeTmp'
Makefile:138: recipe for target 'cmTC_6ed4b/fast' failed
make: *** [cmTC_6ed4b/fast] Error 2


...and run output:

Return value: 1
Source file was:

  #include <pmmintrin.h>
  int main( )
  {
    const int vals[4] = {0,0,0,0};
    __m128i a;
    a = _mm_lddqu_si128( (const __m128i*)vals );
    return 0;
  }
Performing C SOURCE FILE Test CXX_COMPILES_SSE3_1 failed with the following output:
Change Dir: /home/joungwook/PID-Comm/upmem-2021.3.0_opt/src/backends/build/CMakeFiles/CMakeTmp

Run Build Command(s):/usr/bin/make cmTC_3e8ce/fast && /usr/bin/make -f CMakeFiles/cmTC_3e8ce.dir/build.make CMakeFiles/cmTC_3e8ce.dir/build
make[1]: Entering directory '/home/joungwook/PID-Comm/upmem-2021.3.0_opt/src/backends/build/CMakeFiles/CMakeTmp'
Building C object CMakeFiles/cmTC_3e8ce.dir/src.c.o
/usr/bin/cc   -Wall -Werror -Wextra -std=gnu11  -O3  -g -DCXX_COMPILES_SSE3_1   -o CMakeFiles/cmTC_3e8ce.dir/src.c.o   -c /home/joungwook/PID-Comm/upmem-2021.3.0_opt/src/backends/build/CMakeFiles/CMakeTmp/src.c
/home/joungwook/PID-Comm/upmem-2021.3.0_opt/src/backends/build/CMakeFiles/CMakeTmp/src.c: In function ‘main’:
/home/joungwook/PID-Comm/upmem-2021.3.0_opt/src/backends/build/CMakeFiles/CMakeTmp/src.c:6:13: error: variable ‘a’ set but not used [-Werror=unused-but-set-variable]
    6 |     __m128i a;
      |             ^
In file included from /home/joungwook/PID-Comm/upmem-2021.3.0_opt/src/backends/build/CMakeFiles/CMakeTmp/src.c:2:
/usr/lib/gcc/x86_64-linux-gnu/9/include/pmmintrin.h:110:1: error: inlining failed in call to always_inline ‘_mm_lddqu_si128’: target specific option mismatch
  110 | _mm_lddqu_si128 (__m128i const *__P)
      | ^~~~~~~~~~~~~~~
/home/joungwook/PID-Comm/upmem-2021.3.0_opt/src/backends/build/CMakeFiles/CMakeTmp/src.c:7:9: note: called from here
    7 |     a = _mm_lddqu_si128( (const __m128i*)vals );
      |         ^~~~~~~~~~~~~~~~~~~~~~~~~~~~~~~~~~~~~~~
cc1: all warnings being treated as errors
CMakeFiles/cmTC_3e8ce.dir/build.make:82: recipe for target 'CMakeFiles/cmTC_3e8ce.dir/src.c.o' failed
make[1]: *** [CMakeFiles/cmTC_3e8ce.dir/src.c.o] Error 1
make[1]: Leaving directory '/home/joungwook/PID-Comm/upmem-2021.3.0_opt/src/backends/build/CMakeFiles/CMakeTmp'
Makefile:138: recipe for target 'cmTC_3e8ce/fast' failed
make: *** [cmTC_3e8ce/fast] Error 2


Source file was:

  #include <pmmintrin.h>
  int main( )
  {
    const int vals[4] = {0,0,0,0};
    __m128i a;
    a = _mm_lddqu_si128( (const __m128i*)vals );
    return 0;
  }
Performing C SOURCE FILE Test CXX_HAS_SSE3_2 failed with the following compile output:
Change Dir: /home/joungwook/PID-Comm/upmem-2021.3.0_opt/src/backends/build/CMakeFiles/CMakeTmp

Run Build Command(s):/usr/bin/make cmTC_0d237/fast && /usr/bin/make -f CMakeFiles/cmTC_0d237.dir/build.make CMakeFiles/cmTC_0d237.dir/build
make[1]: Entering directory '/home/joungwook/PID-Comm/upmem-2021.3.0_opt/src/backends/build/CMakeFiles/CMakeTmp'
Building C object CMakeFiles/cmTC_0d237.dir/src.c.o
/usr/bin/cc   -Wall -Werror -Wextra -std=gnu11  -O3  -g -DCXX_HAS_SSE3_2 -msse3   -o CMakeFiles/cmTC_0d237.dir/src.c.o   -c /home/joungwook/PID-Comm/upmem-2021.3.0_opt/src/backends/build/CMakeFiles/CMakeTmp/src.c
/home/joungwook/PID-Comm/upmem-2021.3.0_opt/src/backends/build/CMakeFiles/CMakeTmp/src.c: In function ‘main’:
/home/joungwook/PID-Comm/upmem-2021.3.0_opt/src/backends/build/CMakeFiles/CMakeTmp/src.c:6:13: error: variable ‘a’ set but not used [-Werror=unused-but-set-variable]
    6 |     __m128i a;
      |             ^
cc1: all warnings being treated as errors
CMakeFiles/cmTC_0d237.dir/build.make:82: recipe for target 'CMakeFiles/cmTC_0d237.dir/src.c.o' failed
make[1]: *** [CMakeFiles/cmTC_0d237.dir/src.c.o] Error 1
make[1]: Leaving directory '/home/joungwook/PID-Comm/upmem-2021.3.0_opt/src/backends/build/CMakeFiles/CMakeTmp'
Makefile:138: recipe for target 'cmTC_0d237/fast' failed
make: *** [cmTC_0d237/fast] Error 2


...and run output:

Return value: 1
Source file was:

  #include <pmmintrin.h>
  int main( )
  {
    const int vals[4] = {0,0,0,0};
    __m128i a;
    a = _mm_lddqu_si128( (const __m128i*)vals );
    return 0;
  }
Performing C SOURCE FILE Test CXX_COMPILES_SSE3_2 failed with the following output:
Change Dir: /home/joungwook/PID-Comm/upmem-2021.3.0_opt/src/backends/build/CMakeFiles/CMakeTmp

Run Build Command(s):/usr/bin/make cmTC_b5907/fast && /usr/bin/make -f CMakeFiles/cmTC_b5907.dir/build.make CMakeFiles/cmTC_b5907.dir/build
make[1]: Entering directory '/home/joungwook/PID-Comm/upmem-2021.3.0_opt/src/backends/build/CMakeFiles/CMakeTmp'
Building C object CMakeFiles/cmTC_b5907.dir/src.c.o
/usr/bin/cc   -Wall -Werror -Wextra -std=gnu11  -O3  -g -DCXX_COMPILES_SSE3_2 -msse3   -o CMakeFiles/cmTC_b5907.dir/src.c.o   -c /home/joungwook/PID-Comm/upmem-2021.3.0_opt/src/backends/build/CMakeFiles/CMakeTmp/src.c
/home/joungwook/PID-Comm/upmem-2021.3.0_opt/src/backends/build/CMakeFiles/CMakeTmp/src.c: In function ‘main’:
/home/joungwook/PID-Comm/upmem-2021.3.0_opt/src/backends/build/CMakeFiles/CMakeTmp/src.c:6:13: error: variable ‘a’ set but not used [-Werror=unused-but-set-variable]
    6 |     __m128i a;
      |             ^
cc1: all warnings being treated as errors
CMakeFiles/cmTC_b5907.dir/build.make:82: recipe for target 'CMakeFiles/cmTC_b5907.dir/src.c.o' failed
make[1]: *** [CMakeFiles/cmTC_b5907.dir/src.c.o] Error 1
make[1]: Leaving directory '/home/joungwook/PID-Comm/upmem-2021.3.0_opt/src/backends/build/CMakeFiles/CMakeTmp'
Makefile:138: recipe for target 'cmTC_b5907/fast' failed
make: *** [cmTC_b5907/fast] Error 2


Source file was:

  #include <pmmintrin.h>
  int main( )
  {
    const int vals[4] = {0,0,0,0};
    __m128i a;
    a = _mm_lddqu_si128( (const __m128i*)vals );
    return 0;
  }
Performing C SOURCE FILE Test CXX_HAS_SSE3_3 failed with the following compile output:
Change Dir: /home/joungwook/PID-Comm/upmem-2021.3.0_opt/src/backends/build/CMakeFiles/CMakeTmp

Run Build Command(s):/usr/bin/make cmTC_9aed9/fast && /usr/bin/make -f CMakeFiles/cmTC_9aed9.dir/build.make CMakeFiles/cmTC_9aed9.dir/build
make[1]: Entering directory '/home/joungwook/PID-Comm/upmem-2021.3.0_opt/src/backends/build/CMakeFiles/CMakeTmp'
Building C object CMakeFiles/cmTC_9aed9.dir/src.c.o
/usr/bin/cc   -Wall -Werror -Wextra -std=gnu11  -O3  -g -DCXX_HAS_SSE3_3 /arch:SSE3   -o CMakeFiles/cmTC_9aed9.dir/src.c.o   -c /home/joungwook/PID-Comm/upmem-2021.3.0_opt/src/backends/build/CMakeFiles/CMakeTmp/src.c
cc: error: /arch:SSE3: No such file or directory
CMakeFiles/cmTC_9aed9.dir/build.make:82: recipe for target 'CMakeFiles/cmTC_9aed9.dir/src.c.o' failed
make[1]: *** [CMakeFiles/cmTC_9aed9.dir/src.c.o] Error 1
make[1]: Leaving directory '/home/joungwook/PID-Comm/upmem-2021.3.0_opt/src/backends/build/CMakeFiles/CMakeTmp'
Makefile:138: recipe for target 'cmTC_9aed9/fast' failed
make: *** [cmTC_9aed9/fast] Error 2


...and run output:

Return value: 1
Source file was:

  #include <pmmintrin.h>
  int main( )
  {
    const int vals[4] = {0,0,0,0};
    __m128i a;
    a = _mm_lddqu_si128( (const __m128i*)vals );
    return 0;
  }
Performing C SOURCE FILE Test CXX_COMPILES_SSE3_3 failed with the following output:
Change Dir: /home/joungwook/PID-Comm/upmem-2021.3.0_opt/src/backends/build/CMakeFiles/CMakeTmp

Run Build Command(s):/usr/bin/make cmTC_27e96/fast && /usr/bin/make -f CMakeFiles/cmTC_27e96.dir/build.make CMakeFiles/cmTC_27e96.dir/build
make[1]: Entering directory '/home/joungwook/PID-Comm/upmem-2021.3.0_opt/src/backends/build/CMakeFiles/CMakeTmp'
Building C object CMakeFiles/cmTC_27e96.dir/src.c.o
/usr/bin/cc   -Wall -Werror -Wextra -std=gnu11  -O3  -g -DCXX_COMPILES_SSE3_3 /arch:SSE3   -o CMakeFiles/cmTC_27e96.dir/src.c.o   -c /home/joungwook/PID-Comm/upmem-2021.3.0_opt/src/backends/build/CMakeFiles/CMakeTmp/src.c
cc: error: /arch:SSE3: No such file or directory
CMakeFiles/cmTC_27e96.dir/build.make:82: recipe for target 'CMakeFiles/cmTC_27e96.dir/src.c.o' failed
make[1]: *** [CMakeFiles/cmTC_27e96.dir/src.c.o] Error 1
make[1]: Leaving directory '/home/joungwook/PID-Comm/upmem-2021.3.0_opt/src/backends/build/CMakeFiles/CMakeTmp'
Makefile:138: recipe for target 'cmTC_27e96/fast' failed
make: *** [cmTC_27e96/fast] Error 2


Source file was:

  #include <pmmintrin.h>
  int main( )
  {
    const int vals[4] = {0,0,0,0};
    __m128i a;
    a = _mm_lddqu_si128( (const __m128i*)vals );
    return 0;
  }
Performing C SOURCE FILE Test CXX_HAS_SSE4_1_1 failed with the following compile output:
Change Dir: /home/joungwook/PID-Comm/upmem-2021.3.0_opt/src/backends/build/CMakeFiles/CMakeTmp

Run Build Command(s):/usr/bin/make cmTC_19a63/fast && /usr/bin/make -f CMakeFiles/cmTC_19a63.dir/build.make CMakeFiles/cmTC_19a63.dir/build
make[1]: Entering directory '/home/joungwook/PID-Comm/upmem-2021.3.0_opt/src/backends/build/CMakeFiles/CMakeTmp'
Building C object CMakeFiles/cmTC_19a63.dir/src.c.o
/usr/bin/cc   -Wall -Werror -Wextra -std=gnu11  -O3  -g -DCXX_HAS_SSE4_1_1   -o CMakeFiles/cmTC_19a63.dir/src.c.o   -c /home/joungwook/PID-Comm/upmem-2021.3.0_opt/src/backends/build/CMakeFiles/CMakeTmp/src.c
/home/joungwook/PID-Comm/upmem-2021.3.0_opt/src/backends/build/CMakeFiles/CMakeTmp/src.c: In function ‘main’:
/home/joungwook/PID-Comm/upmem-2021.3.0_opt/src/backends/build/CMakeFiles/CMakeTmp/src.c:5:22: error: excess elements in vector initializer [-Werror]
    5 |     __m128i a = {0,0,0,0}, b = {0,0,0,0};
      |                      ^
/home/joungwook/PID-Comm/upmem-2021.3.0_opt/src/backends/build/CMakeFiles/CMakeTmp/src.c:5:22: note: (near initialization for ‘a’)
/home/joungwook/PID-Comm/upmem-2021.3.0_opt/src/backends/build/CMakeFiles/CMakeTmp/src.c:5:24: error: excess elements in vector initializer [-Werror]
    5 |     __m128i a = {0,0,0,0}, b = {0,0,0,0};
      |                        ^
/home/joungwook/PID-Comm/upmem-2021.3.0_opt/src/backends/build/CMakeFiles/CMakeTmp/src.c:5:24: note: (near initialization for ‘a’)
/home/joungwook/PID-Comm/upmem-2021.3.0_opt/src/backends/build/CMakeFiles/CMakeTmp/src.c:5:37: error: excess elements in vector initializer [-Werror]
    5 |     __m128i a = {0,0,0,0}, b = {0,0,0,0};
      |                                     ^
/home/joungwook/PID-Comm/upmem-2021.3.0_opt/src/backends/build/CMakeFiles/CMakeTmp/src.c:5:37: note: (near initialization for ‘b’)
/home/joungwook/PID-Comm/upmem-2021.3.0_opt/src/backends/build/CMakeFiles/CMakeTmp/src.c:5:39: error: excess elements in vector initializer [-Werror]
    5 |     __m128i a = {0,0,0,0}, b = {0,0,0,0};
      |                                       ^
/home/joungwook/PID-Comm/upmem-2021.3.0_opt/src/backends/build/CMakeFiles/CMakeTmp/src.c:5:39: note: (near initialization for ‘b’)
/home/joungwook/PID-Comm/upmem-2021.3.0_opt/src/backends/build/CMakeFiles/CMakeTmp/src.c:6:13: error: unused variable ‘res’ [-Werror=unused-variable]
    6 |     __m128i res = _mm_max_epi8(a, b);
      |             ^~~
In file included from /home/joungwook/PID-Comm/upmem-2021.3.0_opt/src/backends/build/CMakeFiles/CMakeTmp/src.c:2:
/usr/lib/gcc/x86_64-linux-gnu/9/include/smmintrin.h:282:1: error: inlining failed in call to always_inline ‘_mm_max_epi8’: target specific option mismatch
  282 | _mm_max_epi8 (__m128i __X, __m128i __Y)
      | ^~~~~~~~~~~~
/home/joungwook/PID-Comm/upmem-2021.3.0_opt/src/backends/build/CMakeFiles/CMakeTmp/src.c:6:19: note: called from here
    6 |     __m128i res = _mm_max_epi8(a, b);
      |                   ^~~~~~~~~~~~~~~~~~
cc1: all warnings being treated as errors
CMakeFiles/cmTC_19a63.dir/build.make:82: recipe for target 'CMakeFiles/cmTC_19a63.dir/src.c.o' failed
make[1]: *** [CMakeFiles/cmTC_19a63.dir/src.c.o] Error 1
make[1]: Leaving directory '/home/joungwook/PID-Comm/upmem-2021.3.0_opt/src/backends/build/CMakeFiles/CMakeTmp'
Makefile:138: recipe for target 'cmTC_19a63/fast' failed
make: *** [cmTC_19a63/fast] Error 2


...and run output:

Return value: 1
Source file was:

  #include <smmintrin.h>
  int main ()
  {
    __m128i a = {0,0,0,0}, b = {0,0,0,0};
    __m128i res = _mm_max_epi8(a, b);
    return 0;
  }

Performing C SOURCE FILE Test CXX_COMPILES_SSE4_1_1 failed with the following output:
Change Dir: /home/joungwook/PID-Comm/upmem-2021.3.0_opt/src/backends/build/CMakeFiles/CMakeTmp

Run Build Command(s):/usr/bin/make cmTC_1cd63/fast && /usr/bin/make -f CMakeFiles/cmTC_1cd63.dir/build.make CMakeFiles/cmTC_1cd63.dir/build
make[1]: Entering directory '/home/joungwook/PID-Comm/upmem-2021.3.0_opt/src/backends/build/CMakeFiles/CMakeTmp'
Building C object CMakeFiles/cmTC_1cd63.dir/src.c.o
/usr/bin/cc   -Wall -Werror -Wextra -std=gnu11  -O3  -g -DCXX_COMPILES_SSE4_1_1   -o CMakeFiles/cmTC_1cd63.dir/src.c.o   -c /home/joungwook/PID-Comm/upmem-2021.3.0_opt/src/backends/build/CMakeFiles/CMakeTmp/src.c
/home/joungwook/PID-Comm/upmem-2021.3.0_opt/src/backends/build/CMakeFiles/CMakeTmp/src.c: In function ‘main’:
/home/joungwook/PID-Comm/upmem-2021.3.0_opt/src/backends/build/CMakeFiles/CMakeTmp/src.c:5:22: error: excess elements in vector initializer [-Werror]
    5 |     __m128i a = {0,0,0,0}, b = {0,0,0,0};
      |                      ^
/home/joungwook/PID-Comm/upmem-2021.3.0_opt/src/backends/build/CMakeFiles/CMakeTmp/src.c:5:22: note: (near initialization for ‘a’)
/home/joungwook/PID-Comm/upmem-2021.3.0_opt/src/backends/build/CMakeFiles/CMakeTmp/src.c:5:24: error: excess elements in vector initializer [-Werror]
    5 |     __m128i a = {0,0,0,0}, b = {0,0,0,0};
      |                        ^
/home/joungwook/PID-Comm/upmem-2021.3.0_opt/src/backends/build/CMakeFiles/CMakeTmp/src.c:5:24: note: (near initialization for ‘a’)
/home/joungwook/PID-Comm/upmem-2021.3.0_opt/src/backends/build/CMakeFiles/CMakeTmp/src.c:5:37: error: excess elements in vector initializer [-Werror]
    5 |     __m128i a = {0,0,0,0}, b = {0,0,0,0};
      |                                     ^
/home/joungwook/PID-Comm/upmem-2021.3.0_opt/src/backends/build/CMakeFiles/CMakeTmp/src.c:5:37: note: (near initialization for ‘b’)
/home/joungwook/PID-Comm/upmem-2021.3.0_opt/src/backends/build/CMakeFiles/CMakeTmp/src.c:5:39: error: excess elements in vector initializer [-Werror]
    5 |     __m128i a = {0,0,0,0}, b = {0,0,0,0};
      |                                       ^
/home/joungwook/PID-Comm/upmem-2021.3.0_opt/src/backends/build/CMakeFiles/CMakeTmp/src.c:5:39: note: (near initialization for ‘b’)
/home/joungwook/PID-Comm/upmem-2021.3.0_opt/src/backends/build/CMakeFiles/CMakeTmp/src.c:6:13: error: unused variable ‘res’ [-Werror=unused-variable]
    6 |     __m128i res = _mm_max_epi8(a, b);
      |             ^~~
In file included from /home/joungwook/PID-Comm/upmem-2021.3.0_opt/src/backends/build/CMakeFiles/CMakeTmp/src.c:2:
/usr/lib/gcc/x86_64-linux-gnu/9/include/smmintrin.h:282:1: error: inlining failed in call to always_inline ‘_mm_max_epi8’: target specific option mismatch
  282 | _mm_max_epi8 (__m128i __X, __m128i __Y)
      | ^~~~~~~~~~~~
/home/joungwook/PID-Comm/upmem-2021.3.0_opt/src/backends/build/CMakeFiles/CMakeTmp/src.c:6:19: note: called from here
    6 |     __m128i res = _mm_max_epi8(a, b);
      |                   ^~~~~~~~~~~~~~~~~~
cc1: all warnings being treated as errors
CMakeFiles/cmTC_1cd63.dir/build.make:82: recipe for target 'CMakeFiles/cmTC_1cd63.dir/src.c.o' failed
make[1]: *** [CMakeFiles/cmTC_1cd63.dir/src.c.o] Error 1
make[1]: Leaving directory '/home/joungwook/PID-Comm/upmem-2021.3.0_opt/src/backends/build/CMakeFiles/CMakeTmp'
Makefile:138: recipe for target 'cmTC_1cd63/fast' failed
make: *** [cmTC_1cd63/fast] Error 2


Source file was:

  #include <smmintrin.h>
  int main ()
  {
    __m128i a = {0,0,0,0}, b = {0,0,0,0};
    __m128i res = _mm_max_epi8(a, b);
    return 0;
  }

Performing C SOURCE FILE Test CXX_HAS_SSE4_1_2 failed with the following compile output:
Change Dir: /home/joungwook/PID-Comm/upmem-2021.3.0_opt/src/backends/build/CMakeFiles/CMakeTmp

Run Build Command(s):/usr/bin/make cmTC_b45c3/fast && /usr/bin/make -f CMakeFiles/cmTC_b45c3.dir/build.make CMakeFiles/cmTC_b45c3.dir/build
make[1]: Entering directory '/home/joungwook/PID-Comm/upmem-2021.3.0_opt/src/backends/build/CMakeFiles/CMakeTmp'
Building C object CMakeFiles/cmTC_b45c3.dir/src.c.o
/usr/bin/cc   -Wall -Werror -Wextra -std=gnu11  -O3  -g -DCXX_HAS_SSE4_1_2 -msse4.1   -o CMakeFiles/cmTC_b45c3.dir/src.c.o   -c /home/joungwook/PID-Comm/upmem-2021.3.0_opt/src/backends/build/CMakeFiles/CMakeTmp/src.c
/home/joungwook/PID-Comm/upmem-2021.3.0_opt/src/backends/build/CMakeFiles/CMakeTmp/src.c: In function ‘main’:
/home/joungwook/PID-Comm/upmem-2021.3.0_opt/src/backends/build/CMakeFiles/CMakeTmp/src.c:5:22: error: excess elements in vector initializer [-Werror]
    5 |     __m128i a = {0,0,0,0}, b = {0,0,0,0};
      |                      ^
/home/joungwook/PID-Comm/upmem-2021.3.0_opt/src/backends/build/CMakeFiles/CMakeTmp/src.c:5:22: note: (near initialization for ‘a’)
/home/joungwook/PID-Comm/upmem-2021.3.0_opt/src/backends/build/CMakeFiles/CMakeTmp/src.c:5:24: error: excess elements in vector initializer [-Werror]
    5 |     __m128i a = {0,0,0,0}, b = {0,0,0,0};
      |                        ^
/home/joungwook/PID-Comm/upmem-2021.3.0_opt/src/backends/build/CMakeFiles/CMakeTmp/src.c:5:24: note: (near initialization for ‘a’)
/home/joungwook/PID-Comm/upmem-2021.3.0_opt/src/backends/build/CMakeFiles/CMakeTmp/src.c:5:37: error: excess elements in vector initializer [-Werror]
    5 |     __m128i a = {0,0,0,0}, b = {0,0,0,0};
      |                                     ^
/home/joungwook/PID-Comm/upmem-2021.3.0_opt/src/backends/build/CMakeFiles/CMakeTmp/src.c:5:37: note: (near initialization for ‘b’)
/home/joungwook/PID-Comm/upmem-2021.3.0_opt/src/backends/build/CMakeFiles/CMakeTmp/src.c:5:39: error: excess elements in vector initializer [-Werror]
    5 |     __m128i a = {0,0,0,0}, b = {0,0,0,0};
      |                                       ^
/home/joungwook/PID-Comm/upmem-2021.3.0_opt/src/backends/build/CMakeFiles/CMakeTmp/src.c:5:39: note: (near initialization for ‘b’)
/home/joungwook/PID-Comm/upmem-2021.3.0_opt/src/backends/build/CMakeFiles/CMakeTmp/src.c:6:13: error: unused variable ‘res’ [-Werror=unused-variable]
    6 |     __m128i res = _mm_max_epi8(a, b);
      |             ^~~
cc1: all warnings being treated as errors
CMakeFiles/cmTC_b45c3.dir/build.make:82: recipe for target 'CMakeFiles/cmTC_b45c3.dir/src.c.o' failed
make[1]: *** [CMakeFiles/cmTC_b45c3.dir/src.c.o] Error 1
make[1]: Leaving directory '/home/joungwook/PID-Comm/upmem-2021.3.0_opt/src/backends/build/CMakeFiles/CMakeTmp'
Makefile:138: recipe for target 'cmTC_b45c3/fast' failed
make: *** [cmTC_b45c3/fast] Error 2


...and run output:

Return value: 1
Source file was:

  #include <smmintrin.h>
  int main ()
  {
    __m128i a = {0,0,0,0}, b = {0,0,0,0};
    __m128i res = _mm_max_epi8(a, b);
    return 0;
  }

Performing C SOURCE FILE Test CXX_COMPILES_SSE4_1_2 failed with the following output:
Change Dir: /home/joungwook/PID-Comm/upmem-2021.3.0_opt/src/backends/build/CMakeFiles/CMakeTmp

Run Build Command(s):/usr/bin/make cmTC_13c00/fast && /usr/bin/make -f CMakeFiles/cmTC_13c00.dir/build.make CMakeFiles/cmTC_13c00.dir/build
make[1]: Entering directory '/home/joungwook/PID-Comm/upmem-2021.3.0_opt/src/backends/build/CMakeFiles/CMakeTmp'
Building C object CMakeFiles/cmTC_13c00.dir/src.c.o
/usr/bin/cc   -Wall -Werror -Wextra -std=gnu11  -O3  -g -DCXX_COMPILES_SSE4_1_2 -msse4.1   -o CMakeFiles/cmTC_13c00.dir/src.c.o   -c /home/joungwook/PID-Comm/upmem-2021.3.0_opt/src/backends/build/CMakeFiles/CMakeTmp/src.c
/home/joungwook/PID-Comm/upmem-2021.3.0_opt/src/backends/build/CMakeFiles/CMakeTmp/src.c: In function ‘main’:
/home/joungwook/PID-Comm/upmem-2021.3.0_opt/src/backends/build/CMakeFiles/CMakeTmp/src.c:5:22: error: excess elements in vector initializer [-Werror]
    5 |     __m128i a = {0,0,0,0}, b = {0,0,0,0};
      |                      ^
/home/joungwook/PID-Comm/upmem-2021.3.0_opt/src/backends/build/CMakeFiles/CMakeTmp/src.c:5:22: note: (near initialization for ‘a’)
/home/joungwook/PID-Comm/upmem-2021.3.0_opt/src/backends/build/CMakeFiles/CMakeTmp/src.c:5:24: error: excess elements in vector initializer [-Werror]
    5 |     __m128i a = {0,0,0,0}, b = {0,0,0,0};
      |                        ^
/home/joungwook/PID-Comm/upmem-2021.3.0_opt/src/backends/build/CMakeFiles/CMakeTmp/src.c:5:24: note: (near initialization for ‘a’)
/home/joungwook/PID-Comm/upmem-2021.3.0_opt/src/backends/build/CMakeFiles/CMakeTmp/src.c:5:37: error: excess elements in vector initializer [-Werror]
    5 |     __m128i a = {0,0,0,0}, b = {0,0,0,0};
      |                                     ^
/home/joungwook/PID-Comm/upmem-2021.3.0_opt/src/backends/build/CMakeFiles/CMakeTmp/src.c:5:37: note: (near initialization for ‘b’)
/home/joungwook/PID-Comm/upmem-2021.3.0_opt/src/backends/build/CMakeFiles/CMakeTmp/src.c:5:39: error: excess elements in vector initializer [-Werror]
    5 |     __m128i a = {0,0,0,0}, b = {0,0,0,0};
      |                                       ^
/home/joungwook/PID-Comm/upmem-2021.3.0_opt/src/backends/build/CMakeFiles/CMakeTmp/src.c:5:39: note: (near initialization for ‘b’)
/home/joungwook/PID-Comm/upmem-2021.3.0_opt/src/backends/build/CMakeFiles/CMakeTmp/src.c:6:13: error: unused variable ‘res’ [-Werror=unused-variable]
    6 |     __m128i res = _mm_max_epi8(a, b);
      |             ^~~
cc1: all warnings being treated as errors
CMakeFiles/cmTC_13c00.dir/build.make:82: recipe for target 'CMakeFiles/cmTC_13c00.dir/src.c.o' failed
make[1]: *** [CMakeFiles/cmTC_13c00.dir/src.c.o] Error 1
make[1]: Leaving directory '/home/joungwook/PID-Comm/upmem-2021.3.0_opt/src/backends/build/CMakeFiles/CMakeTmp'
Makefile:138: recipe for target 'cmTC_13c00/fast' failed
make: *** [cmTC_13c00/fast] Error 2


Source file was:

  #include <smmintrin.h>
  int main ()
  {
    __m128i a = {0,0,0,0}, b = {0,0,0,0};
    __m128i res = _mm_max_epi8(a, b);
    return 0;
  }

Performing C SOURCE FILE Test CXX_HAS_SSE4_1_3 failed with the following compile output:
Change Dir: /home/joungwook/PID-Comm/upmem-2021.3.0_opt/src/backends/build/CMakeFiles/CMakeTmp

Run Build Command(s):/usr/bin/make cmTC_bcd54/fast && /usr/bin/make -f CMakeFiles/cmTC_bcd54.dir/build.make CMakeFiles/cmTC_bcd54.dir/build
make[1]: Entering directory '/home/joungwook/PID-Comm/upmem-2021.3.0_opt/src/backends/build/CMakeFiles/CMakeTmp'
Building C object CMakeFiles/cmTC_bcd54.dir/src.c.o
/usr/bin/cc   -Wall -Werror -Wextra -std=gnu11  -O3  -g -DCXX_HAS_SSE4_1_3 -msse4   -o CMakeFiles/cmTC_bcd54.dir/src.c.o   -c /home/joungwook/PID-Comm/upmem-2021.3.0_opt/src/backends/build/CMakeFiles/CMakeTmp/src.c
/home/joungwook/PID-Comm/upmem-2021.3.0_opt/src/backends/build/CMakeFiles/CMakeTmp/src.c: In function ‘main’:
/home/joungwook/PID-Comm/upmem-2021.3.0_opt/src/backends/build/CMakeFiles/CMakeTmp/src.c:5:22: error: excess elements in vector initializer [-Werror]
    5 |     __m128i a = {0,0,0,0}, b = {0,0,0,0};
      |                      ^
/home/joungwook/PID-Comm/upmem-2021.3.0_opt/src/backends/build/CMakeFiles/CMakeTmp/src.c:5:22: note: (near initialization for ‘a’)
/home/joungwook/PID-Comm/upmem-2021.3.0_opt/src/backends/build/CMakeFiles/CMakeTmp/src.c:5:24: error: excess elements in vector initializer [-Werror]
    5 |     __m128i a = {0,0,0,0}, b = {0,0,0,0};
      |                        ^
/home/joungwook/PID-Comm/upmem-2021.3.0_opt/src/backends/build/CMakeFiles/CMakeTmp/src.c:5:24: note: (near initialization for ‘a’)
/home/joungwook/PID-Comm/upmem-2021.3.0_opt/src/backends/build/CMakeFiles/CMakeTmp/src.c:5:37: error: excess elements in vector initializer [-Werror]
    5 |     __m128i a = {0,0,0,0}, b = {0,0,0,0};
      |                                     ^
/home/joungwook/PID-Comm/upmem-2021.3.0_opt/src/backends/build/CMakeFiles/CMakeTmp/src.c:5:37: note: (near initialization for ‘b’)
/home/joungwook/PID-Comm/upmem-2021.3.0_opt/src/backends/build/CMakeFiles/CMakeTmp/src.c:5:39: error: excess elements in vector initializer [-Werror]
    5 |     __m128i a = {0,0,0,0}, b = {0,0,0,0};
      |                                       ^
/home/joungwook/PID-Comm/upmem-2021.3.0_opt/src/backends/build/CMakeFiles/CMakeTmp/src.c:5:39: note: (near initialization for ‘b’)
/home/joungwook/PID-Comm/upmem-2021.3.0_opt/src/backends/build/CMakeFiles/CMakeTmp/src.c:6:13: error: unused variable ‘res’ [-Werror=unused-variable]
    6 |     __m128i res = _mm_max_epi8(a, b);
      |             ^~~
cc1: all warnings being treated as errors
CMakeFiles/cmTC_bcd54.dir/build.make:82: recipe for target 'CMakeFiles/cmTC_bcd54.dir/src.c.o' failed
make[1]: *** [CMakeFiles/cmTC_bcd54.dir/src.c.o] Error 1
make[1]: Leaving directory '/home/joungwook/PID-Comm/upmem-2021.3.0_opt/src/backends/build/CMakeFiles/CMakeTmp'
Makefile:138: recipe for target 'cmTC_bcd54/fast' failed
make: *** [cmTC_bcd54/fast] Error 2


...and run output:

Return value: 1
Source file was:

  #include <smmintrin.h>
  int main ()
  {
    __m128i a = {0,0,0,0}, b = {0,0,0,0};
    __m128i res = _mm_max_epi8(a, b);
    return 0;
  }

Performing C SOURCE FILE Test CXX_COMPILES_SSE4_1_3 failed with the following output:
Change Dir: /home/joungwook/PID-Comm/upmem-2021.3.0_opt/src/backends/build/CMakeFiles/CMakeTmp

Run Build Command(s):/usr/bin/make cmTC_97d68/fast && /usr/bin/make -f CMakeFiles/cmTC_97d68.dir/build.make CMakeFiles/cmTC_97d68.dir/build
make[1]: Entering directory '/home/joungwook/PID-Comm/upmem-2021.3.0_opt/src/backends/build/CMakeFiles/CMakeTmp'
Building C object CMakeFiles/cmTC_97d68.dir/src.c.o
/usr/bin/cc   -Wall -Werror -Wextra -std=gnu11  -O3  -g -DCXX_COMPILES_SSE4_1_3 -msse4   -o CMakeFiles/cmTC_97d68.dir/src.c.o   -c /home/joungwook/PID-Comm/upmem-2021.3.0_opt/src/backends/build/CMakeFiles/CMakeTmp/src.c
/home/joungwook/PID-Comm/upmem-2021.3.0_opt/src/backends/build/CMakeFiles/CMakeTmp/src.c: In function ‘main’:
/home/joungwook/PID-Comm/upmem-2021.3.0_opt/src/backends/build/CMakeFiles/CMakeTmp/src.c:5:22: error: excess elements in vector initializer [-Werror]
    5 |     __m128i a = {0,0,0,0}, b = {0,0,0,0};
      |                      ^
/home/joungwook/PID-Comm/upmem-2021.3.0_opt/src/backends/build/CMakeFiles/CMakeTmp/src.c:5:22: note: (near initialization for ‘a’)
/home/joungwook/PID-Comm/upmem-2021.3.0_opt/src/backends/build/CMakeFiles/CMakeTmp/src.c:5:24: error: excess elements in vector initializer [-Werror]
    5 |     __m128i a = {0,0,0,0}, b = {0,0,0,0};
      |                        ^
/home/joungwook/PID-Comm/upmem-2021.3.0_opt/src/backends/build/CMakeFiles/CMakeTmp/src.c:5:24: note: (near initialization for ‘a’)
/home/joungwook/PID-Comm/upmem-2021.3.0_opt/src/backends/build/CMakeFiles/CMakeTmp/src.c:5:37: error: excess elements in vector initializer [-Werror]
    5 |     __m128i a = {0,0,0,0}, b = {0,0,0,0};
      |                                     ^
/home/joungwook/PID-Comm/upmem-2021.3.0_opt/src/backends/build/CMakeFiles/CMakeTmp/src.c:5:37: note: (near initialization for ‘b’)
/home/joungwook/PID-Comm/upmem-2021.3.0_opt/src/backends/build/CMakeFiles/CMakeTmp/src.c:5:39: error: excess elements in vector initializer [-Werror]
    5 |     __m128i a = {0,0,0,0}, b = {0,0,0,0};
      |                                       ^
/home/joungwook/PID-Comm/upmem-2021.3.0_opt/src/backends/build/CMakeFiles/CMakeTmp/src.c:5:39: note: (near initialization for ‘b’)
/home/joungwook/PID-Comm/upmem-2021.3.0_opt/src/backends/build/CMakeFiles/CMakeTmp/src.c:6:13: error: unused variable ‘res’ [-Werror=unused-variable]
    6 |     __m128i res = _mm_max_epi8(a, b);
      |             ^~~
cc1: all warnings being treated as errors
CMakeFiles/cmTC_97d68.dir/build.make:82: recipe for target 'CMakeFiles/cmTC_97d68.dir/src.c.o' failed
make[1]: *** [CMakeFiles/cmTC_97d68.dir/src.c.o] Error 1
make[1]: Leaving directory '/home/joungwook/PID-Comm/upmem-2021.3.0_opt/src/backends/build/CMakeFiles/CMakeTmp'
Makefile:138: recipe for target 'cmTC_97d68/fast' failed
make: *** [cmTC_97d68/fast] Error 2


Source file was:

  #include <smmintrin.h>
  int main ()
  {
    __m128i a = {0,0,0,0}, b = {0,0,0,0};
    __m128i res = _mm_max_epi8(a, b);
    return 0;
  }

Performing C SOURCE FILE Test CXX_HAS_SSE4_1_4 failed with the following compile output:
Change Dir: /home/joungwook/PID-Comm/upmem-2021.3.0_opt/src/backends/build/CMakeFiles/CMakeTmp

Run Build Command(s):/usr/bin/make cmTC_d1323/fast && /usr/bin/make -f CMakeFiles/cmTC_d1323.dir/build.make CMakeFiles/cmTC_d1323.dir/build
make[1]: Entering directory '/home/joungwook/PID-Comm/upmem-2021.3.0_opt/src/backends/build/CMakeFiles/CMakeTmp'
Building C object CMakeFiles/cmTC_d1323.dir/src.c.o
/usr/bin/cc   -Wall -Werror -Wextra -std=gnu11  -O3  -g -DCXX_HAS_SSE4_1_4 /arch:SSE4   -o CMakeFiles/cmTC_d1323.dir/src.c.o   -c /home/joungwook/PID-Comm/upmem-2021.3.0_opt/src/backends/build/CMakeFiles/CMakeTmp/src.c
cc: error: /arch:SSE4: No such file or directory
CMakeFiles/cmTC_d1323.dir/build.make:82: recipe for target 'CMakeFiles/cmTC_d1323.dir/src.c.o' failed
make[1]: *** [CMakeFiles/cmTC_d1323.dir/src.c.o] Error 1
make[1]: Leaving directory '/home/joungwook/PID-Comm/upmem-2021.3.0_opt/src/backends/build/CMakeFiles/CMakeTmp'
Makefile:138: recipe for target 'cmTC_d1323/fast' failed
make: *** [cmTC_d1323/fast] Error 2


...and run output:

Return value: 1
Source file was:

  #include <smmintrin.h>
  int main ()
  {
    __m128i a = {0,0,0,0}, b = {0,0,0,0};
    __m128i res = _mm_max_epi8(a, b);
    return 0;
  }

Performing C SOURCE FILE Test CXX_COMPILES_SSE4_1_4 failed with the following output:
Change Dir: /home/joungwook/PID-Comm/upmem-2021.3.0_opt/src/backends/build/CMakeFiles/CMakeTmp

Run Build Command(s):/usr/bin/make cmTC_6210a/fast && /usr/bin/make -f CMakeFiles/cmTC_6210a.dir/build.make CMakeFiles/cmTC_6210a.dir/build
make[1]: Entering directory '/home/joungwook/PID-Comm/upmem-2021.3.0_opt/src/backends/build/CMakeFiles/CMakeTmp'
Building C object CMakeFiles/cmTC_6210a.dir/src.c.o
/usr/bin/cc   -Wall -Werror -Wextra -std=gnu11  -O3  -g -DCXX_COMPILES_SSE4_1_4 /arch:SSE4   -o CMakeFiles/cmTC_6210a.dir/src.c.o   -c /home/joungwook/PID-Comm/upmem-2021.3.0_opt/src/backends/build/CMakeFiles/CMakeTmp/src.c
cc: error: /arch:SSE4: No such file or directory
CMakeFiles/cmTC_6210a.dir/build.make:82: recipe for target 'CMakeFiles/cmTC_6210a.dir/src.c.o' failed
make[1]: *** [CMakeFiles/cmTC_6210a.dir/src.c.o] Error 1
make[1]: Leaving directory '/home/joungwook/PID-Comm/upmem-2021.3.0_opt/src/backends/build/CMakeFiles/CMakeTmp'
Makefile:138: recipe for target 'cmTC_6210a/fast' failed
make: *** [cmTC_6210a/fast] Error 2


Source file was:

  #include <smmintrin.h>
  int main ()
  {
    __m128i a = {0,0,0,0}, b = {0,0,0,0};
    __m128i res = _mm_max_epi8(a, b);
    return 0;
  }

Performing C SOURCE FILE Test CXX_HAS_SSE4_2_1 failed with the following compile output:
Change Dir: /home/joungwook/PID-Comm/upmem-2021.3.0_opt/src/backends/build/CMakeFiles/CMakeTmp

Run Build Command(s):/usr/bin/make cmTC_5949b/fast && /usr/bin/make -f CMakeFiles/cmTC_5949b.dir/build.make CMakeFiles/cmTC_5949b.dir/build
make[1]: Entering directory '/home/joungwook/PID-Comm/upmem-2021.3.0_opt/src/backends/build/CMakeFiles/CMakeTmp'
Building C object CMakeFiles/cmTC_5949b.dir/src.c.o
/usr/bin/cc   -Wall -Werror -Wextra -std=gnu11  -O3  -g -DCXX_HAS_SSE4_2_1   -o CMakeFiles/cmTC_5949b.dir/src.c.o   -c /home/joungwook/PID-Comm/upmem-2021.3.0_opt/src/backends/build/CMakeFiles/CMakeTmp/src.c
/home/joungwook/PID-Comm/upmem-2021.3.0_opt/src/backends/build/CMakeFiles/CMakeTmp/src.c: In function ‘main’:
/home/joungwook/PID-Comm/upmem-2021.3.0_opt/src/backends/build/CMakeFiles/CMakeTmp/src.c:5:22: error: excess elements in vector initializer [-Werror]
    5 |     __m128i a = {0,0,0,0}, b = {0,0,0,0}, c = {0,0,0,0};
      |                      ^
/home/joungwook/PID-Comm/upmem-2021.3.0_opt/src/backends/build/CMakeFiles/CMakeTmp/src.c:5:22: note: (near initialization for ‘a’)
/home/joungwook/PID-Comm/upmem-2021.3.0_opt/src/backends/build/CMakeFiles/CMakeTmp/src.c:5:24: error: excess elements in vector initializer [-Werror]
    5 |     __m128i a = {0,0,0,0}, b = {0,0,0,0}, c = {0,0,0,0};
      |                        ^
/home/joungwook/PID-Comm/upmem-2021.3.0_opt/src/backends/build/CMakeFiles/CMakeTmp/src.c:5:24: note: (near initialization for ‘a’)
/home/joungwook/PID-Comm/upmem-2021.3.0_opt/src/backends/build/CMakeFiles/CMakeTmp/src.c:5:37: error: excess elements in vector initializer [-Werror]
    5 |     __m128i a = {0,0,0,0}, b = {0,0,0,0}, c = {0,0,0,0};
      |                                     ^
/home/joungwook/PID-Comm/upmem-2021.3.0_opt/src/backends/build/CMakeFiles/CMakeTmp/src.c:5:37: note: (near initialization for ‘b’)
/home/joungwook/PID-Comm/upmem-2021.3.0_opt/src/backends/build/CMakeFiles/CMakeTmp/src.c:5:39: error: excess elements in vector initializer [-Werror]
    5 |     __m128i a = {0,0,0,0}, b = {0,0,0,0}, c = {0,0,0,0};
      |                                       ^
/home/joungwook/PID-Comm/upmem-2021.3.0_opt/src/backends/build/CMakeFiles/CMakeTmp/src.c:5:39: note: (near initialization for ‘b’)
/home/joungwook/PID-Comm/upmem-2021.3.0_opt/src/backends/build/CMakeFiles/CMakeTmp/src.c:5:52: error: excess elements in vector initializer [-Werror]
    5 |     __m128i a = {0,0,0,0}, b = {0,0,0,0}, c = {0,0,0,0};
      |                                                    ^
/home/joungwook/PID-Comm/upmem-2021.3.0_opt/src/backends/build/CMakeFiles/CMakeTmp/src.c:5:52: note: (near initialization for ‘c’)
/home/joungwook/PID-Comm/upmem-2021.3.0_opt/src/backends/build/CMakeFiles/CMakeTmp/src.c:5:54: error: excess elements in vector initializer [-Werror]
    5 |     __m128i a = {0,0,0,0}, b = {0,0,0,0}, c = {0,0,0,0};
      |                                                      ^
/home/joungwook/PID-Comm/upmem-2021.3.0_opt/src/backends/build/CMakeFiles/CMakeTmp/src.c:5:54: note: (near initialization for ‘c’)
/home/joungwook/PID-Comm/upmem-2021.3.0_opt/src/backends/build/CMakeFiles/CMakeTmp/src.c:5:43: error: variable ‘c’ set but not used [-Werror=unused-but-set-variable]
    5 |     __m128i a = {0,0,0,0}, b = {0,0,0,0}, c = {0,0,0,0};
      |                                           ^
In file included from /usr/lib/gcc/x86_64-linux-gnu/9/include/nmmintrin.h:31,
                 from /home/joungwook/PID-Comm/upmem-2021.3.0_opt/src/backends/build/CMakeFiles/CMakeTmp/src.c:2:
/usr/lib/gcc/x86_64-linux-gnu/9/include/smmintrin.h:796:1: error: inlining failed in call to always_inline ‘_mm_cmpgt_epi64’: target specific option mismatch
  796 | _mm_cmpgt_epi64 (__m128i __X, __m128i __Y)
      | ^~~~~~~~~~~~~~~
/home/joungwook/PID-Comm/upmem-2021.3.0_opt/src/backends/build/CMakeFiles/CMakeTmp/src.c:6:9: note: called from here
    6 |     c = _mm_cmpgt_epi64(a, b);
      |         ^~~~~~~~~~~~~~~~~~~~~
cc1: all warnings being treated as errors
CMakeFiles/cmTC_5949b.dir/build.make:82: recipe for target 'CMakeFiles/cmTC_5949b.dir/src.c.o' failed
make[1]: *** [CMakeFiles/cmTC_5949b.dir/src.c.o] Error 1
make[1]: Leaving directory '/home/joungwook/PID-Comm/upmem-2021.3.0_opt/src/backends/build/CMakeFiles/CMakeTmp'
Makefile:138: recipe for target 'cmTC_5949b/fast' failed
make: *** [cmTC_5949b/fast] Error 2


...and run output:

Return value: 1
Source file was:

  #include <nmmintrin.h>
  int main()
  {
    __m128i a = {0,0,0,0}, b = {0,0,0,0}, c = {0,0,0,0};
    c = _mm_cmpgt_epi64(a, b);
    return 0;
  }

Performing C SOURCE FILE Test CXX_COMPILES_SSE4_2_1 failed with the following output:
Change Dir: /home/joungwook/PID-Comm/upmem-2021.3.0_opt/src/backends/build/CMakeFiles/CMakeTmp

Run Build Command(s):/usr/bin/make cmTC_d8574/fast && /usr/bin/make -f CMakeFiles/cmTC_d8574.dir/build.make CMakeFiles/cmTC_d8574.dir/build
make[1]: Entering directory '/home/joungwook/PID-Comm/upmem-2021.3.0_opt/src/backends/build/CMakeFiles/CMakeTmp'
Building C object CMakeFiles/cmTC_d8574.dir/src.c.o
/usr/bin/cc   -Wall -Werror -Wextra -std=gnu11  -O3  -g -DCXX_COMPILES_SSE4_2_1   -o CMakeFiles/cmTC_d8574.dir/src.c.o   -c /home/joungwook/PID-Comm/upmem-2021.3.0_opt/src/backends/build/CMakeFiles/CMakeTmp/src.c
/home/joungwook/PID-Comm/upmem-2021.3.0_opt/src/backends/build/CMakeFiles/CMakeTmp/src.c: In function ‘main’:
/home/joungwook/PID-Comm/upmem-2021.3.0_opt/src/backends/build/CMakeFiles/CMakeTmp/src.c:5:22: error: excess elements in vector initializer [-Werror]
    5 |     __m128i a = {0,0,0,0}, b = {0,0,0,0}, c = {0,0,0,0};
      |                      ^
/home/joungwook/PID-Comm/upmem-2021.3.0_opt/src/backends/build/CMakeFiles/CMakeTmp/src.c:5:22: note: (near initialization for ‘a’)
/home/joungwook/PID-Comm/upmem-2021.3.0_opt/src/backends/build/CMakeFiles/CMakeTmp/src.c:5:24: error: excess elements in vector initializer [-Werror]
    5 |     __m128i a = {0,0,0,0}, b = {0,0,0,0}, c = {0,0,0,0};
      |                        ^
/home/joungwook/PID-Comm/upmem-2021.3.0_opt/src/backends/build/CMakeFiles/CMakeTmp/src.c:5:24: note: (near initialization for ‘a’)
/home/joungwook/PID-Comm/upmem-2021.3.0_opt/src/backends/build/CMakeFiles/CMakeTmp/src.c:5:37: error: excess elements in vector initializer [-Werror]
    5 |     __m128i a = {0,0,0,0}, b = {0,0,0,0}, c = {0,0,0,0};
      |                                     ^
/home/joungwook/PID-Comm/upmem-2021.3.0_opt/src/backends/build/CMakeFiles/CMakeTmp/src.c:5:37: note: (near initialization for ‘b’)
/home/joungwook/PID-Comm/upmem-2021.3.0_opt/src/backends/build/CMakeFiles/CMakeTmp/src.c:5:39: error: excess elements in vector initializer [-Werror]
    5 |     __m128i a = {0,0,0,0}, b = {0,0,0,0}, c = {0,0,0,0};
      |                                       ^
/home/joungwook/PID-Comm/upmem-2021.3.0_opt/src/backends/build/CMakeFiles/CMakeTmp/src.c:5:39: note: (near initialization for ‘b’)
/home/joungwook/PID-Comm/upmem-2021.3.0_opt/src/backends/build/CMakeFiles/CMakeTmp/src.c:5:52: error: excess elements in vector initializer [-Werror]
    5 |     __m128i a = {0,0,0,0}, b = {0,0,0,0}, c = {0,0,0,0};
      |                                                    ^
/home/joungwook/PID-Comm/upmem-2021.3.0_opt/src/backends/build/CMakeFiles/CMakeTmp/src.c:5:52: note: (near initialization for ‘c’)
/home/joungwook/PID-Comm/upmem-2021.3.0_opt/src/backends/build/CMakeFiles/CMakeTmp/src.c:5:54: error: excess elements in vector initializer [-Werror]
    5 |     __m128i a = {0,0,0,0}, b = {0,0,0,0}, c = {0,0,0,0};
      |                                                      ^
/home/joungwook/PID-Comm/upmem-2021.3.0_opt/src/backends/build/CMakeFiles/CMakeTmp/src.c:5:54: note: (near initialization for ‘c’)
/home/joungwook/PID-Comm/upmem-2021.3.0_opt/src/backends/build/CMakeFiles/CMakeTmp/src.c:5:43: error: variable ‘c’ set but not used [-Werror=unused-but-set-variable]
    5 |     __m128i a = {0,0,0,0}, b = {0,0,0,0}, c = {0,0,0,0};
      |                                           ^
In file included from /usr/lib/gcc/x86_64-linux-gnu/9/include/nmmintrin.h:31,
                 from /home/joungwook/PID-Comm/upmem-2021.3.0_opt/src/backends/build/CMakeFiles/CMakeTmp/src.c:2:
/usr/lib/gcc/x86_64-linux-gnu/9/include/smmintrin.h:796:1: error: inlining failed in call to always_inline ‘_mm_cmpgt_epi64’: target specific option mismatch
  796 | _mm_cmpgt_epi64 (__m128i __X, __m128i __Y)
      | ^~~~~~~~~~~~~~~
/home/joungwook/PID-Comm/upmem-2021.3.0_opt/src/backends/build/CMakeFiles/CMakeTmp/src.c:6:9: note: called from here
    6 |     c = _mm_cmpgt_epi64(a, b);
      |         ^~~~~~~~~~~~~~~~~~~~~
cc1: all warnings being treated as errors
CMakeFiles/cmTC_d8574.dir/build.make:82: recipe for target 'CMakeFiles/cmTC_d8574.dir/src.c.o' failed
make[1]: *** [CMakeFiles/cmTC_d8574.dir/src.c.o] Error 1
make[1]: Leaving directory '/home/joungwook/PID-Comm/upmem-2021.3.0_opt/src/backends/build/CMakeFiles/CMakeTmp'
Makefile:138: recipe for target 'cmTC_d8574/fast' failed
make: *** [cmTC_d8574/fast] Error 2


Source file was:

  #include <nmmintrin.h>
  int main()
  {
    __m128i a = {0,0,0,0}, b = {0,0,0,0}, c = {0,0,0,0};
    c = _mm_cmpgt_epi64(a, b);
    return 0;
  }

Performing C SOURCE FILE Test CXX_HAS_SSE4_2_2 failed with the following compile output:
Change Dir: /home/joungwook/PID-Comm/upmem-2021.3.0_opt/src/backends/build/CMakeFiles/CMakeTmp

Run Build Command(s):/usr/bin/make cmTC_1d46b/fast && /usr/bin/make -f CMakeFiles/cmTC_1d46b.dir/build.make CMakeFiles/cmTC_1d46b.dir/build
make[1]: Entering directory '/home/joungwook/PID-Comm/upmem-2021.3.0_opt/src/backends/build/CMakeFiles/CMakeTmp'
Building C object CMakeFiles/cmTC_1d46b.dir/src.c.o
/usr/bin/cc   -Wall -Werror -Wextra -std=gnu11  -O3  -g -DCXX_HAS_SSE4_2_2 -msse4.2   -o CMakeFiles/cmTC_1d46b.dir/src.c.o   -c /home/joungwook/PID-Comm/upmem-2021.3.0_opt/src/backends/build/CMakeFiles/CMakeTmp/src.c
/home/joungwook/PID-Comm/upmem-2021.3.0_opt/src/backends/build/CMakeFiles/CMakeTmp/src.c: In function ‘main’:
/home/joungwook/PID-Comm/upmem-2021.3.0_opt/src/backends/build/CMakeFiles/CMakeTmp/src.c:5:22: error: excess elements in vector initializer [-Werror]
    5 |     __m128i a = {0,0,0,0}, b = {0,0,0,0}, c = {0,0,0,0};
      |                      ^
/home/joungwook/PID-Comm/upmem-2021.3.0_opt/src/backends/build/CMakeFiles/CMakeTmp/src.c:5:22: note: (near initialization for ‘a’)
/home/joungwook/PID-Comm/upmem-2021.3.0_opt/src/backends/build/CMakeFiles/CMakeTmp/src.c:5:24: error: excess elements in vector initializer [-Werror]
    5 |     __m128i a = {0,0,0,0}, b = {0,0,0,0}, c = {0,0,0,0};
      |                        ^
/home/joungwook/PID-Comm/upmem-2021.3.0_opt/src/backends/build/CMakeFiles/CMakeTmp/src.c:5:24: note: (near initialization for ‘a’)
/home/joungwook/PID-Comm/upmem-2021.3.0_opt/src/backends/build/CMakeFiles/CMakeTmp/src.c:5:37: error: excess elements in vector initializer [-Werror]
    5 |     __m128i a = {0,0,0,0}, b = {0,0,0,0}, c = {0,0,0,0};
      |                                     ^
/home/joungwook/PID-Comm/upmem-2021.3.0_opt/src/backends/build/CMakeFiles/CMakeTmp/src.c:5:37: note: (near initialization for ‘b’)
/home/joungwook/PID-Comm/upmem-2021.3.0_opt/src/backends/build/CMakeFiles/CMakeTmp/src.c:5:39: error: excess elements in vector initializer [-Werror]
    5 |     __m128i a = {0,0,0,0}, b = {0,0,0,0}, c = {0,0,0,0};
      |                                       ^
/home/joungwook/PID-Comm/upmem-2021.3.0_opt/src/backends/build/CMakeFiles/CMakeTmp/src.c:5:39: note: (near initialization for ‘b’)
/home/joungwook/PID-Comm/upmem-2021.3.0_opt/src/backends/build/CMakeFiles/CMakeTmp/src.c:5:52: error: excess elements in vector initializer [-Werror]
    5 |     __m128i a = {0,0,0,0}, b = {0,0,0,0}, c = {0,0,0,0};
      |                                                    ^
/home/joungwook/PID-Comm/upmem-2021.3.0_opt/src/backends/build/CMakeFiles/CMakeTmp/src.c:5:52: note: (near initialization for ‘c’)
/home/joungwook/PID-Comm/upmem-2021.3.0_opt/src/backends/build/CMakeFiles/CMakeTmp/src.c:5:54: error: excess elements in vector initializer [-Werror]
    5 |     __m128i a = {0,0,0,0}, b = {0,0,0,0}, c = {0,0,0,0};
      |                                                      ^
/home/joungwook/PID-Comm/upmem-2021.3.0_opt/src/backends/build/CMakeFiles/CMakeTmp/src.c:5:54: note: (near initialization for ‘c’)
/home/joungwook/PID-Comm/upmem-2021.3.0_opt/src/backends/build/CMakeFiles/CMakeTmp/src.c:5:43: error: variable ‘c’ set but not used [-Werror=unused-but-set-variable]
    5 |     __m128i a = {0,0,0,0}, b = {0,0,0,0}, c = {0,0,0,0};
      |                                           ^
cc1: all warnings being treated as errors
CMakeFiles/cmTC_1d46b.dir/build.make:82: recipe for target 'CMakeFiles/cmTC_1d46b.dir/src.c.o' failed
make[1]: *** [CMakeFiles/cmTC_1d46b.dir/src.c.o] Error 1
make[1]: Leaving directory '/home/joungwook/PID-Comm/upmem-2021.3.0_opt/src/backends/build/CMakeFiles/CMakeTmp'
Makefile:138: recipe for target 'cmTC_1d46b/fast' failed
make: *** [cmTC_1d46b/fast] Error 2


...and run output:

Return value: 1
Source file was:

  #include <nmmintrin.h>
  int main()
  {
    __m128i a = {0,0,0,0}, b = {0,0,0,0}, c = {0,0,0,0};
    c = _mm_cmpgt_epi64(a, b);
    return 0;
  }

Performing C SOURCE FILE Test CXX_COMPILES_SSE4_2_2 failed with the following output:
Change Dir: /home/joungwook/PID-Comm/upmem-2021.3.0_opt/src/backends/build/CMakeFiles/CMakeTmp

Run Build Command(s):/usr/bin/make cmTC_44a9a/fast && /usr/bin/make -f CMakeFiles/cmTC_44a9a.dir/build.make CMakeFiles/cmTC_44a9a.dir/build
make[1]: Entering directory '/home/joungwook/PID-Comm/upmem-2021.3.0_opt/src/backends/build/CMakeFiles/CMakeTmp'
Building C object CMakeFiles/cmTC_44a9a.dir/src.c.o
/usr/bin/cc   -Wall -Werror -Wextra -std=gnu11  -O3  -g -DCXX_COMPILES_SSE4_2_2 -msse4.2   -o CMakeFiles/cmTC_44a9a.dir/src.c.o   -c /home/joungwook/PID-Comm/upmem-2021.3.0_opt/src/backends/build/CMakeFiles/CMakeTmp/src.c
/home/joungwook/PID-Comm/upmem-2021.3.0_opt/src/backends/build/CMakeFiles/CMakeTmp/src.c: In function ‘main’:
/home/joungwook/PID-Comm/upmem-2021.3.0_opt/src/backends/build/CMakeFiles/CMakeTmp/src.c:5:22: error: excess elements in vector initializer [-Werror]
    5 |     __m128i a = {0,0,0,0}, b = {0,0,0,0}, c = {0,0,0,0};
      |                      ^
/home/joungwook/PID-Comm/upmem-2021.3.0_opt/src/backends/build/CMakeFiles/CMakeTmp/src.c:5:22: note: (near initialization for ‘a’)
/home/joungwook/PID-Comm/upmem-2021.3.0_opt/src/backends/build/CMakeFiles/CMakeTmp/src.c:5:24: error: excess elements in vector initializer [-Werror]
    5 |     __m128i a = {0,0,0,0}, b = {0,0,0,0}, c = {0,0,0,0};
      |                        ^
/home/joungwook/PID-Comm/upmem-2021.3.0_opt/src/backends/build/CMakeFiles/CMakeTmp/src.c:5:24: note: (near initialization for ‘a’)
/home/joungwook/PID-Comm/upmem-2021.3.0_opt/src/backends/build/CMakeFiles/CMakeTmp/src.c:5:37: error: excess elements in vector initializer [-Werror]
    5 |     __m128i a = {0,0,0,0}, b = {0,0,0,0}, c = {0,0,0,0};
      |                                     ^
/home/joungwook/PID-Comm/upmem-2021.3.0_opt/src/backends/build/CMakeFiles/CMakeTmp/src.c:5:37: note: (near initialization for ‘b’)
/home/joungwook/PID-Comm/upmem-2021.3.0_opt/src/backends/build/CMakeFiles/CMakeTmp/src.c:5:39: error: excess elements in vector initializer [-Werror]
    5 |     __m128i a = {0,0,0,0}, b = {0,0,0,0}, c = {0,0,0,0};
      |                                       ^
/home/joungwook/PID-Comm/upmem-2021.3.0_opt/src/backends/build/CMakeFiles/CMakeTmp/src.c:5:39: note: (near initialization for ‘b’)
/home/joungwook/PID-Comm/upmem-2021.3.0_opt/src/backends/build/CMakeFiles/CMakeTmp/src.c:5:52: error: excess elements in vector initializer [-Werror]
    5 |     __m128i a = {0,0,0,0}, b = {0,0,0,0}, c = {0,0,0,0};
      |                                                    ^
/home/joungwook/PID-Comm/upmem-2021.3.0_opt/src/backends/build/CMakeFiles/CMakeTmp/src.c:5:52: note: (near initialization for ‘c’)
/home/joungwook/PID-Comm/upmem-2021.3.0_opt/src/backends/build/CMakeFiles/CMakeTmp/src.c:5:54: error: excess elements in vector initializer [-Werror]
    5 |     __m128i a = {0,0,0,0}, b = {0,0,0,0}, c = {0,0,0,0};
      |                                                      ^
/home/joungwook/PID-Comm/upmem-2021.3.0_opt/src/backends/build/CMakeFiles/CMakeTmp/src.c:5:54: note: (near initialization for ‘c’)
/home/joungwook/PID-Comm/upmem-2021.3.0_opt/src/backends/build/CMakeFiles/CMakeTmp/src.c:5:43: error: variable ‘c’ set but not used [-Werror=unused-but-set-variable]
    5 |     __m128i a = {0,0,0,0}, b = {0,0,0,0}, c = {0,0,0,0};
      |                                           ^
cc1: all warnings being treated as errors
CMakeFiles/cmTC_44a9a.dir/build.make:82: recipe for target 'CMakeFiles/cmTC_44a9a.dir/src.c.o' failed
make[1]: *** [CMakeFiles/cmTC_44a9a.dir/src.c.o] Error 1
make[1]: Leaving directory '/home/joungwook/PID-Comm/upmem-2021.3.0_opt/src/backends/build/CMakeFiles/CMakeTmp'
Makefile:138: recipe for target 'cmTC_44a9a/fast' failed
make: *** [cmTC_44a9a/fast] Error 2


Source file was:

  #include <nmmintrin.h>
  int main()
  {
    __m128i a = {0,0,0,0}, b = {0,0,0,0}, c = {0,0,0,0};
    c = _mm_cmpgt_epi64(a, b);
    return 0;
  }

Performing C SOURCE FILE Test CXX_HAS_SSE4_2_3 failed with the following compile output:
Change Dir: /home/joungwook/PID-Comm/upmem-2021.3.0_opt/src/backends/build/CMakeFiles/CMakeTmp

Run Build Command(s):/usr/bin/make cmTC_d990e/fast && /usr/bin/make -f CMakeFiles/cmTC_d990e.dir/build.make CMakeFiles/cmTC_d990e.dir/build
make[1]: Entering directory '/home/joungwook/PID-Comm/upmem-2021.3.0_opt/src/backends/build/CMakeFiles/CMakeTmp'
Building C object CMakeFiles/cmTC_d990e.dir/src.c.o
/usr/bin/cc   -Wall -Werror -Wextra -std=gnu11  -O3  -g -DCXX_HAS_SSE4_2_3 -msse4   -o CMakeFiles/cmTC_d990e.dir/src.c.o   -c /home/joungwook/PID-Comm/upmem-2021.3.0_opt/src/backends/build/CMakeFiles/CMakeTmp/src.c
/home/joungwook/PID-Comm/upmem-2021.3.0_opt/src/backends/build/CMakeFiles/CMakeTmp/src.c: In function ‘main’:
/home/joungwook/PID-Comm/upmem-2021.3.0_opt/src/backends/build/CMakeFiles/CMakeTmp/src.c:5:22: error: excess elements in vector initializer [-Werror]
    5 |     __m128i a = {0,0,0,0}, b = {0,0,0,0}, c = {0,0,0,0};
      |                      ^
/home/joungwook/PID-Comm/upmem-2021.3.0_opt/src/backends/build/CMakeFiles/CMakeTmp/src.c:5:22: note: (near initialization for ‘a’)
/home/joungwook/PID-Comm/upmem-2021.3.0_opt/src/backends/build/CMakeFiles/CMakeTmp/src.c:5:24: error: excess elements in vector initializer [-Werror]
    5 |     __m128i a = {0,0,0,0}, b = {0,0,0,0}, c = {0,0,0,0};
      |                        ^
/home/joungwook/PID-Comm/upmem-2021.3.0_opt/src/backends/build/CMakeFiles/CMakeTmp/src.c:5:24: note: (near initialization for ‘a’)
/home/joungwook/PID-Comm/upmem-2021.3.0_opt/src/backends/build/CMakeFiles/CMakeTmp/src.c:5:37: error: excess elements in vector initializer [-Werror]
    5 |     __m128i a = {0,0,0,0}, b = {0,0,0,0}, c = {0,0,0,0};
      |                                     ^
/home/joungwook/PID-Comm/upmem-2021.3.0_opt/src/backends/build/CMakeFiles/CMakeTmp/src.c:5:37: note: (near initialization for ‘b’)
/home/joungwook/PID-Comm/upmem-2021.3.0_opt/src/backends/build/CMakeFiles/CMakeTmp/src.c:5:39: error: excess elements in vector initializer [-Werror]
    5 |     __m128i a = {0,0,0,0}, b = {0,0,0,0}, c = {0,0,0,0};
      |                                       ^
/home/joungwook/PID-Comm/upmem-2021.3.0_opt/src/backends/build/CMakeFiles/CMakeTmp/src.c:5:39: note: (near initialization for ‘b’)
/home/joungwook/PID-Comm/upmem-2021.3.0_opt/src/backends/build/CMakeFiles/CMakeTmp/src.c:5:52: error: excess elements in vector initializer [-Werror]
    5 |     __m128i a = {0,0,0,0}, b = {0,0,0,0}, c = {0,0,0,0};
      |                                                    ^
/home/joungwook/PID-Comm/upmem-2021.3.0_opt/src/backends/build/CMakeFiles/CMakeTmp/src.c:5:52: note: (near initialization for ‘c’)
/home/joungwook/PID-Comm/upmem-2021.3.0_opt/src/backends/build/CMakeFiles/CMakeTmp/src.c:5:54: error: excess elements in vector initializer [-Werror]
    5 |     __m128i a = {0,0,0,0}, b = {0,0,0,0}, c = {0,0,0,0};
      |                                                      ^
/home/joungwook/PID-Comm/upmem-2021.3.0_opt/src/backends/build/CMakeFiles/CMakeTmp/src.c:5:54: note: (near initialization for ‘c’)
/home/joungwook/PID-Comm/upmem-2021.3.0_opt/src/backends/build/CMakeFiles/CMakeTmp/src.c:5:43: error: variable ‘c’ set but not used [-Werror=unused-but-set-variable]
    5 |     __m128i a = {0,0,0,0}, b = {0,0,0,0}, c = {0,0,0,0};
      |                                           ^
cc1: all warnings being treated as errors
CMakeFiles/cmTC_d990e.dir/build.make:82: recipe for target 'CMakeFiles/cmTC_d990e.dir/src.c.o' failed
make[1]: *** [CMakeFiles/cmTC_d990e.dir/src.c.o] Error 1
make[1]: Leaving directory '/home/joungwook/PID-Comm/upmem-2021.3.0_opt/src/backends/build/CMakeFiles/CMakeTmp'
Makefile:138: recipe for target 'cmTC_d990e/fast' failed
make: *** [cmTC_d990e/fast] Error 2


...and run output:

Return value: 1
Source file was:

  #include <nmmintrin.h>
  int main()
  {
    __m128i a = {0,0,0,0}, b = {0,0,0,0}, c = {0,0,0,0};
    c = _mm_cmpgt_epi64(a, b);
    return 0;
  }

Performing C SOURCE FILE Test CXX_COMPILES_SSE4_2_3 failed with the following output:
Change Dir: /home/joungwook/PID-Comm/upmem-2021.3.0_opt/src/backends/build/CMakeFiles/CMakeTmp

Run Build Command(s):/usr/bin/make cmTC_53751/fast && /usr/bin/make -f CMakeFiles/cmTC_53751.dir/build.make CMakeFiles/cmTC_53751.dir/build
make[1]: Entering directory '/home/joungwook/PID-Comm/upmem-2021.3.0_opt/src/backends/build/CMakeFiles/CMakeTmp'
Building C object CMakeFiles/cmTC_53751.dir/src.c.o
/usr/bin/cc   -Wall -Werror -Wextra -std=gnu11  -O3  -g -DCXX_COMPILES_SSE4_2_3 -msse4   -o CMakeFiles/cmTC_53751.dir/src.c.o   -c /home/joungwook/PID-Comm/upmem-2021.3.0_opt/src/backends/build/CMakeFiles/CMakeTmp/src.c
/home/joungwook/PID-Comm/upmem-2021.3.0_opt/src/backends/build/CMakeFiles/CMakeTmp/src.c: In function ‘main’:
/home/joungwook/PID-Comm/upmem-2021.3.0_opt/src/backends/build/CMakeFiles/CMakeTmp/src.c:5:22: error: excess elements in vector initializer [-Werror]
    5 |     __m128i a = {0,0,0,0}, b = {0,0,0,0}, c = {0,0,0,0};
      |                      ^
/home/joungwook/PID-Comm/upmem-2021.3.0_opt/src/backends/build/CMakeFiles/CMakeTmp/src.c:5:22: note: (near initialization for ‘a’)
/home/joungwook/PID-Comm/upmem-2021.3.0_opt/src/backends/build/CMakeFiles/CMakeTmp/src.c:5:24: error: excess elements in vector initializer [-Werror]
    5 |     __m128i a = {0,0,0,0}, b = {0,0,0,0}, c = {0,0,0,0};
      |                        ^
/home/joungwook/PID-Comm/upmem-2021.3.0_opt/src/backends/build/CMakeFiles/CMakeTmp/src.c:5:24: note: (near initialization for ‘a’)
/home/joungwook/PID-Comm/upmem-2021.3.0_opt/src/backends/build/CMakeFiles/CMakeTmp/src.c:5:37: error: excess elements in vector initializer [-Werror]
    5 |     __m128i a = {0,0,0,0}, b = {0,0,0,0}, c = {0,0,0,0};
      |                                     ^
/home/joungwook/PID-Comm/upmem-2021.3.0_opt/src/backends/build/CMakeFiles/CMakeTmp/src.c:5:37: note: (near initialization for ‘b’)
/home/joungwook/PID-Comm/upmem-2021.3.0_opt/src/backends/build/CMakeFiles/CMakeTmp/src.c:5:39: error: excess elements in vector initializer [-Werror]
    5 |     __m128i a = {0,0,0,0}, b = {0,0,0,0}, c = {0,0,0,0};
      |                                       ^
/home/joungwook/PID-Comm/upmem-2021.3.0_opt/src/backends/build/CMakeFiles/CMakeTmp/src.c:5:39: note: (near initialization for ‘b’)
/home/joungwook/PID-Comm/upmem-2021.3.0_opt/src/backends/build/CMakeFiles/CMakeTmp/src.c:5:52: error: excess elements in vector initializer [-Werror]
    5 |     __m128i a = {0,0,0,0}, b = {0,0,0,0}, c = {0,0,0,0};
      |                                                    ^
/home/joungwook/PID-Comm/upmem-2021.3.0_opt/src/backends/build/CMakeFiles/CMakeTmp/src.c:5:52: note: (near initialization for ‘c’)
/home/joungwook/PID-Comm/upmem-2021.3.0_opt/src/backends/build/CMakeFiles/CMakeTmp/src.c:5:54: error: excess elements in vector initializer [-Werror]
    5 |     __m128i a = {0,0,0,0}, b = {0,0,0,0}, c = {0,0,0,0};
      |                                                      ^
/home/joungwook/PID-Comm/upmem-2021.3.0_opt/src/backends/build/CMakeFiles/CMakeTmp/src.c:5:54: note: (near initialization for ‘c’)
/home/joungwook/PID-Comm/upmem-2021.3.0_opt/src/backends/build/CMakeFiles/CMakeTmp/src.c:5:43: error: variable ‘c’ set but not used [-Werror=unused-but-set-variable]
    5 |     __m128i a = {0,0,0,0}, b = {0,0,0,0}, c = {0,0,0,0};
      |                                           ^
cc1: all warnings being treated as errors
CMakeFiles/cmTC_53751.dir/build.make:82: recipe for target 'CMakeFiles/cmTC_53751.dir/src.c.o' failed
make[1]: *** [CMakeFiles/cmTC_53751.dir/src.c.o] Error 1
make[1]: Leaving directory '/home/joungwook/PID-Comm/upmem-2021.3.0_opt/src/backends/build/CMakeFiles/CMakeTmp'
Makefile:138: recipe for target 'cmTC_53751/fast' failed
make: *** [cmTC_53751/fast] Error 2


Source file was:

  #include <nmmintrin.h>
  int main()
  {
    __m128i a = {0,0,0,0}, b = {0,0,0,0}, c = {0,0,0,0};
    c = _mm_cmpgt_epi64(a, b);
    return 0;
  }

Performing C SOURCE FILE Test CXX_HAS_SSE4_2_4 failed with the following compile output:
Change Dir: /home/joungwook/PID-Comm/upmem-2021.3.0_opt/src/backends/build/CMakeFiles/CMakeTmp

Run Build Command(s):/usr/bin/make cmTC_45c44/fast && /usr/bin/make -f CMakeFiles/cmTC_45c44.dir/build.make CMakeFiles/cmTC_45c44.dir/build
make[1]: Entering directory '/home/joungwook/PID-Comm/upmem-2021.3.0_opt/src/backends/build/CMakeFiles/CMakeTmp'
Building C object CMakeFiles/cmTC_45c44.dir/src.c.o
/usr/bin/cc   -Wall -Werror -Wextra -std=gnu11  -O3  -g -DCXX_HAS_SSE4_2_4 /arch:SSE4   -o CMakeFiles/cmTC_45c44.dir/src.c.o   -c /home/joungwook/PID-Comm/upmem-2021.3.0_opt/src/backends/build/CMakeFiles/CMakeTmp/src.c
cc: error: /arch:SSE4: No such file or directory
CMakeFiles/cmTC_45c44.dir/build.make:82: recipe for target 'CMakeFiles/cmTC_45c44.dir/src.c.o' failed
make[1]: *** [CMakeFiles/cmTC_45c44.dir/src.c.o] Error 1
make[1]: Leaving directory '/home/joungwook/PID-Comm/upmem-2021.3.0_opt/src/backends/build/CMakeFiles/CMakeTmp'
Makefile:138: recipe for target 'cmTC_45c44/fast' failed
make: *** [cmTC_45c44/fast] Error 2


...and run output:

Return value: 1
Source file was:

  #include <nmmintrin.h>
  int main()
  {
    __m128i a = {0,0,0,0}, b = {0,0,0,0}, c = {0,0,0,0};
    c = _mm_cmpgt_epi64(a, b);
    return 0;
  }

Performing C SOURCE FILE Test CXX_COMPILES_SSE4_2_4 failed with the following output:
Change Dir: /home/joungwook/PID-Comm/upmem-2021.3.0_opt/src/backends/build/CMakeFiles/CMakeTmp

Run Build Command(s):/usr/bin/make cmTC_a1ead/fast && /usr/bin/make -f CMakeFiles/cmTC_a1ead.dir/build.make CMakeFiles/cmTC_a1ead.dir/build
make[1]: Entering directory '/home/joungwook/PID-Comm/upmem-2021.3.0_opt/src/backends/build/CMakeFiles/CMakeTmp'
Building C object CMakeFiles/cmTC_a1ead.dir/src.c.o
/usr/bin/cc   -Wall -Werror -Wextra -std=gnu11  -O3  -g -DCXX_COMPILES_SSE4_2_4 /arch:SSE4   -o CMakeFiles/cmTC_a1ead.dir/src.c.o   -c /home/joungwook/PID-Comm/upmem-2021.3.0_opt/src/backends/build/CMakeFiles/CMakeTmp/src.c
cc: error: /arch:SSE4: No such file or directory
CMakeFiles/cmTC_a1ead.dir/build.make:82: recipe for target 'CMakeFiles/cmTC_a1ead.dir/src.c.o' failed
make[1]: *** [CMakeFiles/cmTC_a1ead.dir/src.c.o] Error 1
make[1]: Leaving directory '/home/joungwook/PID-Comm/upmem-2021.3.0_opt/src/backends/build/CMakeFiles/CMakeTmp'
Makefile:138: recipe for target 'cmTC_a1ead/fast' failed
make: *** [cmTC_a1ead/fast] Error 2


Source file was:

  #include <nmmintrin.h>
  int main()
  {
    __m128i a = {0,0,0,0}, b = {0,0,0,0}, c = {0,0,0,0};
    c = _mm_cmpgt_epi64(a, b);
    return 0;
  }

Performing C SOURCE FILE Test CXX_HAS_AVX_1 failed with the following compile output:
Change Dir: /home/joungwook/PID-Comm/upmem-2021.3.0_opt/src/backends/build/CMakeFiles/CMakeTmp

Run Build Command(s):/usr/bin/make cmTC_47dc2/fast && /usr/bin/make -f CMakeFiles/cmTC_47dc2.dir/build.make CMakeFiles/cmTC_47dc2.dir/build
make[1]: Entering directory '/home/joungwook/PID-Comm/upmem-2021.3.0_opt/src/backends/build/CMakeFiles/CMakeTmp'
Building C object CMakeFiles/cmTC_47dc2.dir/src.c.o
/usr/bin/cc   -Wall -Werror -Wextra -std=gnu11  -O3  -g -DCXX_HAS_AVX_1   -o CMakeFiles/cmTC_47dc2.dir/src.c.o   -c /home/joungwook/PID-Comm/upmem-2021.3.0_opt/src/backends/build/CMakeFiles/CMakeTmp/src.c
/home/joungwook/PID-Comm/upmem-2021.3.0_opt/src/backends/build/CMakeFiles/CMakeTmp/src.c: In function ‘main’:
/home/joungwook/PID-Comm/upmem-2021.3.0_opt/src/backends/build/CMakeFiles/CMakeTmp/src.c:5:12: error: variable ‘a’ set but not used [-Werror=unused-but-set-variable]
    5 |     __m256 a;
      |            ^
/home/joungwook/PID-Comm/upmem-2021.3.0_opt/src/backends/build/CMakeFiles/CMakeTmp/src.c:6:7: error: AVX vector return without AVX enabled changes the ABI [-Werror=psabi]
    6 |     a = _mm256_set1_ps(0);
      |     ~~^~~~~~~~~~~~~~~~~~~
In file included from /usr/lib/gcc/x86_64-linux-gnu/9/include/immintrin.h:51,
                 from /home/joungwook/PID-Comm/upmem-2021.3.0_opt/src/backends/build/CMakeFiles/CMakeTmp/src.c:2:
/usr/lib/gcc/x86_64-linux-gnu/9/include/avxintrin.h:1311:1: error: inlining failed in call to always_inline ‘_mm256_set1_ps’: target specific option mismatch
 1311 | _mm256_set1_ps (float __A)
      | ^~~~~~~~~~~~~~
/home/joungwook/PID-Comm/upmem-2021.3.0_opt/src/backends/build/CMakeFiles/CMakeTmp/src.c:6:9: note: called from here
    6 |     a = _mm256_set1_ps(0);
      |         ^~~~~~~~~~~~~~~~~
cc1: all warnings being treated as errors
CMakeFiles/cmTC_47dc2.dir/build.make:82: recipe for target 'CMakeFiles/cmTC_47dc2.dir/src.c.o' failed
make[1]: *** [CMakeFiles/cmTC_47dc2.dir/src.c.o] Error 1
make[1]: Leaving directory '/home/joungwook/PID-Comm/upmem-2021.3.0_opt/src/backends/build/CMakeFiles/CMakeTmp'
Makefile:138: recipe for target 'cmTC_47dc2/fast' failed
make: *** [cmTC_47dc2/fast] Error 2


...and run output:

Return value: 1
Source file was:

  #include <immintrin.h>
  int main()
  {
    __m256 a;
    a = _mm256_set1_ps(0);
    return 0;
  }

Performing C SOURCE FILE Test CXX_COMPILES_AVX_1 failed with the following output:
Change Dir: /home/joungwook/PID-Comm/upmem-2021.3.0_opt/src/backends/build/CMakeFiles/CMakeTmp

Run Build Command(s):/usr/bin/make cmTC_2bb55/fast && /usr/bin/make -f CMakeFiles/cmTC_2bb55.dir/build.make CMakeFiles/cmTC_2bb55.dir/build
make[1]: Entering directory '/home/joungwook/PID-Comm/upmem-2021.3.0_opt/src/backends/build/CMakeFiles/CMakeTmp'
Building C object CMakeFiles/cmTC_2bb55.dir/src.c.o
/usr/bin/cc   -Wall -Werror -Wextra -std=gnu11  -O3  -g -DCXX_COMPILES_AVX_1   -o CMakeFiles/cmTC_2bb55.dir/src.c.o   -c /home/joungwook/PID-Comm/upmem-2021.3.0_opt/src/backends/build/CMakeFiles/CMakeTmp/src.c
/home/joungwook/PID-Comm/upmem-2021.3.0_opt/src/backends/build/CMakeFiles/CMakeTmp/src.c: In function ‘main’:
/home/joungwook/PID-Comm/upmem-2021.3.0_opt/src/backends/build/CMakeFiles/CMakeTmp/src.c:5:12: error: variable ‘a’ set but not used [-Werror=unused-but-set-variable]
    5 |     __m256 a;
      |            ^
/home/joungwook/PID-Comm/upmem-2021.3.0_opt/src/backends/build/CMakeFiles/CMakeTmp/src.c:6:7: error: AVX vector return without AVX enabled changes the ABI [-Werror=psabi]
    6 |     a = _mm256_set1_ps(0);
      |     ~~^~~~~~~~~~~~~~~~~~~
In file included from /usr/lib/gcc/x86_64-linux-gnu/9/include/immintrin.h:51,
                 from /home/joungwook/PID-Comm/upmem-2021.3.0_opt/src/backends/build/CMakeFiles/CMakeTmp/src.c:2:
/usr/lib/gcc/x86_64-linux-gnu/9/include/avxintrin.h:1311:1: error: inlining failed in call to always_inline ‘_mm256_set1_ps’: target specific option mismatch
 1311 | _mm256_set1_ps (float __A)
      | ^~~~~~~~~~~~~~
/home/joungwook/PID-Comm/upmem-2021.3.0_opt/src/backends/build/CMakeFiles/CMakeTmp/src.c:6:9: note: called from here
    6 |     a = _mm256_set1_ps(0);
      |         ^~~~~~~~~~~~~~~~~
cc1: all warnings being treated as errors
CMakeFiles/cmTC_2bb55.dir/build.make:82: recipe for target 'CMakeFiles/cmTC_2bb55.dir/src.c.o' failed
make[1]: *** [CMakeFiles/cmTC_2bb55.dir/src.c.o] Error 1
make[1]: Leaving directory '/home/joungwook/PID-Comm/upmem-2021.3.0_opt/src/backends/build/CMakeFiles/CMakeTmp'
Makefile:138: recipe for target 'cmTC_2bb55/fast' failed
make: *** [cmTC_2bb55/fast] Error 2


Source file was:

  #include <immintrin.h>
  int main()
  {
    __m256 a;
    a = _mm256_set1_ps(0);
    return 0;
  }

Performing C SOURCE FILE Test CXX_HAS_AVX_2 failed with the following compile output:
Change Dir: /home/joungwook/PID-Comm/upmem-2021.3.0_opt/src/backends/build/CMakeFiles/CMakeTmp

Run Build Command(s):/usr/bin/make cmTC_71460/fast && /usr/bin/make -f CMakeFiles/cmTC_71460.dir/build.make CMakeFiles/cmTC_71460.dir/build
make[1]: Entering directory '/home/joungwook/PID-Comm/upmem-2021.3.0_opt/src/backends/build/CMakeFiles/CMakeTmp'
Building C object CMakeFiles/cmTC_71460.dir/src.c.o
/usr/bin/cc   -Wall -Werror -Wextra -std=gnu11  -O3  -g -DCXX_HAS_AVX_2 -mavx   -o CMakeFiles/cmTC_71460.dir/src.c.o   -c /home/joungwook/PID-Comm/upmem-2021.3.0_opt/src/backends/build/CMakeFiles/CMakeTmp/src.c
/home/joungwook/PID-Comm/upmem-2021.3.0_opt/src/backends/build/CMakeFiles/CMakeTmp/src.c: In function ‘main’:
/home/joungwook/PID-Comm/upmem-2021.3.0_opt/src/backends/build/CMakeFiles/CMakeTmp/src.c:5:12: error: variable ‘a’ set but not used [-Werror=unused-but-set-variable]
    5 |     __m256 a;
      |            ^
cc1: all warnings being treated as errors
CMakeFiles/cmTC_71460.dir/build.make:82: recipe for target 'CMakeFiles/cmTC_71460.dir/src.c.o' failed
make[1]: *** [CMakeFiles/cmTC_71460.dir/src.c.o] Error 1
make[1]: Leaving directory '/home/joungwook/PID-Comm/upmem-2021.3.0_opt/src/backends/build/CMakeFiles/CMakeTmp'
Makefile:138: recipe for target 'cmTC_71460/fast' failed
make: *** [cmTC_71460/fast] Error 2


...and run output:

Return value: 1
Source file was:

  #include <immintrin.h>
  int main()
  {
    __m256 a;
    a = _mm256_set1_ps(0);
    return 0;
  }

Performing C SOURCE FILE Test CXX_COMPILES_AVX_2 failed with the following output:
Change Dir: /home/joungwook/PID-Comm/upmem-2021.3.0_opt/src/backends/build/CMakeFiles/CMakeTmp

Run Build Command(s):/usr/bin/make cmTC_1235d/fast && /usr/bin/make -f CMakeFiles/cmTC_1235d.dir/build.make CMakeFiles/cmTC_1235d.dir/build
make[1]: Entering directory '/home/joungwook/PID-Comm/upmem-2021.3.0_opt/src/backends/build/CMakeFiles/CMakeTmp'
Building C object CMakeFiles/cmTC_1235d.dir/src.c.o
/usr/bin/cc   -Wall -Werror -Wextra -std=gnu11  -O3  -g -DCXX_COMPILES_AVX_2 -mavx   -o CMakeFiles/cmTC_1235d.dir/src.c.o   -c /home/joungwook/PID-Comm/upmem-2021.3.0_opt/src/backends/build/CMakeFiles/CMakeTmp/src.c
/home/joungwook/PID-Comm/upmem-2021.3.0_opt/src/backends/build/CMakeFiles/CMakeTmp/src.c: In function ‘main’:
/home/joungwook/PID-Comm/upmem-2021.3.0_opt/src/backends/build/CMakeFiles/CMakeTmp/src.c:5:12: error: variable ‘a’ set but not used [-Werror=unused-but-set-variable]
    5 |     __m256 a;
      |            ^
cc1: all warnings being treated as errors
CMakeFiles/cmTC_1235d.dir/build.make:82: recipe for target 'CMakeFiles/cmTC_1235d.dir/src.c.o' failed
make[1]: *** [CMakeFiles/cmTC_1235d.dir/src.c.o] Error 1
make[1]: Leaving directory '/home/joungwook/PID-Comm/upmem-2021.3.0_opt/src/backends/build/CMakeFiles/CMakeTmp'
Makefile:138: recipe for target 'cmTC_1235d/fast' failed
make: *** [cmTC_1235d/fast] Error 2


Source file was:

  #include <immintrin.h>
  int main()
  {
    __m256 a;
    a = _mm256_set1_ps(0);
    return 0;
  }

Performing C SOURCE FILE Test CXX_HAS_AVX_3 failed with the following compile output:
Change Dir: /home/joungwook/PID-Comm/upmem-2021.3.0_opt/src/backends/build/CMakeFiles/CMakeTmp

Run Build Command(s):/usr/bin/make cmTC_b627e/fast && /usr/bin/make -f CMakeFiles/cmTC_b627e.dir/build.make CMakeFiles/cmTC_b627e.dir/build
make[1]: Entering directory '/home/joungwook/PID-Comm/upmem-2021.3.0_opt/src/backends/build/CMakeFiles/CMakeTmp'
Building C object CMakeFiles/cmTC_b627e.dir/src.c.o
/usr/bin/cc   -Wall -Werror -Wextra -std=gnu11  -O3  -g -DCXX_HAS_AVX_3 /arch:AVX   -o CMakeFiles/cmTC_b627e.dir/src.c.o   -c /home/joungwook/PID-Comm/upmem-2021.3.0_opt/src/backends/build/CMakeFiles/CMakeTmp/src.c
cc: error: /arch:AVX: No such file or directory
CMakeFiles/cmTC_b627e.dir/build.make:82: recipe for target 'CMakeFiles/cmTC_b627e.dir/src.c.o' failed
make[1]: *** [CMakeFiles/cmTC_b627e.dir/src.c.o] Error 1
make[1]: Leaving directory '/home/joungwook/PID-Comm/upmem-2021.3.0_opt/src/backends/build/CMakeFiles/CMakeTmp'
Makefile:138: recipe for target 'cmTC_b627e/fast' failed
make: *** [cmTC_b627e/fast] Error 2


...and run output:

Return value: 1
Source file was:

  #include <immintrin.h>
  int main()
  {
    __m256 a;
    a = _mm256_set1_ps(0);
    return 0;
  }

Performing C SOURCE FILE Test CXX_COMPILES_AVX_3 failed with the following output:
Change Dir: /home/joungwook/PID-Comm/upmem-2021.3.0_opt/src/backends/build/CMakeFiles/CMakeTmp

Run Build Command(s):/usr/bin/make cmTC_4bdc4/fast && /usr/bin/make -f CMakeFiles/cmTC_4bdc4.dir/build.make CMakeFiles/cmTC_4bdc4.dir/build
make[1]: Entering directory '/home/joungwook/PID-Comm/upmem-2021.3.0_opt/src/backends/build/CMakeFiles/CMakeTmp'
Building C object CMakeFiles/cmTC_4bdc4.dir/src.c.o
/usr/bin/cc   -Wall -Werror -Wextra -std=gnu11  -O3  -g -DCXX_COMPILES_AVX_3 /arch:AVX   -o CMakeFiles/cmTC_4bdc4.dir/src.c.o   -c /home/joungwook/PID-Comm/upmem-2021.3.0_opt/src/backends/build/CMakeFiles/CMakeTmp/src.c
cc: error: /arch:AVX: No such file or directory
CMakeFiles/cmTC_4bdc4.dir/build.make:82: recipe for target 'CMakeFiles/cmTC_4bdc4.dir/src.c.o' failed
make[1]: *** [CMakeFiles/cmTC_4bdc4.dir/src.c.o] Error 1
make[1]: Leaving directory '/home/joungwook/PID-Comm/upmem-2021.3.0_opt/src/backends/build/CMakeFiles/CMakeTmp'
Makefile:138: recipe for target 'cmTC_4bdc4/fast' failed
make: *** [cmTC_4bdc4/fast] Error 2


Source file was:

  #include <immintrin.h>
  int main()
  {
    __m256 a;
    a = _mm256_set1_ps(0);
    return 0;
  }

Performing C SOURCE FILE Test CXX_HAS_AVX2_1 failed with the following compile output:
Change Dir: /home/joungwook/PID-Comm/upmem-2021.3.0_opt/src/backends/build/CMakeFiles/CMakeTmp

Run Build Command(s):/usr/bin/make cmTC_f4363/fast && /usr/bin/make -f CMakeFiles/cmTC_f4363.dir/build.make CMakeFiles/cmTC_f4363.dir/build
make[1]: Entering directory '/home/joungwook/PID-Comm/upmem-2021.3.0_opt/src/backends/build/CMakeFiles/CMakeTmp'
Building C object CMakeFiles/cmTC_f4363.dir/src.c.o
/usr/bin/cc   -Wall -Werror -Wextra -std=gnu11  -O3  -g -DCXX_HAS_AVX2_1   -o CMakeFiles/cmTC_f4363.dir/src.c.o   -c /home/joungwook/PID-Comm/upmem-2021.3.0_opt/src/backends/build/CMakeFiles/CMakeTmp/src.c
/home/joungwook/PID-Comm/upmem-2021.3.0_opt/src/backends/build/CMakeFiles/CMakeTmp/src.c: In function ‘main’:
/home/joungwook/PID-Comm/upmem-2021.3.0_opt/src/backends/build/CMakeFiles/CMakeTmp/src.c:6:7: error: AVX vector return without AVX enabled changes the ABI [-Werror=psabi]
    6 |     a = _mm256_abs_epi16(a);
      |     ~~^~~~~~~~~~~~~~~~~~~~~
In file included from /usr/lib/gcc/x86_64-linux-gnu/9/include/immintrin.h:53,
                 from /home/joungwook/PID-Comm/upmem-2021.3.0_opt/src/backends/build/CMakeFiles/CMakeTmp/src.c:2:
/usr/lib/gcc/x86_64-linux-gnu/9/include/avx2intrin.h:63:1: error: inlining failed in call to always_inline ‘_mm256_abs_epi16’: target specific option mismatch
   63 | _mm256_abs_epi16 (__m256i __A)
      | ^~~~~~~~~~~~~~~~
/home/joungwook/PID-Comm/upmem-2021.3.0_opt/src/backends/build/CMakeFiles/CMakeTmp/src.c:6:9: note: called from here
    6 |     a = _mm256_abs_epi16(a);
      |         ^~~~~~~~~~~~~~~~~~~
cc1: all warnings being treated as errors
CMakeFiles/cmTC_f4363.dir/build.make:82: recipe for target 'CMakeFiles/cmTC_f4363.dir/src.c.o' failed
make[1]: *** [CMakeFiles/cmTC_f4363.dir/src.c.o] Error 1
make[1]: Leaving directory '/home/joungwook/PID-Comm/upmem-2021.3.0_opt/src/backends/build/CMakeFiles/CMakeTmp'
Makefile:138: recipe for target 'cmTC_f4363/fast' failed
make: *** [cmTC_f4363/fast] Error 2


...and run output:

Return value: 1
Source file was:

  #include <immintrin.h>
  int main()
  {
    __m256i a = {0};
    a = _mm256_abs_epi16(a);
    return 0;
  }

Performing C SOURCE FILE Test CXX_COMPILES_AVX2_1 failed with the following output:
Change Dir: /home/joungwook/PID-Comm/upmem-2021.3.0_opt/src/backends/build/CMakeFiles/CMakeTmp

Run Build Command(s):/usr/bin/make cmTC_073a1/fast && /usr/bin/make -f CMakeFiles/cmTC_073a1.dir/build.make CMakeFiles/cmTC_073a1.dir/build
make[1]: Entering directory '/home/joungwook/PID-Comm/upmem-2021.3.0_opt/src/backends/build/CMakeFiles/CMakeTmp'
Building C object CMakeFiles/cmTC_073a1.dir/src.c.o
/usr/bin/cc   -Wall -Werror -Wextra -std=gnu11  -O3  -g -DCXX_COMPILES_AVX2_1   -o CMakeFiles/cmTC_073a1.dir/src.c.o   -c /home/joungwook/PID-Comm/upmem-2021.3.0_opt/src/backends/build/CMakeFiles/CMakeTmp/src.c
/home/joungwook/PID-Comm/upmem-2021.3.0_opt/src/backends/build/CMakeFiles/CMakeTmp/src.c: In function ‘main’:
/home/joungwook/PID-Comm/upmem-2021.3.0_opt/src/backends/build/CMakeFiles/CMakeTmp/src.c:6:7: error: AVX vector return without AVX enabled changes the ABI [-Werror=psabi]
    6 |     a = _mm256_abs_epi16(a);
      |     ~~^~~~~~~~~~~~~~~~~~~~~
In file included from /usr/lib/gcc/x86_64-linux-gnu/9/include/immintrin.h:53,
                 from /home/joungwook/PID-Comm/upmem-2021.3.0_opt/src/backends/build/CMakeFiles/CMakeTmp/src.c:2:
/usr/lib/gcc/x86_64-linux-gnu/9/include/avx2intrin.h:63:1: error: inlining failed in call to always_inline ‘_mm256_abs_epi16’: target specific option mismatch
   63 | _mm256_abs_epi16 (__m256i __A)
      | ^~~~~~~~~~~~~~~~
/home/joungwook/PID-Comm/upmem-2021.3.0_opt/src/backends/build/CMakeFiles/CMakeTmp/src.c:6:9: note: called from here
    6 |     a = _mm256_abs_epi16(a);
      |         ^~~~~~~~~~~~~~~~~~~
cc1: all warnings being treated as errors
CMakeFiles/cmTC_073a1.dir/build.make:82: recipe for target 'CMakeFiles/cmTC_073a1.dir/src.c.o' failed
make[1]: *** [CMakeFiles/cmTC_073a1.dir/src.c.o] Error 1
make[1]: Leaving directory '/home/joungwook/PID-Comm/upmem-2021.3.0_opt/src/backends/build/CMakeFiles/CMakeTmp'
Makefile:138: recipe for target 'cmTC_073a1/fast' failed
make: *** [cmTC_073a1/fast] Error 2


Source file was:

  #include <immintrin.h>
  int main()
  {
    __m256i a = {0};
    a = _mm256_abs_epi16(a);
    return 0;
  }

Performing C SOURCE FILE Test CXX_HAS_AVX512F_1 failed with the following compile output:
Change Dir: /home/joungwook/PID-Comm/upmem-2021.3.0_opt/src/backends/build/CMakeFiles/CMakeTmp

Run Build Command(s):/usr/bin/make cmTC_580fc/fast && /usr/bin/make -f CMakeFiles/cmTC_580fc.dir/build.make CMakeFiles/cmTC_580fc.dir/build
make[1]: Entering directory '/home/joungwook/PID-Comm/upmem-2021.3.0_opt/src/backends/build/CMakeFiles/CMakeTmp'
Building C object CMakeFiles/cmTC_580fc.dir/src.c.o
/usr/bin/cc   -Wall -Werror -Wextra -std=gnu11  -O3  -g -DCXX_HAS_AVX512F_1   -o CMakeFiles/cmTC_580fc.dir/src.c.o   -c /home/joungwook/PID-Comm/upmem-2021.3.0_opt/src/backends/build/CMakeFiles/CMakeTmp/src.c
/home/joungwook/PID-Comm/upmem-2021.3.0_opt/src/backends/build/CMakeFiles/CMakeTmp/src.c: In function ‘main’:
/home/joungwook/PID-Comm/upmem-2021.3.0_opt/src/backends/build/CMakeFiles/CMakeTmp/src.c:5:12: error: AVX512F vector return without AVX512F enabled changes the ABI [-Werror=psabi]
    5 |     __m512 a = _mm512_set1_ps(1.f);
      |            ^
In file included from /usr/lib/gcc/x86_64-linux-gnu/9/include/immintrin.h:55,
                 from /home/joungwook/PID-Comm/upmem-2021.3.0_opt/src/backends/build/CMakeFiles/CMakeTmp/src.c:2:
/usr/lib/gcc/x86_64-linux-gnu/9/include/avx512fintrin.h:12294:1: error: inlining failed in call to always_inline ‘_mm512_add_ps’: target specific option mismatch
12294 | _mm512_add_ps (__m512 __A, __m512 __B)
      | ^~~~~~~~~~~~~
/home/joungwook/PID-Comm/upmem-2021.3.0_opt/src/backends/build/CMakeFiles/CMakeTmp/src.c:6:9: note: called from here
    6 |     a = _mm512_add_ps(a, _mm512_set1_ps(1.f));;
      |         ^~~~~~~~~~~~~~~~~~~~~~~~~~~~~~~~~~~~~
In file included from /usr/lib/gcc/x86_64-linux-gnu/9/include/immintrin.h:55,
                 from /home/joungwook/PID-Comm/upmem-2021.3.0_opt/src/backends/build/CMakeFiles/CMakeTmp/src.c:2:
/usr/lib/gcc/x86_64-linux-gnu/9/include/avx512fintrin.h:251:1: error: inlining failed in call to always_inline ‘_mm512_set1_ps’: target specific option mismatch
  251 | _mm512_set1_ps (float __A)
      | ^~~~~~~~~~~~~~
/home/joungwook/PID-Comm/upmem-2021.3.0_opt/src/backends/build/CMakeFiles/CMakeTmp/src.c:6:9: note: called from here
    6 |     a = _mm512_add_ps(a, _mm512_set1_ps(1.f));;
      |         ^~~~~~~~~~~~~~~~~~~~~~~~~~~~~~~~~~~~~
In file included from /usr/lib/gcc/x86_64-linux-gnu/9/include/immintrin.h:55,
                 from /home/joungwook/PID-Comm/upmem-2021.3.0_opt/src/backends/build/CMakeFiles/CMakeTmp/src.c:2:
/usr/lib/gcc/x86_64-linux-gnu/9/include/avx512fintrin.h:251:1: error: inlining failed in call to always_inline ‘_mm512_set1_ps’: target specific option mismatch
  251 | _mm512_set1_ps (float __A)
      | ^~~~~~~~~~~~~~
/home/joungwook/PID-Comm/upmem-2021.3.0_opt/src/backends/build/CMakeFiles/CMakeTmp/src.c:5:16: note: called from here
    5 |     __m512 a = _mm512_set1_ps(1.f);
      |                ^~~~~~~~~~~~~~~~~~~
cc1: all warnings being treated as errors
CMakeFiles/cmTC_580fc.dir/build.make:82: recipe for target 'CMakeFiles/cmTC_580fc.dir/src.c.o' failed
make[1]: *** [CMakeFiles/cmTC_580fc.dir/src.c.o] Error 1
make[1]: Leaving directory '/home/joungwook/PID-Comm/upmem-2021.3.0_opt/src/backends/build/CMakeFiles/CMakeTmp'
Makefile:138: recipe for target 'cmTC_580fc/fast' failed
make: *** [cmTC_580fc/fast] Error 2


...and run output:

Return value: 1
Source file was:

  #include <immintrin.h>
  int main()
  {
    __m512 a = _mm512_set1_ps(1.f);
    a = _mm512_add_ps(a, _mm512_set1_ps(1.f));;
    return 0;
  }

Performing C SOURCE FILE Test CXX_COMPILES_AVX512F_1 failed with the following output:
Change Dir: /home/joungwook/PID-Comm/upmem-2021.3.0_opt/src/backends/build/CMakeFiles/CMakeTmp

Run Build Command(s):/usr/bin/make cmTC_1230a/fast && /usr/bin/make -f CMakeFiles/cmTC_1230a.dir/build.make CMakeFiles/cmTC_1230a.dir/build
make[1]: Entering directory '/home/joungwook/PID-Comm/upmem-2021.3.0_opt/src/backends/build/CMakeFiles/CMakeTmp'
Building C object CMakeFiles/cmTC_1230a.dir/src.c.o
/usr/bin/cc   -Wall -Werror -Wextra -std=gnu11  -O3  -g -DCXX_COMPILES_AVX512F_1   -o CMakeFiles/cmTC_1230a.dir/src.c.o   -c /home/joungwook/PID-Comm/upmem-2021.3.0_opt/src/backends/build/CMakeFiles/CMakeTmp/src.c
/home/joungwook/PID-Comm/upmem-2021.3.0_opt/src/backends/build/CMakeFiles/CMakeTmp/src.c: In function ‘main’:
/home/joungwook/PID-Comm/upmem-2021.3.0_opt/src/backends/build/CMakeFiles/CMakeTmp/src.c:5:12: error: AVX512F vector return without AVX512F enabled changes the ABI [-Werror=psabi]
    5 |     __m512 a = _mm512_set1_ps(1.f);
      |            ^
In file included from /usr/lib/gcc/x86_64-linux-gnu/9/include/immintrin.h:55,
                 from /home/joungwook/PID-Comm/upmem-2021.3.0_opt/src/backends/build/CMakeFiles/CMakeTmp/src.c:2:
/usr/lib/gcc/x86_64-linux-gnu/9/include/avx512fintrin.h:12294:1: error: inlining failed in call to always_inline ‘_mm512_add_ps’: target specific option mismatch
12294 | _mm512_add_ps (__m512 __A, __m512 __B)
      | ^~~~~~~~~~~~~
/home/joungwook/PID-Comm/upmem-2021.3.0_opt/src/backends/build/CMakeFiles/CMakeTmp/src.c:6:9: note: called from here
    6 |     a = _mm512_add_ps(a, _mm512_set1_ps(1.f));;
      |         ^~~~~~~~~~~~~~~~~~~~~~~~~~~~~~~~~~~~~
In file included from /usr/lib/gcc/x86_64-linux-gnu/9/include/immintrin.h:55,
                 from /home/joungwook/PID-Comm/upmem-2021.3.0_opt/src/backends/build/CMakeFiles/CMakeTmp/src.c:2:
/usr/lib/gcc/x86_64-linux-gnu/9/include/avx512fintrin.h:251:1: error: inlining failed in call to always_inline ‘_mm512_set1_ps’: target specific option mismatch
  251 | _mm512_set1_ps (float __A)
      | ^~~~~~~~~~~~~~
/home/joungwook/PID-Comm/upmem-2021.3.0_opt/src/backends/build/CMakeFiles/CMakeTmp/src.c:6:9: note: called from here
    6 |     a = _mm512_add_ps(a, _mm512_set1_ps(1.f));;
      |         ^~~~~~~~~~~~~~~~~~~~~~~~~~~~~~~~~~~~~
In file included from /usr/lib/gcc/x86_64-linux-gnu/9/include/immintrin.h:55,
                 from /home/joungwook/PID-Comm/upmem-2021.3.0_opt/src/backends/build/CMakeFiles/CMakeTmp/src.c:2:
/usr/lib/gcc/x86_64-linux-gnu/9/include/avx512fintrin.h:251:1: error: inlining failed in call to always_inline ‘_mm512_set1_ps’: target specific option mismatch
  251 | _mm512_set1_ps (float __A)
      | ^~~~~~~~~~~~~~
/home/joungwook/PID-Comm/upmem-2021.3.0_opt/src/backends/build/CMakeFiles/CMakeTmp/src.c:5:16: note: called from here
    5 |     __m512 a = _mm512_set1_ps(1.f);
      |                ^~~~~~~~~~~~~~~~~~~
cc1: all warnings being treated as errors
CMakeFiles/cmTC_1230a.dir/build.make:82: recipe for target 'CMakeFiles/cmTC_1230a.dir/src.c.o' failed
make[1]: *** [CMakeFiles/cmTC_1230a.dir/src.c.o] Error 1
make[1]: Leaving directory '/home/joungwook/PID-Comm/upmem-2021.3.0_opt/src/backends/build/CMakeFiles/CMakeTmp'
Makefile:138: recipe for target 'cmTC_1230a/fast' failed
make: *** [cmTC_1230a/fast] Error 2


Source file was:

  #include <immintrin.h>
  int main()
  {
    __m512 a = _mm512_set1_ps(1.f);
    a = _mm512_add_ps(a, _mm512_set1_ps(1.f));;
    return 0;
  }

Performing C SOURCE FILE Test CXX_HAS_AVX512BW_1 failed with the following compile output:
Change Dir: /home/joungwook/PID-Comm/upmem-2021.3.0_opt/src/backends/build/CMakeFiles/CMakeTmp

Run Build Command(s):/usr/bin/make cmTC_78c53/fast && /usr/bin/make -f CMakeFiles/cmTC_78c53.dir/build.make CMakeFiles/cmTC_78c53.dir/build
make[1]: Entering directory '/home/joungwook/PID-Comm/upmem-2021.3.0_opt/src/backends/build/CMakeFiles/CMakeTmp'
Building C object CMakeFiles/cmTC_78c53.dir/src.c.o
/usr/bin/cc   -Wall -Werror -Wextra -std=gnu11  -O3  -g -DCXX_HAS_AVX512BW_1   -o CMakeFiles/cmTC_78c53.dir/src.c.o   -c /home/joungwook/PID-Comm/upmem-2021.3.0_opt/src/backends/build/CMakeFiles/CMakeTmp/src.c
/home/joungwook/PID-Comm/upmem-2021.3.0_opt/src/backends/build/CMakeFiles/CMakeTmp/src.c: In function ‘main’:
/home/joungwook/PID-Comm/upmem-2021.3.0_opt/src/backends/build/CMakeFiles/CMakeTmp/src.c:5:13: error: AVX512F vector return without AVX512F enabled changes the ABI [-Werror=psabi]
    5 |     __m512i mask = _mm512_set_epi64(0, 0, 0, 0, 0, 0, 0, 0);
      |             ^~~~
In file included from /usr/lib/gcc/x86_64-linux-gnu/9/include/immintrin.h:65,
                 from /home/joungwook/PID-Comm/upmem-2021.3.0_opt/src/backends/build/CMakeFiles/CMakeTmp/src.c:2:
/usr/lib/gcc/x86_64-linux-gnu/9/include/avx512bwintrin.h:1852:1: error: inlining failed in call to always_inline ‘_mm512_shuffle_epi8’: target specific option mismatch
 1852 | _mm512_shuffle_epi8 (__m512i __A, __m512i __B)
      | ^~~~~~~~~~~~~~~~~~~
/home/joungwook/PID-Comm/upmem-2021.3.0_opt/src/backends/build/CMakeFiles/CMakeTmp/src.c:7:12: note: called from here
    7 |     load = _mm512_shuffle_epi8(load, mask);
      |            ^~~~~~~~~~~~~~~~~~~~~~~~~~~~~~~
In file included from /usr/lib/gcc/x86_64-linux-gnu/9/include/immintrin.h:55,
                 from /home/joungwook/PID-Comm/upmem-2021.3.0_opt/src/backends/build/CMakeFiles/CMakeTmp/src.c:2:
/usr/lib/gcc/x86_64-linux-gnu/9/include/avx512fintrin.h:79:1: error: inlining failed in call to always_inline ‘_mm512_set_epi64’: target specific option mismatch
   79 | _mm512_set_epi64 (long long __A, long long __B, long long __C,
      | ^~~~~~~~~~~~~~~~
/home/joungwook/PID-Comm/upmem-2021.3.0_opt/src/backends/build/CMakeFiles/CMakeTmp/src.c:5:20: note: called from here
    5 |     __m512i mask = _mm512_set_epi64(0, 0, 0, 0, 0, 0, 0, 0);
      |                    ^~~~~~~~~~~~~~~~~~~~~~~~~~~~~~~~~~~~~~~~
cc1: all warnings being treated as errors
CMakeFiles/cmTC_78c53.dir/build.make:82: recipe for target 'CMakeFiles/cmTC_78c53.dir/src.c.o' failed
make[1]: *** [CMakeFiles/cmTC_78c53.dir/src.c.o] Error 1
make[1]: Leaving directory '/home/joungwook/PID-Comm/upmem-2021.3.0_opt/src/backends/build/CMakeFiles/CMakeTmp'
Makefile:138: recipe for target 'cmTC_78c53/fast' failed
make: *** [cmTC_78c53/fast] Error 2


...and run output:

Return value: 1
Source file was:

  #include <immintrin.h>
  int main()
  {
    __m512i mask = _mm512_set_epi64(0, 0, 0, 0, 0, 0, 0, 0);
    __m512i load = {0};
    load = _mm512_shuffle_epi8(load, mask);
    return 0;
  }

Performing C SOURCE FILE Test CXX_COMPILES_AVX512BW_1 failed with the following output:
Change Dir: /home/joungwook/PID-Comm/upmem-2021.3.0_opt/src/backends/build/CMakeFiles/CMakeTmp

Run Build Command(s):/usr/bin/make cmTC_c988a/fast && /usr/bin/make -f CMakeFiles/cmTC_c988a.dir/build.make CMakeFiles/cmTC_c988a.dir/build
make[1]: Entering directory '/home/joungwook/PID-Comm/upmem-2021.3.0_opt/src/backends/build/CMakeFiles/CMakeTmp'
Building C object CMakeFiles/cmTC_c988a.dir/src.c.o
/usr/bin/cc   -Wall -Werror -Wextra -std=gnu11  -O3  -g -DCXX_COMPILES_AVX512BW_1   -o CMakeFiles/cmTC_c988a.dir/src.c.o   -c /home/joungwook/PID-Comm/upmem-2021.3.0_opt/src/backends/build/CMakeFiles/CMakeTmp/src.c
/home/joungwook/PID-Comm/upmem-2021.3.0_opt/src/backends/build/CMakeFiles/CMakeTmp/src.c: In function ‘main’:
/home/joungwook/PID-Comm/upmem-2021.3.0_opt/src/backends/build/CMakeFiles/CMakeTmp/src.c:5:13: error: AVX512F vector return without AVX512F enabled changes the ABI [-Werror=psabi]
    5 |     __m512i mask = _mm512_set_epi64(0, 0, 0, 0, 0, 0, 0, 0);
      |             ^~~~
In file included from /usr/lib/gcc/x86_64-linux-gnu/9/include/immintrin.h:65,
                 from /home/joungwook/PID-Comm/upmem-2021.3.0_opt/src/backends/build/CMakeFiles/CMakeTmp/src.c:2:
/usr/lib/gcc/x86_64-linux-gnu/9/include/avx512bwintrin.h:1852:1: error: inlining failed in call to always_inline ‘_mm512_shuffle_epi8’: target specific option mismatch
 1852 | _mm512_shuffle_epi8 (__m512i __A, __m512i __B)
      | ^~~~~~~~~~~~~~~~~~~
/home/joungwook/PID-Comm/upmem-2021.3.0_opt/src/backends/build/CMakeFiles/CMakeTmp/src.c:7:12: note: called from here
    7 |     load = _mm512_shuffle_epi8(load, mask);
      |            ^~~~~~~~~~~~~~~~~~~~~~~~~~~~~~~
In file included from /usr/lib/gcc/x86_64-linux-gnu/9/include/immintrin.h:55,
                 from /home/joungwook/PID-Comm/upmem-2021.3.0_opt/src/backends/build/CMakeFiles/CMakeTmp/src.c:2:
/usr/lib/gcc/x86_64-linux-gnu/9/include/avx512fintrin.h:79:1: error: inlining failed in call to always_inline ‘_mm512_set_epi64’: target specific option mismatch
   79 | _mm512_set_epi64 (long long __A, long long __B, long long __C,
      | ^~~~~~~~~~~~~~~~
/home/joungwook/PID-Comm/upmem-2021.3.0_opt/src/backends/build/CMakeFiles/CMakeTmp/src.c:5:20: note: called from here
    5 |     __m512i mask = _mm512_set_epi64(0, 0, 0, 0, 0, 0, 0, 0);
      |                    ^~~~~~~~~~~~~~~~~~~~~~~~~~~~~~~~~~~~~~~~
cc1: all warnings being treated as errors
CMakeFiles/cmTC_c988a.dir/build.make:82: recipe for target 'CMakeFiles/cmTC_c988a.dir/src.c.o' failed
make[1]: *** [CMakeFiles/cmTC_c988a.dir/src.c.o] Error 1
make[1]: Leaving directory '/home/joungwook/PID-Comm/upmem-2021.3.0_opt/src/backends/build/CMakeFiles/CMakeTmp'
Makefile:138: recipe for target 'cmTC_c988a/fast' failed
make: *** [cmTC_c988a/fast] Error 2


Source file was:

  #include <immintrin.h>
  int main()
  {
    __m512i mask = _mm512_set_epi64(0, 0, 0, 0, 0, 0, 0, 0);
    __m512i load = {0};
    load = _mm512_shuffle_epi8(load, mask);
    return 0;
  }

Performing C SOURCE FILE Test CXX_HAS_CLFLUSHOPT_1 failed with the following compile output:
Change Dir: /home/joungwook/PID-Comm/upmem-2021.3.0_opt/src/backends/build/CMakeFiles/CMakeTmp

Run Build Command(s):/usr/bin/make cmTC_8940a/fast && /usr/bin/make -f CMakeFiles/cmTC_8940a.dir/build.make CMakeFiles/cmTC_8940a.dir/build
make[1]: Entering directory '/home/joungwook/PID-Comm/upmem-2021.3.0_opt/src/backends/build/CMakeFiles/CMakeTmp'
Building C object CMakeFiles/cmTC_8940a.dir/src.c.o
/usr/bin/cc   -Wall -Werror -Wextra -std=gnu11  -O3  -g -DCXX_HAS_CLFLUSHOPT_1   -o CMakeFiles/cmTC_8940a.dir/src.c.o   -c /home/joungwook/PID-Comm/upmem-2021.3.0_opt/src/backends/build/CMakeFiles/CMakeTmp/src.c
/home/joungwook/PID-Comm/upmem-2021.3.0_opt/src/backends/build/CMakeFiles/CMakeTmp/src.c: In function ‘main’:
/home/joungwook/PID-Comm/upmem-2021.3.0_opt/src/backends/build/CMakeFiles/CMakeTmp/src.c:6:5: error: ‘__builtin_ia32_clflushopt’ needs isa option -mclflushopt
    6 |     __builtin_ia32_clflushopt(&flush);
      |     ^~~~~~~~~~~~~~~~~~~~~~~~~~~~~~~~~
CMakeFiles/cmTC_8940a.dir/build.make:82: recipe for target 'CMakeFiles/cmTC_8940a.dir/src.c.o' failed
make[1]: *** [CMakeFiles/cmTC_8940a.dir/src.c.o] Error 1
make[1]: Leaving directory '/home/joungwook/PID-Comm/upmem-2021.3.0_opt/src/backends/build/CMakeFiles/CMakeTmp'
Makefile:138: recipe for target 'cmTC_8940a/fast' failed
make: *** [cmTC_8940a/fast] Error 2


...and run output:

Return value: 1
Source file was:

  #include <immintrin.h>
  int main()
  {
    int flush;
    __builtin_ia32_clflushopt(&flush);
    return 0;
  }

Performing C SOURCE FILE Test CXX_COMPILES_CLFLUSHOPT_1 failed with the following output:
Change Dir: /home/joungwook/PID-Comm/upmem-2021.3.0_opt/src/backends/build/CMakeFiles/CMakeTmp

Run Build Command(s):/usr/bin/make cmTC_69b26/fast && /usr/bin/make -f CMakeFiles/cmTC_69b26.dir/build.make CMakeFiles/cmTC_69b26.dir/build
make[1]: Entering directory '/home/joungwook/PID-Comm/upmem-2021.3.0_opt/src/backends/build/CMakeFiles/CMakeTmp'
Building C object CMakeFiles/cmTC_69b26.dir/src.c.o
/usr/bin/cc   -Wall -Werror -Wextra -std=gnu11  -O3  -g -DCXX_COMPILES_CLFLUSHOPT_1   -o CMakeFiles/cmTC_69b26.dir/src.c.o   -c /home/joungwook/PID-Comm/upmem-2021.3.0_opt/src/backends/build/CMakeFiles/CMakeTmp/src.c
/home/joungwook/PID-Comm/upmem-2021.3.0_opt/src/backends/build/CMakeFiles/CMakeTmp/src.c: In function ‘main’:
/home/joungwook/PID-Comm/upmem-2021.3.0_opt/src/backends/build/CMakeFiles/CMakeTmp/src.c:6:5: error: ‘__builtin_ia32_clflushopt’ needs isa option -mclflushopt
    6 |     __builtin_ia32_clflushopt(&flush);
      |     ^~~~~~~~~~~~~~~~~~~~~~~~~~~~~~~~~
CMakeFiles/cmTC_69b26.dir/build.make:82: recipe for target 'CMakeFiles/cmTC_69b26.dir/src.c.o' failed
make[1]: *** [CMakeFiles/cmTC_69b26.dir/src.c.o] Error 1
make[1]: Leaving directory '/home/joungwook/PID-Comm/upmem-2021.3.0_opt/src/backends/build/CMakeFiles/CMakeTmp'
Makefile:138: recipe for target 'cmTC_69b26/fast' failed
make: *** [cmTC_69b26/fast] Error 2


Source file was:

  #include <immintrin.h>
  int main()
  {
    int flush;
    __builtin_ia32_clflushopt(&flush);
    return 0;
  }

